<?xml version="1.0" encoding="UTF-8"?>
<testsuites name="ConsolidatorSmoke" time="241" tests="4" failures="2" errors="0">
   <testsuite name="ConsolidatorSmoke" tests="4" failures="2" errors="0" time="241" timestamp="2019-05-27 18:10:59" hostname="Poojita.Mishra - E3480-Poojitam.brandmuscle.local" id="Test Suites/ConsolidatorSmoke">
      <properties>
         <property name="deviceName" value=""/>
         <property name="devicePlatform" value=""/>
         <property name="logFolder" value="D:\\New_ABAutomation\\ABAUTOMATION\\Reports\\ConsolidatorSmoke\\20190527_181054"/>
         <property name="logFiles" value="D:\\New_ABAutomation\\ABAUTOMATION\\Reports\\ConsolidatorSmoke\\20190527_181054\\execution0.log"/>
         <property name="attachments" value="D:\\New_ABAutomation\\ABAUTOMATION\\Reports\\ConsolidatorSmoke\\20190527_181054\\1558960997238.png"/>
         <property name="hostName" value="Poojita.Mishra - E3480-Poojitam.brandmuscle.local"/>
         <property name="os" value="Windows 10 64bit"/>
         <property name="katalonVersion" value="6.1.3.3"/>
         <property name="browser" value="Chrome 74.0.3729.131"/>
         <property name="hostAddress" value="10.15.0.227"/>
         <property name="sessionId" value="949095aa9bb7976adffc235e0c16c802"/>
         <property name="seleniumVersion" value="3.7.1"/>
         <property name="proxyInformation" value="ProxyInformation{proxyOption=NO_PROXY, proxyServerType=HTTP, password=, proxyServerAddress=, proxyServerPort=0}"/>
         <property name="platform" value="Windows 10"/>
      </properties>
      <testcase name="Test Cases/CSPW/CS SMOKE/VerifyAddBaseElementPage" classname="Test Cases/CSPW/CS SMOKE/VerifyAddBaseElementPage" status="FAILED">
         <failure type="FAILED" message="Test Cases/CSPW/CS SMOKE/VerifyAddBaseElementPage FAILED.
Reason:
com.kms.katalon.core.exception.StepFailedException: Unable to wait for object 'Object Repository/CONSOLIDATOR/ManageElementsPage/AddNewItemBtn' to be visible
	at com.kms.katalon.core.webui.keyword.internal.WebUIKeywordMain.stepFailed(WebUIKeywordMain.groovy:64)
	at com.kms.katalon.core.webui.keyword.internal.WebUIKeywordMain.runKeyword(WebUIKeywordMain.groovy:26)
	at com.kms.katalon.core.webui.keyword.builtin.WaitForElementVisibleKeyword.waitForElementVisible(WaitForElementVisibleKeyword.groovy:99)
	at com.kms.katalon.core.webui.keyword.builtin.WaitForElementVisibleKeyword.execute(WaitForElementVisibleKeyword.groovy:68)
	at com.kms.katalon.core.keyword.internal.KeywordExecutor.executeKeywordForPlatform(KeywordExecutor.groovy:56)
	at com.kms.katalon.core.webui.keyword.WebUiBuiltInKeywords.waitForElementVisible(WebUiBuiltInKeywords.groovy:434)
	at com.kms.katalon.core.webui.keyword.WebUiBuiltInKeywords$waitForElementVisible$5.call(Unknown Source)
	at VerifyAddBaseElementPage.run(VerifyAddBaseElementPage:64)
	at com.kms.katalon.core.main.ScriptEngine.run(ScriptEngine.java:194)
	at com.kms.katalon.core.main.ScriptEngine.runScriptAsRawText(ScriptEngine.java:119)
	at com.kms.katalon.core.main.TestCaseExecutor.runScript(TestCaseExecutor.java:336)
	at com.kms.katalon.core.main.TestCaseExecutor.doExecute(TestCaseExecutor.java:327)
	at com.kms.katalon.core.main.TestCaseExecutor.processExecutionPhase(TestCaseExecutor.java:306)
	at com.kms.katalon.core.main.TestCaseExecutor.accessMainPhase(TestCaseExecutor.java:298)
	at com.kms.katalon.core.main.TestCaseExecutor.execute(TestCaseExecutor.java:232)
	at com.kms.katalon.core.main.TestSuiteExecutor.accessTestCaseMainPhase(TestSuiteExecutor.java:129)
	at com.kms.katalon.core.main.TestSuiteExecutor.accessTestSuiteMainPhase(TestSuiteExecutor.java:112)
	at com.kms.katalon.core.main.TestSuiteExecutor.execute(TestSuiteExecutor.java:81)
	at com.kms.katalon.core.main.TestCaseMain.startTestSuite(TestCaseMain.java:157)
	at com.kms.katalon.core.main.TestCaseMain$startTestSuite$0.call(Unknown Source)
	at TempTestSuite1558960854650.run(TempTestSuite1558960854650.groovy:35)
Caused by: org.openqa.selenium.WebDriverException: chrome not reachable
  (Session info: chrome=74.0.3729.131)
  (Driver info: chromedriver=74.0.3729.6 (255758eccf3d244491b8a1317aa76e1ce10d57e9-refs/branch-heads/3729@{#29}),platform=Windows NT 10.0.17134 x86_64) (WARNING: The server did not provide any stacktrace information)
Command duration or timeout: 0 milliseconds
Build info: version: '3.7.1', revision: '8a0099a', time: '2017-11-06T21:07:36.161Z'
System info: host: 'E3480-POOJITAM', ip: '10.15.0.227', os.name: 'Windows 10', os.arch: 'amd64', os.version: '10.0', java.version: '1.8.0_181'
Driver info: com.kms.katalon.selenium.driver.CChromeDriver
Capabilities {acceptInsecureCerts: false, acceptSslCerts: false, applicationCacheEnabled: false, browserConnectionEnabled: false, browserName: chrome, chrome: {chromedriverVersion: 74.0.3729.6 (255758eccf3d24..., userDataDir: C:\Users\POOJIT~1.MIS\AppDa...}, cssSelectorsEnabled: true, databaseEnabled: false, goog:chromeOptions: {debuggerAddress: localhost:55123}, handlesAlerts: true, hasTouchScreen: false, javascriptEnabled: true, locationContextEnabled: true, mobileEmulationEnabled: false, nativeEvents: true, networkConnectionEnabled: false, pageLoadStrategy: normal, platform: XP, platformName: XP, proxy: Proxy(direct), rotatable: false, setWindowRect: true, strictFileInteractability: false, takesHeapSnapshot: true, takesScreenshot: true, timeouts: {implicit: 0, pageLoad: 300000, script: 30000}, unexpectedAlertBehaviour: ignore, unhandledPromptBehavior: ignore, version: 74.0.3729.131, webStorageEnabled: true}
Session ID: dcb51adfdf9d72c6b38e7f319b1c985e
*** Element info: {Using=xpath, value=//div[@id='MainContent_MainContent_pnlGrd']/div[2]/div[2]/a}
	at org.openqa.selenium.remote.ErrorHandler.createThrowable(ErrorHandler.java:214)
	at org.openqa.selenium.remote.ErrorHandler.throwIfResponseFailed(ErrorHandler.java:166)
	at org.openqa.selenium.remote.http.JsonHttpResponseCodec.reconstructValue(JsonHttpResponseCodec.java:40)
	at org.openqa.selenium.remote.http.AbstractHttpResponseCodec.decode(AbstractHttpResponseCodec.java:80)
	at org.openqa.selenium.remote.http.AbstractHttpResponseCodec.decode(AbstractHttpResponseCodec.java:44)
	at org.openqa.selenium.remote.HttpCommandExecutor.execute(HttpCommandExecutor.java:164)
	at org.openqa.selenium.remote.service.DriverCommandExecutor.execute(DriverCommandExecutor.java:83)
	at org.openqa.selenium.remote.RemoteWebDriver.execute(RemoteWebDriver.java:600)
	at com.kms.katalon.selenium.driver.CChromeDriver.execute(CChromeDriver.java:20)
	at org.openqa.selenium.remote.RemoteWebDriver.findElements(RemoteWebDriver.java:397)
	at org.openqa.selenium.remote.RemoteWebDriver.findElementsByXPath(RemoteWebDriver.java:476)
	at org.openqa.selenium.By$ByXPath.findElements(By.java:356)
	at org.openqa.selenium.remote.RemoteWebDriver.findElements(RemoteWebDriver.java:358)
	at com.kms.katalon.core.webui.common.WebUiCommonHelper.findWebElements(WebUiCommonHelper.java:761)
	at com.kms.katalon.core.webui.common.WebUiCommonHelper.findWebElement(WebUiCommonHelper.java:1093)
	at com.kms.katalon.core.webui.keyword.internal.WebUIAbstractKeyword.findWebElement(WebUIAbstractKeyword.groovy:27)
	at com.kms.katalon.core.webui.keyword.builtin.WaitForElementVisibleKeyword$_waitForElementVisible_closure1.doCall(WaitForElementVisibleKeyword.groovy:80)
	at com.kms.katalon.core.webui.keyword.builtin.WaitForElementVisibleKeyword$_waitForElementVisible_closure1.call(WaitForElementVisibleKeyword.groovy)
	at com.kms.katalon.core.webui.keyword.internal.WebUIKeywordMain.runKeyword(WebUIKeywordMain.groovy:20)
	at com.kms.katalon.core.webui.keyword.builtin.WaitForElementVisibleKeyword.waitForElementVisible(WaitForElementVisibleKeyword.groovy:99)
	at com.kms.katalon.core.webui.keyword.builtin.WaitForElementVisibleKeyword.execute(WaitForElementVisibleKeyword.groovy:68)
	at com.kms.katalon.core.keyword.internal.KeywordExecutor.executeKeywordForPlatform(KeywordExecutor.groovy:56)
	at com.kms.katalon.core.webui.keyword.WebUiBuiltInKeywords.waitForElementVisible(WebUiBuiltInKeywords.groovy:434)
	at com.kms.katalon.core.webui.keyword.WebUiBuiltInKeywords$waitForElementVisible$5.call(Unknown Source)
	at Script1558522691041.run(Script1558522691041.groovy:64)
	... 13 more
"/>
         <system-out><![CDATA[2019-05-27 18:10:59 - [TEST_CASE][FAILED] - Test Cases/CSPW/CS SMOKE/VerifyAddBaseElementPage: Test Cases/CSPW/CS SMOKE/VerifyAddBaseElementPage FAILED.
Reason:
com.kms.katalon.core.exception.StepFailedException: Unable to wait for object 'Object Repository/CONSOLIDATOR/ManageElementsPage/AddNewItemBtn' to be visible
	at com.kms.katalon.core.webui.keyword.internal.WebUIKeywordMain.stepFailed(WebUIKeywordMain.groovy:64)
	at com.kms.katalon.core.webui.keyword.internal.WebUIKeywordMain.runKeyword(WebUIKeywordMain.groovy:26)
	at com.kms.katalon.core.webui.keyword.builtin.WaitForElementVisibleKeyword.waitForElementVisible(WaitForElementVisibleKeyword.groovy:99)
	at com.kms.katalon.core.webui.keyword.builtin.WaitForElementVisibleKeyword.execute(WaitForElementVisibleKeyword.groovy:68)
	at com.kms.katalon.core.keyword.internal.KeywordExecutor.executeKeywordForPlatform(KeywordExecutor.groovy:56)
	at com.kms.katalon.core.webui.keyword.WebUiBuiltInKeywords.waitForElementVisible(WebUiBuiltInKeywords.groovy:434)
	at com.kms.katalon.core.webui.keyword.WebUiBuiltInKeywords$waitForElementVisible$5.call(Unknown Source)
	at VerifyAddBaseElementPage.run(VerifyAddBaseElementPage:64)
	at com.kms.katalon.core.main.ScriptEngine.run(ScriptEngine.java:194)
	at com.kms.katalon.core.main.ScriptEngine.runScriptAsRawText(ScriptEngine.java:119)
	at com.kms.katalon.core.main.TestCaseExecutor.runScript(TestCaseExecutor.java:336)
	at com.kms.katalon.core.main.TestCaseExecutor.doExecute(TestCaseExecutor.java:327)
	at com.kms.katalon.core.main.TestCaseExecutor.processExecutionPhase(TestCaseExecutor.java:306)
	at com.kms.katalon.core.main.TestCaseExecutor.accessMainPhase(TestCaseExecutor.java:298)
	at com.kms.katalon.core.main.TestCaseExecutor.execute(TestCaseExecutor.java:232)
	at com.kms.katalon.core.main.TestSuiteExecutor.accessTestCaseMainPhase(TestSuiteExecutor.java:129)
	at com.kms.katalon.core.main.TestSuiteExecutor.accessTestSuiteMainPhase(TestSuiteExecutor.java:112)
	at com.kms.katalon.core.main.TestSuiteExecutor.execute(TestSuiteExecutor.java:81)
	at com.kms.katalon.core.main.TestCaseMain.startTestSuite(TestCaseMain.java:157)
	at com.kms.katalon.core.main.TestCaseMain$startTestSuite$0.call(Unknown Source)
	at TempTestSuite1558960854650.run(TempTestSuite1558960854650.groovy:35)
Caused by: org.openqa.selenium.WebDriverException: chrome not reachable
  (Session info: chrome=74.0.3729.131)
  (Driver info: chromedriver=74.0.3729.6 (255758eccf3d244491b8a1317aa76e1ce10d57e9-refs/branch-heads/3729@{#29}),platform=Windows NT 10.0.17134 x86_64) (WARNING: The server did not provide any stacktrace information)
Command duration or timeout: 0 milliseconds
Build info: version: '3.7.1', revision: '8a0099a', time: '2017-11-06T21:07:36.161Z'
System info: host: 'E3480-POOJITAM', ip: '10.15.0.227', os.name: 'Windows 10', os.arch: 'amd64', os.version: '10.0', java.version: '1.8.0_181'
Driver info: com.kms.katalon.selenium.driver.CChromeDriver
Capabilities {acceptInsecureCerts: false, acceptSslCerts: false, applicationCacheEnabled: false, browserConnectionEnabled: false, browserName: chrome, chrome: {chromedriverVersion: 74.0.3729.6 (255758eccf3d24..., userDataDir: C:\Users\POOJIT~1.MIS\AppDa...}, cssSelectorsEnabled: true, databaseEnabled: false, goog:chromeOptions: {debuggerAddress: localhost:55123}, handlesAlerts: true, hasTouchScreen: false, javascriptEnabled: true, locationContextEnabled: true, mobileEmulationEnabled: false, nativeEvents: true, networkConnectionEnabled: false, pageLoadStrategy: normal, platform: XP, platformName: XP, proxy: Proxy(direct), rotatable: false, setWindowRect: true, strictFileInteractability: false, takesHeapSnapshot: true, takesScreenshot: true, timeouts: {implicit: 0, pageLoad: 300000, script: 30000}, unexpectedAlertBehaviour: ignore, unhandledPromptBehavior: ignore, version: 74.0.3729.131, webStorageEnabled: true}
Session ID: dcb51adfdf9d72c6b38e7f319b1c985e
*** Element info: {Using=xpath, value=//div[@id='MainContent_MainContent_pnlGrd']/div[2]/div[2]/a}
	at org.openqa.selenium.remote.ErrorHandler.createThrowable(ErrorHandler.java:214)
	at org.openqa.selenium.remote.ErrorHandler.throwIfResponseFailed(ErrorHandler.java:166)
	at org.openqa.selenium.remote.http.JsonHttpResponseCodec.reconstructValue(JsonHttpResponseCodec.java:40)
	at org.openqa.selenium.remote.http.AbstractHttpResponseCodec.decode(AbstractHttpResponseCodec.java:80)
	at org.openqa.selenium.remote.http.AbstractHttpResponseCodec.decode(AbstractHttpResponseCodec.java:44)
	at org.openqa.selenium.remote.HttpCommandExecutor.execute(HttpCommandExecutor.java:164)
	at org.openqa.selenium.remote.service.DriverCommandExecutor.execute(DriverCommandExecutor.java:83)
	at org.openqa.selenium.remote.RemoteWebDriver.execute(RemoteWebDriver.java:600)
	at com.kms.katalon.selenium.driver.CChromeDriver.execute(CChromeDriver.java:20)
	at org.openqa.selenium.remote.RemoteWebDriver.findElements(RemoteWebDriver.java:397)
	at org.openqa.selenium.remote.RemoteWebDriver.findElementsByXPath(RemoteWebDriver.java:476)
	at org.openqa.selenium.By$ByXPath.findElements(By.java:356)
	at org.openqa.selenium.remote.RemoteWebDriver.findElements(RemoteWebDriver.java:358)
	at com.kms.katalon.core.webui.common.WebUiCommonHelper.findWebElements(WebUiCommonHelper.java:761)
	at com.kms.katalon.core.webui.common.WebUiCommonHelper.findWebElement(WebUiCommonHelper.java:1093)
	at com.kms.katalon.core.webui.keyword.internal.WebUIAbstractKeyword.findWebElement(WebUIAbstractKeyword.groovy:27)
	at com.kms.katalon.core.webui.keyword.builtin.WaitForElementVisibleKeyword$_waitForElementVisible_closure1.doCall(WaitForElementVisibleKeyword.groovy:80)
	at com.kms.katalon.core.webui.keyword.builtin.WaitForElementVisibleKeyword$_waitForElementVisible_closure1.call(WaitForElementVisibleKeyword.groovy)
	at com.kms.katalon.core.webui.keyword.internal.WebUIKeywordMain.runKeyword(WebUIKeywordMain.groovy:20)
	at com.kms.katalon.core.webui.keyword.builtin.WaitForElementVisibleKeyword.waitForElementVisible(WaitForElementVisibleKeyword.groovy:99)
	at com.kms.katalon.core.webui.keyword.builtin.WaitForElementVisibleKeyword.execute(WaitForElementVisibleKeyword.groovy:68)
	at com.kms.katalon.core.keyword.internal.KeywordExecutor.executeKeywordForPlatform(KeywordExecutor.groovy:56)
	at com.kms.katalon.core.webui.keyword.WebUiBuiltInKeywords.waitForElementVisible(WebUiBuiltInKeywords.groovy:434)
	at com.kms.katalon.core.webui.keyword.WebUiBuiltInKeywords$waitForElementVisible$5.call(Unknown Source)
	at Script1558522691041.run(Script1558522691041.groovy:64)
	... 13 more


2019-05-27 18:11:00 - [TEST_STEP][PASSED] - openBrowser(""): Browser is opened with url: ''

2019-05-27 18:11:00 - [MESSAGE][INFO] - Starting 'Chrome' driver

2019-05-27 18:11:00 - [MESSAGE][INFO] - Action delay is set to 0 seconds

2019-05-27 18:11:11 - [MESSAGE][PASSED] - Browser is opened with url: ''

2019-05-27 18:11:11 - [TEST_STEP][PASSED] - navigateToUrl("https://admintool.v5stage.brandmuscle.net"): Navigate to 'https://admintool.v5stage.brandmuscle.net' successfully

2019-05-27 18:11:14 - [MESSAGE][PASSED] - Navigate to 'https://admintool.v5stage.brandmuscle.net' successfully

2019-05-27 18:11:14 - [TEST_STEP][PASSED] - waitForPageLoad(30): Wait for page load successfully

2019-05-27 18:11:14 - [MESSAGE][PASSED] - Wait for page load successfully

2019-05-27 18:11:14 - [TEST_STEP][PASSED] - maximizeWindow(): Current window maximized

2019-05-27 18:11:15 - [MESSAGE][PASSED] - Current window maximized

2019-05-27 18:11:15 - [TEST_STEP][PASSED] - setText(findTestObject("CONSOLIDATOR/LogInPage/Username"), "chrtestuser@brandmuscle.com"): Text 'chrtestuser@brandmuscle.com' is set on object 'Object Repository/CONSOLIDATOR/LogInPage/Username'

2019-05-27 18:11:15 - [MESSAGE][PASSED] - Text 'chrtestuser@brandmuscle.com' is set on object 'Object Repository/CONSOLIDATOR/LogInPage/Username'

2019-05-27 18:11:15 - [TEST_STEP][PASSED] - setText(findTestObject("CONSOLIDATOR/LogInPage/Password"), "Ownlocal@123"): Text 'Ownlocal@123' is set on object 'Object Repository/CONSOLIDATOR/LogInPage/Password'

2019-05-27 18:11:15 - [MESSAGE][PASSED] - Text 'Ownlocal@123' is set on object 'Object Repository/CONSOLIDATOR/LogInPage/Password'

2019-05-27 18:11:15 - [TEST_STEP][PASSED] - click(findTestObject("CONSOLIDATOR/LogInPage/LoginBtn")): Object: 'Object Repository/CONSOLIDATOR/LogInPage/LoginBtn' is clicked on

2019-05-27 18:11:18 - [MESSAGE][PASSED] - Object: 'Object Repository/CONSOLIDATOR/LogInPage/LoginBtn' is clicked on

2019-05-27 18:11:18 - [TEST_STEP][PASSED] - waitForPageLoad(0): Wait for page load successfully

2019-05-27 18:11:18 - [MESSAGE][WARNING] - Timeout '0' is invalid. Using default page load timeout: '30'

2019-05-27 18:11:18 - [MESSAGE][PASSED] - Wait for page load successfully

2019-05-27 18:11:18 - [TEST_STEP][PASSED] - click(findTestObject("CONSOLIDATOR/LogInPage/BusinessUnitDropdown")): Object: 'Object Repository/CONSOLIDATOR/LogInPage/BusinessUnitDropdown' is clicked on

2019-05-27 18:11:18 - [MESSAGE][PASSED] - Object: 'Object Repository/CONSOLIDATOR/LogInPage/BusinessUnitDropdown' is clicked on

2019-05-27 18:11:18 - [TEST_STEP][PASSED] - click(findTestObject("CONSOLIDATOR/LogInPage/BusinessUnitName")): Object: 'Object Repository/CONSOLIDATOR/LogInPage/BusinessUnitName' is clicked on

2019-05-27 18:11:22 - [MESSAGE][PASSED] - Object: 'Object Repository/CONSOLIDATOR/LogInPage/BusinessUnitName' is clicked on

2019-05-27 18:11:22 - [TEST_STEP][PASSED] - waitForPageLoad(30): Wait for page load successfully

2019-05-27 18:11:22 - [MESSAGE][PASSED] - Wait for page load successfully

2019-05-27 18:11:22 - [TEST_STEP][PASSED] - waitForElementVisible(findTestObject("CONSOLIDATOR/UpdateLogPage/Select Business UnitBtn"), 0): Object 'Object Repository/CONSOLIDATOR/UpdateLogPage/Select Business UnitBtn' is visible

2019-05-27 18:11:22 - [MESSAGE][WARNING] - Timeout '0' is invalid. Using default page load timeout: '30'

2019-05-27 18:11:22 - [MESSAGE][PASSED] - Object 'Object Repository/CONSOLIDATOR/UpdateLogPage/Select Business UnitBtn' is visible

2019-05-27 18:11:22 - [TEST_STEP][PASSED] - click(findTestObject("CONSOLIDATOR/UpdateLogPage/Select Business UnitBtn")): Object: 'Object Repository/CONSOLIDATOR/UpdateLogPage/Select Business UnitBtn' is clicked on

2019-05-27 18:11:22 - [MESSAGE][PASSED] - Object: 'Object Repository/CONSOLIDATOR/UpdateLogPage/Select Business UnitBtn' is clicked on

2019-05-27 18:11:22 - [TEST_STEP][PASSED] - waitForElementVisible(findTestObject("CONSOLIDATOR/ParentBusinessUnit/ParentBusinessUnitDropDown"), 30): Object 'Object Repository/CONSOLIDATOR/ParentBusinessUnit/ParentBusinessUnitDropDown' is visible

2019-05-27 18:11:24 - [MESSAGE][PASSED] - Object 'Object Repository/CONSOLIDATOR/ParentBusinessUnit/ParentBusinessUnitDropDown' is visible

2019-05-27 18:11:24 - [TEST_STEP][PASSED] - click(findTestObject("CONSOLIDATOR/ParentBusinessUnit/ParentBusinessUnitDropDown")): Object: 'Object Repository/CONSOLIDATOR/ParentBusinessUnit/ParentBusinessUnitDropDown' is clicked on

2019-05-27 18:11:25 - [MESSAGE][PASSED] - Object: 'Object Repository/CONSOLIDATOR/ParentBusinessUnit/ParentBusinessUnitDropDown' is clicked on

2019-05-27 18:11:25 - [TEST_STEP][PASSED] - click(findTestObject("CONSOLIDATOR/ParentBusinessUnit/ParentBusinessUnitName")): Object: 'Object Repository/CONSOLIDATOR/ParentBusinessUnit/ParentBusinessUnitName' is clicked on

2019-05-27 18:11:26 - [MESSAGE][PASSED] - Object: 'Object Repository/CONSOLIDATOR/ParentBusinessUnit/ParentBusinessUnitName' is clicked on

2019-05-27 18:11:26 - [TEST_STEP][PASSED] - click(findTestObject("CONSOLIDATOR/ParentBusinessUnit/SubmitBtn (1)")): Object: 'Object Repository/CONSOLIDATOR/ParentBusinessUnit/SubmitBtn (1)' is clicked on

2019-05-27 18:11:28 - [MESSAGE][PASSED] - Object: 'Object Repository/CONSOLIDATOR/ParentBusinessUnit/SubmitBtn (1)' is clicked on

2019-05-27 18:11:28 - [TEST_STEP][PASSED] - waitForElementVisible(findTestObject("CONSOLIDATOR/ParentBusinessUnit/BusinessUnitSelectedMessage"), 0): Object 'Object Repository/CONSOLIDATOR/ParentBusinessUnit/BusinessUnitSelectedMessage' is visible

2019-05-27 18:11:28 - [MESSAGE][WARNING] - Timeout '0' is invalid. Using default page load timeout: '30'

2019-05-27 18:11:28 - [MESSAGE][PASSED] - Object 'Object Repository/CONSOLIDATOR/ParentBusinessUnit/BusinessUnitSelectedMessage' is visible

2019-05-27 18:11:28 - [TEST_STEP][PASSED] - mouseOverOffset(findTestObject("CONSOLIDATOR/UpdateLogPage/span_Modules"), 0, 0): Object: 'Object Repository/CONSOLIDATOR/UpdateLogPage/span_Modules' is hovered using offset x = 0 and y = 0

2019-05-27 18:11:29 - [MESSAGE][PASSED] - Object: 'Object Repository/CONSOLIDATOR/UpdateLogPage/span_Modules' is hovered using offset x = 0 and y = 0

2019-05-27 18:11:29 - [TEST_STEP][PASSED] - mouseOver(findTestObject("CONSOLIDATOR/UpdateLogPage/span_Consolidator")): Object: 'Object Repository/CONSOLIDATOR/UpdateLogPage/span_Consolidator' is hovered

2019-05-27 18:11:29 - [MESSAGE][PASSED] - Object: 'Object Repository/CONSOLIDATOR/UpdateLogPage/span_Consolidator' is hovered

2019-05-27 18:11:29 - [TEST_STEP][PASSED] - click(findTestObject("CONSOLIDATOR/UpdateLogPage/span_Consolidator")): Object: 'Object Repository/CONSOLIDATOR/UpdateLogPage/span_Consolidator' is clicked on

2019-05-27 18:11:29 - [MESSAGE][PASSED] - Object: 'Object Repository/CONSOLIDATOR/UpdateLogPage/span_Consolidator' is clicked on

2019-05-27 18:11:29 - [TEST_STEP][PASSED] - waitForPageLoad(30): Wait for page load successfully

2019-05-27 18:11:29 - [MESSAGE][PASSED] - Wait for page load successfully

2019-05-27 18:11:29 - [TEST_STEP][PASSED] - navigateToUrl("https://admintool.v5stage.brandmuscle.net/Admin/Consolidator/ConsolidatorManageBaseElement.aspx"): Navigate to 'https://admintool.v5stage.brandmuscle.net/Admin/Consolidator/ConsolidatorManageBaseElement.aspx' successfully

2019-05-27 18:11:33 - [MESSAGE][PASSED] - Navigate to 'https://admintool.v5stage.brandmuscle.net/Admin/Consolidator/ConsolidatorManageBaseElement.aspx' successfully

2019-05-27 18:11:33 - [TEST_STEP][PASSED] - waitForPageLoad(30): Wait for page load successfully

2019-05-27 18:11:33 - [MESSAGE][PASSED] - Wait for page load successfully

2019-05-27 18:11:33 - [TEST_STEP][FAILED] - waitForElementVisible(findTestObject("CONSOLIDATOR/ManageElementsPage/AddNewItemBtn"), 30): Unable to wait for object 'Object Repository/CONSOLIDATOR/ManageElementsPage/AddNewItemBtn' to be visible (Root cause: com.kms.katalon.core.exception.StepFailedException: Unable to wait for object 'Object Repository/CONSOLIDATOR/ManageElementsPage/AddNewItemBtn' to be visible
	at com.kms.katalon.core.webui.keyword.internal.WebUIKeywordMain.stepFailed(WebUIKeywordMain.groovy:64)
	at com.kms.katalon.core.webui.keyword.internal.WebUIKeywordMain.runKeyword(WebUIKeywordMain.groovy:26)
	at com.kms.katalon.core.webui.keyword.builtin.WaitForElementVisibleKeyword.waitForElementVisible(WaitForElementVisibleKeyword.groovy:99)
	at com.kms.katalon.core.webui.keyword.builtin.WaitForElementVisibleKeyword.execute(WaitForElementVisibleKeyword.groovy:68)
	at com.kms.katalon.core.keyword.internal.KeywordExecutor.executeKeywordForPlatform(KeywordExecutor.groovy:56)
	at com.kms.katalon.core.webui.keyword.WebUiBuiltInKeywords.waitForElementVisible(WebUiBuiltInKeywords.groovy:434)
	at com.kms.katalon.core.webui.keyword.WebUiBuiltInKeywords$waitForElementVisible$5.call(Unknown Source)
	at VerifyAddBaseElementPage.run(VerifyAddBaseElementPage:64)
	at com.kms.katalon.core.main.ScriptEngine.run(ScriptEngine.java:194)
	at com.kms.katalon.core.main.ScriptEngine.runScriptAsRawText(ScriptEngine.java:119)
	at com.kms.katalon.core.main.TestCaseExecutor.runScript(TestCaseExecutor.java:336)
	at com.kms.katalon.core.main.TestCaseExecutor.doExecute(TestCaseExecutor.java:327)
	at com.kms.katalon.core.main.TestCaseExecutor.processExecutionPhase(TestCaseExecutor.java:306)
	at com.kms.katalon.core.main.TestCaseExecutor.accessMainPhase(TestCaseExecutor.java:298)
	at com.kms.katalon.core.main.TestCaseExecutor.execute(TestCaseExecutor.java:232)
	at com.kms.katalon.core.main.TestSuiteExecutor.accessTestCaseMainPhase(TestSuiteExecutor.java:129)
	at com.kms.katalon.core.main.TestSuiteExecutor.accessTestSuiteMainPhase(TestSuiteExecutor.java:112)
	at com.kms.katalon.core.main.TestSuiteExecutor.execute(TestSuiteExecutor.java:81)
	at com.kms.katalon.core.main.TestCaseMain.startTestSuite(TestCaseMain.java:157)
	at com.kms.katalon.core.main.TestCaseMain$startTestSuite$0.call(Unknown Source)
	at TempTestSuite1558960854650.run(TempTestSuite1558960854650.groovy:35)
Caused by: org.openqa.selenium.WebDriverException: chrome not reachable
  (Session info: chrome=74.0.3729.131)
  (Driver info: chromedriver=74.0.3729.6 (255758eccf3d244491b8a1317aa76e1ce10d57e9-refs/branch-heads/3729@{#29}),platform=Windows NT 10.0.17134 x86_64) (WARNING: The server did not provide any stacktrace information)
Command duration or timeout: 0 milliseconds
Build info: version: '3.7.1', revision: '8a0099a', time: '2017-11-06T21:07:36.161Z'
System info: host: 'E3480-POOJITAM', ip: '10.15.0.227', os.name: 'Windows 10', os.arch: 'amd64', os.version: '10.0', java.version: '1.8.0_181'
Driver info: com.kms.katalon.selenium.driver.CChromeDriver
Capabilities {acceptInsecureCerts: false, acceptSslCerts: false, applicationCacheEnabled: false, browserConnectionEnabled: false, browserName: chrome, chrome: {chromedriverVersion: 74.0.3729.6 (255758eccf3d24..., userDataDir: C:\Users\POOJIT~1.MIS\AppDa...}, cssSelectorsEnabled: true, databaseEnabled: false, goog:chromeOptions: {debuggerAddress: localhost:55123}, handlesAlerts: true, hasTouchScreen: false, javascriptEnabled: true, locationContextEnabled: true, mobileEmulationEnabled: false, nativeEvents: true, networkConnectionEnabled: false, pageLoadStrategy: normal, platform: XP, platformName: XP, proxy: Proxy(direct), rotatable: false, setWindowRect: true, strictFileInteractability: false, takesHeapSnapshot: true, takesScreenshot: true, timeouts: {implicit: 0, pageLoad: 300000, script: 30000}, unexpectedAlertBehaviour: ignore, unhandledPromptBehavior: ignore, version: 74.0.3729.131, webStorageEnabled: true}
Session ID: dcb51adfdf9d72c6b38e7f319b1c985e
*** Element info: {Using=xpath, value=//div[@id='MainContent_MainContent_pnlGrd']/div[2]/div[2]/a}
	at org.openqa.selenium.remote.ErrorHandler.createThrowable(ErrorHandler.java:214)
	at org.openqa.selenium.remote.ErrorHandler.throwIfResponseFailed(ErrorHandler.java:166)
	at org.openqa.selenium.remote.http.JsonHttpResponseCodec.reconstructValue(JsonHttpResponseCodec.java:40)
	at org.openqa.selenium.remote.http.AbstractHttpResponseCodec.decode(AbstractHttpResponseCodec.java:80)
	at org.openqa.selenium.remote.http.AbstractHttpResponseCodec.decode(AbstractHttpResponseCodec.java:44)
	at org.openqa.selenium.remote.HttpCommandExecutor.execute(HttpCommandExecutor.java:164)
	at org.openqa.selenium.remote.service.DriverCommandExecutor.execute(DriverCommandExecutor.java:83)
	at org.openqa.selenium.remote.RemoteWebDriver.execute(RemoteWebDriver.java:600)
	at com.kms.katalon.selenium.driver.CChromeDriver.execute(CChromeDriver.java:20)
	at org.openqa.selenium.remote.RemoteWebDriver.findElements(RemoteWebDriver.java:397)
	at org.openqa.selenium.remote.RemoteWebDriver.findElementsByXPath(RemoteWebDriver.java:476)
	at org.openqa.selenium.By$ByXPath.findElements(By.java:356)
	at org.openqa.selenium.remote.RemoteWebDriver.findElements(RemoteWebDriver.java:358)
	at com.kms.katalon.core.webui.common.WebUiCommonHelper.findWebElements(WebUiCommonHelper.java:761)
	at com.kms.katalon.core.webui.common.WebUiCommonHelper.findWebElement(WebUiCommonHelper.java:1093)
	at com.kms.katalon.core.webui.keyword.internal.WebUIAbstractKeyword.findWebElement(WebUIAbstractKeyword.groovy:27)
	at com.kms.katalon.core.webui.keyword.builtin.WaitForElementVisibleKeyword$_waitForElementVisible_closure1.doCall(WaitForElementVisibleKeyword.groovy:80)
	at com.kms.katalon.core.webui.keyword.builtin.WaitForElementVisibleKeyword$_waitForElementVisible_closure1.call(WaitForElementVisibleKeyword.groovy)
	at com.kms.katalon.core.webui.keyword.internal.WebUIKeywordMain.runKeyword(WebUIKeywordMain.groovy:20)
	at com.kms.katalon.core.webui.keyword.builtin.WaitForElementVisibleKeyword.waitForElementVisible(WaitForElementVisibleKeyword.groovy:99)
	at com.kms.katalon.core.webui.keyword.builtin.WaitForElementVisibleKeyword.execute(WaitForElementVisibleKeyword.groovy:68)
	at com.kms.katalon.core.keyword.internal.KeywordExecutor.executeKeywordForPlatform(KeywordExecutor.groovy:56)
	at com.kms.katalon.core.webui.keyword.WebUiBuiltInKeywords.waitForElementVisible(WebUiBuiltInKeywords.groovy:434)
	at com.kms.katalon.core.webui.keyword.WebUiBuiltInKeywords$waitForElementVisible$5.call(Unknown Source)
	at Script1558522691041.run(Script1558522691041.groovy:64)
	... 13 more
)

2019-05-27 18:11:52 - [MESSAGE][WARNING] - Cannot take screenshot

2019-05-27 18:11:52 - [MESSAGE][FAILED] - Unable to wait for object 'Object Repository/CONSOLIDATOR/ManageElementsPage/AddNewItemBtn' to be visible (Root cause: com.kms.katalon.core.exception.StepFailedException: Unable to wait for object 'Object Repository/CONSOLIDATOR/ManageElementsPage/AddNewItemBtn' to be visible
	at com.kms.katalon.core.webui.keyword.internal.WebUIKeywordMain.stepFailed(WebUIKeywordMain.groovy:64)
	at com.kms.katalon.core.webui.keyword.internal.WebUIKeywordMain.runKeyword(WebUIKeywordMain.groovy:26)
	at com.kms.katalon.core.webui.keyword.builtin.WaitForElementVisibleKeyword.waitForElementVisible(WaitForElementVisibleKeyword.groovy:99)
	at com.kms.katalon.core.webui.keyword.builtin.WaitForElementVisibleKeyword.execute(WaitForElementVisibleKeyword.groovy:68)
	at com.kms.katalon.core.keyword.internal.KeywordExecutor.executeKeywordForPlatform(KeywordExecutor.groovy:56)
	at com.kms.katalon.core.webui.keyword.WebUiBuiltInKeywords.waitForElementVisible(WebUiBuiltInKeywords.groovy:434)
	at com.kms.katalon.core.webui.keyword.WebUiBuiltInKeywords$waitForElementVisible$5.call(Unknown Source)
	at VerifyAddBaseElementPage.run(VerifyAddBaseElementPage:64)
	at com.kms.katalon.core.main.ScriptEngine.run(ScriptEngine.java:194)
	at com.kms.katalon.core.main.ScriptEngine.runScriptAsRawText(ScriptEngine.java:119)
	at com.kms.katalon.core.main.TestCaseExecutor.runScript(TestCaseExecutor.java:336)
	at com.kms.katalon.core.main.TestCaseExecutor.doExecute(TestCaseExecutor.java:327)
	at com.kms.katalon.core.main.TestCaseExecutor.processExecutionPhase(TestCaseExecutor.java:306)
	at com.kms.katalon.core.main.TestCaseExecutor.accessMainPhase(TestCaseExecutor.java:298)
	at com.kms.katalon.core.main.TestCaseExecutor.execute(TestCaseExecutor.java:232)
	at com.kms.katalon.core.main.TestSuiteExecutor.accessTestCaseMainPhase(TestSuiteExecutor.java:129)
	at com.kms.katalon.core.main.TestSuiteExecutor.accessTestSuiteMainPhase(TestSuiteExecutor.java:112)
	at com.kms.katalon.core.main.TestSuiteExecutor.execute(TestSuiteExecutor.java:81)
	at com.kms.katalon.core.main.TestCaseMain.startTestSuite(TestCaseMain.java:157)
	at com.kms.katalon.core.main.TestCaseMain$startTestSuite$0.call(Unknown Source)
	at TempTestSuite1558960854650.run(TempTestSuite1558960854650.groovy:35)
Caused by: org.openqa.selenium.WebDriverException: chrome not reachable
  (Session info: chrome=74.0.3729.131)
  (Driver info: chromedriver=74.0.3729.6 (255758eccf3d244491b8a1317aa76e1ce10d57e9-refs/branch-heads/3729@{#29}),platform=Windows NT 10.0.17134 x86_64) (WARNING: The server did not provide any stacktrace information)
Command duration or timeout: 0 milliseconds
Build info: version: '3.7.1', revision: '8a0099a', time: '2017-11-06T21:07:36.161Z'
System info: host: 'E3480-POOJITAM', ip: '10.15.0.227', os.name: 'Windows 10', os.arch: 'amd64', os.version: '10.0', java.version: '1.8.0_181'
Driver info: com.kms.katalon.selenium.driver.CChromeDriver
Capabilities {acceptInsecureCerts: false, acceptSslCerts: false, applicationCacheEnabled: false, browserConnectionEnabled: false, browserName: chrome, chrome: {chromedriverVersion: 74.0.3729.6 (255758eccf3d24..., userDataDir: C:\Users\POOJIT~1.MIS\AppDa...}, cssSelectorsEnabled: true, databaseEnabled: false, goog:chromeOptions: {debuggerAddress: localhost:55123}, handlesAlerts: true, hasTouchScreen: false, javascriptEnabled: true, locationContextEnabled: true, mobileEmulationEnabled: false, nativeEvents: true, networkConnectionEnabled: false, pageLoadStrategy: normal, platform: XP, platformName: XP, proxy: Proxy(direct), rotatable: false, setWindowRect: true, strictFileInteractability: false, takesHeapSnapshot: true, takesScreenshot: true, timeouts: {implicit: 0, pageLoad: 300000, script: 30000}, unexpectedAlertBehaviour: ignore, unhandledPromptBehavior: ignore, version: 74.0.3729.131, webStorageEnabled: true}
Session ID: dcb51adfdf9d72c6b38e7f319b1c985e
*** Element info: {Using=xpath, value=//div[@id='MainContent_MainContent_pnlGrd']/div[2]/div[2]/a}
	at org.openqa.selenium.remote.ErrorHandler.createThrowable(ErrorHandler.java:214)
	at org.openqa.selenium.remote.ErrorHandler.throwIfResponseFailed(ErrorHandler.java:166)
	at org.openqa.selenium.remote.http.JsonHttpResponseCodec.reconstructValue(JsonHttpResponseCodec.java:40)
	at org.openqa.selenium.remote.http.AbstractHttpResponseCodec.decode(AbstractHttpResponseCodec.java:80)
	at org.openqa.selenium.remote.http.AbstractHttpResponseCodec.decode(AbstractHttpResponseCodec.java:44)
	at org.openqa.selenium.remote.HttpCommandExecutor.execute(HttpCommandExecutor.java:164)
	at org.openqa.selenium.remote.service.DriverCommandExecutor.execute(DriverCommandExecutor.java:83)
	at org.openqa.selenium.remote.RemoteWebDriver.execute(RemoteWebDriver.java:600)
	at com.kms.katalon.selenium.driver.CChromeDriver.execute(CChromeDriver.java:20)
	at org.openqa.selenium.remote.RemoteWebDriver.findElements(RemoteWebDriver.java:397)
	at org.openqa.selenium.remote.RemoteWebDriver.findElementsByXPath(RemoteWebDriver.java:476)
	at org.openqa.selenium.By$ByXPath.findElements(By.java:356)
	at org.openqa.selenium.remote.RemoteWebDriver.findElements(RemoteWebDriver.java:358)
	at com.kms.katalon.core.webui.common.WebUiCommonHelper.findWebElements(WebUiCommonHelper.java:761)
	at com.kms.katalon.core.webui.common.WebUiCommonHelper.findWebElement(WebUiCommonHelper.java:1093)
	at com.kms.katalon.core.webui.keyword.internal.WebUIAbstractKeyword.findWebElement(WebUIAbstractKeyword.groovy:27)
	at com.kms.katalon.core.webui.keyword.builtin.WaitForElementVisibleKeyword$_waitForElementVisible_closure1.doCall(WaitForElementVisibleKeyword.groovy:80)
	at com.kms.katalon.core.webui.keyword.builtin.WaitForElementVisibleKeyword$_waitForElementVisible_closure1.call(WaitForElementVisibleKeyword.groovy)
	at com.kms.katalon.core.webui.keyword.internal.WebUIKeywordMain.runKeyword(WebUIKeywordMain.groovy:20)
	at com.kms.katalon.core.webui.keyword.builtin.WaitForElementVisibleKeyword.waitForElementVisible(WaitForElementVisibleKeyword.groovy:99)
	at com.kms.katalon.core.webui.keyword.builtin.WaitForElementVisibleKeyword.execute(WaitForElementVisibleKeyword.groovy:68)
	at com.kms.katalon.core.keyword.internal.KeywordExecutor.executeKeywordForPlatform(KeywordExecutor.groovy:56)
	at com.kms.katalon.core.webui.keyword.WebUiBuiltInKeywords.waitForElementVisible(WebUiBuiltInKeywords.groovy:434)
	at com.kms.katalon.core.webui.keyword.WebUiBuiltInKeywords$waitForElementVisible$5.call(Unknown Source)
	at Script1558522691041.run(Script1558522691041.groovy:64)
	... 13 more
)]]></system-out>
         <system-err><![CDATA[2019-05-27 18:10:59 - [TEST_CASE][FAILED] - Test Cases/CSPW/CS SMOKE/VerifyAddBaseElementPage: Test Cases/CSPW/CS SMOKE/VerifyAddBaseElementPage FAILED.
Reason:
com.kms.katalon.core.exception.StepFailedException: Unable to wait for object 'Object Repository/CONSOLIDATOR/ManageElementsPage/AddNewItemBtn' to be visible
	at com.kms.katalon.core.webui.keyword.internal.WebUIKeywordMain.stepFailed(WebUIKeywordMain.groovy:64)
	at com.kms.katalon.core.webui.keyword.internal.WebUIKeywordMain.runKeyword(WebUIKeywordMain.groovy:26)
	at com.kms.katalon.core.webui.keyword.builtin.WaitForElementVisibleKeyword.waitForElementVisible(WaitForElementVisibleKeyword.groovy:99)
	at com.kms.katalon.core.webui.keyword.builtin.WaitForElementVisibleKeyword.execute(WaitForElementVisibleKeyword.groovy:68)
	at com.kms.katalon.core.keyword.internal.KeywordExecutor.executeKeywordForPlatform(KeywordExecutor.groovy:56)
	at com.kms.katalon.core.webui.keyword.WebUiBuiltInKeywords.waitForElementVisible(WebUiBuiltInKeywords.groovy:434)
	at com.kms.katalon.core.webui.keyword.WebUiBuiltInKeywords$waitForElementVisible$5.call(Unknown Source)
	at VerifyAddBaseElementPage.run(VerifyAddBaseElementPage:64)
	at com.kms.katalon.core.main.ScriptEngine.run(ScriptEngine.java:194)
	at com.kms.katalon.core.main.ScriptEngine.runScriptAsRawText(ScriptEngine.java:119)
	at com.kms.katalon.core.main.TestCaseExecutor.runScript(TestCaseExecutor.java:336)
	at com.kms.katalon.core.main.TestCaseExecutor.doExecute(TestCaseExecutor.java:327)
	at com.kms.katalon.core.main.TestCaseExecutor.processExecutionPhase(TestCaseExecutor.java:306)
	at com.kms.katalon.core.main.TestCaseExecutor.accessMainPhase(TestCaseExecutor.java:298)
	at com.kms.katalon.core.main.TestCaseExecutor.execute(TestCaseExecutor.java:232)
	at com.kms.katalon.core.main.TestSuiteExecutor.accessTestCaseMainPhase(TestSuiteExecutor.java:129)
	at com.kms.katalon.core.main.TestSuiteExecutor.accessTestSuiteMainPhase(TestSuiteExecutor.java:112)
	at com.kms.katalon.core.main.TestSuiteExecutor.execute(TestSuiteExecutor.java:81)
	at com.kms.katalon.core.main.TestCaseMain.startTestSuite(TestCaseMain.java:157)
	at com.kms.katalon.core.main.TestCaseMain$startTestSuite$0.call(Unknown Source)
	at TempTestSuite1558960854650.run(TempTestSuite1558960854650.groovy:35)
Caused by: org.openqa.selenium.WebDriverException: chrome not reachable
  (Session info: chrome=74.0.3729.131)
  (Driver info: chromedriver=74.0.3729.6 (255758eccf3d244491b8a1317aa76e1ce10d57e9-refs/branch-heads/3729@{#29}),platform=Windows NT 10.0.17134 x86_64) (WARNING: The server did not provide any stacktrace information)
Command duration or timeout: 0 milliseconds
Build info: version: '3.7.1', revision: '8a0099a', time: '2017-11-06T21:07:36.161Z'
System info: host: 'E3480-POOJITAM', ip: '10.15.0.227', os.name: 'Windows 10', os.arch: 'amd64', os.version: '10.0', java.version: '1.8.0_181'
Driver info: com.kms.katalon.selenium.driver.CChromeDriver
Capabilities {acceptInsecureCerts: false, acceptSslCerts: false, applicationCacheEnabled: false, browserConnectionEnabled: false, browserName: chrome, chrome: {chromedriverVersion: 74.0.3729.6 (255758eccf3d24..., userDataDir: C:\Users\POOJIT~1.MIS\AppDa...}, cssSelectorsEnabled: true, databaseEnabled: false, goog:chromeOptions: {debuggerAddress: localhost:55123}, handlesAlerts: true, hasTouchScreen: false, javascriptEnabled: true, locationContextEnabled: true, mobileEmulationEnabled: false, nativeEvents: true, networkConnectionEnabled: false, pageLoadStrategy: normal, platform: XP, platformName: XP, proxy: Proxy(direct), rotatable: false, setWindowRect: true, strictFileInteractability: false, takesHeapSnapshot: true, takesScreenshot: true, timeouts: {implicit: 0, pageLoad: 300000, script: 30000}, unexpectedAlertBehaviour: ignore, unhandledPromptBehavior: ignore, version: 74.0.3729.131, webStorageEnabled: true}
Session ID: dcb51adfdf9d72c6b38e7f319b1c985e
*** Element info: {Using=xpath, value=//div[@id='MainContent_MainContent_pnlGrd']/div[2]/div[2]/a}
	at org.openqa.selenium.remote.ErrorHandler.createThrowable(ErrorHandler.java:214)
	at org.openqa.selenium.remote.ErrorHandler.throwIfResponseFailed(ErrorHandler.java:166)
	at org.openqa.selenium.remote.http.JsonHttpResponseCodec.reconstructValue(JsonHttpResponseCodec.java:40)
	at org.openqa.selenium.remote.http.AbstractHttpResponseCodec.decode(AbstractHttpResponseCodec.java:80)
	at org.openqa.selenium.remote.http.AbstractHttpResponseCodec.decode(AbstractHttpResponseCodec.java:44)
	at org.openqa.selenium.remote.HttpCommandExecutor.execute(HttpCommandExecutor.java:164)
	at org.openqa.selenium.remote.service.DriverCommandExecutor.execute(DriverCommandExecutor.java:83)
	at org.openqa.selenium.remote.RemoteWebDriver.execute(RemoteWebDriver.java:600)
	at com.kms.katalon.selenium.driver.CChromeDriver.execute(CChromeDriver.java:20)
	at org.openqa.selenium.remote.RemoteWebDriver.findElements(RemoteWebDriver.java:397)
	at org.openqa.selenium.remote.RemoteWebDriver.findElementsByXPath(RemoteWebDriver.java:476)
	at org.openqa.selenium.By$ByXPath.findElements(By.java:356)
	at org.openqa.selenium.remote.RemoteWebDriver.findElements(RemoteWebDriver.java:358)
	at com.kms.katalon.core.webui.common.WebUiCommonHelper.findWebElements(WebUiCommonHelper.java:761)
	at com.kms.katalon.core.webui.common.WebUiCommonHelper.findWebElement(WebUiCommonHelper.java:1093)
	at com.kms.katalon.core.webui.keyword.internal.WebUIAbstractKeyword.findWebElement(WebUIAbstractKeyword.groovy:27)
	at com.kms.katalon.core.webui.keyword.builtin.WaitForElementVisibleKeyword$_waitForElementVisible_closure1.doCall(WaitForElementVisibleKeyword.groovy:80)
	at com.kms.katalon.core.webui.keyword.builtin.WaitForElementVisibleKeyword$_waitForElementVisible_closure1.call(WaitForElementVisibleKeyword.groovy)
	at com.kms.katalon.core.webui.keyword.internal.WebUIKeywordMain.runKeyword(WebUIKeywordMain.groovy:20)
	at com.kms.katalon.core.webui.keyword.builtin.WaitForElementVisibleKeyword.waitForElementVisible(WaitForElementVisibleKeyword.groovy:99)
	at com.kms.katalon.core.webui.keyword.builtin.WaitForElementVisibleKeyword.execute(WaitForElementVisibleKeyword.groovy:68)
	at com.kms.katalon.core.keyword.internal.KeywordExecutor.executeKeywordForPlatform(KeywordExecutor.groovy:56)
	at com.kms.katalon.core.webui.keyword.WebUiBuiltInKeywords.waitForElementVisible(WebUiBuiltInKeywords.groovy:434)
	at com.kms.katalon.core.webui.keyword.WebUiBuiltInKeywords$waitForElementVisible$5.call(Unknown Source)
	at Script1558522691041.run(Script1558522691041.groovy:64)
	... 13 more]]></system-err>
      </testcase>
      <testcase name="Test Cases/CSPW/CS SMOKE/VerifyAddNewItemPage" classname="Test Cases/CSPW/CS SMOKE/VerifyAddNewItemPage" status="PASSED">
         <system-out><![CDATA[2019-05-27 18:11:54 - [TEST_CASE][PASSED] - Test Cases/CSPW/CS SMOKE/VerifyAddNewItemPage: Test Cases/CSPW/CS SMOKE/VerifyAddNewItemPage

2019-05-27 18:11:55 - [TEST_STEP][PASSED] - openBrowser(""): Browser is opened with url: ''

2019-05-27 18:11:55 - [MESSAGE][WARNING] - A browser is already opened. Closing browser and opening a new one

2019-05-27 18:11:55 - [MESSAGE][INFO] - Starting 'Chrome' driver

2019-05-27 18:11:58 - [MESSAGE][PASSED] - Browser is opened with url: ''

2019-05-27 18:11:58 - [TEST_STEP][PASSED] - navigateToUrl("https://admintool.v5qa.brandmuscle.net"): Navigate to 'https://admintool.v5qa.brandmuscle.net' successfully

2019-05-27 18:12:01 - [MESSAGE][PASSED] - Navigate to 'https://admintool.v5qa.brandmuscle.net' successfully

2019-05-27 18:12:01 - [TEST_STEP][PASSED] - waitForPageLoad(30): Wait for page load successfully

2019-05-27 18:12:01 - [MESSAGE][PASSED] - Wait for page load successfully

2019-05-27 18:12:01 - [TEST_STEP][PASSED] - maximizeWindow(): Current window maximized

2019-05-27 18:12:02 - [MESSAGE][PASSED] - Current window maximized

2019-05-27 18:12:02 - [TEST_STEP][PASSED] - waitForElementVisible(findTestObject("CONSOLIDATOR/LogInPage/Username"), 30): Object 'Object Repository/CONSOLIDATOR/LogInPage/Username' is visible

2019-05-27 18:12:02 - [MESSAGE][PASSED] - Object 'Object Repository/CONSOLIDATOR/LogInPage/Username' is visible

2019-05-27 18:12:02 - [TEST_STEP][PASSED] - setText(findTestObject("CONSOLIDATOR/LogInPage/Username"), "chrtestuser@brandmuscle.com"): Text 'chrtestuser@brandmuscle.com' is set on object 'Object Repository/CONSOLIDATOR/LogInPage/Username'

2019-05-27 18:12:02 - [MESSAGE][PASSED] - Text 'chrtestuser@brandmuscle.com' is set on object 'Object Repository/CONSOLIDATOR/LogInPage/Username'

2019-05-27 18:12:02 - [TEST_STEP][PASSED] - waitForElementVisible(findTestObject("CONSOLIDATOR/LogInPage/Password"), 30): Object 'Object Repository/CONSOLIDATOR/LogInPage/Password' is visible

2019-05-27 18:12:02 - [MESSAGE][PASSED] - Object 'Object Repository/CONSOLIDATOR/LogInPage/Password' is visible

2019-05-27 18:12:02 - [TEST_STEP][PASSED] - setText(findTestObject("CONSOLIDATOR/LogInPage/Password"), "Ownlocal@123"): Text 'Ownlocal@123' is set on object 'Object Repository/CONSOLIDATOR/LogInPage/Password'

2019-05-27 18:12:02 - [MESSAGE][PASSED] - Text 'Ownlocal@123' is set on object 'Object Repository/CONSOLIDATOR/LogInPage/Password'

2019-05-27 18:12:02 - [TEST_STEP][PASSED] - click(findTestObject("CONSOLIDATOR/LogInPage/LoginBtn")): Object: 'Object Repository/CONSOLIDATOR/LogInPage/LoginBtn' is clicked on

2019-05-27 18:12:05 - [MESSAGE][PASSED] - Object: 'Object Repository/CONSOLIDATOR/LogInPage/LoginBtn' is clicked on

2019-05-27 18:12:05 - [TEST_STEP][PASSED] - waitForPageLoad(30): Wait for page load successfully

2019-05-27 18:12:05 - [MESSAGE][PASSED] - Wait for page load successfully

2019-05-27 18:12:05 - [TEST_STEP][PASSED] - waitForElementVisible(findTestObject("CONSOLIDATOR/LogInPage/BusinessUnitDropdown"), 30): Object 'Object Repository/CONSOLIDATOR/LogInPage/BusinessUnitDropdown' is visible

2019-05-27 18:12:05 - [MESSAGE][PASSED] - Object 'Object Repository/CONSOLIDATOR/LogInPage/BusinessUnitDropdown' is visible

2019-05-27 18:12:05 - [TEST_STEP][PASSED] - click(findTestObject("CONSOLIDATOR/LogInPage/BusinessUnitDropdown")): Object: 'Object Repository/CONSOLIDATOR/LogInPage/BusinessUnitDropdown' is clicked on

2019-05-27 18:12:06 - [MESSAGE][PASSED] - Object: 'Object Repository/CONSOLIDATOR/LogInPage/BusinessUnitDropdown' is clicked on

2019-05-27 18:12:06 - [TEST_STEP][PASSED] - waitForElementVisible(findTestObject("CONSOLIDATOR/LogInPage/BusinessUnitName"), 30): Object 'Object Repository/CONSOLIDATOR/LogInPage/BusinessUnitName' is visible

2019-05-27 18:12:06 - [MESSAGE][PASSED] - Object 'Object Repository/CONSOLIDATOR/LogInPage/BusinessUnitName' is visible

2019-05-27 18:12:06 - [TEST_STEP][PASSED] - click(findTestObject("CONSOLIDATOR/LogInPage/BusinessUnitName")): Object: 'Object Repository/CONSOLIDATOR/LogInPage/BusinessUnitName' is clicked on

2019-05-27 18:12:12 - [MESSAGE][PASSED] - Object: 'Object Repository/CONSOLIDATOR/LogInPage/BusinessUnitName' is clicked on

2019-05-27 18:12:12 - [TEST_STEP][PASSED] - waitForPageLoad(30): Wait for page load successfully

2019-05-27 18:12:12 - [MESSAGE][PASSED] - Wait for page load successfully

2019-05-27 18:12:12 - [TEST_STEP][PASSED] - waitForElementVisible(findTestObject("CONSOLIDATOR/UpdateLogPage/Select Business UnitBtn"), 30): Object 'Object Repository/CONSOLIDATOR/UpdateLogPage/Select Business UnitBtn' is visible

2019-05-27 18:12:12 - [MESSAGE][PASSED] - Object 'Object Repository/CONSOLIDATOR/UpdateLogPage/Select Business UnitBtn' is visible

2019-05-27 18:12:12 - [TEST_STEP][PASSED] - click(findTestObject("CONSOLIDATOR/UpdateLogPage/Select Business UnitBtn")): Object: 'Object Repository/CONSOLIDATOR/UpdateLogPage/Select Business UnitBtn' is clicked on

2019-05-27 18:12:12 - [MESSAGE][PASSED] - Object: 'Object Repository/CONSOLIDATOR/UpdateLogPage/Select Business UnitBtn' is clicked on

2019-05-27 18:12:12 - [TEST_STEP][PASSED] - waitForPageLoad(30): Wait for page load successfully

2019-05-27 18:12:12 - [MESSAGE][PASSED] - Wait for page load successfully

2019-05-27 18:12:12 - [TEST_STEP][PASSED] - waitForElementVisible(findTestObject("CONSOLIDATOR/ParentBusinessUnit/ParentBusinessUnitDropDown"), 30): Object 'Object Repository/CONSOLIDATOR/ParentBusinessUnit/ParentBusinessUnitDropDown' is visible

2019-05-27 18:12:14 - [MESSAGE][PASSED] - Object 'Object Repository/CONSOLIDATOR/ParentBusinessUnit/ParentBusinessUnitDropDown' is visible

2019-05-27 18:12:14 - [TEST_STEP][PASSED] - click(findTestObject("CONSOLIDATOR/ParentBusinessUnit/ParentBusinessUnitDropDown")): Object: 'Object Repository/CONSOLIDATOR/ParentBusinessUnit/ParentBusinessUnitDropDown' is clicked on

2019-05-27 18:12:14 - [MESSAGE][PASSED] - Object: 'Object Repository/CONSOLIDATOR/ParentBusinessUnit/ParentBusinessUnitDropDown' is clicked on

2019-05-27 18:12:14 - [TEST_STEP][PASSED] - waitForElementVisible(findTestObject("CONSOLIDATOR/ParentBusinessUnit/ParentBusinessUnitName"), 30): Object 'Object Repository/CONSOLIDATOR/ParentBusinessUnit/ParentBusinessUnitName' is visible

2019-05-27 18:12:14 - [MESSAGE][PASSED] - Object 'Object Repository/CONSOLIDATOR/ParentBusinessUnit/ParentBusinessUnitName' is visible

2019-05-27 18:12:14 - [TEST_STEP][PASSED] - click(findTestObject("CONSOLIDATOR/ParentBusinessUnit/ParentBusinessUnitName")): Object: 'Object Repository/CONSOLIDATOR/ParentBusinessUnit/ParentBusinessUnitName' is clicked on

2019-05-27 18:12:17 - [MESSAGE][PASSED] - Object: 'Object Repository/CONSOLIDATOR/ParentBusinessUnit/ParentBusinessUnitName' is clicked on

2019-05-27 18:12:17 - [TEST_STEP][PASSED] - click(findTestObject("CONSOLIDATOR/ParentBusinessUnit/SubmitBtn (1)")): Object: 'Object Repository/CONSOLIDATOR/ParentBusinessUnit/SubmitBtn (1)' is clicked on

2019-05-27 18:12:19 - [MESSAGE][PASSED] - Object: 'Object Repository/CONSOLIDATOR/ParentBusinessUnit/SubmitBtn (1)' is clicked on

2019-05-27 18:12:19 - [TEST_STEP][PASSED] - waitForElementVisible(findTestObject("CONSOLIDATOR/UpdateLogPage/span_Modules"), 30): Object 'Object Repository/CONSOLIDATOR/UpdateLogPage/span_Modules' is visible

2019-05-27 18:12:19 - [MESSAGE][PASSED] - Object 'Object Repository/CONSOLIDATOR/UpdateLogPage/span_Modules' is visible

2019-05-27 18:12:19 - [TEST_STEP][PASSED] - mouseOverOffset(findTestObject("CONSOLIDATOR/UpdateLogPage/span_Modules"), 0, 0): Object: 'Object Repository/CONSOLIDATOR/UpdateLogPage/span_Modules' is hovered using offset x = 0 and y = 0

2019-05-27 18:12:19 - [MESSAGE][PASSED] - Object: 'Object Repository/CONSOLIDATOR/UpdateLogPage/span_Modules' is hovered using offset x = 0 and y = 0

2019-05-27 18:12:19 - [TEST_STEP][PASSED] - mouseOver(findTestObject("CONSOLIDATOR/UpdateLogPage/span_Consolidator")): Object: 'Object Repository/CONSOLIDATOR/UpdateLogPage/span_Consolidator' is hovered

2019-05-27 18:12:19 - [MESSAGE][PASSED] - Object: 'Object Repository/CONSOLIDATOR/UpdateLogPage/span_Consolidator' is hovered

2019-05-27 18:12:19 - [TEST_STEP][PASSED] - click(findTestObject("CONSOLIDATOR/UpdateLogPage/span_Consolidator")): Object: 'Object Repository/CONSOLIDATOR/UpdateLogPage/span_Consolidator' is clicked on

2019-05-27 18:12:19 - [MESSAGE][PASSED] - Object: 'Object Repository/CONSOLIDATOR/UpdateLogPage/span_Consolidator' is clicked on

2019-05-27 18:12:19 - [TEST_STEP][PASSED] - waitForPageLoad(30): Wait for page load successfully

2019-05-27 18:12:19 - [MESSAGE][PASSED] - Wait for page load successfully

2019-05-27 18:12:19 - [TEST_STEP][PASSED] - navigateToUrl("https://admintool.v5qa.brandmuscle.net/Admin/Consolidator/ConsolidatorManageBaseElement.aspx"): Navigate to 'https://admintool.v5qa.brandmuscle.net/Admin/Consolidator/ConsolidatorManageBaseElement.aspx' successfully

2019-05-27 18:12:22 - [MESSAGE][PASSED] - Navigate to 'https://admintool.v5qa.brandmuscle.net/Admin/Consolidator/ConsolidatorManageBaseElement.aspx' successfully

2019-05-27 18:12:22 - [TEST_STEP][PASSED] - waitForPageLoad(30): Wait for page load successfully

2019-05-27 18:12:22 - [MESSAGE][PASSED] - Wait for page load successfully

2019-05-27 18:12:22 - [TEST_STEP][PASSED] - waitForElementVisible(findTestObject("CONSOLIDATOR/ManageElementsPage/AddNewItemBtn"), 30): Object 'Object Repository/CONSOLIDATOR/ManageElementsPage/AddNewItemBtn' is visible

2019-05-27 18:12:22 - [MESSAGE][PASSED] - Object 'Object Repository/CONSOLIDATOR/ManageElementsPage/AddNewItemBtn' is visible

2019-05-27 18:12:22 - [TEST_STEP][PASSED] - click(findTestObject("CONSOLIDATOR/ManageElementsPage/AddNewItemBtn")): Object: 'Object Repository/CONSOLIDATOR/ManageElementsPage/AddNewItemBtn' is clicked on

2019-05-27 18:12:22 - [MESSAGE][PASSED] - Object: 'Object Repository/CONSOLIDATOR/ManageElementsPage/AddNewItemBtn' is clicked on

2019-05-27 18:12:22 - [TEST_STEP][PASSED] - closeBrowser(): Browser is closed

2019-05-27 18:12:23 - [MESSAGE][PASSED] - Browser is closed]]></system-out>
         <system-err><![CDATA[]]></system-err>
      </testcase>
      <testcase name="Test Cases/CSPW/CS SMOKE/VerifyEditBaseElementsPage" classname="Test Cases/CSPW/CS SMOKE/VerifyEditBaseElementsPage" status="PASSED">
         <system-out><![CDATA[2019-05-27 18:12:25 - [TEST_CASE][PASSED] - Test Cases/CSPW/CS SMOKE/VerifyEditBaseElementsPage: Test Cases/CSPW/CS SMOKE/VerifyEditBaseElementsPage

2019-05-27 18:12:25 - [TEST_STEP][PASSED] - openBrowser(""): Browser is opened with url: ''

2019-05-27 18:12:25 - [MESSAGE][INFO] - Starting 'Chrome' driver

2019-05-27 18:12:27 - [MESSAGE][PASSED] - Browser is opened with url: ''

2019-05-27 18:12:27 - [TEST_STEP][PASSED] - navigateToUrl("https://admintool.v5qa.brandmuscle.net"): Navigate to 'https://admintool.v5qa.brandmuscle.net' successfully

2019-05-27 18:12:30 - [MESSAGE][PASSED] - Navigate to 'https://admintool.v5qa.brandmuscle.net' successfully

2019-05-27 18:12:30 - [TEST_STEP][PASSED] - waitForPageLoad(30): Wait for page load successfully

2019-05-27 18:12:30 - [MESSAGE][PASSED] - Wait for page load successfully

2019-05-27 18:12:30 - [TEST_STEP][PASSED] - maximizeWindow(): Current window maximized

2019-05-27 18:12:31 - [MESSAGE][PASSED] - Current window maximized

2019-05-27 18:12:31 - [TEST_STEP][PASSED] - waitForElementVisible(findTestObject("CONSOLIDATOR/LogInPage/Username"), 30): Object 'Object Repository/CONSOLIDATOR/LogInPage/Username' is visible

2019-05-27 18:12:31 - [MESSAGE][PASSED] - Object 'Object Repository/CONSOLIDATOR/LogInPage/Username' is visible

2019-05-27 18:12:31 - [TEST_STEP][PASSED] - setText(findTestObject("CONSOLIDATOR/LogInPage/Username"), "chrtestuser@brandmuscle.com"): Text 'chrtestuser@brandmuscle.com' is set on object 'Object Repository/CONSOLIDATOR/LogInPage/Username'

2019-05-27 18:12:32 - [MESSAGE][PASSED] - Text 'chrtestuser@brandmuscle.com' is set on object 'Object Repository/CONSOLIDATOR/LogInPage/Username'

2019-05-27 18:12:32 - [TEST_STEP][PASSED] - waitForElementVisible(findTestObject("CONSOLIDATOR/LogInPage/Password"), 30): Object 'Object Repository/CONSOLIDATOR/LogInPage/Password' is visible

2019-05-27 18:12:32 - [MESSAGE][PASSED] - Object 'Object Repository/CONSOLIDATOR/LogInPage/Password' is visible

2019-05-27 18:12:32 - [TEST_STEP][PASSED] - setText(findTestObject("CONSOLIDATOR/LogInPage/Password"), "Ownlocal@123"): Text 'Ownlocal@123' is set on object 'Object Repository/CONSOLIDATOR/LogInPage/Password'

2019-05-27 18:12:32 - [MESSAGE][PASSED] - Text 'Ownlocal@123' is set on object 'Object Repository/CONSOLIDATOR/LogInPage/Password'

2019-05-27 18:12:32 - [TEST_STEP][PASSED] - click(findTestObject("CONSOLIDATOR/LogInPage/LoginBtn")): Object: 'Object Repository/CONSOLIDATOR/LogInPage/LoginBtn' is clicked on

2019-05-27 18:12:34 - [MESSAGE][PASSED] - Object: 'Object Repository/CONSOLIDATOR/LogInPage/LoginBtn' is clicked on

2019-05-27 18:12:34 - [TEST_STEP][PASSED] - waitForPageLoad(30): Wait for page load successfully

2019-05-27 18:12:34 - [MESSAGE][PASSED] - Wait for page load successfully

2019-05-27 18:12:34 - [TEST_STEP][PASSED] - waitForElementVisible(findTestObject("CONSOLIDATOR/LogInPage/BusinessUnitDropdown"), 0): Object 'Object Repository/CONSOLIDATOR/LogInPage/BusinessUnitDropdown' is visible

2019-05-27 18:12:34 - [MESSAGE][WARNING] - Timeout '0' is invalid. Using default page load timeout: '30'

2019-05-27 18:12:34 - [MESSAGE][PASSED] - Object 'Object Repository/CONSOLIDATOR/LogInPage/BusinessUnitDropdown' is visible

2019-05-27 18:12:34 - [TEST_STEP][PASSED] - click(findTestObject("CONSOLIDATOR/LogInPage/BusinessUnitDropdown")): Object: 'Object Repository/CONSOLIDATOR/LogInPage/BusinessUnitDropdown' is clicked on

2019-05-27 18:12:35 - [MESSAGE][PASSED] - Object: 'Object Repository/CONSOLIDATOR/LogInPage/BusinessUnitDropdown' is clicked on

2019-05-27 18:12:35 - [TEST_STEP][PASSED] - click(findTestObject("CONSOLIDATOR/LogInPage/BusinessUnitName")): Object: 'Object Repository/CONSOLIDATOR/LogInPage/BusinessUnitName' is clicked on

2019-05-27 18:12:35 - [MESSAGE][PASSED] - Object: 'Object Repository/CONSOLIDATOR/LogInPage/BusinessUnitName' is clicked on

2019-05-27 18:12:35 - [TEST_STEP][PASSED] - waitForPageLoad(30): Wait for page load successfully

2019-05-27 18:12:40 - [MESSAGE][PASSED] - Wait for page load successfully

2019-05-27 18:12:40 - [TEST_STEP][PASSED] - waitForElementVisible(findTestObject("CONSOLIDATOR/UpdateLogPage/Select Business UnitBtn"), 30): Object 'Object Repository/CONSOLIDATOR/UpdateLogPage/Select Business UnitBtn' is visible

2019-05-27 18:12:40 - [MESSAGE][PASSED] - Object 'Object Repository/CONSOLIDATOR/UpdateLogPage/Select Business UnitBtn' is visible

2019-05-27 18:12:40 - [TEST_STEP][PASSED] - click(findTestObject("CONSOLIDATOR/UpdateLogPage/Select Business UnitBtn")): Object: 'Object Repository/CONSOLIDATOR/UpdateLogPage/Select Business UnitBtn' is clicked on

2019-05-27 18:12:40 - [MESSAGE][PASSED] - Object: 'Object Repository/CONSOLIDATOR/UpdateLogPage/Select Business UnitBtn' is clicked on

2019-05-27 18:12:40 - [TEST_STEP][PASSED] - waitForPageLoad(30): Wait for page load successfully

2019-05-27 18:12:40 - [MESSAGE][PASSED] - Wait for page load successfully

2019-05-27 18:12:40 - [TEST_STEP][PASSED] - waitForElementVisible(findTestObject("CONSOLIDATOR/ParentBusinessUnit/ParentBusinessUnitDropDown"), 30): Object 'Object Repository/CONSOLIDATOR/ParentBusinessUnit/ParentBusinessUnitDropDown' is visible

2019-05-27 18:12:42 - [MESSAGE][PASSED] - Object 'Object Repository/CONSOLIDATOR/ParentBusinessUnit/ParentBusinessUnitDropDown' is visible

2019-05-27 18:12:42 - [TEST_STEP][PASSED] - click(findTestObject("CONSOLIDATOR/ParentBusinessUnit/ParentBusinessUnitDropDown")): Object: 'Object Repository/CONSOLIDATOR/ParentBusinessUnit/ParentBusinessUnitDropDown' is clicked on

2019-05-27 18:12:42 - [MESSAGE][PASSED] - Object: 'Object Repository/CONSOLIDATOR/ParentBusinessUnit/ParentBusinessUnitDropDown' is clicked on

2019-05-27 18:12:42 - [TEST_STEP][PASSED] - click(findTestObject("CONSOLIDATOR/ParentBusinessUnit/ParentBusinessUnitName")): Object: 'Object Repository/CONSOLIDATOR/ParentBusinessUnit/ParentBusinessUnitName' is clicked on

2019-05-27 18:12:44 - [MESSAGE][PASSED] - Object: 'Object Repository/CONSOLIDATOR/ParentBusinessUnit/ParentBusinessUnitName' is clicked on

2019-05-27 18:12:44 - [TEST_STEP][PASSED] - click(findTestObject("CONSOLIDATOR/ParentBusinessUnit/SubmitBtn (1)")): Object: 'Object Repository/CONSOLIDATOR/ParentBusinessUnit/SubmitBtn (1)' is clicked on

2019-05-27 18:12:46 - [MESSAGE][PASSED] - Object: 'Object Repository/CONSOLIDATOR/ParentBusinessUnit/SubmitBtn (1)' is clicked on

2019-05-27 18:12:46 - [TEST_STEP][PASSED] - waitForElementVisible(findTestObject("CONSOLIDATOR/UpdateLogPage/span_Modules"), 30): Object 'Object Repository/CONSOLIDATOR/UpdateLogPage/span_Modules' is visible

2019-05-27 18:12:46 - [MESSAGE][PASSED] - Object 'Object Repository/CONSOLIDATOR/UpdateLogPage/span_Modules' is visible

2019-05-27 18:12:46 - [TEST_STEP][PASSED] - mouseOverOffset(findTestObject("CONSOLIDATOR/UpdateLogPage/span_Modules"), 0, 0): Object: 'Object Repository/CONSOLIDATOR/UpdateLogPage/span_Modules' is hovered using offset x = 0 and y = 0

2019-05-27 18:12:46 - [MESSAGE][PASSED] - Object: 'Object Repository/CONSOLIDATOR/UpdateLogPage/span_Modules' is hovered using offset x = 0 and y = 0

2019-05-27 18:12:46 - [TEST_STEP][PASSED] - mouseOver(findTestObject("CONSOLIDATOR/UpdateLogPage/span_Consolidator")): Object: 'Object Repository/CONSOLIDATOR/UpdateLogPage/span_Consolidator' is hovered

2019-05-27 18:12:46 - [MESSAGE][PASSED] - Object: 'Object Repository/CONSOLIDATOR/UpdateLogPage/span_Consolidator' is hovered

2019-05-27 18:12:46 - [TEST_STEP][PASSED] - click(findTestObject("CONSOLIDATOR/UpdateLogPage/span_Consolidator")): Object: 'Object Repository/CONSOLIDATOR/UpdateLogPage/span_Consolidator' is clicked on

2019-05-27 18:12:47 - [MESSAGE][PASSED] - Object: 'Object Repository/CONSOLIDATOR/UpdateLogPage/span_Consolidator' is clicked on

2019-05-27 18:12:47 - [TEST_STEP][PASSED] - waitForPageLoad(30): Wait for page load successfully

2019-05-27 18:12:47 - [MESSAGE][PASSED] - Wait for page load successfully

2019-05-27 18:12:47 - [TEST_STEP][PASSED] - navigateToUrl("https://admintool.v5qa.brandmuscle.net/Admin/Consolidator/ConsolidatorManageBaseElement.aspx"): Navigate to 'https://admintool.v5qa.brandmuscle.net/Admin/Consolidator/ConsolidatorManageBaseElement.aspx' successfully

2019-05-27 18:12:49 - [MESSAGE][PASSED] - Navigate to 'https://admintool.v5qa.brandmuscle.net/Admin/Consolidator/ConsolidatorManageBaseElement.aspx' successfully

2019-05-27 18:12:49 - [TEST_STEP][PASSED] - waitForElementVisible(findTestObject("CONSOLIDATOR/ManageElementsPage/FirstEditLink"), 0): Object 'Object Repository/CONSOLIDATOR/ManageElementsPage/FirstEditLink' is visible

2019-05-27 18:12:49 - [MESSAGE][WARNING] - Timeout '0' is invalid. Using default page load timeout: '30'

2019-05-27 18:12:49 - [MESSAGE][PASSED] - Object 'Object Repository/CONSOLIDATOR/ManageElementsPage/FirstEditLink' is visible

2019-05-27 18:12:49 - [TEST_STEP][PASSED] - click(findTestObject("CONSOLIDATOR/ManageElementsPage/FirstEditLink")): Object: 'Object Repository/CONSOLIDATOR/ManageElementsPage/FirstEditLink' is clicked on

2019-05-27 18:12:52 - [MESSAGE][PASSED] - Object: 'Object Repository/CONSOLIDATOR/ManageElementsPage/FirstEditLink' is clicked on

2019-05-27 18:12:52 - [TEST_STEP][PASSED] - waitForPageLoad(30): Wait for page load successfully

2019-05-27 18:12:52 - [MESSAGE][PASSED] - Wait for page load successfully

2019-05-27 18:12:52 - [TEST_STEP][PASSED] - verifyTextPresent("Edit Element", false): Text 'Edit Element' is present on page 

2019-05-27 18:12:52 - [MESSAGE][PASSED] - Text 'Edit Element' is present on page]]></system-out>
         <system-err><![CDATA[]]></system-err>
      </testcase>
      <testcase name="Test Cases/CSPW/CS SMOKE/VerifyEditProgramElementsPage" classname="Test Cases/CSPW/CS SMOKE/VerifyEditProgramElementsPage" status="FAILED">
         <failure type="FAILED" message="Test Cases/CSPW/CS SMOKE/VerifyEditProgramElementsPage FAILED.
Reason:
com.kms.katalon.core.exception.StepFailedException: Unable to click on object 'Object Repository/CONSOLIDATOR/UpdateLogPage/span_Consolidator'
	at com.kms.katalon.core.webui.keyword.internal.WebUIKeywordMain.stepFailed(WebUIKeywordMain.groovy:64)
	at com.kms.katalon.core.webui.keyword.internal.WebUIKeywordMain.runKeyword(WebUIKeywordMain.groovy:26)
	at com.kms.katalon.core.webui.keyword.builtin.ClickKeyword.click(ClickKeyword.groovy:86)
	at com.kms.katalon.core.webui.keyword.builtin.ClickKeyword.execute(ClickKeyword.groovy:67)
	at com.kms.katalon.core.keyword.internal.KeywordExecutor.executeKeywordForPlatform(KeywordExecutor.groovy:56)
	at com.kms.katalon.core.webui.keyword.WebUiBuiltInKeywords.click(WebUiBuiltInKeywords.groovy:616)
	at com.kms.katalon.core.webui.keyword.WebUiBuiltInKeywords$click$4.call(Unknown Source)
	at VerifyEditProgramElementsPage.run(VerifyEditProgramElementsPage:62)
	at com.kms.katalon.core.main.ScriptEngine.run(ScriptEngine.java:194)
	at com.kms.katalon.core.main.ScriptEngine.runScriptAsRawText(ScriptEngine.java:119)
	at com.kms.katalon.core.main.TestCaseExecutor.runScript(TestCaseExecutor.java:336)
	at com.kms.katalon.core.main.TestCaseExecutor.doExecute(TestCaseExecutor.java:327)
	at com.kms.katalon.core.main.TestCaseExecutor.processExecutionPhase(TestCaseExecutor.java:306)
	at com.kms.katalon.core.main.TestCaseExecutor.accessMainPhase(TestCaseExecutor.java:298)
	at com.kms.katalon.core.main.TestCaseExecutor.execute(TestCaseExecutor.java:232)
	at com.kms.katalon.core.main.TestSuiteExecutor.accessTestCaseMainPhase(TestSuiteExecutor.java:129)
	at com.kms.katalon.core.main.TestSuiteExecutor.accessTestSuiteMainPhase(TestSuiteExecutor.java:112)
	at com.kms.katalon.core.main.TestSuiteExecutor.execute(TestSuiteExecutor.java:81)
	at com.kms.katalon.core.main.TestCaseMain.startTestSuite(TestCaseMain.java:157)
	at com.kms.katalon.core.main.TestCaseMain$startTestSuite$0.call(Unknown Source)
	at TempTestSuite1558960854650.run(TempTestSuite1558960854650.groovy:35)
Caused by: org.openqa.selenium.ElementClickInterceptedException: element click intercepted: Element &lt;span class=&quot;rmText&quot;>...&lt;/span> is not clickable at point (778, 132). Other element would receive the click: &lt;a class=&quot;rmLink rmRootLink clickable AdminSubscriptionsSearch&quot; href=&quot;/Admin/Subscriptions/Search.aspx&quot;>...&lt;/a>
  (Session info: chrome=74.0.3729.131)
  (Driver info: chromedriver=74.0.3729.6 (255758eccf3d244491b8a1317aa76e1ce10d57e9-refs/branch-heads/3729@{#29}),platform=Windows NT 10.0.17134 x86_64) (WARNING: The server did not provide any stacktrace information)
Command duration or timeout: 0 milliseconds
Build info: version: '3.7.1', revision: '8a0099a', time: '2017-11-06T21:07:36.161Z'
System info: host: 'E3480-POOJITAM', ip: '10.15.0.227', os.name: 'Windows 10', os.arch: 'amd64', os.version: '10.0', java.version: '1.8.0_181'
Driver info: com.kms.katalon.selenium.driver.CChromeDriver
Capabilities {acceptInsecureCerts: false, acceptSslCerts: false, applicationCacheEnabled: false, browserConnectionEnabled: false, browserName: chrome, chrome: {chromedriverVersion: 74.0.3729.6 (255758eccf3d24..., userDataDir: C:\Users\POOJIT~1.MIS\AppDa...}, cssSelectorsEnabled: true, databaseEnabled: false, goog:chromeOptions: {debuggerAddress: localhost:55418}, handlesAlerts: true, hasTouchScreen: false, javascriptEnabled: true, locationContextEnabled: true, mobileEmulationEnabled: false, nativeEvents: true, networkConnectionEnabled: false, pageLoadStrategy: normal, platform: XP, platformName: XP, proxy: Proxy(direct), rotatable: false, setWindowRect: true, strictFileInteractability: false, takesHeapSnapshot: true, takesScreenshot: true, timeouts: {implicit: 0, pageLoad: 300000, script: 30000}, unexpectedAlertBehaviour: ignore, unhandledPromptBehavior: ignore, version: 74.0.3729.131, webStorageEnabled: true}
Session ID: 9b29640cd7cbece3e79256d4e9eef01d
	at org.openqa.selenium.remote.ErrorHandler.createThrowable(ErrorHandler.java:214)
	at org.openqa.selenium.remote.ErrorHandler.throwIfResponseFailed(ErrorHandler.java:166)
	at org.openqa.selenium.remote.http.JsonHttpResponseCodec.reconstructValue(JsonHttpResponseCodec.java:40)
	at org.openqa.selenium.remote.http.AbstractHttpResponseCodec.decode(AbstractHttpResponseCodec.java:80)
	at org.openqa.selenium.remote.http.AbstractHttpResponseCodec.decode(AbstractHttpResponseCodec.java:44)
	at org.openqa.selenium.remote.HttpCommandExecutor.execute(HttpCommandExecutor.java:164)
	at org.openqa.selenium.remote.service.DriverCommandExecutor.execute(DriverCommandExecutor.java:83)
	at org.openqa.selenium.remote.RemoteWebDriver.execute(RemoteWebDriver.java:600)
	at com.kms.katalon.selenium.driver.CChromeDriver.execute(CChromeDriver.java:20)
	at org.openqa.selenium.remote.RemoteWebElement.execute(RemoteWebElement.java:279)
	at org.openqa.selenium.remote.RemoteWebElement.click(RemoteWebElement.java:83)
	at com.kms.katalon.core.webui.keyword.builtin.ClickKeyword$_click_closure1.doCall(ClickKeyword.groovy:79)
	at com.kms.katalon.core.webui.keyword.builtin.ClickKeyword$_click_closure1.call(ClickKeyword.groovy)
	at com.kms.katalon.core.webui.keyword.internal.WebUIKeywordMain.runKeyword(WebUIKeywordMain.groovy:20)
	at com.kms.katalon.core.webui.keyword.builtin.ClickKeyword.click(ClickKeyword.groovy:86)
	at com.kms.katalon.core.webui.keyword.builtin.ClickKeyword.execute(ClickKeyword.groovy:67)
	at com.kms.katalon.core.keyword.internal.KeywordExecutor.executeKeywordForPlatform(KeywordExecutor.groovy:56)
	at com.kms.katalon.core.webui.keyword.WebUiBuiltInKeywords.click(WebUiBuiltInKeywords.groovy:616)
	at com.kms.katalon.core.webui.keyword.WebUiBuiltInKeywords$click$4.call(Unknown Source)
	at Script1558525353577.run(Script1558525353577.groovy:62)
	... 13 more
"/>
         <system-out><![CDATA[2019-05-27 18:12:54 - [TEST_CASE][FAILED] - Test Cases/CSPW/CS SMOKE/VerifyEditProgramElementsPage: Test Cases/CSPW/CS SMOKE/VerifyEditProgramElementsPage FAILED.
Reason:
com.kms.katalon.core.exception.StepFailedException: Unable to click on object 'Object Repository/CONSOLIDATOR/UpdateLogPage/span_Consolidator'
	at com.kms.katalon.core.webui.keyword.internal.WebUIKeywordMain.stepFailed(WebUIKeywordMain.groovy:64)
	at com.kms.katalon.core.webui.keyword.internal.WebUIKeywordMain.runKeyword(WebUIKeywordMain.groovy:26)
	at com.kms.katalon.core.webui.keyword.builtin.ClickKeyword.click(ClickKeyword.groovy:86)
	at com.kms.katalon.core.webui.keyword.builtin.ClickKeyword.execute(ClickKeyword.groovy:67)
	at com.kms.katalon.core.keyword.internal.KeywordExecutor.executeKeywordForPlatform(KeywordExecutor.groovy:56)
	at com.kms.katalon.core.webui.keyword.WebUiBuiltInKeywords.click(WebUiBuiltInKeywords.groovy:616)
	at com.kms.katalon.core.webui.keyword.WebUiBuiltInKeywords$click$4.call(Unknown Source)
	at VerifyEditProgramElementsPage.run(VerifyEditProgramElementsPage:62)
	at com.kms.katalon.core.main.ScriptEngine.run(ScriptEngine.java:194)
	at com.kms.katalon.core.main.ScriptEngine.runScriptAsRawText(ScriptEngine.java:119)
	at com.kms.katalon.core.main.TestCaseExecutor.runScript(TestCaseExecutor.java:336)
	at com.kms.katalon.core.main.TestCaseExecutor.doExecute(TestCaseExecutor.java:327)
	at com.kms.katalon.core.main.TestCaseExecutor.processExecutionPhase(TestCaseExecutor.java:306)
	at com.kms.katalon.core.main.TestCaseExecutor.accessMainPhase(TestCaseExecutor.java:298)
	at com.kms.katalon.core.main.TestCaseExecutor.execute(TestCaseExecutor.java:232)
	at com.kms.katalon.core.main.TestSuiteExecutor.accessTestCaseMainPhase(TestSuiteExecutor.java:129)
	at com.kms.katalon.core.main.TestSuiteExecutor.accessTestSuiteMainPhase(TestSuiteExecutor.java:112)
	at com.kms.katalon.core.main.TestSuiteExecutor.execute(TestSuiteExecutor.java:81)
	at com.kms.katalon.core.main.TestCaseMain.startTestSuite(TestCaseMain.java:157)
	at com.kms.katalon.core.main.TestCaseMain$startTestSuite$0.call(Unknown Source)
	at TempTestSuite1558960854650.run(TempTestSuite1558960854650.groovy:35)
Caused by: org.openqa.selenium.ElementClickInterceptedException: element click intercepted: Element <span class="rmText">...</span> is not clickable at point (778, 132). Other element would receive the click: <a class="rmLink rmRootLink clickable AdminSubscriptionsSearch" href="/Admin/Subscriptions/Search.aspx">...</a>
  (Session info: chrome=74.0.3729.131)
  (Driver info: chromedriver=74.0.3729.6 (255758eccf3d244491b8a1317aa76e1ce10d57e9-refs/branch-heads/3729@{#29}),platform=Windows NT 10.0.17134 x86_64) (WARNING: The server did not provide any stacktrace information)
Command duration or timeout: 0 milliseconds
Build info: version: '3.7.1', revision: '8a0099a', time: '2017-11-06T21:07:36.161Z'
System info: host: 'E3480-POOJITAM', ip: '10.15.0.227', os.name: 'Windows 10', os.arch: 'amd64', os.version: '10.0', java.version: '1.8.0_181'
Driver info: com.kms.katalon.selenium.driver.CChromeDriver
Capabilities {acceptInsecureCerts: false, acceptSslCerts: false, applicationCacheEnabled: false, browserConnectionEnabled: false, browserName: chrome, chrome: {chromedriverVersion: 74.0.3729.6 (255758eccf3d24..., userDataDir: C:\Users\POOJIT~1.MIS\AppDa...}, cssSelectorsEnabled: true, databaseEnabled: false, goog:chromeOptions: {debuggerAddress: localhost:55418}, handlesAlerts: true, hasTouchScreen: false, javascriptEnabled: true, locationContextEnabled: true, mobileEmulationEnabled: false, nativeEvents: true, networkConnectionEnabled: false, pageLoadStrategy: normal, platform: XP, platformName: XP, proxy: Proxy(direct), rotatable: false, setWindowRect: true, strictFileInteractability: false, takesHeapSnapshot: true, takesScreenshot: true, timeouts: {implicit: 0, pageLoad: 300000, script: 30000}, unexpectedAlertBehaviour: ignore, unhandledPromptBehavior: ignore, version: 74.0.3729.131, webStorageEnabled: true}
Session ID: 9b29640cd7cbece3e79256d4e9eef01d
	at org.openqa.selenium.remote.ErrorHandler.createThrowable(ErrorHandler.java:214)
	at org.openqa.selenium.remote.ErrorHandler.throwIfResponseFailed(ErrorHandler.java:166)
	at org.openqa.selenium.remote.http.JsonHttpResponseCodec.reconstructValue(JsonHttpResponseCodec.java:40)
	at org.openqa.selenium.remote.http.AbstractHttpResponseCodec.decode(AbstractHttpResponseCodec.java:80)
	at org.openqa.selenium.remote.http.AbstractHttpResponseCodec.decode(AbstractHttpResponseCodec.java:44)
	at org.openqa.selenium.remote.HttpCommandExecutor.execute(HttpCommandExecutor.java:164)
	at org.openqa.selenium.remote.service.DriverCommandExecutor.execute(DriverCommandExecutor.java:83)
	at org.openqa.selenium.remote.RemoteWebDriver.execute(RemoteWebDriver.java:600)
	at com.kms.katalon.selenium.driver.CChromeDriver.execute(CChromeDriver.java:20)
	at org.openqa.selenium.remote.RemoteWebElement.execute(RemoteWebElement.java:279)
	at org.openqa.selenium.remote.RemoteWebElement.click(RemoteWebElement.java:83)
	at com.kms.katalon.core.webui.keyword.builtin.ClickKeyword$_click_closure1.doCall(ClickKeyword.groovy:79)
	at com.kms.katalon.core.webui.keyword.builtin.ClickKeyword$_click_closure1.call(ClickKeyword.groovy)
	at com.kms.katalon.core.webui.keyword.internal.WebUIKeywordMain.runKeyword(WebUIKeywordMain.groovy:20)
	at com.kms.katalon.core.webui.keyword.builtin.ClickKeyword.click(ClickKeyword.groovy:86)
	at com.kms.katalon.core.webui.keyword.builtin.ClickKeyword.execute(ClickKeyword.groovy:67)
	at com.kms.katalon.core.keyword.internal.KeywordExecutor.executeKeywordForPlatform(KeywordExecutor.groovy:56)
	at com.kms.katalon.core.webui.keyword.WebUiBuiltInKeywords.click(WebUiBuiltInKeywords.groovy:616)
	at com.kms.katalon.core.webui.keyword.WebUiBuiltInKeywords$click$4.call(Unknown Source)
	at Script1558525353577.run(Script1558525353577.groovy:62)
	... 13 more


2019-05-27 18:12:54 - [TEST_STEP][PASSED] - openBrowser(""): Browser is opened with url: ''

2019-05-27 18:12:54 - [MESSAGE][WARNING] - A browser is already opened. Closing browser and opening a new one

2019-05-27 18:12:55 - [MESSAGE][INFO] - Starting 'Chrome' driver

2019-05-27 18:12:57 - [MESSAGE][PASSED] - Browser is opened with url: ''

2019-05-27 18:12:57 - [TEST_STEP][PASSED] - navigateToUrl("https://admintool.v5qa.brandmuscle.net/"): Navigate to 'https://admintool.v5qa.brandmuscle.net/' successfully

2019-05-27 18:13:00 - [MESSAGE][PASSED] - Navigate to 'https://admintool.v5qa.brandmuscle.net/' successfully

2019-05-27 18:13:00 - [TEST_STEP][PASSED] - waitForPageLoad(0): Wait for page load successfully

2019-05-27 18:13:00 - [MESSAGE][WARNING] - Timeout '0' is invalid. Using default page load timeout: '30'

2019-05-27 18:13:00 - [MESSAGE][PASSED] - Wait for page load successfully

2019-05-27 18:13:00 - [TEST_STEP][PASSED] - maximizeWindow(): Current window maximized

2019-05-27 18:13:01 - [MESSAGE][PASSED] - Current window maximized

2019-05-27 18:13:01 - [TEST_STEP][PASSED] - setText(findTestObject("CONSOLIDATOR/LogInPage/Username"), "chrtestuser@brandmuscle.com"): Text 'chrtestuser@brandmuscle.com' is set on object 'Object Repository/CONSOLIDATOR/LogInPage/Username'

2019-05-27 18:13:02 - [MESSAGE][PASSED] - Text 'chrtestuser@brandmuscle.com' is set on object 'Object Repository/CONSOLIDATOR/LogInPage/Username'

2019-05-27 18:13:02 - [TEST_STEP][PASSED] - setText(findTestObject("CONSOLIDATOR/LogInPage/Password"), "Ownlocal@123"): Text 'Ownlocal@123' is set on object 'Object Repository/CONSOLIDATOR/LogInPage/Password'

2019-05-27 18:13:02 - [MESSAGE][PASSED] - Text 'Ownlocal@123' is set on object 'Object Repository/CONSOLIDATOR/LogInPage/Password'

2019-05-27 18:13:02 - [TEST_STEP][PASSED] - click(findTestObject("CONSOLIDATOR/LogInPage/LoginBtn")): Object: 'Object Repository/CONSOLIDATOR/LogInPage/LoginBtn' is clicked on

2019-05-27 18:13:05 - [MESSAGE][PASSED] - Object: 'Object Repository/CONSOLIDATOR/LogInPage/LoginBtn' is clicked on

2019-05-27 18:13:05 - [TEST_STEP][PASSED] - waitForPageLoad(30): Wait for page load successfully

2019-05-27 18:13:05 - [MESSAGE][PASSED] - Wait for page load successfully

2019-05-27 18:13:05 - [TEST_STEP][PASSED] - waitForElementVisible(findTestObject("CONSOLIDATOR/LogInPage/BusinessUnitDropdown"), 30): Object 'Object Repository/CONSOLIDATOR/LogInPage/BusinessUnitDropdown' is visible

2019-05-27 18:13:06 - [MESSAGE][PASSED] - Object 'Object Repository/CONSOLIDATOR/LogInPage/BusinessUnitDropdown' is visible

2019-05-27 18:13:06 - [TEST_STEP][PASSED] - click(findTestObject("CONSOLIDATOR/LogInPage/BusinessUnitDropdown")): Object: 'Object Repository/CONSOLIDATOR/LogInPage/BusinessUnitDropdown' is clicked on

2019-05-27 18:13:06 - [MESSAGE][PASSED] - Object: 'Object Repository/CONSOLIDATOR/LogInPage/BusinessUnitDropdown' is clicked on

2019-05-27 18:13:06 - [TEST_STEP][PASSED] - click(findTestObject("CONSOLIDATOR/LogInPage/BusinessUnitName")): Object: 'Object Repository/CONSOLIDATOR/LogInPage/BusinessUnitName' is clicked on

2019-05-27 18:13:10 - [MESSAGE][PASSED] - Object: 'Object Repository/CONSOLIDATOR/LogInPage/BusinessUnitName' is clicked on

2019-05-27 18:13:10 - [TEST_STEP][PASSED] - waitForPageLoad(30): Wait for page load successfully

2019-05-27 18:13:10 - [MESSAGE][PASSED] - Wait for page load successfully

2019-05-27 18:13:10 - [TEST_STEP][PASSED] - waitForElementVisible(findTestObject("CONSOLIDATOR/UpdateLogPage/Select Business UnitBtn"), 30): Object 'Object Repository/CONSOLIDATOR/UpdateLogPage/Select Business UnitBtn' is visible

2019-05-27 18:13:10 - [MESSAGE][PASSED] - Object 'Object Repository/CONSOLIDATOR/UpdateLogPage/Select Business UnitBtn' is visible

2019-05-27 18:13:10 - [TEST_STEP][PASSED] - click(findTestObject("CONSOLIDATOR/UpdateLogPage/Select Business UnitBtn")): Object: 'Object Repository/CONSOLIDATOR/UpdateLogPage/Select Business UnitBtn' is clicked on

2019-05-27 18:13:10 - [MESSAGE][PASSED] - Object: 'Object Repository/CONSOLIDATOR/UpdateLogPage/Select Business UnitBtn' is clicked on

2019-05-27 18:13:10 - [TEST_STEP][PASSED] - waitForPageLoad(300): Wait for page load successfully

2019-05-27 18:13:10 - [MESSAGE][PASSED] - Wait for page load successfully

2019-05-27 18:13:10 - [TEST_STEP][PASSED] - waitForElementVisible(findTestObject("CONSOLIDATOR/ParentBusinessUnit/ParentBusinessUnitDropDown"), 30): Object 'Object Repository/CONSOLIDATOR/ParentBusinessUnit/ParentBusinessUnitDropDown' is visible

2019-05-27 18:13:12 - [MESSAGE][PASSED] - Object 'Object Repository/CONSOLIDATOR/ParentBusinessUnit/ParentBusinessUnitDropDown' is visible

2019-05-27 18:13:12 - [TEST_STEP][PASSED] - click(findTestObject("CONSOLIDATOR/ParentBusinessUnit/ParentBusinessUnitDropDown")): Object: 'Object Repository/CONSOLIDATOR/ParentBusinessUnit/ParentBusinessUnitDropDown' is clicked on

2019-05-27 18:13:12 - [MESSAGE][PASSED] - Object: 'Object Repository/CONSOLIDATOR/ParentBusinessUnit/ParentBusinessUnitDropDown' is clicked on

2019-05-27 18:13:12 - [TEST_STEP][PASSED] - click(findTestObject("CONSOLIDATOR/ParentBusinessUnit/ParentBusinessUnitName")): Object: 'Object Repository/CONSOLIDATOR/ParentBusinessUnit/ParentBusinessUnitName' is clicked on

2019-05-27 18:13:14 - [MESSAGE][PASSED] - Object: 'Object Repository/CONSOLIDATOR/ParentBusinessUnit/ParentBusinessUnitName' is clicked on

2019-05-27 18:13:14 - [TEST_STEP][PASSED] - click(findTestObject("CONSOLIDATOR/ParentBusinessUnit/SubmitBtn (1)")): Object: 'Object Repository/CONSOLIDATOR/ParentBusinessUnit/SubmitBtn (1)' is clicked on

2019-05-27 18:13:16 - [MESSAGE][PASSED] - Object: 'Object Repository/CONSOLIDATOR/ParentBusinessUnit/SubmitBtn (1)' is clicked on

2019-05-27 18:13:16 - [TEST_STEP][PASSED] - verifyElementPresent(findTestObject("CONSOLIDATOR/ParentBusinessUnit/BusinessUnitSelectedMessage"), 0): Object 'Object Repository/CONSOLIDATOR/ParentBusinessUnit/BusinessUnitSelectedMessage' is present

2019-05-27 18:13:16 - [MESSAGE][WARNING] - Timeout '0' is invalid. Using default page load timeout: '30'

2019-05-27 18:13:16 - [MESSAGE][PASSED] - Object 'Object Repository/CONSOLIDATOR/ParentBusinessUnit/BusinessUnitSelectedMessage' is present

2019-05-27 18:13:16 - [TEST_STEP][PASSED] - waitForElementVisible(findTestObject("CONSOLIDATOR/UpdateLogPage/span_Modules"), 30): Object 'Object Repository/CONSOLIDATOR/UpdateLogPage/span_Modules' is visible

2019-05-27 18:13:17 - [MESSAGE][PASSED] - Object 'Object Repository/CONSOLIDATOR/UpdateLogPage/span_Modules' is visible

2019-05-27 18:13:17 - [TEST_STEP][PASSED] - mouseOverOffset(findTestObject("CONSOLIDATOR/UpdateLogPage/span_Modules"), 0, 0): Object: 'Object Repository/CONSOLIDATOR/UpdateLogPage/span_Modules' is hovered using offset x = 0 and y = 0

2019-05-27 18:13:17 - [MESSAGE][PASSED] - Object: 'Object Repository/CONSOLIDATOR/UpdateLogPage/span_Modules' is hovered using offset x = 0 and y = 0

2019-05-27 18:13:17 - [TEST_STEP][PASSED] - mouseOver(findTestObject("CONSOLIDATOR/UpdateLogPage/span_Consolidator")): Object: 'Object Repository/CONSOLIDATOR/UpdateLogPage/span_Consolidator' is hovered

2019-05-27 18:13:17 - [MESSAGE][PASSED] - Object: 'Object Repository/CONSOLIDATOR/UpdateLogPage/span_Consolidator' is hovered

2019-05-27 18:13:17 - [TEST_STEP][FAILED] - click(findTestObject("CONSOLIDATOR/UpdateLogPage/span_Consolidator")): Unable to click on object 'Object Repository/CONSOLIDATOR/UpdateLogPage/span_Consolidator' (Root cause: com.kms.katalon.core.exception.StepFailedException: Unable to click on object 'Object Repository/CONSOLIDATOR/UpdateLogPage/span_Consolidator'
	at com.kms.katalon.core.webui.keyword.internal.WebUIKeywordMain.stepFailed(WebUIKeywordMain.groovy:64)
	at com.kms.katalon.core.webui.keyword.internal.WebUIKeywordMain.runKeyword(WebUIKeywordMain.groovy:26)
	at com.kms.katalon.core.webui.keyword.builtin.ClickKeyword.click(ClickKeyword.groovy:86)
	at com.kms.katalon.core.webui.keyword.builtin.ClickKeyword.execute(ClickKeyword.groovy:67)
	at com.kms.katalon.core.keyword.internal.KeywordExecutor.executeKeywordForPlatform(KeywordExecutor.groovy:56)
	at com.kms.katalon.core.webui.keyword.WebUiBuiltInKeywords.click(WebUiBuiltInKeywords.groovy:616)
	at com.kms.katalon.core.webui.keyword.WebUiBuiltInKeywords$click$4.call(Unknown Source)
	at VerifyEditProgramElementsPage.run(VerifyEditProgramElementsPage:62)
	at com.kms.katalon.core.main.ScriptEngine.run(ScriptEngine.java:194)
	at com.kms.katalon.core.main.ScriptEngine.runScriptAsRawText(ScriptEngine.java:119)
	at com.kms.katalon.core.main.TestCaseExecutor.runScript(TestCaseExecutor.java:336)
	at com.kms.katalon.core.main.TestCaseExecutor.doExecute(TestCaseExecutor.java:327)
	at com.kms.katalon.core.main.TestCaseExecutor.processExecutionPhase(TestCaseExecutor.java:306)
	at com.kms.katalon.core.main.TestCaseExecutor.accessMainPhase(TestCaseExecutor.java:298)
	at com.kms.katalon.core.main.TestCaseExecutor.execute(TestCaseExecutor.java:232)
	at com.kms.katalon.core.main.TestSuiteExecutor.accessTestCaseMainPhase(TestSuiteExecutor.java:129)
	at com.kms.katalon.core.main.TestSuiteExecutor.accessTestSuiteMainPhase(TestSuiteExecutor.java:112)
	at com.kms.katalon.core.main.TestSuiteExecutor.execute(TestSuiteExecutor.java:81)
	at com.kms.katalon.core.main.TestCaseMain.startTestSuite(TestCaseMain.java:157)
	at com.kms.katalon.core.main.TestCaseMain$startTestSuite$0.call(Unknown Source)
	at TempTestSuite1558960854650.run(TempTestSuite1558960854650.groovy:35)
Caused by: org.openqa.selenium.ElementClickInterceptedException: element click intercepted: Element <span class="rmText">...</span> is not clickable at point (778, 132). Other element would receive the click: <a class="rmLink rmRootLink clickable AdminSubscriptionsSearch" href="/Admin/Subscriptions/Search.aspx">...</a>
  (Session info: chrome=74.0.3729.131)
  (Driver info: chromedriver=74.0.3729.6 (255758eccf3d244491b8a1317aa76e1ce10d57e9-refs/branch-heads/3729@{#29}),platform=Windows NT 10.0.17134 x86_64) (WARNING: The server did not provide any stacktrace information)
Command duration or timeout: 0 milliseconds
Build info: version: '3.7.1', revision: '8a0099a', time: '2017-11-06T21:07:36.161Z'
System info: host: 'E3480-POOJITAM', ip: '10.15.0.227', os.name: 'Windows 10', os.arch: 'amd64', os.version: '10.0', java.version: '1.8.0_181'
Driver info: com.kms.katalon.selenium.driver.CChromeDriver
Capabilities {acceptInsecureCerts: false, acceptSslCerts: false, applicationCacheEnabled: false, browserConnectionEnabled: false, browserName: chrome, chrome: {chromedriverVersion: 74.0.3729.6 (255758eccf3d24..., userDataDir: C:\Users\POOJIT~1.MIS\AppDa...}, cssSelectorsEnabled: true, databaseEnabled: false, goog:chromeOptions: {debuggerAddress: localhost:55418}, handlesAlerts: true, hasTouchScreen: false, javascriptEnabled: true, locationContextEnabled: true, mobileEmulationEnabled: false, nativeEvents: true, networkConnectionEnabled: false, pageLoadStrategy: normal, platform: XP, platformName: XP, proxy: Proxy(direct), rotatable: false, setWindowRect: true, strictFileInteractability: false, takesHeapSnapshot: true, takesScreenshot: true, timeouts: {implicit: 0, pageLoad: 300000, script: 30000}, unexpectedAlertBehaviour: ignore, unhandledPromptBehavior: ignore, version: 74.0.3729.131, webStorageEnabled: true}
Session ID: 9b29640cd7cbece3e79256d4e9eef01d
	at org.openqa.selenium.remote.ErrorHandler.createThrowable(ErrorHandler.java:214)
	at org.openqa.selenium.remote.ErrorHandler.throwIfResponseFailed(ErrorHandler.java:166)
	at org.openqa.selenium.remote.http.JsonHttpResponseCodec.reconstructValue(JsonHttpResponseCodec.java:40)
	at org.openqa.selenium.remote.http.AbstractHttpResponseCodec.decode(AbstractHttpResponseCodec.java:80)
	at org.openqa.selenium.remote.http.AbstractHttpResponseCodec.decode(AbstractHttpResponseCodec.java:44)
	at org.openqa.selenium.remote.HttpCommandExecutor.execute(HttpCommandExecutor.java:164)
	at org.openqa.selenium.remote.service.DriverCommandExecutor.execute(DriverCommandExecutor.java:83)
	at org.openqa.selenium.remote.RemoteWebDriver.execute(RemoteWebDriver.java:600)
	at com.kms.katalon.selenium.driver.CChromeDriver.execute(CChromeDriver.java:20)
	at org.openqa.selenium.remote.RemoteWebElement.execute(RemoteWebElement.java:279)
	at org.openqa.selenium.remote.RemoteWebElement.click(RemoteWebElement.java:83)
	at com.kms.katalon.core.webui.keyword.builtin.ClickKeyword$_click_closure1.doCall(ClickKeyword.groovy:79)
	at com.kms.katalon.core.webui.keyword.builtin.ClickKeyword$_click_closure1.call(ClickKeyword.groovy)
	at com.kms.katalon.core.webui.keyword.internal.WebUIKeywordMain.runKeyword(WebUIKeywordMain.groovy:20)
	at com.kms.katalon.core.webui.keyword.builtin.ClickKeyword.click(ClickKeyword.groovy:86)
	at com.kms.katalon.core.webui.keyword.builtin.ClickKeyword.execute(ClickKeyword.groovy:67)
	at com.kms.katalon.core.keyword.internal.KeywordExecutor.executeKeywordForPlatform(KeywordExecutor.groovy:56)
	at com.kms.katalon.core.webui.keyword.WebUiBuiltInKeywords.click(WebUiBuiltInKeywords.groovy:616)
	at com.kms.katalon.core.webui.keyword.WebUiBuiltInKeywords$click$4.call(Unknown Source)
	at Script1558525353577.run(Script1558525353577.groovy:62)
	... 13 more
)

2019-05-27 18:13:17 - [MESSAGE][FAILED] - Unable to click on object 'Object Repository/CONSOLIDATOR/UpdateLogPage/span_Consolidator' (Root cause: com.kms.katalon.core.exception.StepFailedException: Unable to click on object 'Object Repository/CONSOLIDATOR/UpdateLogPage/span_Consolidator'
	at com.kms.katalon.core.webui.keyword.internal.WebUIKeywordMain.stepFailed(WebUIKeywordMain.groovy:64)
	at com.kms.katalon.core.webui.keyword.internal.WebUIKeywordMain.runKeyword(WebUIKeywordMain.groovy:26)
	at com.kms.katalon.core.webui.keyword.builtin.ClickKeyword.click(ClickKeyword.groovy:86)
	at com.kms.katalon.core.webui.keyword.builtin.ClickKeyword.execute(ClickKeyword.groovy:67)
	at com.kms.katalon.core.keyword.internal.KeywordExecutor.executeKeywordForPlatform(KeywordExecutor.groovy:56)
	at com.kms.katalon.core.webui.keyword.WebUiBuiltInKeywords.click(WebUiBuiltInKeywords.groovy:616)
	at com.kms.katalon.core.webui.keyword.WebUiBuiltInKeywords$click$4.call(Unknown Source)
	at VerifyEditProgramElementsPage.run(VerifyEditProgramElementsPage:62)
	at com.kms.katalon.core.main.ScriptEngine.run(ScriptEngine.java:194)
	at com.kms.katalon.core.main.ScriptEngine.runScriptAsRawText(ScriptEngine.java:119)
	at com.kms.katalon.core.main.TestCaseExecutor.runScript(TestCaseExecutor.java:336)
	at com.kms.katalon.core.main.TestCaseExecutor.doExecute(TestCaseExecutor.java:327)
	at com.kms.katalon.core.main.TestCaseExecutor.processExecutionPhase(TestCaseExecutor.java:306)
	at com.kms.katalon.core.main.TestCaseExecutor.accessMainPhase(TestCaseExecutor.java:298)
	at com.kms.katalon.core.main.TestCaseExecutor.execute(TestCaseExecutor.java:232)
	at com.kms.katalon.core.main.TestSuiteExecutor.accessTestCaseMainPhase(TestSuiteExecutor.java:129)
	at com.kms.katalon.core.main.TestSuiteExecutor.accessTestSuiteMainPhase(TestSuiteExecutor.java:112)
	at com.kms.katalon.core.main.TestSuiteExecutor.execute(TestSuiteExecutor.java:81)
	at com.kms.katalon.core.main.TestCaseMain.startTestSuite(TestCaseMain.java:157)
	at com.kms.katalon.core.main.TestCaseMain$startTestSuite$0.call(Unknown Source)
	at TempTestSuite1558960854650.run(TempTestSuite1558960854650.groovy:35)
Caused by: org.openqa.selenium.ElementClickInterceptedException: element click intercepted: Element <span class="rmText">...</span> is not clickable at point (778, 132). Other element would receive the click: <a class="rmLink rmRootLink clickable AdminSubscriptionsSearch" href="/Admin/Subscriptions/Search.aspx">...</a>
  (Session info: chrome=74.0.3729.131)
  (Driver info: chromedriver=74.0.3729.6 (255758eccf3d244491b8a1317aa76e1ce10d57e9-refs/branch-heads/3729@{#29}),platform=Windows NT 10.0.17134 x86_64) (WARNING: The server did not provide any stacktrace information)
Command duration or timeout: 0 milliseconds
Build info: version: '3.7.1', revision: '8a0099a', time: '2017-11-06T21:07:36.161Z'
System info: host: 'E3480-POOJITAM', ip: '10.15.0.227', os.name: 'Windows 10', os.arch: 'amd64', os.version: '10.0', java.version: '1.8.0_181'
Driver info: com.kms.katalon.selenium.driver.CChromeDriver
Capabilities {acceptInsecureCerts: false, acceptSslCerts: false, applicationCacheEnabled: false, browserConnectionEnabled: false, browserName: chrome, chrome: {chromedriverVersion: 74.0.3729.6 (255758eccf3d24..., userDataDir: C:\Users\POOJIT~1.MIS\AppDa...}, cssSelectorsEnabled: true, databaseEnabled: false, goog:chromeOptions: {debuggerAddress: localhost:55418}, handlesAlerts: true, hasTouchScreen: false, javascriptEnabled: true, locationContextEnabled: true, mobileEmulationEnabled: false, nativeEvents: true, networkConnectionEnabled: false, pageLoadStrategy: normal, platform: XP, platformName: XP, proxy: Proxy(direct), rotatable: false, setWindowRect: true, strictFileInteractability: false, takesHeapSnapshot: true, takesScreenshot: true, timeouts: {implicit: 0, pageLoad: 300000, script: 30000}, unexpectedAlertBehaviour: ignore, unhandledPromptBehavior: ignore, version: 74.0.3729.131, webStorageEnabled: true}
Session ID: 9b29640cd7cbece3e79256d4e9eef01d
	at org.openqa.selenium.remote.ErrorHandler.createThrowable(ErrorHandler.java:214)
	at org.openqa.selenium.remote.ErrorHandler.throwIfResponseFailed(ErrorHandler.java:166)
	at org.openqa.selenium.remote.http.JsonHttpResponseCodec.reconstructValue(JsonHttpResponseCodec.java:40)
	at org.openqa.selenium.remote.http.AbstractHttpResponseCodec.decode(AbstractHttpResponseCodec.java:80)
	at org.openqa.selenium.remote.http.AbstractHttpResponseCodec.decode(AbstractHttpResponseCodec.java:44)
	at org.openqa.selenium.remote.HttpCommandExecutor.execute(HttpCommandExecutor.java:164)
	at org.openqa.selenium.remote.service.DriverCommandExecutor.execute(DriverCommandExecutor.java:83)
	at org.openqa.selenium.remote.RemoteWebDriver.execute(RemoteWebDriver.java:600)
	at com.kms.katalon.selenium.driver.CChromeDriver.execute(CChromeDriver.java:20)
	at org.openqa.selenium.remote.RemoteWebElement.execute(RemoteWebElement.java:279)
	at org.openqa.selenium.remote.RemoteWebElement.click(RemoteWebElement.java:83)
	at com.kms.katalon.core.webui.keyword.builtin.ClickKeyword$_click_closure1.doCall(ClickKeyword.groovy:79)
	at com.kms.katalon.core.webui.keyword.builtin.ClickKeyword$_click_closure1.call(ClickKeyword.groovy)
	at com.kms.katalon.core.webui.keyword.internal.WebUIKeywordMain.runKeyword(WebUIKeywordMain.groovy:20)
	at com.kms.katalon.core.webui.keyword.builtin.ClickKeyword.click(ClickKeyword.groovy:86)
	at com.kms.katalon.core.webui.keyword.builtin.ClickKeyword.execute(ClickKeyword.groovy:67)
	at com.kms.katalon.core.keyword.internal.KeywordExecutor.executeKeywordForPlatform(KeywordExecutor.groovy:56)
	at com.kms.katalon.core.webui.keyword.WebUiBuiltInKeywords.click(WebUiBuiltInKeywords.groovy:616)
	at com.kms.katalon.core.webui.keyword.WebUiBuiltInKeywords$click$4.call(Unknown Source)
	at Script1558525353577.run(Script1558525353577.groovy:62)
	... 13 more
)
[[ATTACHMENT|D:\\New_ABAutomation\\ABAUTOMATION\\Reports\\ConsolidatorSmoke\\20190527_181054\\1558960997238.png]]]]></system-out>
         <system-err><![CDATA[2019-05-27 18:12:54 - [TEST_CASE][FAILED] - Test Cases/CSPW/CS SMOKE/VerifyEditProgramElementsPage: Test Cases/CSPW/CS SMOKE/VerifyEditProgramElementsPage FAILED.
Reason:
com.kms.katalon.core.exception.StepFailedException: Unable to click on object 'Object Repository/CONSOLIDATOR/UpdateLogPage/span_Consolidator'
	at com.kms.katalon.core.webui.keyword.internal.WebUIKeywordMain.stepFailed(WebUIKeywordMain.groovy:64)
	at com.kms.katalon.core.webui.keyword.internal.WebUIKeywordMain.runKeyword(WebUIKeywordMain.groovy:26)
	at com.kms.katalon.core.webui.keyword.builtin.ClickKeyword.click(ClickKeyword.groovy:86)
	at com.kms.katalon.core.webui.keyword.builtin.ClickKeyword.execute(ClickKeyword.groovy:67)
	at com.kms.katalon.core.keyword.internal.KeywordExecutor.executeKeywordForPlatform(KeywordExecutor.groovy:56)
	at com.kms.katalon.core.webui.keyword.WebUiBuiltInKeywords.click(WebUiBuiltInKeywords.groovy:616)
	at com.kms.katalon.core.webui.keyword.WebUiBuiltInKeywords$click$4.call(Unknown Source)
	at VerifyEditProgramElementsPage.run(VerifyEditProgramElementsPage:62)
	at com.kms.katalon.core.main.ScriptEngine.run(ScriptEngine.java:194)
	at com.kms.katalon.core.main.ScriptEngine.runScriptAsRawText(ScriptEngine.java:119)
	at com.kms.katalon.core.main.TestCaseExecutor.runScript(TestCaseExecutor.java:336)
	at com.kms.katalon.core.main.TestCaseExecutor.doExecute(TestCaseExecutor.java:327)
	at com.kms.katalon.core.main.TestCaseExecutor.processExecutionPhase(TestCaseExecutor.java:306)
	at com.kms.katalon.core.main.TestCaseExecutor.accessMainPhase(TestCaseExecutor.java:298)
	at com.kms.katalon.core.main.TestCaseExecutor.execute(TestCaseExecutor.java:232)
	at com.kms.katalon.core.main.TestSuiteExecutor.accessTestCaseMainPhase(TestSuiteExecutor.java:129)
	at com.kms.katalon.core.main.TestSuiteExecutor.accessTestSuiteMainPhase(TestSuiteExecutor.java:112)
	at com.kms.katalon.core.main.TestSuiteExecutor.execute(TestSuiteExecutor.java:81)
	at com.kms.katalon.core.main.TestCaseMain.startTestSuite(TestCaseMain.java:157)
	at com.kms.katalon.core.main.TestCaseMain$startTestSuite$0.call(Unknown Source)
	at TempTestSuite1558960854650.run(TempTestSuite1558960854650.groovy:35)
Caused by: org.openqa.selenium.ElementClickInterceptedException: element click intercepted: Element <span class="rmText">...</span> is not clickable at point (778, 132). Other element would receive the click: <a class="rmLink rmRootLink clickable AdminSubscriptionsSearch" href="/Admin/Subscriptions/Search.aspx">...</a>
  (Session info: chrome=74.0.3729.131)
  (Driver info: chromedriver=74.0.3729.6 (255758eccf3d244491b8a1317aa76e1ce10d57e9-refs/branch-heads/3729@{#29}),platform=Windows NT 10.0.17134 x86_64) (WARNING: The server did not provide any stacktrace information)
Command duration or timeout: 0 milliseconds
Build info: version: '3.7.1', revision: '8a0099a', time: '2017-11-06T21:07:36.161Z'
System info: host: 'E3480-POOJITAM', ip: '10.15.0.227', os.name: 'Windows 10', os.arch: 'amd64', os.version: '10.0', java.version: '1.8.0_181'
Driver info: com.kms.katalon.selenium.driver.CChromeDriver
Capabilities {acceptInsecureCerts: false, acceptSslCerts: false, applicationCacheEnabled: false, browserConnectionEnabled: false, browserName: chrome, chrome: {chromedriverVersion: 74.0.3729.6 (255758eccf3d24..., userDataDir: C:\Users\POOJIT~1.MIS\AppDa...}, cssSelectorsEnabled: true, databaseEnabled: false, goog:chromeOptions: {debuggerAddress: localhost:55418}, handlesAlerts: true, hasTouchScreen: false, javascriptEnabled: true, locationContextEnabled: true, mobileEmulationEnabled: false, nativeEvents: true, networkConnectionEnabled: false, pageLoadStrategy: normal, platform: XP, platformName: XP, proxy: Proxy(direct), rotatable: false, setWindowRect: true, strictFileInteractability: false, takesHeapSnapshot: true, takesScreenshot: true, timeouts: {implicit: 0, pageLoad: 300000, script: 30000}, unexpectedAlertBehaviour: ignore, unhandledPromptBehavior: ignore, version: 74.0.3729.131, webStorageEnabled: true}
Session ID: 9b29640cd7cbece3e79256d4e9eef01d
	at org.openqa.selenium.remote.ErrorHandler.createThrowable(ErrorHandler.java:214)
	at org.openqa.selenium.remote.ErrorHandler.throwIfResponseFailed(ErrorHandler.java:166)
	at org.openqa.selenium.remote.http.JsonHttpResponseCodec.reconstructValue(JsonHttpResponseCodec.java:40)
	at org.openqa.selenium.remote.http.AbstractHttpResponseCodec.decode(AbstractHttpResponseCodec.java:80)
	at org.openqa.selenium.remote.http.AbstractHttpResponseCodec.decode(AbstractHttpResponseCodec.java:44)
	at org.openqa.selenium.remote.HttpCommandExecutor.execute(HttpCommandExecutor.java:164)
	at org.openqa.selenium.remote.service.DriverCommandExecutor.execute(DriverCommandExecutor.java:83)
	at org.openqa.selenium.remote.RemoteWebDriver.execute(RemoteWebDriver.java:600)
	at com.kms.katalon.selenium.driver.CChromeDriver.execute(CChromeDriver.java:20)
	at org.openqa.selenium.remote.RemoteWebElement.execute(RemoteWebElement.java:279)
	at org.openqa.selenium.remote.RemoteWebElement.click(RemoteWebElement.java:83)
	at com.kms.katalon.core.webui.keyword.builtin.ClickKeyword$_click_closure1.doCall(ClickKeyword.groovy:79)
	at com.kms.katalon.core.webui.keyword.builtin.ClickKeyword$_click_closure1.call(ClickKeyword.groovy)
	at com.kms.katalon.core.webui.keyword.internal.WebUIKeywordMain.runKeyword(WebUIKeywordMain.groovy:20)
	at com.kms.katalon.core.webui.keyword.builtin.ClickKeyword.click(ClickKeyword.groovy:86)
	at com.kms.katalon.core.webui.keyword.builtin.ClickKeyword.execute(ClickKeyword.groovy:67)
	at com.kms.katalon.core.keyword.internal.KeywordExecutor.executeKeywordForPlatform(KeywordExecutor.groovy:56)
	at com.kms.katalon.core.webui.keyword.WebUiBuiltInKeywords.click(WebUiBuiltInKeywords.groovy:616)
	at com.kms.katalon.core.webui.keyword.WebUiBuiltInKeywords$click$4.call(Unknown Source)
	at Script1558525353577.run(Script1558525353577.groovy:62)
	... 13 more]]></system-err>
      </testcase>
      <testcase name="Test Cases/CSPW/CS SMOKE/VerifyManageBaseElementsPage" classname="Test Cases/CSPW/CS SMOKE/VerifyManageBaseElementsPage" status="PASSED">
         <system-out><![CDATA[2019-05-27 18:13:19 - [TEST_CASE][PASSED] - Test Cases/CSPW/CS SMOKE/VerifyManageBaseElementsPage: Test Cases/CSPW/CS SMOKE/VerifyManageBaseElementsPage

2019-05-27 18:13:20 - [TEST_STEP][PASSED] - openBrowser(""): Browser is opened with url: ''

2019-05-27 18:13:20 - [MESSAGE][WARNING] - A browser is already opened. Closing browser and opening a new one

2019-05-27 18:13:20 - [MESSAGE][INFO] - Starting 'Chrome' driver

2019-05-27 18:13:23 - [MESSAGE][PASSED] - Browser is opened with url: ''

2019-05-27 18:13:23 - [TEST_STEP][PASSED] - navigateToUrl("https://admintool.v5qa.brandmuscle.net"): Navigate to 'https://admintool.v5qa.brandmuscle.net' successfully

2019-05-27 18:13:26 - [MESSAGE][PASSED] - Navigate to 'https://admintool.v5qa.brandmuscle.net' successfully

2019-05-27 18:13:26 - [TEST_STEP][PASSED] - waitForPageLoad(30): Wait for page load successfully

2019-05-27 18:13:26 - [MESSAGE][PASSED] - Wait for page load successfully

2019-05-27 18:13:26 - [TEST_STEP][PASSED] - maximizeWindow(): Current window maximized

2019-05-27 18:13:27 - [MESSAGE][PASSED] - Current window maximized

2019-05-27 18:13:27 - [TEST_STEP][PASSED] - waitForElementVisible(findTestObject("CONSOLIDATOR/LogInPage/Username"), 30): Object 'Object Repository/CONSOLIDATOR/LogInPage/Username' is visible

2019-05-27 18:13:27 - [MESSAGE][PASSED] - Object 'Object Repository/CONSOLIDATOR/LogInPage/Username' is visible

2019-05-27 18:13:27 - [TEST_STEP][PASSED] - setText(findTestObject("CONSOLIDATOR/LogInPage/Username"), "chrtestuser@brandmuscle.com"): Text 'chrtestuser@brandmuscle.com' is set on object 'Object Repository/CONSOLIDATOR/LogInPage/Username'

2019-05-27 18:13:27 - [MESSAGE][PASSED] - Text 'chrtestuser@brandmuscle.com' is set on object 'Object Repository/CONSOLIDATOR/LogInPage/Username'

2019-05-27 18:13:27 - [TEST_STEP][PASSED] - waitForElementVisible(findTestObject("CONSOLIDATOR/LogInPage/Password"), 30): Object 'Object Repository/CONSOLIDATOR/LogInPage/Password' is visible

2019-05-27 18:13:27 - [MESSAGE][PASSED] - Object 'Object Repository/CONSOLIDATOR/LogInPage/Password' is visible

2019-05-27 18:13:27 - [TEST_STEP][PASSED] - setText(findTestObject("CONSOLIDATOR/LogInPage/Password"), "Ownlocal@123"): Text 'Ownlocal@123' is set on object 'Object Repository/CONSOLIDATOR/LogInPage/Password'

2019-05-27 18:13:28 - [MESSAGE][PASSED] - Text 'Ownlocal@123' is set on object 'Object Repository/CONSOLIDATOR/LogInPage/Password'

2019-05-27 18:13:28 - [TEST_STEP][PASSED] - waitForElementVisible(findTestObject("CONSOLIDATOR/LogInPage/LoginBtn"), 30): Object 'Object Repository/CONSOLIDATOR/LogInPage/LoginBtn' is visible

2019-05-27 18:13:28 - [MESSAGE][PASSED] - Object 'Object Repository/CONSOLIDATOR/LogInPage/LoginBtn' is visible

2019-05-27 18:13:28 - [TEST_STEP][PASSED] - click(findTestObject("CONSOLIDATOR/LogInPage/LoginBtn")): Object: 'Object Repository/CONSOLIDATOR/LogInPage/LoginBtn' is clicked on

2019-05-27 18:13:30 - [MESSAGE][PASSED] - Object: 'Object Repository/CONSOLIDATOR/LogInPage/LoginBtn' is clicked on

2019-05-27 18:13:30 - [TEST_STEP][PASSED] - waitForPageLoad(30): Wait for page load successfully

2019-05-27 18:13:30 - [MESSAGE][PASSED] - Wait for page load successfully

2019-05-27 18:13:30 - [TEST_STEP][PASSED] - waitForElementVisible(findTestObject("CONSOLIDATOR/LogInPage/BusinessUnitDropdown"), 30): Object 'Object Repository/CONSOLIDATOR/LogInPage/BusinessUnitDropdown' is visible

2019-05-27 18:13:30 - [MESSAGE][PASSED] - Object 'Object Repository/CONSOLIDATOR/LogInPage/BusinessUnitDropdown' is visible

2019-05-27 18:13:30 - [TEST_STEP][PASSED] - click(findTestObject("CONSOLIDATOR/LogInPage/BusinessUnitDropdown")): Object: 'Object Repository/CONSOLIDATOR/LogInPage/BusinessUnitDropdown' is clicked on

2019-05-27 18:13:30 - [MESSAGE][PASSED] - Object: 'Object Repository/CONSOLIDATOR/LogInPage/BusinessUnitDropdown' is clicked on

2019-05-27 18:13:30 - [TEST_STEP][PASSED] - waitForElementVisible(findTestObject("CONSOLIDATOR/LogInPage/BusinessUnitName"), 30): Object 'Object Repository/CONSOLIDATOR/LogInPage/BusinessUnitName' is visible

2019-05-27 18:13:30 - [MESSAGE][PASSED] - Object 'Object Repository/CONSOLIDATOR/LogInPage/BusinessUnitName' is visible

2019-05-27 18:13:30 - [TEST_STEP][PASSED] - click(findTestObject("CONSOLIDATOR/LogInPage/BusinessUnitName")): Object: 'Object Repository/CONSOLIDATOR/LogInPage/BusinessUnitName' is clicked on

2019-05-27 18:13:36 - [MESSAGE][PASSED] - Object: 'Object Repository/CONSOLIDATOR/LogInPage/BusinessUnitName' is clicked on

2019-05-27 18:13:36 - [TEST_STEP][PASSED] - waitForPageLoad(30): Wait for page load successfully

2019-05-27 18:13:36 - [MESSAGE][PASSED] - Wait for page load successfully

2019-05-27 18:13:36 - [TEST_STEP][PASSED] - waitForElementVisible(findTestObject("CONSOLIDATOR/UpdateLogPage/Select Business UnitBtn"), 30): Object 'Object Repository/CONSOLIDATOR/UpdateLogPage/Select Business UnitBtn' is visible

2019-05-27 18:13:36 - [MESSAGE][PASSED] - Object 'Object Repository/CONSOLIDATOR/UpdateLogPage/Select Business UnitBtn' is visible

2019-05-27 18:13:36 - [TEST_STEP][PASSED] - click(findTestObject("CONSOLIDATOR/UpdateLogPage/Select Business UnitBtn")): Object: 'Object Repository/CONSOLIDATOR/UpdateLogPage/Select Business UnitBtn' is clicked on

2019-05-27 18:13:36 - [MESSAGE][PASSED] - Object: 'Object Repository/CONSOLIDATOR/UpdateLogPage/Select Business UnitBtn' is clicked on

2019-05-27 18:13:36 - [TEST_STEP][PASSED] - waitForPageLoad(30): Wait for page load successfully

2019-05-27 18:13:36 - [MESSAGE][PASSED] - Wait for page load successfully

2019-05-27 18:13:36 - [TEST_STEP][PASSED] - verifyTextPresent("Select Business Unit", false): Text 'Select Business Unit' is present on page 

2019-05-27 18:13:38 - [MESSAGE][PASSED] - Text 'Select Business Unit' is present on page 

2019-05-27 18:13:38 - [TEST_STEP][PASSED] - waitForElementVisible(findTestObject("CONSOLIDATOR/ParentBusinessUnit/ParentBusinessUnitDropDown"), 30): Object 'Object Repository/CONSOLIDATOR/ParentBusinessUnit/ParentBusinessUnitDropDown' is visible

2019-05-27 18:13:38 - [MESSAGE][PASSED] - Object 'Object Repository/CONSOLIDATOR/ParentBusinessUnit/ParentBusinessUnitDropDown' is visible

2019-05-27 18:13:38 - [TEST_STEP][PASSED] - click(findTestObject("CONSOLIDATOR/ParentBusinessUnit/ParentBusinessUnitDropDown")): Object: 'Object Repository/CONSOLIDATOR/ParentBusinessUnit/ParentBusinessUnitDropDown' is clicked on

2019-05-27 18:13:38 - [MESSAGE][PASSED] - Object: 'Object Repository/CONSOLIDATOR/ParentBusinessUnit/ParentBusinessUnitDropDown' is clicked on

2019-05-27 18:13:38 - [TEST_STEP][PASSED] - waitForElementVisible(findTestObject("CONSOLIDATOR/ParentBusinessUnit/ParentBusinessUnitName"), 30): Object 'Object Repository/CONSOLIDATOR/ParentBusinessUnit/ParentBusinessUnitName' is visible

2019-05-27 18:13:38 - [MESSAGE][PASSED] - Object 'Object Repository/CONSOLIDATOR/ParentBusinessUnit/ParentBusinessUnitName' is visible

2019-05-27 18:13:38 - [TEST_STEP][PASSED] - click(findTestObject("CONSOLIDATOR/ParentBusinessUnit/ParentBusinessUnitName")): Object: 'Object Repository/CONSOLIDATOR/ParentBusinessUnit/ParentBusinessUnitName' is clicked on

2019-05-27 18:13:40 - [MESSAGE][PASSED] - Object: 'Object Repository/CONSOLIDATOR/ParentBusinessUnit/ParentBusinessUnitName' is clicked on

2019-05-27 18:13:40 - [TEST_STEP][PASSED] - waitForElementVisible(findTestObject("CONSOLIDATOR/ParentBusinessUnit/SubmitBtn (1)"), 30): Object 'Object Repository/CONSOLIDATOR/ParentBusinessUnit/SubmitBtn (1)' is visible

2019-05-27 18:13:40 - [MESSAGE][PASSED] - Object 'Object Repository/CONSOLIDATOR/ParentBusinessUnit/SubmitBtn (1)' is visible

2019-05-27 18:13:40 - [TEST_STEP][PASSED] - click(findTestObject("CONSOLIDATOR/ParentBusinessUnit/SubmitBtn (1)")): Object: 'Object Repository/CONSOLIDATOR/ParentBusinessUnit/SubmitBtn (1)' is clicked on

2019-05-27 18:13:42 - [MESSAGE][PASSED] - Object: 'Object Repository/CONSOLIDATOR/ParentBusinessUnit/SubmitBtn (1)' is clicked on

2019-05-27 18:13:42 - [TEST_STEP][PASSED] - verifyTextPresent("Business Unit Selected", false): Text 'Business Unit Selected' is present on page 

2019-05-27 18:13:43 - [MESSAGE][PASSED] - Text 'Business Unit Selected' is present on page 

2019-05-27 18:13:43 - [TEST_STEP][PASSED] - waitForElementVisible(findTestObject("CONSOLIDATOR/UpdateLogPage/span_Modules"), 30): Object 'Object Repository/CONSOLIDATOR/UpdateLogPage/span_Modules' is visible

2019-05-27 18:13:43 - [MESSAGE][PASSED] - Object 'Object Repository/CONSOLIDATOR/UpdateLogPage/span_Modules' is visible

2019-05-27 18:13:43 - [TEST_STEP][PASSED] - mouseOverOffset(findTestObject("CONSOLIDATOR/UpdateLogPage/span_Modules"), 0, 0): Object: 'Object Repository/CONSOLIDATOR/UpdateLogPage/span_Modules' is hovered using offset x = 0 and y = 0

2019-05-27 18:13:43 - [MESSAGE][PASSED] - Object: 'Object Repository/CONSOLIDATOR/UpdateLogPage/span_Modules' is hovered using offset x = 0 and y = 0

2019-05-27 18:13:43 - [TEST_STEP][PASSED] - waitForElementVisible(findTestObject("CONSOLIDATOR/UpdateLogPage/span_Consolidator"), 0): Object 'Object Repository/CONSOLIDATOR/UpdateLogPage/span_Consolidator' is visible

2019-05-27 18:13:43 - [MESSAGE][WARNING] - Timeout '0' is invalid. Using default page load timeout: '30'

2019-05-27 18:13:43 - [MESSAGE][PASSED] - Object 'Object Repository/CONSOLIDATOR/UpdateLogPage/span_Consolidator' is visible

2019-05-27 18:13:43 - [TEST_STEP][PASSED] - mouseOver(findTestObject("CONSOLIDATOR/UpdateLogPage/span_Consolidator")): Object: 'Object Repository/CONSOLIDATOR/UpdateLogPage/span_Consolidator' is hovered

2019-05-27 18:13:43 - [MESSAGE][PASSED] - Object: 'Object Repository/CONSOLIDATOR/UpdateLogPage/span_Consolidator' is hovered

2019-05-27 18:13:43 - [TEST_STEP][PASSED] - click(findTestObject("CONSOLIDATOR/UpdateLogPage/span_Consolidator")): Object: 'Object Repository/CONSOLIDATOR/UpdateLogPage/span_Consolidator' is clicked on

2019-05-27 18:13:43 - [MESSAGE][PASSED] - Object: 'Object Repository/CONSOLIDATOR/UpdateLogPage/span_Consolidator' is clicked on

2019-05-27 18:13:43 - [TEST_STEP][PASSED] - waitForPageLoad(30): Wait for page load successfully

2019-05-27 18:13:43 - [MESSAGE][PASSED] - Wait for page load successfully

2019-05-27 18:13:43 - [TEST_STEP][PASSED] - navigateToUrl("https://admintool.v5qa.brandmuscle.net/Admin/Consolidator/ConsolidatorManageBaseElement.aspx"): Navigate to 'https://admintool.v5qa.brandmuscle.net/Admin/Consolidator/ConsolidatorManageBaseElement.aspx' successfully

2019-05-27 18:13:47 - [MESSAGE][PASSED] - Navigate to 'https://admintool.v5qa.brandmuscle.net/Admin/Consolidator/ConsolidatorManageBaseElement.aspx' successfully

2019-05-27 18:13:47 - [TEST_STEP][PASSED] - waitForPageLoad(30): Wait for page load successfully

2019-05-27 18:13:47 - [MESSAGE][PASSED] - Wait for page load successfully

2019-05-27 18:13:47 - [TEST_STEP][PASSED] - waitForElementVisible(findTestObject("CONSOLIDATOR/ManageElementsPage/strong_Manage Elements"), 30): Web element with id: 'Object Repository/CONSOLIDATOR/ManageElementsPage/strong_Manage Elements' located by 'By.xpath: //div[@id='MainContent_MainContent_pnlGrd']/div[2]/div/strong' not found

2019-05-27 18:14:17 - [MESSAGE][INFO] - Unable to find the element located by 'By.xpath: //div[@id='MainContent_MainContent_pnlGrd']/div[2]/div/strong'. Please recheck the objects properties to make sure the desired element is located. 

2019-05-27 18:14:17 - [MESSAGE][WARNING] - Web element with id: 'Object Repository/CONSOLIDATOR/ManageElementsPage/strong_Manage Elements' located by 'By.xpath: //div[@id='MainContent_MainContent_pnlGrd']/div[2]/div/strong' not found

2019-05-27 18:14:17 - [TEST_STEP][PASSED] - closeBrowser(): Browser is closed

2019-05-27 18:14:18 - [MESSAGE][PASSED] - Browser is closed]]></system-out>
         <system-err><![CDATA[]]></system-err>
      </testcase>
      <testcase name="Test Cases/CSPW/CS SMOKE/VerifyManageProgramElementsPage" classname="Test Cases/CSPW/CS SMOKE/VerifyManageProgramElementsPage" status="PASSED">
         <system-out><![CDATA[2019-05-27 18:14:21 - [TEST_CASE][PASSED] - Test Cases/CSPW/CS SMOKE/VerifyManageProgramElementsPage: Test Cases/CSPW/CS SMOKE/VerifyManageProgramElementsPage

2019-05-27 18:14:22 - [TEST_STEP][PASSED] - openBrowser(""): Browser is opened with url: ''

2019-05-27 18:14:22 - [MESSAGE][INFO] - Starting 'Chrome' driver

2019-05-27 18:14:28 - [MESSAGE][PASSED] - Browser is opened with url: ''

2019-05-27 18:14:28 - [TEST_STEP][PASSED] - navigateToUrl("https://admintool.v5qa.brandmuscle.net"): Navigate to 'https://admintool.v5qa.brandmuscle.net' successfully

2019-05-27 18:14:31 - [MESSAGE][PASSED] - Navigate to 'https://admintool.v5qa.brandmuscle.net' successfully

2019-05-27 18:14:31 - [TEST_STEP][PASSED] - waitForPageLoad(30): Wait for page load successfully

2019-05-27 18:14:31 - [MESSAGE][PASSED] - Wait for page load successfully

2019-05-27 18:14:31 - [TEST_STEP][PASSED] - maximizeWindow(): Current window maximized

2019-05-27 18:14:33 - [MESSAGE][PASSED] - Current window maximized

2019-05-27 18:14:33 - [TEST_STEP][PASSED] - waitForElementVisible(findTestObject("CONSOLIDATOR/LogInPage/Username"), 30): Object 'Object Repository/CONSOLIDATOR/LogInPage/Username' is visible

2019-05-27 18:14:33 - [MESSAGE][PASSED] - Object 'Object Repository/CONSOLIDATOR/LogInPage/Username' is visible

2019-05-27 18:14:33 - [TEST_STEP][PASSED] - setText(findTestObject("CONSOLIDATOR/LogInPage/Username"), "chrtestuser@brandmuscle.com"): Text 'chrtestuser@brandmuscle.com' is set on object 'Object Repository/CONSOLIDATOR/LogInPage/Username'

2019-05-27 18:14:34 - [MESSAGE][PASSED] - Text 'chrtestuser@brandmuscle.com' is set on object 'Object Repository/CONSOLIDATOR/LogInPage/Username'

2019-05-27 18:14:34 - [TEST_STEP][PASSED] - waitForElementVisible(findTestObject("CONSOLIDATOR/LogInPage/Password"), 30): Object 'Object Repository/CONSOLIDATOR/LogInPage/Password' is visible

2019-05-27 18:14:34 - [MESSAGE][PASSED] - Object 'Object Repository/CONSOLIDATOR/LogInPage/Password' is visible

2019-05-27 18:14:34 - [TEST_STEP][PASSED] - setText(findTestObject("CONSOLIDATOR/LogInPage/Password"), "Ownlocal@123"): Text 'Ownlocal@123' is set on object 'Object Repository/CONSOLIDATOR/LogInPage/Password'

2019-05-27 18:14:34 - [MESSAGE][PASSED] - Text 'Ownlocal@123' is set on object 'Object Repository/CONSOLIDATOR/LogInPage/Password'

2019-05-27 18:14:34 - [TEST_STEP][PASSED] - click(findTestObject("CONSOLIDATOR/LogInPage/LoginBtn")): Object: 'Object Repository/CONSOLIDATOR/LogInPage/LoginBtn' is clicked on

2019-05-27 18:14:38 - [MESSAGE][PASSED] - Object: 'Object Repository/CONSOLIDATOR/LogInPage/LoginBtn' is clicked on

2019-05-27 18:14:38 - [TEST_STEP][PASSED] - waitForPageLoad(30): Wait for page load successfully

2019-05-27 18:14:38 - [MESSAGE][PASSED] - Wait for page load successfully

2019-05-27 18:14:38 - [TEST_STEP][PASSED] - waitForElementVisible(findTestObject("CONSOLIDATOR/LogInPage/BusinessUnitDropdown"), 30): Object 'Object Repository/CONSOLIDATOR/LogInPage/BusinessUnitDropdown' is visible

2019-05-27 18:14:38 - [MESSAGE][PASSED] - Object 'Object Repository/CONSOLIDATOR/LogInPage/BusinessUnitDropdown' is visible

2019-05-27 18:14:38 - [TEST_STEP][PASSED] - click(findTestObject("CONSOLIDATOR/LogInPage/BusinessUnitDropdown")): Object: 'Object Repository/CONSOLIDATOR/LogInPage/BusinessUnitDropdown' is clicked on

2019-05-27 18:14:39 - [MESSAGE][PASSED] - Object: 'Object Repository/CONSOLIDATOR/LogInPage/BusinessUnitDropdown' is clicked on

2019-05-27 18:14:39 - [TEST_STEP][PASSED] - click(findTestObject("CONSOLIDATOR/LogInPage/BusinessUnitName")): Object: 'Object Repository/CONSOLIDATOR/LogInPage/BusinessUnitName' is clicked on

2019-05-27 18:14:44 - [MESSAGE][PASSED] - Object: 'Object Repository/CONSOLIDATOR/LogInPage/BusinessUnitName' is clicked on

2019-05-27 18:14:44 - [TEST_STEP][PASSED] - waitForPageLoad(30, STOP_ON_FAILURE): Wait for page load successfully

2019-05-27 18:14:44 - [MESSAGE][PASSED] - Wait for page load successfully

2019-05-27 18:14:44 - [TEST_STEP][PASSED] - waitForElementVisible(findTestObject("CONSOLIDATOR/UpdateLogPage/Select Business UnitBtn"), 30): Object 'Object Repository/CONSOLIDATOR/UpdateLogPage/Select Business UnitBtn' is visible

2019-05-27 18:14:44 - [MESSAGE][PASSED] - Object 'Object Repository/CONSOLIDATOR/UpdateLogPage/Select Business UnitBtn' is visible

2019-05-27 18:14:44 - [TEST_STEP][PASSED] - click(findTestObject("CONSOLIDATOR/UpdateLogPage/Select Business UnitBtn")): Object: 'Object Repository/CONSOLIDATOR/UpdateLogPage/Select Business UnitBtn' is clicked on

2019-05-27 18:14:45 - [MESSAGE][PASSED] - Object: 'Object Repository/CONSOLIDATOR/UpdateLogPage/Select Business UnitBtn' is clicked on

2019-05-27 18:14:45 - [TEST_STEP][PASSED] - waitForPageLoad(30): Wait for page load successfully

2019-05-27 18:14:45 - [MESSAGE][PASSED] - Wait for page load successfully

2019-05-27 18:14:45 - [TEST_STEP][PASSED] - waitForElementVisible(findTestObject("CONSOLIDATOR/ParentBusinessUnit/ParentBusinessUnitDropDown"), 30): Object 'Object Repository/CONSOLIDATOR/ParentBusinessUnit/ParentBusinessUnitDropDown' is visible

2019-05-27 18:14:48 - [MESSAGE][PASSED] - Object 'Object Repository/CONSOLIDATOR/ParentBusinessUnit/ParentBusinessUnitDropDown' is visible

2019-05-27 18:14:48 - [TEST_STEP][PASSED] - click(findTestObject("CONSOLIDATOR/ParentBusinessUnit/ParentBusinessUnitDropDown")): Object: 'Object Repository/CONSOLIDATOR/ParentBusinessUnit/ParentBusinessUnitDropDown' is clicked on

2019-05-27 18:14:48 - [MESSAGE][PASSED] - Object: 'Object Repository/CONSOLIDATOR/ParentBusinessUnit/ParentBusinessUnitDropDown' is clicked on

2019-05-27 18:14:48 - [TEST_STEP][PASSED] - click(findTestObject("CONSOLIDATOR/ParentBusinessUnit/ParentBusinessUnitName")): Object: 'Object Repository/CONSOLIDATOR/ParentBusinessUnit/ParentBusinessUnitName' is clicked on

2019-05-27 18:14:51 - [MESSAGE][PASSED] - Object: 'Object Repository/CONSOLIDATOR/ParentBusinessUnit/ParentBusinessUnitName' is clicked on

2019-05-27 18:14:51 - [TEST_STEP][PASSED] - click(findTestObject("CONSOLIDATOR/ParentBusinessUnit/SubmitBtn (1)")): Object: 'Object Repository/CONSOLIDATOR/ParentBusinessUnit/SubmitBtn (1)' is clicked on

2019-05-27 18:14:53 - [MESSAGE][PASSED] - Object: 'Object Repository/CONSOLIDATOR/ParentBusinessUnit/SubmitBtn (1)' is clicked on

2019-05-27 18:14:53 - [TEST_STEP][PASSED] - waitForElementVisible(findTestObject("CONSOLIDATOR/UpdateLogPage/span_Modules"), 30): Object 'Object Repository/CONSOLIDATOR/UpdateLogPage/span_Modules' is visible

2019-05-27 18:14:53 - [MESSAGE][PASSED] - Object 'Object Repository/CONSOLIDATOR/UpdateLogPage/span_Modules' is visible

2019-05-27 18:14:53 - [TEST_STEP][PASSED] - mouseOverOffset(findTestObject("CONSOLIDATOR/UpdateLogPage/span_Modules"), 0, 0): Object: 'Object Repository/CONSOLIDATOR/UpdateLogPage/span_Modules' is hovered using offset x = 0 and y = 0

2019-05-27 18:14:53 - [MESSAGE][PASSED] - Object: 'Object Repository/CONSOLIDATOR/UpdateLogPage/span_Modules' is hovered using offset x = 0 and y = 0

2019-05-27 18:14:53 - [TEST_STEP][PASSED] - mouseOver(findTestObject("CONSOLIDATOR/UpdateLogPage/span_Consolidator")): Object: 'Object Repository/CONSOLIDATOR/UpdateLogPage/span_Consolidator' is hovered

2019-05-27 18:14:53 - [MESSAGE][PASSED] - Object: 'Object Repository/CONSOLIDATOR/UpdateLogPage/span_Consolidator' is hovered

2019-05-27 18:14:53 - [TEST_STEP][PASSED] - click(findTestObject("CONSOLIDATOR/UpdateLogPage/span_Consolidator")): Object: 'Object Repository/CONSOLIDATOR/UpdateLogPage/span_Consolidator' is clicked on

2019-05-27 18:14:54 - [MESSAGE][PASSED] - Object: 'Object Repository/CONSOLIDATOR/UpdateLogPage/span_Consolidator' is clicked on

2019-05-27 18:14:54 - [TEST_STEP][PASSED] - waitForPageLoad(30): Wait for page load successfully

2019-05-27 18:14:54 - [MESSAGE][PASSED] - Wait for page load successfully

2019-05-27 18:14:54 - [TEST_STEP][PASSED] - navigateToUrl("https://admintool.v5qa.brandmuscle.net/Admin/Consolidator/ConsolidatorManageProgramItem.aspx"): Navigate to 'https://admintool.v5qa.brandmuscle.net/Admin/Consolidator/ConsolidatorManageProgramItem.aspx' successfully

2019-05-27 18:14:57 - [MESSAGE][PASSED] - Navigate to 'https://admintool.v5qa.brandmuscle.net/Admin/Consolidator/ConsolidatorManageProgramItem.aspx' successfully

2019-05-27 18:14:57 - [TEST_STEP][PASSED] - waitForPageLoad(30): Wait for page load successfully

2019-05-27 18:14:57 - [MESSAGE][PASSED] - Wait for page load successfully

2019-05-27 18:14:57 - [TEST_STEP][PASSED] - verifyTextPresent("Manage Program Elements", false): Text 'Manage Program Elements' is present on page 

2019-05-27 18:14:57 - [MESSAGE][PASSED] - Text 'Manage Program Elements' is present on page]]></system-out>
         <system-err><![CDATA[]]></system-err>
      </testcase>
      <system-out><![CDATA[2019-05-27 18:10:59 - [TEST_SUITE][FAILED] - ConsolidatorSmoke: Test Cases/CSPW/CS SMOKE/VerifyAddBaseElementPage FAILED.
Reason:
com.kms.katalon.core.exception.StepFailedException: Unable to wait for object 'Object Repository/CONSOLIDATOR/ManageElementsPage/AddNewItemBtn' to be visible
	at com.kms.katalon.core.webui.keyword.internal.WebUIKeywordMain.stepFailed(WebUIKeywordMain.groovy:64)
	at com.kms.katalon.core.webui.keyword.internal.WebUIKeywordMain.runKeyword(WebUIKeywordMain.groovy:26)
	at com.kms.katalon.core.webui.keyword.builtin.WaitForElementVisibleKeyword.waitForElementVisible(WaitForElementVisibleKeyword.groovy:99)
	at com.kms.katalon.core.webui.keyword.builtin.WaitForElementVisibleKeyword.execute(WaitForElementVisibleKeyword.groovy:68)
	at com.kms.katalon.core.keyword.internal.KeywordExecutor.executeKeywordForPlatform(KeywordExecutor.groovy:56)
	at com.kms.katalon.core.webui.keyword.WebUiBuiltInKeywords.waitForElementVisible(WebUiBuiltInKeywords.groovy:434)
	at com.kms.katalon.core.webui.keyword.WebUiBuiltInKeywords$waitForElementVisible$5.call(Unknown Source)
	at VerifyAddBaseElementPage.run(VerifyAddBaseElementPage:64)
	at com.kms.katalon.core.main.ScriptEngine.run(ScriptEngine.java:194)
	at com.kms.katalon.core.main.ScriptEngine.runScriptAsRawText(ScriptEngine.java:119)
	at com.kms.katalon.core.main.TestCaseExecutor.runScript(TestCaseExecutor.java:336)
	at com.kms.katalon.core.main.TestCaseExecutor.doExecute(TestCaseExecutor.java:327)
	at com.kms.katalon.core.main.TestCaseExecutor.processExecutionPhase(TestCaseExecutor.java:306)
	at com.kms.katalon.core.main.TestCaseExecutor.accessMainPhase(TestCaseExecutor.java:298)
	at com.kms.katalon.core.main.TestCaseExecutor.execute(TestCaseExecutor.java:232)
	at com.kms.katalon.core.main.TestSuiteExecutor.accessTestCaseMainPhase(TestSuiteExecutor.java:129)
	at com.kms.katalon.core.main.TestSuiteExecutor.accessTestSuiteMainPhase(TestSuiteExecutor.java:112)
	at com.kms.katalon.core.main.TestSuiteExecutor.execute(TestSuiteExecutor.java:81)
	at com.kms.katalon.core.main.TestCaseMain.startTestSuite(TestCaseMain.java:157)
	at com.kms.katalon.core.main.TestCaseMain$startTestSuite$0.call(Unknown Source)
	at TempTestSuite1558960854650.run(TempTestSuite1558960854650.groovy:35)
Caused by: org.openqa.selenium.WebDriverException: chrome not reachable
  (Session info: chrome=74.0.3729.131)
  (Driver info: chromedriver=74.0.3729.6 (255758eccf3d244491b8a1317aa76e1ce10d57e9-refs/branch-heads/3729@{#29}),platform=Windows NT 10.0.17134 x86_64) (WARNING: The server did not provide any stacktrace information)
Command duration or timeout: 0 milliseconds
Build info: version: '3.7.1', revision: '8a0099a', time: '2017-11-06T21:07:36.161Z'
System info: host: 'E3480-POOJITAM', ip: '10.15.0.227', os.name: 'Windows 10', os.arch: 'amd64', os.version: '10.0', java.version: '1.8.0_181'
Driver info: com.kms.katalon.selenium.driver.CChromeDriver
Capabilities {acceptInsecureCerts: false, acceptSslCerts: false, applicationCacheEnabled: false, browserConnectionEnabled: false, browserName: chrome, chrome: {chromedriverVersion: 74.0.3729.6 (255758eccf3d24..., userDataDir: C:\Users\POOJIT~1.MIS\AppDa...}, cssSelectorsEnabled: true, databaseEnabled: false, goog:chromeOptions: {debuggerAddress: localhost:55123}, handlesAlerts: true, hasTouchScreen: false, javascriptEnabled: true, locationContextEnabled: true, mobileEmulationEnabled: false, nativeEvents: true, networkConnectionEnabled: false, pageLoadStrategy: normal, platform: XP, platformName: XP, proxy: Proxy(direct), rotatable: false, setWindowRect: true, strictFileInteractability: false, takesHeapSnapshot: true, takesScreenshot: true, timeouts: {implicit: 0, pageLoad: 300000, script: 30000}, unexpectedAlertBehaviour: ignore, unhandledPromptBehavior: ignore, version: 74.0.3729.131, webStorageEnabled: true}
Session ID: dcb51adfdf9d72c6b38e7f319b1c985e
*** Element info: {Using=xpath, value=//div[@id='MainContent_MainContent_pnlGrd']/div[2]/div[2]/a}
	at org.openqa.selenium.remote.ErrorHandler.createThrowable(ErrorHandler.java:214)
	at org.openqa.selenium.remote.ErrorHandler.throwIfResponseFailed(ErrorHandler.java:166)
	at org.openqa.selenium.remote.http.JsonHttpResponseCodec.reconstructValue(JsonHttpResponseCodec.java:40)
	at org.openqa.selenium.remote.http.AbstractHttpResponseCodec.decode(AbstractHttpResponseCodec.java:80)
	at org.openqa.selenium.remote.http.AbstractHttpResponseCodec.decode(AbstractHttpResponseCodec.java:44)
	at org.openqa.selenium.remote.HttpCommandExecutor.execute(HttpCommandExecutor.java:164)
	at org.openqa.selenium.remote.service.DriverCommandExecutor.execute(DriverCommandExecutor.java:83)
	at org.openqa.selenium.remote.RemoteWebDriver.execute(RemoteWebDriver.java:600)
	at com.kms.katalon.selenium.driver.CChromeDriver.execute(CChromeDriver.java:20)
	at org.openqa.selenium.remote.RemoteWebDriver.findElements(RemoteWebDriver.java:397)
	at org.openqa.selenium.remote.RemoteWebDriver.findElementsByXPath(RemoteWebDriver.java:476)
	at org.openqa.selenium.By$ByXPath.findElements(By.java:356)
	at org.openqa.selenium.remote.RemoteWebDriver.findElements(RemoteWebDriver.java:358)
	at com.kms.katalon.core.webui.common.WebUiCommonHelper.findWebElements(WebUiCommonHelper.java:761)
	at com.kms.katalon.core.webui.common.WebUiCommonHelper.findWebElement(WebUiCommonHelper.java:1093)
	at com.kms.katalon.core.webui.keyword.internal.WebUIAbstractKeyword.findWebElement(WebUIAbstractKeyword.groovy:27)
	at com.kms.katalon.core.webui.keyword.builtin.WaitForElementVisibleKeyword$_waitForElementVisible_closure1.doCall(WaitForElementVisibleKeyword.groovy:80)
	at com.kms.katalon.core.webui.keyword.builtin.WaitForElementVisibleKeyword$_waitForElementVisible_closure1.call(WaitForElementVisibleKeyword.groovy)
	at com.kms.katalon.core.webui.keyword.internal.WebUIKeywordMain.runKeyword(WebUIKeywordMain.groovy:20)
	at com.kms.katalon.core.webui.keyword.builtin.WaitForElementVisibleKeyword.waitForElementVisible(WaitForElementVisibleKeyword.groovy:99)
	at com.kms.katalon.core.webui.keyword.builtin.WaitForElementVisibleKeyword.execute(WaitForElementVisibleKeyword.groovy:68)
	at com.kms.katalon.core.keyword.internal.KeywordExecutor.executeKeywordForPlatform(KeywordExecutor.groovy:56)
	at com.kms.katalon.core.webui.keyword.WebUiBuiltInKeywords.waitForElementVisible(WebUiBuiltInKeywords.groovy:434)
	at com.kms.katalon.core.webui.keyword.WebUiBuiltInKeywords$waitForElementVisible$5.call(Unknown Source)
	at Script1558522691041.run(Script1558522691041.groovy:64)
	... 13 more]]></system-out>
      <system-err><![CDATA[2019-05-27 18:10:59 - [TEST_SUITE][FAILED] - ConsolidatorSmoke: Test Cases/CSPW/CS SMOKE/VerifyAddBaseElementPage FAILED.
Reason:
com.kms.katalon.core.exception.StepFailedException: Unable to wait for object 'Object Repository/CONSOLIDATOR/ManageElementsPage/AddNewItemBtn' to be visible
	at com.kms.katalon.core.webui.keyword.internal.WebUIKeywordMain.stepFailed(WebUIKeywordMain.groovy:64)
	at com.kms.katalon.core.webui.keyword.internal.WebUIKeywordMain.runKeyword(WebUIKeywordMain.groovy:26)
	at com.kms.katalon.core.webui.keyword.builtin.WaitForElementVisibleKeyword.waitForElementVisible(WaitForElementVisibleKeyword.groovy:99)
	at com.kms.katalon.core.webui.keyword.builtin.WaitForElementVisibleKeyword.execute(WaitForElementVisibleKeyword.groovy:68)
	at com.kms.katalon.core.keyword.internal.KeywordExecutor.executeKeywordForPlatform(KeywordExecutor.groovy:56)
	at com.kms.katalon.core.webui.keyword.WebUiBuiltInKeywords.waitForElementVisible(WebUiBuiltInKeywords.groovy:434)
	at com.kms.katalon.core.webui.keyword.WebUiBuiltInKeywords$waitForElementVisible$5.call(Unknown Source)
	at VerifyAddBaseElementPage.run(VerifyAddBaseElementPage:64)
	at com.kms.katalon.core.main.ScriptEngine.run(ScriptEngine.java:194)
	at com.kms.katalon.core.main.ScriptEngine.runScriptAsRawText(ScriptEngine.java:119)
	at com.kms.katalon.core.main.TestCaseExecutor.runScript(TestCaseExecutor.java:336)
	at com.kms.katalon.core.main.TestCaseExecutor.doExecute(TestCaseExecutor.java:327)
	at com.kms.katalon.core.main.TestCaseExecutor.processExecutionPhase(TestCaseExecutor.java:306)
	at com.kms.katalon.core.main.TestCaseExecutor.accessMainPhase(TestCaseExecutor.java:298)
	at com.kms.katalon.core.main.TestCaseExecutor.execute(TestCaseExecutor.java:232)
	at com.kms.katalon.core.main.TestSuiteExecutor.accessTestCaseMainPhase(TestSuiteExecutor.java:129)
	at com.kms.katalon.core.main.TestSuiteExecutor.accessTestSuiteMainPhase(TestSuiteExecutor.java:112)
	at com.kms.katalon.core.main.TestSuiteExecutor.execute(TestSuiteExecutor.java:81)
	at com.kms.katalon.core.main.TestCaseMain.startTestSuite(TestCaseMain.java:157)
	at com.kms.katalon.core.main.TestCaseMain$startTestSuite$0.call(Unknown Source)
	at TempTestSuite1558960854650.run(TempTestSuite1558960854650.groovy:35)
Caused by: org.openqa.selenium.WebDriverException: chrome not reachable
  (Session info: chrome=74.0.3729.131)
  (Driver info: chromedriver=74.0.3729.6 (255758eccf3d244491b8a1317aa76e1ce10d57e9-refs/branch-heads/3729@{#29}),platform=Windows NT 10.0.17134 x86_64) (WARNING: The server did not provide any stacktrace information)
Command duration or timeout: 0 milliseconds
Build info: version: '3.7.1', revision: '8a0099a', time: '2017-11-06T21:07:36.161Z'
System info: host: 'E3480-POOJITAM', ip: '10.15.0.227', os.name: 'Windows 10', os.arch: 'amd64', os.version: '10.0', java.version: '1.8.0_181'
Driver info: com.kms.katalon.selenium.driver.CChromeDriver
Capabilities {acceptInsecureCerts: false, acceptSslCerts: false, applicationCacheEnabled: false, browserConnectionEnabled: false, browserName: chrome, chrome: {chromedriverVersion: 74.0.3729.6 (255758eccf3d24..., userDataDir: C:\Users\POOJIT~1.MIS\AppDa...}, cssSelectorsEnabled: true, databaseEnabled: false, goog:chromeOptions: {debuggerAddress: localhost:55123}, handlesAlerts: true, hasTouchScreen: false, javascriptEnabled: true, locationContextEnabled: true, mobileEmulationEnabled: false, nativeEvents: true, networkConnectionEnabled: false, pageLoadStrategy: normal, platform: XP, platformName: XP, proxy: Proxy(direct), rotatable: false, setWindowRect: true, strictFileInteractability: false, takesHeapSnapshot: true, takesScreenshot: true, timeouts: {implicit: 0, pageLoad: 300000, script: 30000}, unexpectedAlertBehaviour: ignore, unhandledPromptBehavior: ignore, version: 74.0.3729.131, webStorageEnabled: true}
Session ID: dcb51adfdf9d72c6b38e7f319b1c985e
*** Element info: {Using=xpath, value=//div[@id='MainContent_MainContent_pnlGrd']/div[2]/div[2]/a}
	at org.openqa.selenium.remote.ErrorHandler.createThrowable(ErrorHandler.java:214)
	at org.openqa.selenium.remote.ErrorHandler.throwIfResponseFailed(ErrorHandler.java:166)
	at org.openqa.selenium.remote.http.JsonHttpResponseCodec.reconstructValue(JsonHttpResponseCodec.java:40)
	at org.openqa.selenium.remote.http.AbstractHttpResponseCodec.decode(AbstractHttpResponseCodec.java:80)
	at org.openqa.selenium.remote.http.AbstractHttpResponseCodec.decode(AbstractHttpResponseCodec.java:44)
	at org.openqa.selenium.remote.HttpCommandExecutor.execute(HttpCommandExecutor.java:164)
	at org.openqa.selenium.remote.service.DriverCommandExecutor.execute(DriverCommandExecutor.java:83)
	at org.openqa.selenium.remote.RemoteWebDriver.execute(RemoteWebDriver.java:600)
	at com.kms.katalon.selenium.driver.CChromeDriver.execute(CChromeDriver.java:20)
	at org.openqa.selenium.remote.RemoteWebDriver.findElements(RemoteWebDriver.java:397)
	at org.openqa.selenium.remote.RemoteWebDriver.findElementsByXPath(RemoteWebDriver.java:476)
	at org.openqa.selenium.By$ByXPath.findElements(By.java:356)
	at org.openqa.selenium.remote.RemoteWebDriver.findElements(RemoteWebDriver.java:358)
	at com.kms.katalon.core.webui.common.WebUiCommonHelper.findWebElements(WebUiCommonHelper.java:761)
	at com.kms.katalon.core.webui.common.WebUiCommonHelper.findWebElement(WebUiCommonHelper.java:1093)
	at com.kms.katalon.core.webui.keyword.internal.WebUIAbstractKeyword.findWebElement(WebUIAbstractKeyword.groovy:27)
	at com.kms.katalon.core.webui.keyword.builtin.WaitForElementVisibleKeyword$_waitForElementVisible_closure1.doCall(WaitForElementVisibleKeyword.groovy:80)
	at com.kms.katalon.core.webui.keyword.builtin.WaitForElementVisibleKeyword$_waitForElementVisible_closure1.call(WaitForElementVisibleKeyword.groovy)
	at com.kms.katalon.core.webui.keyword.internal.WebUIKeywordMain.runKeyword(WebUIKeywordMain.groovy:20)
	at com.kms.katalon.core.webui.keyword.builtin.WaitForElementVisibleKeyword.waitForElementVisible(WaitForElementVisibleKeyword.groovy:99)
	at com.kms.katalon.core.webui.keyword.builtin.WaitForElementVisibleKeyword.execute(WaitForElementVisibleKeyword.groovy:68)
	at com.kms.katalon.core.keyword.internal.KeywordExecutor.executeKeywordForPlatform(KeywordExecutor.groovy:56)
	at com.kms.katalon.core.webui.keyword.WebUiBuiltInKeywords.waitForElementVisible(WebUiBuiltInKeywords.groovy:434)
	at com.kms.katalon.core.webui.keyword.WebUiBuiltInKeywords$waitForElementVisible$5.call(Unknown Source)
	at Script1558522691041.run(Script1558522691041.groovy:64)
	... 13 more]]></system-err>
   </testsuite>
</testsuites>
