<?xml version="1.0" encoding="UTF-8"?>
<testsuites name="DTSmoke" time="280" tests="15" failures="2" errors="1">
   <testsuite name="DTSmoke" tests="15" failures="2" errors="1" time="280" timestamp="2019-05-28 13:58:06" hostname="Dibyashree.Jyoti - E3480-Djyoti.brandmuscle.local" id="Test Suites/DTSmoke">
      <properties>
         <property name="deviceName" value=""/>
         <property name="devicePlatform" value=""/>
         <property name="logFolder" value="D:\\CHR-Katalon\\ABAUTOMATION\\Reports\\DTSmoke\\20190528_135804"/>
         <property name="logFiles" value="D:\\CHR-Katalon\\ABAUTOMATION\\Reports\\DTSmoke\\20190528_135804\\execution0.log"/>
         <property name="attachments" value="D:\\CHR-Katalon\\ABAUTOMATION\\Reports\\DTSmoke\\20190528_135804\\1559032096290.png, D:\\CHR-Katalon\\ABAUTOMATION\\Reports\\DTSmoke\\20190528_135804\\1559032137300.png"/>
         <property name="hostName" value="Dibyashree.Jyoti - E3480-Djyoti.brandmuscle.local"/>
         <property name="os" value="Windows 10 64bit"/>
         <property name="katalonVersion" value="6.1.2.2"/>
         <property name="browser" value="Chrome 74.0.3729.169"/>
         <property name="hostAddress" value="10.15.3.216"/>
         <property name="sessionId" value="3dd39d7ee673674792c96e3ac3b2a377"/>
         <property name="seleniumVersion" value="3.7.1"/>
         <property name="proxyInformation" value="ProxyInformation{proxyOption=NO_PROXY, proxyServerType=HTTP, password=, proxyServerAddress=, proxyServerPort=0}"/>
         <property name="platform" value="Windows 10"/>
      </properties>
      <testcase name="Test Cases/IIDT/DT SMOKE/LoginDesignTracker" classname="Test Cases/IIDT/DT SMOKE/LoginDesignTracker" status="FAILED">
         <failure type="FAILED" message="Test Cases/IIDT/DT SMOKE/LoginDesignTracker FAILED.
Reason:
com.kms.katalon.core.exception.StepFailedException: Unable to set text
	at com.kms.katalon.core.webui.keyword.internal.WebUIKeywordMain.stepFailed(WebUIKeywordMain.groovy:64)
	at com.kms.katalon.core.webui.keyword.internal.WebUIKeywordMain.runKeyword(WebUIKeywordMain.groovy:26)
	at com.kms.katalon.core.webui.keyword.builtin.SetTextKeyword.setText(SetTextKeyword.groovy:66)
	at com.kms.katalon.core.webui.keyword.builtin.SetTextKeyword.execute(SetTextKeyword.groovy:37)
	at com.kms.katalon.core.keyword.internal.KeywordExecutor.executeKeywordForPlatform(KeywordExecutor.groovy:56)
	at com.kms.katalon.core.webui.keyword.WebUiBuiltInKeywords.setText(WebUiBuiltInKeywords.groovy:950)
	at com.kms.katalon.core.webui.keyword.WebUiBuiltInKeywords$setText$2.call(Unknown Source)
	at LoginDesignTracker.run(LoginDesignTracker:23)
	at com.kms.katalon.core.main.ScriptEngine.run(ScriptEngine.java:194)
	at com.kms.katalon.core.main.ScriptEngine.runScriptAsRawText(ScriptEngine.java:119)
	at com.kms.katalon.core.main.TestCaseExecutor.runScript(TestCaseExecutor.java:336)
	at com.kms.katalon.core.main.TestCaseExecutor.doExecute(TestCaseExecutor.java:327)
	at com.kms.katalon.core.main.TestCaseExecutor.processExecutionPhase(TestCaseExecutor.java:306)
	at com.kms.katalon.core.main.TestCaseExecutor.accessMainPhase(TestCaseExecutor.java:298)
	at com.kms.katalon.core.main.TestCaseExecutor.execute(TestCaseExecutor.java:232)
	at com.kms.katalon.core.main.TestSuiteExecutor.accessTestCaseMainPhase(TestSuiteExecutor.java:129)
	at com.kms.katalon.core.main.TestSuiteExecutor.accessTestSuiteMainPhase(TestSuiteExecutor.java:112)
	at com.kms.katalon.core.main.TestSuiteExecutor.execute(TestSuiteExecutor.java:81)
	at com.kms.katalon.core.main.TestCaseMain.startTestSuite(TestCaseMain.java:157)
	at com.kms.katalon.core.main.TestCaseMain$startTestSuite$0.call(Unknown Source)
	at TempTestSuite1559032084563.run(TempTestSuite1559032084563.groovy:35)
Caused by: java.lang.IllegalArgumentException: Object is null
	at com.kms.katalon.core.helper.KeywordHelper.checkTestObjectParameter(KeywordHelper.java:33)
	at com.kms.katalon.core.webui.keyword.builtin.SetTextKeyword$_setText_closure1.doCall(SetTextKeyword.groovy:45)
	at com.kms.katalon.core.webui.keyword.builtin.SetTextKeyword$_setText_closure1.call(SetTextKeyword.groovy)
	at com.kms.katalon.core.webui.keyword.internal.WebUIKeywordMain.runKeyword(WebUIKeywordMain.groovy:20)
	at com.kms.katalon.core.webui.keyword.builtin.SetTextKeyword.setText(SetTextKeyword.groovy:66)
	at com.kms.katalon.core.webui.keyword.builtin.SetTextKeyword.execute(SetTextKeyword.groovy:37)
	at com.kms.katalon.core.keyword.internal.KeywordExecutor.executeKeywordForPlatform(KeywordExecutor.groovy:56)
	at com.kms.katalon.core.webui.keyword.WebUiBuiltInKeywords.setText(WebUiBuiltInKeywords.groovy:950)
	at com.kms.katalon.core.webui.keyword.WebUiBuiltInKeywords$setText$2.call(Unknown Source)
	at Script1558342887938.run(Script1558342887938.groovy:23)
	... 13 more
"/>
         <system-out><![CDATA[2019-05-28 13:58:06 - [TEST_CASE][FAILED] - Test Cases/IIDT/DT SMOKE/LoginDesignTracker: Test Cases/IIDT/DT SMOKE/LoginDesignTracker FAILED.
Reason:
com.kms.katalon.core.exception.StepFailedException: Unable to set text
	at com.kms.katalon.core.webui.keyword.internal.WebUIKeywordMain.stepFailed(WebUIKeywordMain.groovy:64)
	at com.kms.katalon.core.webui.keyword.internal.WebUIKeywordMain.runKeyword(WebUIKeywordMain.groovy:26)
	at com.kms.katalon.core.webui.keyword.builtin.SetTextKeyword.setText(SetTextKeyword.groovy:66)
	at com.kms.katalon.core.webui.keyword.builtin.SetTextKeyword.execute(SetTextKeyword.groovy:37)
	at com.kms.katalon.core.keyword.internal.KeywordExecutor.executeKeywordForPlatform(KeywordExecutor.groovy:56)
	at com.kms.katalon.core.webui.keyword.WebUiBuiltInKeywords.setText(WebUiBuiltInKeywords.groovy:950)
	at com.kms.katalon.core.webui.keyword.WebUiBuiltInKeywords$setText$2.call(Unknown Source)
	at LoginDesignTracker.run(LoginDesignTracker:23)
	at com.kms.katalon.core.main.ScriptEngine.run(ScriptEngine.java:194)
	at com.kms.katalon.core.main.ScriptEngine.runScriptAsRawText(ScriptEngine.java:119)
	at com.kms.katalon.core.main.TestCaseExecutor.runScript(TestCaseExecutor.java:336)
	at com.kms.katalon.core.main.TestCaseExecutor.doExecute(TestCaseExecutor.java:327)
	at com.kms.katalon.core.main.TestCaseExecutor.processExecutionPhase(TestCaseExecutor.java:306)
	at com.kms.katalon.core.main.TestCaseExecutor.accessMainPhase(TestCaseExecutor.java:298)
	at com.kms.katalon.core.main.TestCaseExecutor.execute(TestCaseExecutor.java:232)
	at com.kms.katalon.core.main.TestSuiteExecutor.accessTestCaseMainPhase(TestSuiteExecutor.java:129)
	at com.kms.katalon.core.main.TestSuiteExecutor.accessTestSuiteMainPhase(TestSuiteExecutor.java:112)
	at com.kms.katalon.core.main.TestSuiteExecutor.execute(TestSuiteExecutor.java:81)
	at com.kms.katalon.core.main.TestCaseMain.startTestSuite(TestCaseMain.java:157)
	at com.kms.katalon.core.main.TestCaseMain$startTestSuite$0.call(Unknown Source)
	at TempTestSuite1559032084563.run(TempTestSuite1559032084563.groovy:35)
Caused by: java.lang.IllegalArgumentException: Object is null
	at com.kms.katalon.core.helper.KeywordHelper.checkTestObjectParameter(KeywordHelper.java:33)
	at com.kms.katalon.core.webui.keyword.builtin.SetTextKeyword$_setText_closure1.doCall(SetTextKeyword.groovy:45)
	at com.kms.katalon.core.webui.keyword.builtin.SetTextKeyword$_setText_closure1.call(SetTextKeyword.groovy)
	at com.kms.katalon.core.webui.keyword.internal.WebUIKeywordMain.runKeyword(WebUIKeywordMain.groovy:20)
	at com.kms.katalon.core.webui.keyword.builtin.SetTextKeyword.setText(SetTextKeyword.groovy:66)
	at com.kms.katalon.core.webui.keyword.builtin.SetTextKeyword.execute(SetTextKeyword.groovy:37)
	at com.kms.katalon.core.keyword.internal.KeywordExecutor.executeKeywordForPlatform(KeywordExecutor.groovy:56)
	at com.kms.katalon.core.webui.keyword.WebUiBuiltInKeywords.setText(WebUiBuiltInKeywords.groovy:950)
	at com.kms.katalon.core.webui.keyword.WebUiBuiltInKeywords$setText$2.call(Unknown Source)
	at Script1558342887938.run(Script1558342887938.groovy:23)
	... 13 more


2019-05-28 13:58:07 - [TEST_STEP][PASSED] - openBrowser(""): Browser is opened with url: ''

2019-05-28 13:58:07 - [MESSAGE][INFO] - Starting 'Chrome' driver

2019-05-28 13:58:07 - [MESSAGE][INFO] - Action delay is set to 0 seconds

2019-05-28 13:58:11 - [MESSAGE][PASSED] - Browser is opened with url: ''

2019-05-28 13:58:11 - [TEST_STEP][PASSED] - navigateToUrl("http://designtracker.uat.brandmuscle.net/login.aspx?ReturnUrl=%2f"): Navigate to 'http://designtracker.uat.brandmuscle.net/login.aspx?ReturnUrl=%2f' successfully

2019-05-28 13:58:15 - [MESSAGE][PASSED] - Navigate to 'http://designtracker.uat.brandmuscle.net/login.aspx?ReturnUrl=%2f' successfully

2019-05-28 13:58:15 - [TEST_STEP][PASSED] - maximizeWindow(): Current window maximized

2019-05-28 13:58:16 - [MESSAGE][PASSED] - Current window maximized

2019-05-28 13:58:16 - [TEST_STEP][FAILED] - setText(findTestObject("DESIGNTRACKER/LoginPage/Page_DesignTracker -  Brandmuscle/UserName"), "dibyashree.jyoti@brandmuscle.com"): Unable to set text (Root cause: com.kms.katalon.core.exception.StepFailedException: Unable to set text
	at com.kms.katalon.core.webui.keyword.internal.WebUIKeywordMain.stepFailed(WebUIKeywordMain.groovy:64)
	at com.kms.katalon.core.webui.keyword.internal.WebUIKeywordMain.runKeyword(WebUIKeywordMain.groovy:26)
	at com.kms.katalon.core.webui.keyword.builtin.SetTextKeyword.setText(SetTextKeyword.groovy:66)
	at com.kms.katalon.core.webui.keyword.builtin.SetTextKeyword.execute(SetTextKeyword.groovy:37)
	at com.kms.katalon.core.keyword.internal.KeywordExecutor.executeKeywordForPlatform(KeywordExecutor.groovy:56)
	at com.kms.katalon.core.webui.keyword.WebUiBuiltInKeywords.setText(WebUiBuiltInKeywords.groovy:950)
	at com.kms.katalon.core.webui.keyword.WebUiBuiltInKeywords$setText$2.call(Unknown Source)
	at LoginDesignTracker.run(LoginDesignTracker:23)
	at com.kms.katalon.core.main.ScriptEngine.run(ScriptEngine.java:194)
	at com.kms.katalon.core.main.ScriptEngine.runScriptAsRawText(ScriptEngine.java:119)
	at com.kms.katalon.core.main.TestCaseExecutor.runScript(TestCaseExecutor.java:336)
	at com.kms.katalon.core.main.TestCaseExecutor.doExecute(TestCaseExecutor.java:327)
	at com.kms.katalon.core.main.TestCaseExecutor.processExecutionPhase(TestCaseExecutor.java:306)
	at com.kms.katalon.core.main.TestCaseExecutor.accessMainPhase(TestCaseExecutor.java:298)
	at com.kms.katalon.core.main.TestCaseExecutor.execute(TestCaseExecutor.java:232)
	at com.kms.katalon.core.main.TestSuiteExecutor.accessTestCaseMainPhase(TestSuiteExecutor.java:129)
	at com.kms.katalon.core.main.TestSuiteExecutor.accessTestSuiteMainPhase(TestSuiteExecutor.java:112)
	at com.kms.katalon.core.main.TestSuiteExecutor.execute(TestSuiteExecutor.java:81)
	at com.kms.katalon.core.main.TestCaseMain.startTestSuite(TestCaseMain.java:157)
	at com.kms.katalon.core.main.TestCaseMain$startTestSuite$0.call(Unknown Source)
	at TempTestSuite1559032084563.run(TempTestSuite1559032084563.groovy:35)
Caused by: java.lang.IllegalArgumentException: Object is null
	at com.kms.katalon.core.helper.KeywordHelper.checkTestObjectParameter(KeywordHelper.java:33)
	at com.kms.katalon.core.webui.keyword.builtin.SetTextKeyword$_setText_closure1.doCall(SetTextKeyword.groovy:45)
	at com.kms.katalon.core.webui.keyword.builtin.SetTextKeyword$_setText_closure1.call(SetTextKeyword.groovy)
	at com.kms.katalon.core.webui.keyword.internal.WebUIKeywordMain.runKeyword(WebUIKeywordMain.groovy:20)
	at com.kms.katalon.core.webui.keyword.builtin.SetTextKeyword.setText(SetTextKeyword.groovy:66)
	at com.kms.katalon.core.webui.keyword.builtin.SetTextKeyword.execute(SetTextKeyword.groovy:37)
	at com.kms.katalon.core.keyword.internal.KeywordExecutor.executeKeywordForPlatform(KeywordExecutor.groovy:56)
	at com.kms.katalon.core.webui.keyword.WebUiBuiltInKeywords.setText(WebUiBuiltInKeywords.groovy:950)
	at com.kms.katalon.core.webui.keyword.WebUiBuiltInKeywords$setText$2.call(Unknown Source)
	at Script1558342887938.run(Script1558342887938.groovy:23)
	... 13 more
)

2019-05-28 13:58:16 - [MESSAGE][WARNING] - Test object with id 'Object Repository/DESIGNTRACKER/LoginPage/Page_DesignTracker -  Brandmuscle/UserName' does not exist

2019-05-28 13:58:16 - [MESSAGE][WARNING] - Test object with id 'Object Repository/' does not exist

2019-05-28 13:58:16 - [MESSAGE][FAILED] - Unable to set text (Root cause: com.kms.katalon.core.exception.StepFailedException: Unable to set text
	at com.kms.katalon.core.webui.keyword.internal.WebUIKeywordMain.stepFailed(WebUIKeywordMain.groovy:64)
	at com.kms.katalon.core.webui.keyword.internal.WebUIKeywordMain.runKeyword(WebUIKeywordMain.groovy:26)
	at com.kms.katalon.core.webui.keyword.builtin.SetTextKeyword.setText(SetTextKeyword.groovy:66)
	at com.kms.katalon.core.webui.keyword.builtin.SetTextKeyword.execute(SetTextKeyword.groovy:37)
	at com.kms.katalon.core.keyword.internal.KeywordExecutor.executeKeywordForPlatform(KeywordExecutor.groovy:56)
	at com.kms.katalon.core.webui.keyword.WebUiBuiltInKeywords.setText(WebUiBuiltInKeywords.groovy:950)
	at com.kms.katalon.core.webui.keyword.WebUiBuiltInKeywords$setText$2.call(Unknown Source)
	at LoginDesignTracker.run(LoginDesignTracker:23)
	at com.kms.katalon.core.main.ScriptEngine.run(ScriptEngine.java:194)
	at com.kms.katalon.core.main.ScriptEngine.runScriptAsRawText(ScriptEngine.java:119)
	at com.kms.katalon.core.main.TestCaseExecutor.runScript(TestCaseExecutor.java:336)
	at com.kms.katalon.core.main.TestCaseExecutor.doExecute(TestCaseExecutor.java:327)
	at com.kms.katalon.core.main.TestCaseExecutor.processExecutionPhase(TestCaseExecutor.java:306)
	at com.kms.katalon.core.main.TestCaseExecutor.accessMainPhase(TestCaseExecutor.java:298)
	at com.kms.katalon.core.main.TestCaseExecutor.execute(TestCaseExecutor.java:232)
	at com.kms.katalon.core.main.TestSuiteExecutor.accessTestCaseMainPhase(TestSuiteExecutor.java:129)
	at com.kms.katalon.core.main.TestSuiteExecutor.accessTestSuiteMainPhase(TestSuiteExecutor.java:112)
	at com.kms.katalon.core.main.TestSuiteExecutor.execute(TestSuiteExecutor.java:81)
	at com.kms.katalon.core.main.TestCaseMain.startTestSuite(TestCaseMain.java:157)
	at com.kms.katalon.core.main.TestCaseMain$startTestSuite$0.call(Unknown Source)
	at TempTestSuite1559032084563.run(TempTestSuite1559032084563.groovy:35)
Caused by: java.lang.IllegalArgumentException: Object is null
	at com.kms.katalon.core.helper.KeywordHelper.checkTestObjectParameter(KeywordHelper.java:33)
	at com.kms.katalon.core.webui.keyword.builtin.SetTextKeyword$_setText_closure1.doCall(SetTextKeyword.groovy:45)
	at com.kms.katalon.core.webui.keyword.builtin.SetTextKeyword$_setText_closure1.call(SetTextKeyword.groovy)
	at com.kms.katalon.core.webui.keyword.internal.WebUIKeywordMain.runKeyword(WebUIKeywordMain.groovy:20)
	at com.kms.katalon.core.webui.keyword.builtin.SetTextKeyword.setText(SetTextKeyword.groovy:66)
	at com.kms.katalon.core.webui.keyword.builtin.SetTextKeyword.execute(SetTextKeyword.groovy:37)
	at com.kms.katalon.core.keyword.internal.KeywordExecutor.executeKeywordForPlatform(KeywordExecutor.groovy:56)
	at com.kms.katalon.core.webui.keyword.WebUiBuiltInKeywords.setText(WebUiBuiltInKeywords.groovy:950)
	at com.kms.katalon.core.webui.keyword.WebUiBuiltInKeywords$setText$2.call(Unknown Source)
	at Script1558342887938.run(Script1558342887938.groovy:23)
	... 13 more
)
[[ATTACHMENT|D:\\CHR-Katalon\\ABAUTOMATION\\Reports\\DTSmoke\\20190528_135804\\1559032096290.png]]]]></system-out>
         <system-err><![CDATA[2019-05-28 13:58:06 - [TEST_CASE][FAILED] - Test Cases/IIDT/DT SMOKE/LoginDesignTracker: Test Cases/IIDT/DT SMOKE/LoginDesignTracker FAILED.
Reason:
com.kms.katalon.core.exception.StepFailedException: Unable to set text
	at com.kms.katalon.core.webui.keyword.internal.WebUIKeywordMain.stepFailed(WebUIKeywordMain.groovy:64)
	at com.kms.katalon.core.webui.keyword.internal.WebUIKeywordMain.runKeyword(WebUIKeywordMain.groovy:26)
	at com.kms.katalon.core.webui.keyword.builtin.SetTextKeyword.setText(SetTextKeyword.groovy:66)
	at com.kms.katalon.core.webui.keyword.builtin.SetTextKeyword.execute(SetTextKeyword.groovy:37)
	at com.kms.katalon.core.keyword.internal.KeywordExecutor.executeKeywordForPlatform(KeywordExecutor.groovy:56)
	at com.kms.katalon.core.webui.keyword.WebUiBuiltInKeywords.setText(WebUiBuiltInKeywords.groovy:950)
	at com.kms.katalon.core.webui.keyword.WebUiBuiltInKeywords$setText$2.call(Unknown Source)
	at LoginDesignTracker.run(LoginDesignTracker:23)
	at com.kms.katalon.core.main.ScriptEngine.run(ScriptEngine.java:194)
	at com.kms.katalon.core.main.ScriptEngine.runScriptAsRawText(ScriptEngine.java:119)
	at com.kms.katalon.core.main.TestCaseExecutor.runScript(TestCaseExecutor.java:336)
	at com.kms.katalon.core.main.TestCaseExecutor.doExecute(TestCaseExecutor.java:327)
	at com.kms.katalon.core.main.TestCaseExecutor.processExecutionPhase(TestCaseExecutor.java:306)
	at com.kms.katalon.core.main.TestCaseExecutor.accessMainPhase(TestCaseExecutor.java:298)
	at com.kms.katalon.core.main.TestCaseExecutor.execute(TestCaseExecutor.java:232)
	at com.kms.katalon.core.main.TestSuiteExecutor.accessTestCaseMainPhase(TestSuiteExecutor.java:129)
	at com.kms.katalon.core.main.TestSuiteExecutor.accessTestSuiteMainPhase(TestSuiteExecutor.java:112)
	at com.kms.katalon.core.main.TestSuiteExecutor.execute(TestSuiteExecutor.java:81)
	at com.kms.katalon.core.main.TestCaseMain.startTestSuite(TestCaseMain.java:157)
	at com.kms.katalon.core.main.TestCaseMain$startTestSuite$0.call(Unknown Source)
	at TempTestSuite1559032084563.run(TempTestSuite1559032084563.groovy:35)
Caused by: java.lang.IllegalArgumentException: Object is null
	at com.kms.katalon.core.helper.KeywordHelper.checkTestObjectParameter(KeywordHelper.java:33)
	at com.kms.katalon.core.webui.keyword.builtin.SetTextKeyword$_setText_closure1.doCall(SetTextKeyword.groovy:45)
	at com.kms.katalon.core.webui.keyword.builtin.SetTextKeyword$_setText_closure1.call(SetTextKeyword.groovy)
	at com.kms.katalon.core.webui.keyword.internal.WebUIKeywordMain.runKeyword(WebUIKeywordMain.groovy:20)
	at com.kms.katalon.core.webui.keyword.builtin.SetTextKeyword.setText(SetTextKeyword.groovy:66)
	at com.kms.katalon.core.webui.keyword.builtin.SetTextKeyword.execute(SetTextKeyword.groovy:37)
	at com.kms.katalon.core.keyword.internal.KeywordExecutor.executeKeywordForPlatform(KeywordExecutor.groovy:56)
	at com.kms.katalon.core.webui.keyword.WebUiBuiltInKeywords.setText(WebUiBuiltInKeywords.groovy:950)
	at com.kms.katalon.core.webui.keyword.WebUiBuiltInKeywords$setText$2.call(Unknown Source)
	at Script1558342887938.run(Script1558342887938.groovy:23)
	... 13 more]]></system-err>
      </testcase>
      <testcase name="Test Cases/IIDT/DT SMOKE/VerifyAccountType" classname="Test Cases/IIDT/DT SMOKE/VerifyAccountType" status="PASSED">
         <system-out><![CDATA[2019-05-28 13:58:18 - [TEST_CASE][PASSED] - Test Cases/IIDT/DT SMOKE/VerifyAccountType: Test Cases/IIDT/DT SMOKE/VerifyAccountType

2019-05-28 13:58:19 - [TEST_STEP][PASSED] - openBrowser(""): Browser is opened with url: ''

2019-05-28 13:58:19 - [MESSAGE][WARNING] - A browser is already opened. Closing browser and opening a new one

2019-05-28 13:58:19 - [MESSAGE][INFO] - Starting 'Chrome' driver

2019-05-28 13:58:21 - [MESSAGE][PASSED] - Browser is opened with url: ''

2019-05-28 13:58:21 - [TEST_STEP][PASSED] - navigateToUrl("http://designtracker.uat.brandmuscle.net/"): Navigate to 'http://designtracker.uat.brandmuscle.net/' successfully

2019-05-28 13:58:25 - [MESSAGE][PASSED] - Navigate to 'http://designtracker.uat.brandmuscle.net/' successfully

2019-05-28 13:58:25 - [TEST_STEP][PASSED] - waitForPageLoad(30): Wait for page load successfully

2019-05-28 13:58:25 - [MESSAGE][PASSED] - Wait for page load successfully

2019-05-28 13:58:25 - [TEST_STEP][PASSED] - maximizeWindow(): Current window maximized

2019-05-28 13:58:26 - [MESSAGE][PASSED] - Current window maximized

2019-05-28 13:58:26 - [TEST_STEP][PASSED] - setText(findTestObject("DESIGNTRACKER/LoginPage/UserName"), "dibyashree.jyoti@brandmuscle.com"): Text 'dibyashree.jyoti@brandmuscle.com' is set on object 'Object Repository/DESIGNTRACKER/LoginPage/UserName'

2019-05-28 13:58:26 - [MESSAGE][PASSED] - Text 'dibyashree.jyoti@brandmuscle.com' is set on object 'Object Repository/DESIGNTRACKER/LoginPage/UserName'

2019-05-28 13:58:26 - [TEST_STEP][PASSED] - setText(findTestObject("DESIGNTRACKER/LoginPage/Password"), "dibya@1234"): Text 'dibya@1234' is set on object 'Object Repository/DESIGNTRACKER/LoginPage/Password'

2019-05-28 13:58:26 - [MESSAGE][PASSED] - Text 'dibya@1234' is set on object 'Object Repository/DESIGNTRACKER/LoginPage/Password'

2019-05-28 13:58:26 - [TEST_STEP][PASSED] - click(findTestObject("DESIGNTRACKER/LoginPage/LoginBtn")): Object: 'Object Repository/DESIGNTRACKER/LoginPage/LoginBtn' is clicked on

2019-05-28 13:58:28 - [MESSAGE][PASSED] - Object: 'Object Repository/DESIGNTRACKER/LoginPage/LoginBtn' is clicked on

2019-05-28 13:58:28 - [TEST_STEP][PASSED] - waitForPageLoad(30): Wait for page load successfully

2019-05-28 13:58:28 - [MESSAGE][PASSED] - Wait for page load successfully

2019-05-28 13:58:28 - [TEST_STEP][PASSED] - waitForElementVisible(findTestObject("DESIGNTRACKER/HomePage/ApplicationAdminTab"), 30): Object 'Object Repository/DESIGNTRACKER/HomePage/ApplicationAdminTab' is visible

2019-05-28 13:58:29 - [MESSAGE][PASSED] - Object 'Object Repository/DESIGNTRACKER/HomePage/ApplicationAdminTab' is visible

2019-05-28 13:58:29 - [TEST_STEP][PASSED] - mouseOverOffset(findTestObject("DESIGNTRACKER/HomePage/ApplicationAdminTab"), 0, 0): Object: 'Object Repository/DESIGNTRACKER/HomePage/ApplicationAdminTab' is hovered using offset x = 0 and y = 0

2019-05-28 13:58:29 - [MESSAGE][PASSED] - Object: 'Object Repository/DESIGNTRACKER/HomePage/ApplicationAdminTab' is hovered using offset x = 0 and y = 0

2019-05-28 13:58:29 - [TEST_STEP][PASSED] - waitForElementVisible(findTestObject("DESIGNTRACKER/HomePage/AccountTypeBtn"), 30): Object 'Object Repository/DESIGNTRACKER/HomePage/AccountTypeBtn' is visible

2019-05-28 13:58:29 - [MESSAGE][PASSED] - Object 'Object Repository/DESIGNTRACKER/HomePage/AccountTypeBtn' is visible

2019-05-28 13:58:29 - [TEST_STEP][PASSED] - mouseOver(findTestObject("DESIGNTRACKER/HomePage/AccountTypeBtn")): Object: 'Object Repository/DESIGNTRACKER/HomePage/AccountTypeBtn' is hovered

2019-05-28 13:58:29 - [MESSAGE][PASSED] - Object: 'Object Repository/DESIGNTRACKER/HomePage/AccountTypeBtn' is hovered

2019-05-28 13:58:29 - [TEST_STEP][PASSED] - click(findTestObject("DESIGNTRACKER/HomePage/AccountTypeBtn")): Object: 'Object Repository/DESIGNTRACKER/HomePage/AccountTypeBtn' is clicked on

2019-05-28 13:58:31 - [MESSAGE][PASSED] - Object: 'Object Repository/DESIGNTRACKER/HomePage/AccountTypeBtn' is clicked on

2019-05-28 13:58:31 - [TEST_STEP][PASSED] - waitForPageLoad(30): Wait for page load successfully

2019-05-28 13:58:31 - [MESSAGE][PASSED] - Wait for page load successfully

2019-05-28 13:58:31 - [TEST_STEP][PASSED] - verifyTextPresent("Account Types", false): Text 'Account Types' is present on page 

2019-05-28 13:58:31 - [MESSAGE][PASSED] - Text 'Account Types' is present on page 

2019-05-28 13:58:31 - [TEST_STEP][PASSED] - verifyTextPresent("Show Retired", false): Text 'Show Retired' is present on page 

2019-05-28 13:58:31 - [MESSAGE][PASSED] - Text 'Show Retired' is present on page 

2019-05-28 13:58:31 - [TEST_STEP][PASSED] - closeBrowser(): Browser is closed

2019-05-28 13:58:32 - [MESSAGE][PASSED] - Browser is closed]]></system-out>
         <system-err><![CDATA[]]></system-err>
      </testcase>
      <testcase name="Test Cases/IIDT/DT SMOKE/VerifyDTAccountType" classname="Test Cases/IIDT/DT SMOKE/VerifyDTAccountType" status="PASSED">
         <system-out><![CDATA[2019-05-28 13:58:34 - [TEST_CASE][PASSED] - Test Cases/IIDT/DT SMOKE/VerifyDTAccountType: Test Cases/IIDT/DT SMOKE/VerifyDTAccountType

2019-05-28 13:58:34 - [TEST_STEP][PASSED] - openBrowser(""): Browser is opened with url: ''

2019-05-28 13:58:34 - [MESSAGE][INFO] - Starting 'Chrome' driver

2019-05-28 13:58:37 - [MESSAGE][PASSED] - Browser is opened with url: ''

2019-05-28 13:58:37 - [TEST_STEP][PASSED] - maximizeWindow(): Current window maximized

2019-05-28 13:58:38 - [MESSAGE][PASSED] - Current window maximized

2019-05-28 13:58:38 - [TEST_STEP][PASSED] - navigateToUrl("http://designtracker.uat.brandmuscle.net"): Navigate to 'http://designtracker.uat.brandmuscle.net' successfully

2019-05-28 13:58:43 - [MESSAGE][PASSED] - Navigate to 'http://designtracker.uat.brandmuscle.net' successfully

2019-05-28 13:58:43 - [TEST_STEP][PASSED] - waitForPageLoad(30): Wait for page load successfully

2019-05-28 13:58:43 - [MESSAGE][PASSED] - Wait for page load successfully

2019-05-28 13:58:43 - [TEST_STEP][PASSED] - setText(findTestObject("DESIGNTRACKER/LoginPage/UserName"), "chandan.kumar@brandmuscle.com"): Text 'chandan.kumar@brandmuscle.com' is set on object 'Object Repository/DESIGNTRACKER/LoginPage/UserName'

2019-05-28 13:58:43 - [MESSAGE][PASSED] - Text 'chandan.kumar@brandmuscle.com' is set on object 'Object Repository/DESIGNTRACKER/LoginPage/UserName'

2019-05-28 13:58:43 - [TEST_STEP][PASSED] - setText(findTestObject("DESIGNTRACKER/LoginPage/Password"), "Selenium@2017"): Text 'Selenium@2017' is set on object 'Object Repository/DESIGNTRACKER/LoginPage/Password'

2019-05-28 13:58:43 - [MESSAGE][PASSED] - Text 'Selenium@2017' is set on object 'Object Repository/DESIGNTRACKER/LoginPage/Password'

2019-05-28 13:58:43 - [TEST_STEP][PASSED] - click(findTestObject("DESIGNTRACKER/LoginPage/LoginBtn")): Object: 'Object Repository/DESIGNTRACKER/LoginPage/LoginBtn' is clicked on

2019-05-28 13:58:46 - [MESSAGE][PASSED] - Object: 'Object Repository/DESIGNTRACKER/LoginPage/LoginBtn' is clicked on

2019-05-28 13:58:46 - [TEST_STEP][PASSED] - waitForPageLoad(30): Wait for page load successfully

2019-05-28 13:58:46 - [MESSAGE][PASSED] - Wait for page load successfully

2019-05-28 13:58:46 - [TEST_STEP][PASSED] - mouseOverOffset(findTestObject("DESIGNTRACKER/HomePage/APPLICATIONADMINISTRATIONmenuTab"), 0, 0): Object: 'Object Repository/DESIGNTRACKER/HomePage/APPLICATIONADMINISTRATIONmenuTab' is hovered using offset x = 0 and y = 0

2019-05-28 13:58:46 - [MESSAGE][PASSED] - Object: 'Object Repository/DESIGNTRACKER/HomePage/APPLICATIONADMINISTRATIONmenuTab' is hovered using offset x = 0 and y = 0

2019-05-28 13:58:46 - [TEST_STEP][PASSED] - waitForElementVisible(findTestObject("DESIGNTRACKER/HomePage/ACCOUNTTYPEsubMenu"), 30): Object 'Object Repository/DESIGNTRACKER/HomePage/ACCOUNTTYPEsubMenu' is visible

2019-05-28 13:58:46 - [MESSAGE][PASSED] - Object 'Object Repository/DESIGNTRACKER/HomePage/ACCOUNTTYPEsubMenu' is visible

2019-05-28 13:58:46 - [TEST_STEP][PASSED] - mouseOver(findTestObject("DESIGNTRACKER/HomePage/ACCOUNTTYPEsubMenu")): Object: 'Object Repository/DESIGNTRACKER/HomePage/ACCOUNTTYPEsubMenu' is hovered

2019-05-28 13:58:47 - [MESSAGE][PASSED] - Object: 'Object Repository/DESIGNTRACKER/HomePage/ACCOUNTTYPEsubMenu' is hovered

2019-05-28 13:58:47 - [TEST_STEP][PASSED] - click(findTestObject("DESIGNTRACKER/HomePage/ACCOUNTTYPEsubMenu")): Object: 'Object Repository/DESIGNTRACKER/HomePage/ACCOUNTTYPEsubMenu' is clicked on

2019-05-28 13:58:47 - [MESSAGE][PASSED] - Object: 'Object Repository/DESIGNTRACKER/HomePage/ACCOUNTTYPEsubMenu' is clicked on

2019-05-28 13:58:47 - [TEST_STEP][PASSED] - waitForPageLoad(30): Wait for page load successfully

2019-05-28 13:58:47 - [MESSAGE][PASSED] - Wait for page load successfully]]></system-out>
         <system-err><![CDATA[]]></system-err>
      </testcase>
      <testcase name="Test Cases/IIDT/DT SMOKE/VerifyDTMarketSalesPeopleSafeList" classname="Test Cases/IIDT/DT SMOKE/VerifyDTMarketSalesPeopleSafeList" status="FAILED">
         <failure type="FAILED" message="Test Cases/IIDT/DT SMOKE/VerifyDTMarketSalesPeopleSafeList FAILED.
Reason:
com.kms.katalon.core.exception.StepFailedException: Unable to click on object
	at com.kms.katalon.core.webui.keyword.internal.WebUIKeywordMain.stepFailed(WebUIKeywordMain.groovy:64)
	at com.kms.katalon.core.webui.keyword.internal.WebUIKeywordMain.runKeyword(WebUIKeywordMain.groovy:26)
	at com.kms.katalon.core.webui.keyword.builtin.ClickKeyword.click(ClickKeyword.groovy:86)
	at com.kms.katalon.core.webui.keyword.builtin.ClickKeyword.execute(ClickKeyword.groovy:67)
	at com.kms.katalon.core.keyword.internal.KeywordExecutor.executeKeywordForPlatform(KeywordExecutor.groovy:56)
	at com.kms.katalon.core.webui.keyword.WebUiBuiltInKeywords.click(WebUiBuiltInKeywords.groovy:616)
	at com.kms.katalon.core.webui.keyword.WebUiBuiltInKeywords$click$4.call(Unknown Source)
	at VerifyDTMarketSalesPeopleSafeList.run(VerifyDTMarketSalesPeopleSafeList:26)
	at com.kms.katalon.core.main.ScriptEngine.run(ScriptEngine.java:194)
	at com.kms.katalon.core.main.ScriptEngine.runScriptAsRawText(ScriptEngine.java:119)
	at com.kms.katalon.core.main.TestCaseExecutor.runScript(TestCaseExecutor.java:336)
	at com.kms.katalon.core.main.TestCaseExecutor.doExecute(TestCaseExecutor.java:327)
	at com.kms.katalon.core.main.TestCaseExecutor.processExecutionPhase(TestCaseExecutor.java:306)
	at com.kms.katalon.core.main.TestCaseExecutor.accessMainPhase(TestCaseExecutor.java:298)
	at com.kms.katalon.core.main.TestCaseExecutor.execute(TestCaseExecutor.java:232)
	at com.kms.katalon.core.main.TestSuiteExecutor.accessTestCaseMainPhase(TestSuiteExecutor.java:129)
	at com.kms.katalon.core.main.TestSuiteExecutor.accessTestSuiteMainPhase(TestSuiteExecutor.java:112)
	at com.kms.katalon.core.main.TestSuiteExecutor.execute(TestSuiteExecutor.java:81)
	at com.kms.katalon.core.main.TestCaseMain.startTestSuite(TestCaseMain.java:157)
	at com.kms.katalon.core.main.TestCaseMain$startTestSuite$0.call(Unknown Source)
	at TempTestSuite1559032084563.run(TempTestSuite1559032084563.groovy:35)
Caused by: java.lang.IllegalArgumentException: Object is null
	at com.kms.katalon.core.helper.KeywordHelper.checkTestObjectParameter(KeywordHelper.java:33)
	at com.kms.katalon.core.webui.keyword.builtin.ClickKeyword$_click_closure1.doCall(ClickKeyword.groovy:75)
	at com.kms.katalon.core.webui.keyword.builtin.ClickKeyword$_click_closure1.call(ClickKeyword.groovy)
	at com.kms.katalon.core.webui.keyword.internal.WebUIKeywordMain.runKeyword(WebUIKeywordMain.groovy:20)
	at com.kms.katalon.core.webui.keyword.builtin.ClickKeyword.click(ClickKeyword.groovy:86)
	at com.kms.katalon.core.webui.keyword.builtin.ClickKeyword.execute(ClickKeyword.groovy:67)
	at com.kms.katalon.core.keyword.internal.KeywordExecutor.executeKeywordForPlatform(KeywordExecutor.groovy:56)
	at com.kms.katalon.core.webui.keyword.WebUiBuiltInKeywords.click(WebUiBuiltInKeywords.groovy:616)
	at com.kms.katalon.core.webui.keyword.WebUiBuiltInKeywords$click$4.call(Unknown Source)
	at Script1558947878436.run(Script1558947878436.groovy:26)
	... 13 more
"/>
         <system-out><![CDATA[2019-05-28 13:58:49 - [TEST_CASE][FAILED] - Test Cases/IIDT/DT SMOKE/VerifyDTMarketSalesPeopleSafeList: Test Cases/IIDT/DT SMOKE/VerifyDTMarketSalesPeopleSafeList FAILED.
Reason:
com.kms.katalon.core.exception.StepFailedException: Unable to click on object
	at com.kms.katalon.core.webui.keyword.internal.WebUIKeywordMain.stepFailed(WebUIKeywordMain.groovy:64)
	at com.kms.katalon.core.webui.keyword.internal.WebUIKeywordMain.runKeyword(WebUIKeywordMain.groovy:26)
	at com.kms.katalon.core.webui.keyword.builtin.ClickKeyword.click(ClickKeyword.groovy:86)
	at com.kms.katalon.core.webui.keyword.builtin.ClickKeyword.execute(ClickKeyword.groovy:67)
	at com.kms.katalon.core.keyword.internal.KeywordExecutor.executeKeywordForPlatform(KeywordExecutor.groovy:56)
	at com.kms.katalon.core.webui.keyword.WebUiBuiltInKeywords.click(WebUiBuiltInKeywords.groovy:616)
	at com.kms.katalon.core.webui.keyword.WebUiBuiltInKeywords$click$4.call(Unknown Source)
	at VerifyDTMarketSalesPeopleSafeList.run(VerifyDTMarketSalesPeopleSafeList:26)
	at com.kms.katalon.core.main.ScriptEngine.run(ScriptEngine.java:194)
	at com.kms.katalon.core.main.ScriptEngine.runScriptAsRawText(ScriptEngine.java:119)
	at com.kms.katalon.core.main.TestCaseExecutor.runScript(TestCaseExecutor.java:336)
	at com.kms.katalon.core.main.TestCaseExecutor.doExecute(TestCaseExecutor.java:327)
	at com.kms.katalon.core.main.TestCaseExecutor.processExecutionPhase(TestCaseExecutor.java:306)
	at com.kms.katalon.core.main.TestCaseExecutor.accessMainPhase(TestCaseExecutor.java:298)
	at com.kms.katalon.core.main.TestCaseExecutor.execute(TestCaseExecutor.java:232)
	at com.kms.katalon.core.main.TestSuiteExecutor.accessTestCaseMainPhase(TestSuiteExecutor.java:129)
	at com.kms.katalon.core.main.TestSuiteExecutor.accessTestSuiteMainPhase(TestSuiteExecutor.java:112)
	at com.kms.katalon.core.main.TestSuiteExecutor.execute(TestSuiteExecutor.java:81)
	at com.kms.katalon.core.main.TestCaseMain.startTestSuite(TestCaseMain.java:157)
	at com.kms.katalon.core.main.TestCaseMain$startTestSuite$0.call(Unknown Source)
	at TempTestSuite1559032084563.run(TempTestSuite1559032084563.groovy:35)
Caused by: java.lang.IllegalArgumentException: Object is null
	at com.kms.katalon.core.helper.KeywordHelper.checkTestObjectParameter(KeywordHelper.java:33)
	at com.kms.katalon.core.webui.keyword.builtin.ClickKeyword$_click_closure1.doCall(ClickKeyword.groovy:75)
	at com.kms.katalon.core.webui.keyword.builtin.ClickKeyword$_click_closure1.call(ClickKeyword.groovy)
	at com.kms.katalon.core.webui.keyword.internal.WebUIKeywordMain.runKeyword(WebUIKeywordMain.groovy:20)
	at com.kms.katalon.core.webui.keyword.builtin.ClickKeyword.click(ClickKeyword.groovy:86)
	at com.kms.katalon.core.webui.keyword.builtin.ClickKeyword.execute(ClickKeyword.groovy:67)
	at com.kms.katalon.core.keyword.internal.KeywordExecutor.executeKeywordForPlatform(KeywordExecutor.groovy:56)
	at com.kms.katalon.core.webui.keyword.WebUiBuiltInKeywords.click(WebUiBuiltInKeywords.groovy:616)
	at com.kms.katalon.core.webui.keyword.WebUiBuiltInKeywords$click$4.call(Unknown Source)
	at Script1558947878436.run(Script1558947878436.groovy:26)
	... 13 more


2019-05-28 13:58:49 - [TEST_STEP][PASSED] - openBrowser("http://designtracker.uat.brandmuscle.net/login.aspx"): Browser is opened with url: 'http://designtracker.uat.brandmuscle.net/login.aspx'

2019-05-28 13:58:49 - [MESSAGE][WARNING] - A browser is already opened. Closing browser and opening a new one

2019-05-28 13:58:49 - [MESSAGE][INFO] - Starting 'Chrome' driver

2019-05-28 13:58:55 - [MESSAGE][PASSED] - Browser is opened with url: 'http://designtracker.uat.brandmuscle.net/login.aspx'

2019-05-28 13:58:55 - [TEST_STEP][PASSED] - maximizeWindow(): Current window maximized

2019-05-28 13:58:57 - [MESSAGE][PASSED] - Current window maximized

2019-05-28 13:58:57 - [TEST_STEP][PASSED] - waitForPageLoad(10): Wait for page load successfully

2019-05-28 13:58:57 - [MESSAGE][PASSED] - Wait for page load successfully

2019-05-28 13:58:57 - [TEST_STEP][PASSED] - setText(findTestObject("DESIGNTRACKER/LoginPage/UserName"), ""): Text '' is set on object 'Object Repository/DESIGNTRACKER/LoginPage/UserName'

2019-05-28 13:58:57 - [MESSAGE][PASSED] - Text '' is set on object 'Object Repository/DESIGNTRACKER/LoginPage/UserName'

2019-05-28 13:58:57 - [TEST_STEP][PASSED] - setText(findTestObject("DESIGNTRACKER/LoginPage/Password"), ""): Text '' is set on object 'Object Repository/DESIGNTRACKER/LoginPage/Password'

2019-05-28 13:58:57 - [MESSAGE][PASSED] - Text '' is set on object 'Object Repository/DESIGNTRACKER/LoginPage/Password'

2019-05-28 13:58:57 - [TEST_STEP][FAILED] - click(findTestObject(null)): Unable to click on object (Root cause: com.kms.katalon.core.exception.StepFailedException: Unable to click on object
	at com.kms.katalon.core.webui.keyword.internal.WebUIKeywordMain.stepFailed(WebUIKeywordMain.groovy:64)
	at com.kms.katalon.core.webui.keyword.internal.WebUIKeywordMain.runKeyword(WebUIKeywordMain.groovy:26)
	at com.kms.katalon.core.webui.keyword.builtin.ClickKeyword.click(ClickKeyword.groovy:86)
	at com.kms.katalon.core.webui.keyword.builtin.ClickKeyword.execute(ClickKeyword.groovy:67)
	at com.kms.katalon.core.keyword.internal.KeywordExecutor.executeKeywordForPlatform(KeywordExecutor.groovy:56)
	at com.kms.katalon.core.webui.keyword.WebUiBuiltInKeywords.click(WebUiBuiltInKeywords.groovy:616)
	at com.kms.katalon.core.webui.keyword.WebUiBuiltInKeywords$click$4.call(Unknown Source)
	at VerifyDTMarketSalesPeopleSafeList.run(VerifyDTMarketSalesPeopleSafeList:26)
	at com.kms.katalon.core.main.ScriptEngine.run(ScriptEngine.java:194)
	at com.kms.katalon.core.main.ScriptEngine.runScriptAsRawText(ScriptEngine.java:119)
	at com.kms.katalon.core.main.TestCaseExecutor.runScript(TestCaseExecutor.java:336)
	at com.kms.katalon.core.main.TestCaseExecutor.doExecute(TestCaseExecutor.java:327)
	at com.kms.katalon.core.main.TestCaseExecutor.processExecutionPhase(TestCaseExecutor.java:306)
	at com.kms.katalon.core.main.TestCaseExecutor.accessMainPhase(TestCaseExecutor.java:298)
	at com.kms.katalon.core.main.TestCaseExecutor.execute(TestCaseExecutor.java:232)
	at com.kms.katalon.core.main.TestSuiteExecutor.accessTestCaseMainPhase(TestSuiteExecutor.java:129)
	at com.kms.katalon.core.main.TestSuiteExecutor.accessTestSuiteMainPhase(TestSuiteExecutor.java:112)
	at com.kms.katalon.core.main.TestSuiteExecutor.execute(TestSuiteExecutor.java:81)
	at com.kms.katalon.core.main.TestCaseMain.startTestSuite(TestCaseMain.java:157)
	at com.kms.katalon.core.main.TestCaseMain$startTestSuite$0.call(Unknown Source)
	at TempTestSuite1559032084563.run(TempTestSuite1559032084563.groovy:35)
Caused by: java.lang.IllegalArgumentException: Object is null
	at com.kms.katalon.core.helper.KeywordHelper.checkTestObjectParameter(KeywordHelper.java:33)
	at com.kms.katalon.core.webui.keyword.builtin.ClickKeyword$_click_closure1.doCall(ClickKeyword.groovy:75)
	at com.kms.katalon.core.webui.keyword.builtin.ClickKeyword$_click_closure1.call(ClickKeyword.groovy)
	at com.kms.katalon.core.webui.keyword.internal.WebUIKeywordMain.runKeyword(WebUIKeywordMain.groovy:20)
	at com.kms.katalon.core.webui.keyword.builtin.ClickKeyword.click(ClickKeyword.groovy:86)
	at com.kms.katalon.core.webui.keyword.builtin.ClickKeyword.execute(ClickKeyword.groovy:67)
	at com.kms.katalon.core.keyword.internal.KeywordExecutor.executeKeywordForPlatform(KeywordExecutor.groovy:56)
	at com.kms.katalon.core.webui.keyword.WebUiBuiltInKeywords.click(WebUiBuiltInKeywords.groovy:616)
	at com.kms.katalon.core.webui.keyword.WebUiBuiltInKeywords$click$4.call(Unknown Source)
	at Script1558947878436.run(Script1558947878436.groovy:26)
	... 13 more
)

2019-05-28 13:58:57 - [MESSAGE][WARNING] - Test object id is null

2019-05-28 13:58:57 - [MESSAGE][WARNING] - Test object with id 'Object Repository/' does not exist

2019-05-28 13:58:58 - [MESSAGE][FAILED] - Unable to click on object (Root cause: com.kms.katalon.core.exception.StepFailedException: Unable to click on object
	at com.kms.katalon.core.webui.keyword.internal.WebUIKeywordMain.stepFailed(WebUIKeywordMain.groovy:64)
	at com.kms.katalon.core.webui.keyword.internal.WebUIKeywordMain.runKeyword(WebUIKeywordMain.groovy:26)
	at com.kms.katalon.core.webui.keyword.builtin.ClickKeyword.click(ClickKeyword.groovy:86)
	at com.kms.katalon.core.webui.keyword.builtin.ClickKeyword.execute(ClickKeyword.groovy:67)
	at com.kms.katalon.core.keyword.internal.KeywordExecutor.executeKeywordForPlatform(KeywordExecutor.groovy:56)
	at com.kms.katalon.core.webui.keyword.WebUiBuiltInKeywords.click(WebUiBuiltInKeywords.groovy:616)
	at com.kms.katalon.core.webui.keyword.WebUiBuiltInKeywords$click$4.call(Unknown Source)
	at VerifyDTMarketSalesPeopleSafeList.run(VerifyDTMarketSalesPeopleSafeList:26)
	at com.kms.katalon.core.main.ScriptEngine.run(ScriptEngine.java:194)
	at com.kms.katalon.core.main.ScriptEngine.runScriptAsRawText(ScriptEngine.java:119)
	at com.kms.katalon.core.main.TestCaseExecutor.runScript(TestCaseExecutor.java:336)
	at com.kms.katalon.core.main.TestCaseExecutor.doExecute(TestCaseExecutor.java:327)
	at com.kms.katalon.core.main.TestCaseExecutor.processExecutionPhase(TestCaseExecutor.java:306)
	at com.kms.katalon.core.main.TestCaseExecutor.accessMainPhase(TestCaseExecutor.java:298)
	at com.kms.katalon.core.main.TestCaseExecutor.execute(TestCaseExecutor.java:232)
	at com.kms.katalon.core.main.TestSuiteExecutor.accessTestCaseMainPhase(TestSuiteExecutor.java:129)
	at com.kms.katalon.core.main.TestSuiteExecutor.accessTestSuiteMainPhase(TestSuiteExecutor.java:112)
	at com.kms.katalon.core.main.TestSuiteExecutor.execute(TestSuiteExecutor.java:81)
	at com.kms.katalon.core.main.TestCaseMain.startTestSuite(TestCaseMain.java:157)
	at com.kms.katalon.core.main.TestCaseMain$startTestSuite$0.call(Unknown Source)
	at TempTestSuite1559032084563.run(TempTestSuite1559032084563.groovy:35)
Caused by: java.lang.IllegalArgumentException: Object is null
	at com.kms.katalon.core.helper.KeywordHelper.checkTestObjectParameter(KeywordHelper.java:33)
	at com.kms.katalon.core.webui.keyword.builtin.ClickKeyword$_click_closure1.doCall(ClickKeyword.groovy:75)
	at com.kms.katalon.core.webui.keyword.builtin.ClickKeyword$_click_closure1.call(ClickKeyword.groovy)
	at com.kms.katalon.core.webui.keyword.internal.WebUIKeywordMain.runKeyword(WebUIKeywordMain.groovy:20)
	at com.kms.katalon.core.webui.keyword.builtin.ClickKeyword.click(ClickKeyword.groovy:86)
	at com.kms.katalon.core.webui.keyword.builtin.ClickKeyword.execute(ClickKeyword.groovy:67)
	at com.kms.katalon.core.keyword.internal.KeywordExecutor.executeKeywordForPlatform(KeywordExecutor.groovy:56)
	at com.kms.katalon.core.webui.keyword.WebUiBuiltInKeywords.click(WebUiBuiltInKeywords.groovy:616)
	at com.kms.katalon.core.webui.keyword.WebUiBuiltInKeywords$click$4.call(Unknown Source)
	at Script1558947878436.run(Script1558947878436.groovy:26)
	... 13 more
)
[[ATTACHMENT|D:\\CHR-Katalon\\ABAUTOMATION\\Reports\\DTSmoke\\20190528_135804\\1559032137300.png]]]]></system-out>
         <system-err><![CDATA[2019-05-28 13:58:49 - [TEST_CASE][FAILED] - Test Cases/IIDT/DT SMOKE/VerifyDTMarketSalesPeopleSafeList: Test Cases/IIDT/DT SMOKE/VerifyDTMarketSalesPeopleSafeList FAILED.
Reason:
com.kms.katalon.core.exception.StepFailedException: Unable to click on object
	at com.kms.katalon.core.webui.keyword.internal.WebUIKeywordMain.stepFailed(WebUIKeywordMain.groovy:64)
	at com.kms.katalon.core.webui.keyword.internal.WebUIKeywordMain.runKeyword(WebUIKeywordMain.groovy:26)
	at com.kms.katalon.core.webui.keyword.builtin.ClickKeyword.click(ClickKeyword.groovy:86)
	at com.kms.katalon.core.webui.keyword.builtin.ClickKeyword.execute(ClickKeyword.groovy:67)
	at com.kms.katalon.core.keyword.internal.KeywordExecutor.executeKeywordForPlatform(KeywordExecutor.groovy:56)
	at com.kms.katalon.core.webui.keyword.WebUiBuiltInKeywords.click(WebUiBuiltInKeywords.groovy:616)
	at com.kms.katalon.core.webui.keyword.WebUiBuiltInKeywords$click$4.call(Unknown Source)
	at VerifyDTMarketSalesPeopleSafeList.run(VerifyDTMarketSalesPeopleSafeList:26)
	at com.kms.katalon.core.main.ScriptEngine.run(ScriptEngine.java:194)
	at com.kms.katalon.core.main.ScriptEngine.runScriptAsRawText(ScriptEngine.java:119)
	at com.kms.katalon.core.main.TestCaseExecutor.runScript(TestCaseExecutor.java:336)
	at com.kms.katalon.core.main.TestCaseExecutor.doExecute(TestCaseExecutor.java:327)
	at com.kms.katalon.core.main.TestCaseExecutor.processExecutionPhase(TestCaseExecutor.java:306)
	at com.kms.katalon.core.main.TestCaseExecutor.accessMainPhase(TestCaseExecutor.java:298)
	at com.kms.katalon.core.main.TestCaseExecutor.execute(TestCaseExecutor.java:232)
	at com.kms.katalon.core.main.TestSuiteExecutor.accessTestCaseMainPhase(TestSuiteExecutor.java:129)
	at com.kms.katalon.core.main.TestSuiteExecutor.accessTestSuiteMainPhase(TestSuiteExecutor.java:112)
	at com.kms.katalon.core.main.TestSuiteExecutor.execute(TestSuiteExecutor.java:81)
	at com.kms.katalon.core.main.TestCaseMain.startTestSuite(TestCaseMain.java:157)
	at com.kms.katalon.core.main.TestCaseMain$startTestSuite$0.call(Unknown Source)
	at TempTestSuite1559032084563.run(TempTestSuite1559032084563.groovy:35)
Caused by: java.lang.IllegalArgumentException: Object is null
	at com.kms.katalon.core.helper.KeywordHelper.checkTestObjectParameter(KeywordHelper.java:33)
	at com.kms.katalon.core.webui.keyword.builtin.ClickKeyword$_click_closure1.doCall(ClickKeyword.groovy:75)
	at com.kms.katalon.core.webui.keyword.builtin.ClickKeyword$_click_closure1.call(ClickKeyword.groovy)
	at com.kms.katalon.core.webui.keyword.internal.WebUIKeywordMain.runKeyword(WebUIKeywordMain.groovy:20)
	at com.kms.katalon.core.webui.keyword.builtin.ClickKeyword.click(ClickKeyword.groovy:86)
	at com.kms.katalon.core.webui.keyword.builtin.ClickKeyword.execute(ClickKeyword.groovy:67)
	at com.kms.katalon.core.keyword.internal.KeywordExecutor.executeKeywordForPlatform(KeywordExecutor.groovy:56)
	at com.kms.katalon.core.webui.keyword.WebUiBuiltInKeywords.click(WebUiBuiltInKeywords.groovy:616)
	at com.kms.katalon.core.webui.keyword.WebUiBuiltInKeywords$click$4.call(Unknown Source)
	at Script1558947878436.run(Script1558947878436.groovy:26)
	... 13 more]]></system-err>
      </testcase>
      <testcase name="Test Cases/IIDT/DT SMOKE/VerifyDTSalesPeopleJobsViewOrTransferPage" classname="Test Cases/IIDT/DT SMOKE/VerifyDTSalesPeopleJobsViewOrTransferPage" status="PASSED">
         <system-out><![CDATA[2019-05-28 13:59:00 - [TEST_CASE][PASSED] - Test Cases/IIDT/DT SMOKE/VerifyDTSalesPeopleJobsViewOrTransferPage: Test Cases/IIDT/DT SMOKE/VerifyDTSalesPeopleJobsViewOrTransferPage

2019-05-28 13:59:00 - [TEST_STEP][PASSED] - openBrowser(""): Browser is opened with url: ''

2019-05-28 13:59:00 - [MESSAGE][WARNING] - A browser is already opened. Closing browser and opening a new one

2019-05-28 13:59:01 - [MESSAGE][INFO] - Starting 'Chrome' driver

2019-05-28 13:59:04 - [MESSAGE][PASSED] - Browser is opened with url: ''

2019-05-28 13:59:04 - [TEST_STEP][PASSED] - maximizeWindow(): Current window maximized

2019-05-28 13:59:05 - [MESSAGE][PASSED] - Current window maximized

2019-05-28 13:59:05 - [TEST_STEP][PASSED] - navigateToUrl("http://designtracker.uat.brandmuscle.net"): Navigate to 'http://designtracker.uat.brandmuscle.net' successfully

2019-05-28 13:59:09 - [MESSAGE][PASSED] - Navigate to 'http://designtracker.uat.brandmuscle.net' successfully

2019-05-28 13:59:09 - [TEST_STEP][PASSED] - waitForPageLoad(30): Wait for page load successfully

2019-05-28 13:59:09 - [MESSAGE][PASSED] - Wait for page load successfully

2019-05-28 13:59:09 - [TEST_STEP][PASSED] - setText(findTestObject("DESIGNTRACKER/LoginPage/UserName"), "chandan.kumar@brandmuscle.com"): Text 'chandan.kumar@brandmuscle.com' is set on object 'Object Repository/DESIGNTRACKER/LoginPage/UserName'

2019-05-28 13:59:09 - [MESSAGE][PASSED] - Text 'chandan.kumar@brandmuscle.com' is set on object 'Object Repository/DESIGNTRACKER/LoginPage/UserName'

2019-05-28 13:59:09 - [TEST_STEP][PASSED] - setText(findTestObject("DESIGNTRACKER/LoginPage/Password"), "Selenium@2017"): Text 'Selenium@2017' is set on object 'Object Repository/DESIGNTRACKER/LoginPage/Password'

2019-05-28 13:59:09 - [MESSAGE][PASSED] - Text 'Selenium@2017' is set on object 'Object Repository/DESIGNTRACKER/LoginPage/Password'

2019-05-28 13:59:09 - [TEST_STEP][PASSED] - click(findTestObject("DESIGNTRACKER/LoginPage/LoginBtn")): Object: 'Object Repository/DESIGNTRACKER/LoginPage/LoginBtn' is clicked on

2019-05-28 13:59:11 - [MESSAGE][PASSED] - Object: 'Object Repository/DESIGNTRACKER/LoginPage/LoginBtn' is clicked on

2019-05-28 13:59:11 - [TEST_STEP][PASSED] - waitForElementVisible(findTestObject("DESIGNTRACKER/HomePage/SITEADMINISTRATION"), 30): Object 'Object Repository/DESIGNTRACKER/HomePage/SITEADMINISTRATION' is visible

2019-05-28 13:59:11 - [MESSAGE][PASSED] - Object 'Object Repository/DESIGNTRACKER/HomePage/SITEADMINISTRATION' is visible

2019-05-28 13:59:11 - [TEST_STEP][PASSED] - mouseOverOffset(findTestObject("DESIGNTRACKER/HomePage/SITEADMINISTRATION"), 0, 0): Object: 'Object Repository/DESIGNTRACKER/HomePage/SITEADMINISTRATION' is hovered using offset x = 0 and y = 0

2019-05-28 13:59:12 - [MESSAGE][PASSED] - Object: 'Object Repository/DESIGNTRACKER/HomePage/SITEADMINISTRATION' is hovered using offset x = 0 and y = 0

2019-05-28 13:59:12 - [TEST_STEP][PASSED] - waitForElementVisible(findTestObject("DESIGNTRACKER/HomePage/SalesPeopleJobsViewTransfer"), 30): Object 'Object Repository/DESIGNTRACKER/HomePage/SalesPeopleJobsViewTransfer' is visible

2019-05-28 13:59:12 - [MESSAGE][PASSED] - Object 'Object Repository/DESIGNTRACKER/HomePage/SalesPeopleJobsViewTransfer' is visible

2019-05-28 13:59:12 - [TEST_STEP][PASSED] - mouseOver(findTestObject("DESIGNTRACKER/HomePage/SalesPeopleJobsViewTransfer")): Object: 'Object Repository/DESIGNTRACKER/HomePage/SalesPeopleJobsViewTransfer' is hovered

2019-05-28 13:59:12 - [MESSAGE][PASSED] - Object: 'Object Repository/DESIGNTRACKER/HomePage/SalesPeopleJobsViewTransfer' is hovered

2019-05-28 13:59:12 - [TEST_STEP][PASSED] - click(findTestObject("DESIGNTRACKER/HomePage/SalesPeopleJobsViewTransfer")): Object: 'Object Repository/DESIGNTRACKER/HomePage/SalesPeopleJobsViewTransfer' is clicked on

2019-05-28 13:59:13 - [MESSAGE][PASSED] - Object: 'Object Repository/DESIGNTRACKER/HomePage/SalesPeopleJobsViewTransfer' is clicked on

2019-05-28 13:59:13 - [TEST_STEP][PASSED] - waitForPageLoad(30): Wait for page load successfully

2019-05-28 13:59:13 - [MESSAGE][PASSED] - Wait for page load successfully

2019-05-28 13:59:13 - [TEST_STEP][PASSED] - verifyTextPresent("Market User Management", false): Text 'Market User Management' is present on page 

2019-05-28 13:59:13 - [MESSAGE][PASSED] - Text 'Market User Management' is present on page]]></system-out>
         <system-err><![CDATA[]]></system-err>
      </testcase>
      <testcase name="Test Cases/IIDT/DT SMOKE/VerifyJobClosingPage" classname="Test Cases/IIDT/DT SMOKE/VerifyJobClosingPage" status="PASSED">
         <system-out><![CDATA[2019-05-28 13:59:15 - [TEST_CASE][PASSED] - Test Cases/IIDT/DT SMOKE/VerifyJobClosingPage: Test Cases/IIDT/DT SMOKE/VerifyJobClosingPage

2019-05-28 13:59:15 - [TEST_STEP][PASSED] - openBrowser(""): Browser is opened with url: ''

2019-05-28 13:59:15 - [MESSAGE][WARNING] - A browser is already opened. Closing browser and opening a new one

2019-05-28 13:59:16 - [MESSAGE][INFO] - Starting 'Chrome' driver

2019-05-28 13:59:19 - [MESSAGE][PASSED] - Browser is opened with url: ''

2019-05-28 13:59:19 - [TEST_STEP][PASSED] - navigateToUrl("http://designtracker.uat.brandmuscle.net/"): Navigate to 'http://designtracker.uat.brandmuscle.net/' successfully

2019-05-28 13:59:22 - [MESSAGE][PASSED] - Navigate to 'http://designtracker.uat.brandmuscle.net/' successfully

2019-05-28 13:59:22 - [TEST_STEP][PASSED] - maximizeWindow(): Current window maximized

2019-05-28 13:59:23 - [MESSAGE][PASSED] - Current window maximized

2019-05-28 13:59:23 - [TEST_STEP][PASSED] - waitForPageLoad(30): Wait for page load successfully

2019-05-28 13:59:23 - [MESSAGE][PASSED] - Wait for page load successfully

2019-05-28 13:59:23 - [TEST_STEP][PASSED] - waitForElementVisible(findTestObject("DESIGNTRACKER/LoginPage/UserName"), 30): Object 'Object Repository/DESIGNTRACKER/LoginPage/UserName' is visible

2019-05-28 13:59:23 - [MESSAGE][PASSED] - Object 'Object Repository/DESIGNTRACKER/LoginPage/UserName' is visible

2019-05-28 13:59:23 - [TEST_STEP][PASSED] - setText(findTestObject("DESIGNTRACKER/LoginPage/UserName"), "dibyashree.jyoti@brandmuscle.com"): Text 'dibyashree.jyoti@brandmuscle.com' is set on object 'Object Repository/DESIGNTRACKER/LoginPage/UserName'

2019-05-28 13:59:23 - [MESSAGE][PASSED] - Text 'dibyashree.jyoti@brandmuscle.com' is set on object 'Object Repository/DESIGNTRACKER/LoginPage/UserName'

2019-05-28 13:59:23 - [TEST_STEP][PASSED] - waitForElementVisible(findTestObject("DESIGNTRACKER/LoginPage/Password"), 30): Object 'Object Repository/DESIGNTRACKER/LoginPage/Password' is visible

2019-05-28 13:59:23 - [MESSAGE][PASSED] - Object 'Object Repository/DESIGNTRACKER/LoginPage/Password' is visible

2019-05-28 13:59:23 - [TEST_STEP][PASSED] - setText(findTestObject("DESIGNTRACKER/LoginPage/Password"), "dibya@1234"): Text 'dibya@1234' is set on object 'Object Repository/DESIGNTRACKER/LoginPage/Password'

2019-05-28 13:59:23 - [MESSAGE][PASSED] - Text 'dibya@1234' is set on object 'Object Repository/DESIGNTRACKER/LoginPage/Password'

2019-05-28 13:59:23 - [TEST_STEP][PASSED] - waitForElementVisible(findTestObject("DESIGNTRACKER/LoginPage/LoginBtn"), 30): Object 'Object Repository/DESIGNTRACKER/LoginPage/LoginBtn' is visible

2019-05-28 13:59:23 - [MESSAGE][PASSED] - Object 'Object Repository/DESIGNTRACKER/LoginPage/LoginBtn' is visible

2019-05-28 13:59:23 - [TEST_STEP][PASSED] - click(findTestObject("DESIGNTRACKER/LoginPage/LoginBtn")): Object: 'Object Repository/DESIGNTRACKER/LoginPage/LoginBtn' is clicked on

2019-05-28 13:59:26 - [MESSAGE][PASSED] - Object: 'Object Repository/DESIGNTRACKER/LoginPage/LoginBtn' is clicked on

2019-05-28 13:59:26 - [TEST_STEP][PASSED] - waitForPageLoad(30): Wait for page load successfully

2019-05-28 13:59:26 - [MESSAGE][PASSED] - Wait for page load successfully

2019-05-28 13:59:26 - [TEST_STEP][PASSED] - waitForElementVisible(findTestObject("DESIGNTRACKER/HomePage/SITEADMINISTRATION"), 30): Object 'Object Repository/DESIGNTRACKER/HomePage/SITEADMINISTRATION' is visible

2019-05-28 13:59:26 - [MESSAGE][PASSED] - Object 'Object Repository/DESIGNTRACKER/HomePage/SITEADMINISTRATION' is visible

2019-05-28 13:59:26 - [TEST_STEP][PASSED] - mouseOverOffset(findTestObject("DESIGNTRACKER/HomePage/SITEADMINISTRATION"), 0, 0): Object: 'Object Repository/DESIGNTRACKER/HomePage/SITEADMINISTRATION' is hovered using offset x = 0 and y = 0

2019-05-28 13:59:26 - [MESSAGE][PASSED] - Object: 'Object Repository/DESIGNTRACKER/HomePage/SITEADMINISTRATION' is hovered using offset x = 0 and y = 0

2019-05-28 13:59:26 - [TEST_STEP][PASSED] - waitForElementVisible(findTestObject("DESIGNTRACKER/HomePage/JOB CLOSING"), 30): Object 'Object Repository/DESIGNTRACKER/HomePage/JOB CLOSING' is visible

2019-05-28 13:59:27 - [MESSAGE][PASSED] - Object 'Object Repository/DESIGNTRACKER/HomePage/JOB CLOSING' is visible

2019-05-28 13:59:27 - [TEST_STEP][PASSED] - mouseOver(findTestObject("DESIGNTRACKER/HomePage/JOB CLOSING")): Object: 'Object Repository/DESIGNTRACKER/HomePage/JOB CLOSING' is hovered

2019-05-28 13:59:27 - [MESSAGE][PASSED] - Object: 'Object Repository/DESIGNTRACKER/HomePage/JOB CLOSING' is hovered

2019-05-28 13:59:27 - [TEST_STEP][PASSED] - click(findTestObject("DESIGNTRACKER/HomePage/JOB CLOSING")): Object: 'Object Repository/DESIGNTRACKER/HomePage/JOB CLOSING' is clicked on

2019-05-28 13:59:28 - [MESSAGE][PASSED] - Object: 'Object Repository/DESIGNTRACKER/HomePage/JOB CLOSING' is clicked on

2019-05-28 13:59:28 - [TEST_STEP][PASSED] - waitForPageLoad(30): Wait for page load successfully

2019-05-28 13:59:28 - [MESSAGE][PASSED] - Wait for page load successfully

2019-05-28 13:59:28 - [TEST_STEP][PASSED] - closeBrowser(): Browser is closed

2019-05-28 13:59:29 - [MESSAGE][PASSED] - Browser is closed]]></system-out>
         <system-err><![CDATA[]]></system-err>
      </testcase>
      <testcase name="Test Cases/IIDT/DT SMOKE/VerifyMarketBudgetnotificationPage" classname="Test Cases/IIDT/DT SMOKE/VerifyMarketBudgetnotificationPage" status="PASSED">
         <system-out><![CDATA[2019-05-28 13:59:31 - [TEST_CASE][PASSED] - Test Cases/IIDT/DT SMOKE/VerifyMarketBudgetnotificationPage: Test Cases/IIDT/DT SMOKE/VerifyMarketBudgetnotificationPage

2019-05-28 13:59:31 - [TEST_STEP][PASSED] - openBrowser(""): Browser is opened with url: ''

2019-05-28 13:59:31 - [MESSAGE][INFO] - Starting 'Chrome' driver

2019-05-28 13:59:33 - [MESSAGE][PASSED] - Browser is opened with url: ''

2019-05-28 13:59:33 - [TEST_STEP][PASSED] - navigateToUrl("http://designtracker.uat.brandmuscle.net/"): Navigate to 'http://designtracker.uat.brandmuscle.net/' successfully

2019-05-28 13:59:36 - [MESSAGE][PASSED] - Navigate to 'http://designtracker.uat.brandmuscle.net/' successfully

2019-05-28 13:59:36 - [TEST_STEP][PASSED] - waitForPageLoad(30): Wait for page load successfully

2019-05-28 13:59:36 - [MESSAGE][PASSED] - Wait for page load successfully

2019-05-28 13:59:36 - [TEST_STEP][PASSED] - maximizeWindow(): Current window maximized

2019-05-28 13:59:37 - [MESSAGE][PASSED] - Current window maximized

2019-05-28 13:59:37 - [TEST_STEP][PASSED] - setText(findTestObject("DESIGNTRACKER/LoginPage/UserName"), "dibyashree.jyoti@brandmuscle.com"): Text 'dibyashree.jyoti@brandmuscle.com' is set on object 'Object Repository/DESIGNTRACKER/LoginPage/UserName'

2019-05-28 13:59:37 - [MESSAGE][PASSED] - Text 'dibyashree.jyoti@brandmuscle.com' is set on object 'Object Repository/DESIGNTRACKER/LoginPage/UserName'

2019-05-28 13:59:37 - [TEST_STEP][PASSED] - setText(findTestObject("DESIGNTRACKER/LoginPage/Password"), "dibya@1234"): Text 'dibya@1234' is set on object 'Object Repository/DESIGNTRACKER/LoginPage/Password'

2019-05-28 13:59:37 - [MESSAGE][PASSED] - Text 'dibya@1234' is set on object 'Object Repository/DESIGNTRACKER/LoginPage/Password'

2019-05-28 13:59:37 - [TEST_STEP][PASSED] - click(findTestObject("DESIGNTRACKER/LoginPage/LoginBtn")): Object: 'Object Repository/DESIGNTRACKER/LoginPage/LoginBtn' is clicked on

2019-05-28 13:59:40 - [MESSAGE][PASSED] - Object: 'Object Repository/DESIGNTRACKER/LoginPage/LoginBtn' is clicked on

2019-05-28 13:59:40 - [TEST_STEP][PASSED] - waitForPageLoad(30): Wait for page load successfully

2019-05-28 13:59:40 - [MESSAGE][PASSED] - Wait for page load successfully

2019-05-28 13:59:40 - [TEST_STEP][PASSED] - waitForElementVisible(findTestObject("DESIGNTRACKER/HomePage/ApplicationAdminTab"), 30): Object 'Object Repository/DESIGNTRACKER/HomePage/ApplicationAdminTab' is visible

2019-05-28 13:59:41 - [MESSAGE][PASSED] - Object 'Object Repository/DESIGNTRACKER/HomePage/ApplicationAdminTab' is visible

2019-05-28 13:59:41 - [TEST_STEP][PASSED] - mouseOverOffset(findTestObject("DESIGNTRACKER/HomePage/ApplicationAdminTab"), 0, 0): Object: 'Object Repository/DESIGNTRACKER/HomePage/ApplicationAdminTab' is hovered using offset x = 0 and y = 0

2019-05-28 13:59:41 - [MESSAGE][PASSED] - Object: 'Object Repository/DESIGNTRACKER/HomePage/ApplicationAdminTab' is hovered using offset x = 0 and y = 0

2019-05-28 13:59:41 - [TEST_STEP][PASSED] - waitForElementVisible(findTestObject("DESIGNTRACKER/HomePage/BudgetNotify"), 30): Object 'Object Repository/DESIGNTRACKER/HomePage/BudgetNotify' is visible

2019-05-28 13:59:41 - [MESSAGE][PASSED] - Object 'Object Repository/DESIGNTRACKER/HomePage/BudgetNotify' is visible

2019-05-28 13:59:41 - [TEST_STEP][PASSED] - mouseOver(findTestObject("DESIGNTRACKER/HomePage/BudgetNotify")): Object: 'Object Repository/DESIGNTRACKER/HomePage/BudgetNotify' is hovered

2019-05-28 13:59:41 - [MESSAGE][PASSED] - Object: 'Object Repository/DESIGNTRACKER/HomePage/BudgetNotify' is hovered

2019-05-28 13:59:41 - [TEST_STEP][PASSED] - click(findTestObject("DESIGNTRACKER/HomePage/BudgetNotify")): Object: 'Object Repository/DESIGNTRACKER/HomePage/BudgetNotify' is clicked on

2019-05-28 13:59:43 - [MESSAGE][PASSED] - Object: 'Object Repository/DESIGNTRACKER/HomePage/BudgetNotify' is clicked on

2019-05-28 13:59:43 - [TEST_STEP][PASSED] - waitForPageLoad(30): Wait for page load successfully

2019-05-28 13:59:43 - [MESSAGE][PASSED] - Wait for page load successfully

2019-05-28 13:59:43 - [TEST_STEP][PASSED] - verifyTextPresent("Budget Request Notification", false): Text 'Budget Request Notification' is present on page 

2019-05-28 13:59:43 - [MESSAGE][PASSED] - Text 'Budget Request Notification' is present on page 

2019-05-28 13:59:43 - [TEST_STEP][PASSED] - waitForElementVisible(findTestObject("DESIGNTRACKER/APPLICATIONADMINISTRATION/BUDGETNOTIFY/CorporationDdn"), 30): Object 'Object Repository/DESIGNTRACKER/APPLICATIONADMINISTRATION/BUDGETNOTIFY/CorporationDdn' is visible

2019-05-28 13:59:43 - [MESSAGE][PASSED] - Object 'Object Repository/DESIGNTRACKER/APPLICATIONADMINISTRATION/BUDGETNOTIFY/CorporationDdn' is visible

2019-05-28 13:59:43 - [TEST_STEP][PASSED] - verifyElementPresent(findTestObject("DESIGNTRACKER/APPLICATIONADMINISTRATION/BUDGETNOTIFY/CorporationDdn"), 30): Object 'Object Repository/DESIGNTRACKER/APPLICATIONADMINISTRATION/BUDGETNOTIFY/CorporationDdn' is present

2019-05-28 13:59:43 - [MESSAGE][PASSED] - Object 'Object Repository/DESIGNTRACKER/APPLICATIONADMINISTRATION/BUDGETNOTIFY/CorporationDdn' is present

2019-05-28 13:59:43 - [TEST_STEP][PASSED] - closeBrowser(): Browser is closed

2019-05-28 13:59:44 - [MESSAGE][PASSED] - Browser is closed]]></system-out>
         <system-err><![CDATA[]]></system-err>
      </testcase>
      <testcase name="Test Cases/IIDT/DT SMOKE/VerifyMarketJobNoteNotificationPage" classname="Test Cases/IIDT/DT SMOKE/VerifyMarketJobNoteNotificationPage" status="PASSED">
         <system-out><![CDATA[2019-05-28 13:59:46 - [TEST_CASE][PASSED] - Test Cases/IIDT/DT SMOKE/VerifyMarketJobNoteNotificationPage: Test Cases/IIDT/DT SMOKE/VerifyMarketJobNoteNotificationPage

2019-05-28 13:59:46 - [TEST_STEP][PASSED] - openBrowser(""): Browser is opened with url: ''

2019-05-28 13:59:46 - [MESSAGE][INFO] - Starting 'Chrome' driver

2019-05-28 13:59:49 - [MESSAGE][PASSED] - Browser is opened with url: ''

2019-05-28 13:59:49 - [TEST_STEP][PASSED] - navigateToUrl("http://designtracker.uat.brandmuscle.net/"): Navigate to 'http://designtracker.uat.brandmuscle.net/' successfully

2019-05-28 13:59:52 - [MESSAGE][PASSED] - Navigate to 'http://designtracker.uat.brandmuscle.net/' successfully

2019-05-28 13:59:52 - [TEST_STEP][PASSED] - waitForPageLoad(30): Wait for page load successfully

2019-05-28 13:59:52 - [MESSAGE][PASSED] - Wait for page load successfully

2019-05-28 13:59:52 - [TEST_STEP][PASSED] - maximizeWindow(): Current window maximized

2019-05-28 13:59:54 - [MESSAGE][PASSED] - Current window maximized

2019-05-28 13:59:54 - [TEST_STEP][PASSED] - setText(findTestObject("DESIGNTRACKER/LoginPage/UserName"), "dibyashree.jyoti@brandmuscle.com"): Text 'dibyashree.jyoti@brandmuscle.com' is set on object 'Object Repository/DESIGNTRACKER/LoginPage/UserName'

2019-05-28 13:59:54 - [MESSAGE][PASSED] - Text 'dibyashree.jyoti@brandmuscle.com' is set on object 'Object Repository/DESIGNTRACKER/LoginPage/UserName'

2019-05-28 13:59:54 - [TEST_STEP][PASSED] - setText(findTestObject("DESIGNTRACKER/LoginPage/Password"), "dibya@1234"): Text 'dibya@1234' is set on object 'Object Repository/DESIGNTRACKER/LoginPage/Password'

2019-05-28 13:59:54 - [MESSAGE][PASSED] - Text 'dibya@1234' is set on object 'Object Repository/DESIGNTRACKER/LoginPage/Password'

2019-05-28 13:59:54 - [TEST_STEP][PASSED] - click(findTestObject("DESIGNTRACKER/LoginPage/LoginBtn")): Object: 'Object Repository/DESIGNTRACKER/LoginPage/LoginBtn' is clicked on

2019-05-28 13:59:57 - [MESSAGE][PASSED] - Object: 'Object Repository/DESIGNTRACKER/LoginPage/LoginBtn' is clicked on

2019-05-28 13:59:57 - [TEST_STEP][PASSED] - waitForPageLoad(30): Wait for page load successfully

2019-05-28 13:59:57 - [MESSAGE][PASSED] - Wait for page load successfully

2019-05-28 13:59:57 - [TEST_STEP][PASSED] - waitForElementVisible(findTestObject("DESIGNTRACKER/HomePage/ApplicationAdminTab"), 300): Object 'Object Repository/DESIGNTRACKER/HomePage/ApplicationAdminTab' is visible

2019-05-28 13:59:57 - [MESSAGE][PASSED] - Object 'Object Repository/DESIGNTRACKER/HomePage/ApplicationAdminTab' is visible

2019-05-28 13:59:57 - [TEST_STEP][PASSED] - mouseOverOffset(findTestObject("DESIGNTRACKER/HomePage/ApplicationAdminTab"), 0, 0): Object: 'Object Repository/DESIGNTRACKER/HomePage/ApplicationAdminTab' is hovered using offset x = 0 and y = 0

2019-05-28 13:59:57 - [MESSAGE][PASSED] - Object: 'Object Repository/DESIGNTRACKER/HomePage/ApplicationAdminTab' is hovered using offset x = 0 and y = 0

2019-05-28 13:59:57 - [TEST_STEP][PASSED] - waitForElementVisible(findTestObject("DESIGNTRACKER/HomePage/JobNoteNotify"), 300): Object 'Object Repository/DESIGNTRACKER/HomePage/JobNoteNotify' is visible

2019-05-28 13:59:57 - [MESSAGE][PASSED] - Object 'Object Repository/DESIGNTRACKER/HomePage/JobNoteNotify' is visible

2019-05-28 13:59:57 - [TEST_STEP][PASSED] - mouseOver(findTestObject("DESIGNTRACKER/HomePage/JobNoteNotify")): Object: 'Object Repository/DESIGNTRACKER/HomePage/JobNoteNotify' is hovered

2019-05-28 13:59:57 - [MESSAGE][PASSED] - Object: 'Object Repository/DESIGNTRACKER/HomePage/JobNoteNotify' is hovered

2019-05-28 13:59:57 - [TEST_STEP][PASSED] - click(findTestObject("DESIGNTRACKER/HomePage/JobNoteNotify")): Object: 'Object Repository/DESIGNTRACKER/HomePage/JobNoteNotify' is clicked on

2019-05-28 13:59:58 - [MESSAGE][PASSED] - Object: 'Object Repository/DESIGNTRACKER/HomePage/JobNoteNotify' is clicked on

2019-05-28 13:59:58 - [TEST_STEP][PASSED] - waitForPageLoad(30): Wait for page load successfully

2019-05-28 13:59:58 - [MESSAGE][PASSED] - Wait for page load successfully

2019-05-28 13:59:58 - [TEST_STEP][PASSED] - verifyTextPresent("Job Note Notification", false): Text 'Job Note Notification' is present on page 

2019-05-28 13:59:58 - [MESSAGE][PASSED] - Text 'Job Note Notification' is present on page 

2019-05-28 13:59:58 - [TEST_STEP][PASSED] - closeBrowser(): Browser is closed

2019-05-28 13:59:59 - [MESSAGE][PASSED] - Browser is closed]]></system-out>
         <system-err><![CDATA[]]></system-err>
      </testcase>
      <testcase name="Test Cases/IIDT/DT SMOKE/VerifyMarketRegionPage" classname="Test Cases/IIDT/DT SMOKE/VerifyMarketRegionPage" status="PASSED">
         <system-out><![CDATA[2019-05-28 14:00:01 - [TEST_CASE][PASSED] - Test Cases/IIDT/DT SMOKE/VerifyMarketRegionPage: Test Cases/IIDT/DT SMOKE/VerifyMarketRegionPage

2019-05-28 14:00:01 - [TEST_STEP][PASSED] - openBrowser(""): Browser is opened with url: ''

2019-05-28 14:00:01 - [MESSAGE][INFO] - Starting 'Chrome' driver

2019-05-28 14:00:04 - [MESSAGE][PASSED] - Browser is opened with url: ''

2019-05-28 14:00:04 - [TEST_STEP][PASSED] - navigateToUrl("http://designtracker.uat.brandmuscle.net/"): Navigate to 'http://designtracker.uat.brandmuscle.net/' successfully

2019-05-28 14:00:07 - [MESSAGE][PASSED] - Navigate to 'http://designtracker.uat.brandmuscle.net/' successfully

2019-05-28 14:00:07 - [TEST_STEP][PASSED] - waitForPageLoad(30): Wait for page load successfully

2019-05-28 14:00:07 - [MESSAGE][PASSED] - Wait for page load successfully

2019-05-28 14:00:07 - [TEST_STEP][PASSED] - maximizeWindow(): Current window maximized

2019-05-28 14:00:08 - [MESSAGE][PASSED] - Current window maximized

2019-05-28 14:00:08 - [TEST_STEP][PASSED] - setText(findTestObject("DESIGNTRACKER/LoginPage/UserName"), "dibyashree.jyoti@brandmuscle.com"): Text 'dibyashree.jyoti@brandmuscle.com' is set on object 'Object Repository/DESIGNTRACKER/LoginPage/UserName'

2019-05-28 14:00:08 - [MESSAGE][PASSED] - Text 'dibyashree.jyoti@brandmuscle.com' is set on object 'Object Repository/DESIGNTRACKER/LoginPage/UserName'

2019-05-28 14:00:08 - [TEST_STEP][PASSED] - setText(findTestObject("DESIGNTRACKER/LoginPage/Password"), "dibya@1234"): Text 'dibya@1234' is set on object 'Object Repository/DESIGNTRACKER/LoginPage/Password'

2019-05-28 14:00:08 - [MESSAGE][PASSED] - Text 'dibya@1234' is set on object 'Object Repository/DESIGNTRACKER/LoginPage/Password'

2019-05-28 14:00:08 - [TEST_STEP][PASSED] - click(findTestObject("DESIGNTRACKER/LoginPage/LoginBtn")): Object: 'Object Repository/DESIGNTRACKER/LoginPage/LoginBtn' is clicked on

2019-05-28 14:00:12 - [MESSAGE][PASSED] - Object: 'Object Repository/DESIGNTRACKER/LoginPage/LoginBtn' is clicked on

2019-05-28 14:00:12 - [TEST_STEP][PASSED] - waitForPageLoad(30): Wait for page load successfully

2019-05-28 14:00:12 - [MESSAGE][PASSED] - Wait for page load successfully

2019-05-28 14:00:12 - [TEST_STEP][PASSED] - waitForElementVisible(findTestObject("DESIGNTRACKER/HomePage/ApplicationAdminTab"), 30): Object 'Object Repository/DESIGNTRACKER/HomePage/ApplicationAdminTab' is visible

2019-05-28 14:00:12 - [MESSAGE][PASSED] - Object 'Object Repository/DESIGNTRACKER/HomePage/ApplicationAdminTab' is visible

2019-05-28 14:00:12 - [TEST_STEP][PASSED] - mouseOverOffset(findTestObject("DESIGNTRACKER/HomePage/ApplicationAdminTab"), 0, 0): Object: 'Object Repository/DESIGNTRACKER/HomePage/ApplicationAdminTab' is hovered using offset x = 0 and y = 0

2019-05-28 14:00:12 - [MESSAGE][PASSED] - Object: 'Object Repository/DESIGNTRACKER/HomePage/ApplicationAdminTab' is hovered using offset x = 0 and y = 0

2019-05-28 14:00:12 - [TEST_STEP][PASSED] - waitForElementVisible(findTestObject("DESIGNTRACKER/HomePage/MarketRegionTab"), 30): Object 'Object Repository/DESIGNTRACKER/HomePage/MarketRegionTab' is visible

2019-05-28 14:00:12 - [MESSAGE][PASSED] - Object 'Object Repository/DESIGNTRACKER/HomePage/MarketRegionTab' is visible

2019-05-28 14:00:12 - [TEST_STEP][PASSED] - mouseOver(findTestObject("DESIGNTRACKER/HomePage/MarketRegionTab")): Object: 'Object Repository/DESIGNTRACKER/HomePage/MarketRegionTab' is hovered

2019-05-28 14:00:12 - [MESSAGE][PASSED] - Object: 'Object Repository/DESIGNTRACKER/HomePage/MarketRegionTab' is hovered

2019-05-28 14:00:12 - [TEST_STEP][PASSED] - click(findTestObject("DESIGNTRACKER/HomePage/MarketRegionTab")): Object: 'Object Repository/DESIGNTRACKER/HomePage/MarketRegionTab' is clicked on

2019-05-28 14:00:15 - [MESSAGE][PASSED] - Object: 'Object Repository/DESIGNTRACKER/HomePage/MarketRegionTab' is clicked on

2019-05-28 14:00:15 - [TEST_STEP][PASSED] - waitForPageLoad(30): Wait for page load successfully

2019-05-28 14:00:15 - [MESSAGE][PASSED] - Wait for page load successfully

2019-05-28 14:00:15 - [TEST_STEP][PASSED] - verifyTextPresent("Market Region", false): Text 'Market Region' is present on page 

2019-05-28 14:00:16 - [MESSAGE][PASSED] - Text 'Market Region' is present on page 

2019-05-28 14:00:16 - [TEST_STEP][PASSED] - verifyTextPresent("Manage Market Regions", false): Text 'Manage Market Regions' is present on page 

2019-05-28 14:00:17 - [MESSAGE][PASSED] - Text 'Manage Market Regions' is present on page 

2019-05-28 14:00:17 - [TEST_STEP][PASSED] - closeBrowser(): Browser is closed

2019-05-28 14:00:18 - [MESSAGE][PASSED] - Browser is closed]]></system-out>
         <system-err><![CDATA[]]></system-err>
      </testcase>
      <testcase name="Test Cases/IIDT/DT SMOKE/VerifyMarketsPage" classname="Test Cases/IIDT/DT SMOKE/VerifyMarketsPage" status="PASSED">
         <system-out><![CDATA[2019-05-28 14:00:20 - [TEST_CASE][PASSED] - Test Cases/IIDT/DT SMOKE/VerifyMarketsPage: Test Cases/IIDT/DT SMOKE/VerifyMarketsPage

2019-05-28 14:00:20 - [TEST_STEP][PASSED] - openBrowser(""): Browser is opened with url: ''

2019-05-28 14:00:20 - [MESSAGE][INFO] - Starting 'Chrome' driver

2019-05-28 14:00:24 - [MESSAGE][PASSED] - Browser is opened with url: ''

2019-05-28 14:00:24 - [TEST_STEP][PASSED] - navigateToUrl("http://designtracker.uat.brandmuscle.net/"): Navigate to 'http://designtracker.uat.brandmuscle.net/' successfully

2019-05-28 14:00:28 - [MESSAGE][PASSED] - Navigate to 'http://designtracker.uat.brandmuscle.net/' successfully

2019-05-28 14:00:28 - [TEST_STEP][PASSED] - waitForPageLoad(30): Wait for page load successfully

2019-05-28 14:00:28 - [MESSAGE][PASSED] - Wait for page load successfully

2019-05-28 14:00:28 - [TEST_STEP][PASSED] - maximizeWindow(): Current window maximized

2019-05-28 14:00:30 - [MESSAGE][PASSED] - Current window maximized

2019-05-28 14:00:30 - [TEST_STEP][PASSED] - setText(findTestObject("DESIGNTRACKER/LoginPage/UserName"), "dibyashree.jyoti@brandmuscle.com"): Text 'dibyashree.jyoti@brandmuscle.com' is set on object 'Object Repository/DESIGNTRACKER/LoginPage/UserName'

2019-05-28 14:00:30 - [MESSAGE][PASSED] - Text 'dibyashree.jyoti@brandmuscle.com' is set on object 'Object Repository/DESIGNTRACKER/LoginPage/UserName'

2019-05-28 14:00:30 - [TEST_STEP][PASSED] - setText(findTestObject("DESIGNTRACKER/LoginPage/Password"), "dibya@1234"): Text 'dibya@1234' is set on object 'Object Repository/DESIGNTRACKER/LoginPage/Password'

2019-05-28 14:00:30 - [MESSAGE][PASSED] - Text 'dibya@1234' is set on object 'Object Repository/DESIGNTRACKER/LoginPage/Password'

2019-05-28 14:00:30 - [TEST_STEP][PASSED] - click(findTestObject("DESIGNTRACKER/LoginPage/LoginBtn")): Object: 'Object Repository/DESIGNTRACKER/LoginPage/LoginBtn' is clicked on

2019-05-28 14:00:32 - [MESSAGE][PASSED] - Object: 'Object Repository/DESIGNTRACKER/LoginPage/LoginBtn' is clicked on

2019-05-28 14:00:32 - [TEST_STEP][PASSED] - waitForPageLoad(30): Wait for page load successfully

2019-05-28 14:00:32 - [MESSAGE][PASSED] - Wait for page load successfully

2019-05-28 14:00:32 - [TEST_STEP][PASSED] - waitForElementVisible(findTestObject("DESIGNTRACKER/HomePage/ApplicationAdminTab"), 30): Object 'Object Repository/DESIGNTRACKER/HomePage/ApplicationAdminTab' is visible

2019-05-28 14:00:32 - [MESSAGE][PASSED] - Object 'Object Repository/DESIGNTRACKER/HomePage/ApplicationAdminTab' is visible

2019-05-28 14:00:32 - [TEST_STEP][PASSED] - mouseOverOffset(findTestObject("DESIGNTRACKER/HomePage/ApplicationAdminTab"), 0, 0): Object: 'Object Repository/DESIGNTRACKER/HomePage/ApplicationAdminTab' is hovered using offset x = 0 and y = 0

2019-05-28 14:00:32 - [MESSAGE][PASSED] - Object: 'Object Repository/DESIGNTRACKER/HomePage/ApplicationAdminTab' is hovered using offset x = 0 and y = 0

2019-05-28 14:00:32 - [TEST_STEP][PASSED] - waitForElementVisible(findTestObject("DESIGNTRACKER/HomePage/MarketsBtn"), 30): Object 'Object Repository/DESIGNTRACKER/HomePage/MarketsBtn' is visible

2019-05-28 14:00:33 - [MESSAGE][PASSED] - Object 'Object Repository/DESIGNTRACKER/HomePage/MarketsBtn' is visible

2019-05-28 14:00:33 - [TEST_STEP][PASSED] - mouseOver(findTestObject("DESIGNTRACKER/HomePage/MarketsBtn")): Object: 'Object Repository/DESIGNTRACKER/HomePage/MarketsBtn' is hovered

2019-05-28 14:00:33 - [MESSAGE][PASSED] - Object: 'Object Repository/DESIGNTRACKER/HomePage/MarketsBtn' is hovered

2019-05-28 14:00:33 - [TEST_STEP][PASSED] - click(findTestObject("DESIGNTRACKER/HomePage/MarketsBtn")): Object: 'Object Repository/DESIGNTRACKER/HomePage/MarketsBtn' is clicked on

2019-05-28 14:00:35 - [MESSAGE][PASSED] - Object: 'Object Repository/DESIGNTRACKER/HomePage/MarketsBtn' is clicked on

2019-05-28 14:00:35 - [TEST_STEP][PASSED] - waitForPageLoad(30): Wait for page load successfully

2019-05-28 14:00:35 - [MESSAGE][PASSED] - Wait for page load successfully

2019-05-28 14:00:35 - [TEST_STEP][PASSED] - verifyTextPresent("Market", false): Text 'Market' is present on page 

2019-05-28 14:00:39 - [MESSAGE][PASSED] - Text 'Market' is present on page 

2019-05-28 14:00:39 - [TEST_STEP][PASSED] - verifyTextPresent("Manage Markets", false): Text 'Manage Markets' is present on page 

2019-05-28 14:00:42 - [MESSAGE][PASSED] - Text 'Manage Markets' is present on page 

2019-05-28 14:00:42 - [TEST_STEP][PASSED] - closeBrowser(): Browser is closed

2019-05-28 14:00:43 - [MESSAGE][PASSED] - Browser is closed]]></system-out>
         <system-err><![CDATA[]]></system-err>
      </testcase>
      <testcase name="Test Cases/IIDT/DT SMOKE/VerifyNewJobPage" classname="Test Cases/IIDT/DT SMOKE/VerifyNewJobPage" status="PASSED">
         <system-out><![CDATA[2019-05-28 14:00:45 - [TEST_CASE][PASSED] - Test Cases/IIDT/DT SMOKE/VerifyNewJobPage: Test Cases/IIDT/DT SMOKE/VerifyNewJobPage

2019-05-28 14:00:45 - [TEST_STEP][PASSED] - openBrowser("http://designtracker.uat.brandmuscle.net"): Browser is opened with url: 'http://designtracker.uat.brandmuscle.net'

2019-05-28 14:00:45 - [MESSAGE][INFO] - Starting 'Chrome' driver

2019-05-28 14:00:51 - [MESSAGE][PASSED] - Browser is opened with url: 'http://designtracker.uat.brandmuscle.net'

2019-05-28 14:00:51 - [TEST_STEP][PASSED] - maximizeWindow(): Current window maximized

2019-05-28 14:00:52 - [MESSAGE][PASSED] - Current window maximized

2019-05-28 14:00:52 - [TEST_STEP][PASSED] - waitForPageLoad(30): Wait for page load successfully

2019-05-28 14:00:53 - [MESSAGE][PASSED] - Wait for page load successfully

2019-05-28 14:00:53 - [TEST_STEP][PASSED] - setText(findTestObject("DESIGNTRACKER/LoginPage/UserName"), "dibyashree.jyoti@brandmuscle.com"): Text 'dibyashree.jyoti@brandmuscle.com' is set on object 'Object Repository/DESIGNTRACKER/LoginPage/UserName'

2019-05-28 14:00:53 - [MESSAGE][PASSED] - Text 'dibyashree.jyoti@brandmuscle.com' is set on object 'Object Repository/DESIGNTRACKER/LoginPage/UserName'

2019-05-28 14:00:53 - [TEST_STEP][PASSED] - setText(findTestObject("DESIGNTRACKER/LoginPage/Password"), "dibya@1234"): Text 'dibya@1234' is set on object 'Object Repository/DESIGNTRACKER/LoginPage/Password'

2019-05-28 14:00:53 - [MESSAGE][PASSED] - Text 'dibya@1234' is set on object 'Object Repository/DESIGNTRACKER/LoginPage/Password'

2019-05-28 14:00:53 - [TEST_STEP][PASSED] - waitForElementVisible(findTestObject("DESIGNTRACKER/LoginPage/LoginBtn"), 30): Object 'Object Repository/DESIGNTRACKER/LoginPage/LoginBtn' is visible

2019-05-28 14:00:53 - [MESSAGE][PASSED] - Object 'Object Repository/DESIGNTRACKER/LoginPage/LoginBtn' is visible

2019-05-28 14:00:53 - [TEST_STEP][PASSED] - click(findTestObject("DESIGNTRACKER/LoginPage/LoginBtn")): Object: 'Object Repository/DESIGNTRACKER/LoginPage/LoginBtn' is clicked on

2019-05-28 14:00:56 - [MESSAGE][PASSED] - Object: 'Object Repository/DESIGNTRACKER/LoginPage/LoginBtn' is clicked on

2019-05-28 14:00:56 - [TEST_STEP][PASSED] - waitForPageLoad(30): Wait for page load successfully

2019-05-28 14:00:56 - [MESSAGE][PASSED] - Wait for page load successfully

2019-05-28 14:00:56 - [TEST_STEP][PASSED] - waitForElementVisible(findTestObject("DESIGNTRACKER/HomePage/Jobs"), 30): Object 'Object Repository/DESIGNTRACKER/HomePage/Jobs' is visible

2019-05-28 14:00:56 - [MESSAGE][PASSED] - Object 'Object Repository/DESIGNTRACKER/HomePage/Jobs' is visible

2019-05-28 14:00:56 - [TEST_STEP][PASSED] - mouseOverOffset(findTestObject("DESIGNTRACKER/HomePage/Jobs"), 0, 0): Object: 'Object Repository/DESIGNTRACKER/HomePage/Jobs' is hovered using offset x = 0 and y = 0

2019-05-28 14:00:56 - [MESSAGE][PASSED] - Object: 'Object Repository/DESIGNTRACKER/HomePage/Jobs' is hovered using offset x = 0 and y = 0

2019-05-28 14:00:56 - [TEST_STEP][PASSED] - waitForElementVisible(findTestObject("DESIGNTRACKER/HomePage/New"), 30): Object 'Object Repository/DESIGNTRACKER/HomePage/New' is visible

2019-05-28 14:00:57 - [MESSAGE][PASSED] - Object 'Object Repository/DESIGNTRACKER/HomePage/New' is visible

2019-05-28 14:00:57 - [TEST_STEP][PASSED] - mouseOver(findTestObject("DESIGNTRACKER/HomePage/New")): Object: 'Object Repository/DESIGNTRACKER/HomePage/New' is hovered

2019-05-28 14:00:57 - [MESSAGE][PASSED] - Object: 'Object Repository/DESIGNTRACKER/HomePage/New' is hovered

2019-05-28 14:00:57 - [TEST_STEP][PASSED] - click(findTestObject("DESIGNTRACKER/HomePage/New")): Object: 'Object Repository/DESIGNTRACKER/HomePage/New' is clicked on

2019-05-28 14:00:58 - [MESSAGE][PASSED] - Object: 'Object Repository/DESIGNTRACKER/HomePage/New' is clicked on

2019-05-28 14:00:58 - [TEST_STEP][PASSED] - waitForPageLoad(30): Wait for page load successfully

2019-05-28 14:00:58 - [MESSAGE][PASSED] - Wait for page load successfully

2019-05-28 14:00:58 - [TEST_STEP][PASSED] - waitForElementVisible(findTestObject("DESIGNTRACKER/JobNew/CorporationDropDown"), 30): Object 'Object Repository/DESIGNTRACKER/JobNew/CorporationDropDown' is visible

2019-05-28 14:00:58 - [MESSAGE][PASSED] - Object 'Object Repository/DESIGNTRACKER/JobNew/CorporationDropDown' is visible

2019-05-28 14:00:58 - [TEST_STEP][PASSED] - verifyElementVisible(findTestObject("DESIGNTRACKER/JobNew/CorporationDropDown")): Object 'Object Repository/DESIGNTRACKER/JobNew/CorporationDropDown' is visible

2019-05-28 14:00:58 - [MESSAGE][PASSED] - Object 'Object Repository/DESIGNTRACKER/JobNew/CorporationDropDown' is visible

2019-05-28 14:00:58 - [TEST_STEP][PASSED] - waitForElementVisible(findTestObject("DESIGNTRACKER/JobNew/SupplierDistributorDropdown"), 30): Object 'Object Repository/DESIGNTRACKER/JobNew/SupplierDistributorDropdown' is visible

2019-05-28 14:00:58 - [MESSAGE][PASSED] - Object 'Object Repository/DESIGNTRACKER/JobNew/SupplierDistributorDropdown' is visible

2019-05-28 14:00:58 - [TEST_STEP][PASSED] - verifyElementVisible(findTestObject("DESIGNTRACKER/JobNew/SupplierDistributorDropdown")): Object 'Object Repository/DESIGNTRACKER/JobNew/SupplierDistributorDropdown' is visible

2019-05-28 14:00:58 - [MESSAGE][PASSED] - Object 'Object Repository/DESIGNTRACKER/JobNew/SupplierDistributorDropdown' is visible

2019-05-28 14:00:58 - [TEST_STEP][PASSED] - waitForElementVisible(findTestObject("DESIGNTRACKER/JobNew/SalesPersonDropDown"), 30): Object 'Object Repository/DESIGNTRACKER/JobNew/SalesPersonDropDown' is visible

2019-05-28 14:00:58 - [MESSAGE][PASSED] - Object 'Object Repository/DESIGNTRACKER/JobNew/SalesPersonDropDown' is visible

2019-05-28 14:00:58 - [TEST_STEP][PASSED] - verifyElementVisible(findTestObject("DESIGNTRACKER/JobNew/SalesPersonDropDown")): Object 'Object Repository/DESIGNTRACKER/JobNew/SalesPersonDropDown' is visible

2019-05-28 14:00:58 - [MESSAGE][PASSED] - Object 'Object Repository/DESIGNTRACKER/JobNew/SalesPersonDropDown' is visible

2019-05-28 14:00:58 - [TEST_STEP][PASSED] - waitForElementVisible(findTestObject("DESIGNTRACKER/JobNew/AccontDropDown"), 30): Object 'Object Repository/DESIGNTRACKER/JobNew/AccontDropDown' is visible

2019-05-28 14:00:58 - [MESSAGE][PASSED] - Object 'Object Repository/DESIGNTRACKER/JobNew/AccontDropDown' is visible

2019-05-28 14:00:58 - [TEST_STEP][PASSED] - verifyElementVisible(findTestObject("DESIGNTRACKER/JobNew/AccontDropDown")): Object 'Object Repository/DESIGNTRACKER/JobNew/AccontDropDown' is visible

2019-05-28 14:00:58 - [MESSAGE][PASSED] - Object 'Object Repository/DESIGNTRACKER/JobNew/AccontDropDown' is visible

2019-05-28 14:00:58 - [TEST_STEP][PASSED] - waitForElementVisible(findTestObject("DESIGNTRACKER/JobNew/Jobtype"), 30): Object 'Object Repository/DESIGNTRACKER/JobNew/Jobtype' is visible

2019-05-28 14:00:59 - [MESSAGE][PASSED] - Object 'Object Repository/DESIGNTRACKER/JobNew/Jobtype' is visible

2019-05-28 14:00:59 - [TEST_STEP][PASSED] - verifyElementVisible(findTestObject("DESIGNTRACKER/JobNew/Jobtype")): Object 'Object Repository/DESIGNTRACKER/JobNew/Jobtype' is visible

2019-05-28 14:00:59 - [MESSAGE][PASSED] - Object 'Object Repository/DESIGNTRACKER/JobNew/Jobtype' is visible

2019-05-28 14:00:59 - [TEST_STEP][PASSED] - waitForElementVisible(findTestObject("DESIGNTRACKER/JobNew/CreateJobBtn"), 30): Object 'Object Repository/DESIGNTRACKER/JobNew/CreateJobBtn' is visible

2019-05-28 14:00:59 - [MESSAGE][PASSED] - Object 'Object Repository/DESIGNTRACKER/JobNew/CreateJobBtn' is visible

2019-05-28 14:00:59 - [TEST_STEP][PASSED] - verifyElementClickable(findTestObject("DESIGNTRACKER/JobNew/CreateJobBtn")): Object 'Object Repository/DESIGNTRACKER/JobNew/CreateJobBtn' is clickable

2019-05-28 14:00:59 - [MESSAGE][PASSED] - Object 'Object Repository/DESIGNTRACKER/JobNew/CreateJobBtn' is clickable

2019-05-28 14:00:59 - [TEST_STEP][PASSED] - verifyTextPresent("New Job", false): Text 'New Job' is present on page 

2019-05-28 14:00:59 - [MESSAGE][PASSED] - Text 'New Job' is present on page 

2019-05-28 14:00:59 - [TEST_STEP][PASSED] - closeBrowser(): Browser is closed

2019-05-28 14:00:59 - [MESSAGE][PASSED] - Browser is closed]]></system-out>
         <system-err><![CDATA[]]></system-err>
      </testcase>
      <testcase name="Test Cases/IIDT/DT SMOKE/VerifyNoteTypePage" classname="Test Cases/IIDT/DT SMOKE/VerifyNoteTypePage" status="PASSED">
         <system-out><![CDATA[2019-05-28 14:01:02 - [TEST_CASE][PASSED] - Test Cases/IIDT/DT SMOKE/VerifyNoteTypePage: Test Cases/IIDT/DT SMOKE/VerifyNoteTypePage

2019-05-28 14:01:02 - [TEST_STEP][PASSED] - openBrowser(""): Browser is opened with url: ''

2019-05-28 14:01:02 - [MESSAGE][INFO] - Starting 'Chrome' driver

2019-05-28 14:01:06 - [MESSAGE][PASSED] - Browser is opened with url: ''

2019-05-28 14:01:06 - [TEST_STEP][PASSED] - navigateToUrl("http://designtracker.uat.brandmuscle.net/"): Navigate to 'http://designtracker.uat.brandmuscle.net/' successfully

2019-05-28 14:01:09 - [MESSAGE][PASSED] - Navigate to 'http://designtracker.uat.brandmuscle.net/' successfully

2019-05-28 14:01:09 - [TEST_STEP][PASSED] - waitForPageLoad(30): Wait for page load successfully

2019-05-28 14:01:09 - [MESSAGE][PASSED] - Wait for page load successfully

2019-05-28 14:01:09 - [TEST_STEP][PASSED] - maximizeWindow(): Current window maximized

2019-05-28 14:01:10 - [MESSAGE][PASSED] - Current window maximized

2019-05-28 14:01:10 - [TEST_STEP][PASSED] - setText(findTestObject("DESIGNTRACKER/LoginPage/UserName"), "dibyashree.jyoti@brandmuscle.com"): Text 'dibyashree.jyoti@brandmuscle.com' is set on object 'Object Repository/DESIGNTRACKER/LoginPage/UserName'

2019-05-28 14:01:10 - [MESSAGE][PASSED] - Text 'dibyashree.jyoti@brandmuscle.com' is set on object 'Object Repository/DESIGNTRACKER/LoginPage/UserName'

2019-05-28 14:01:10 - [TEST_STEP][PASSED] - setText(findTestObject("DESIGNTRACKER/LoginPage/Password"), "dibya@1234"): Text 'dibya@1234' is set on object 'Object Repository/DESIGNTRACKER/LoginPage/Password'

2019-05-28 14:01:10 - [MESSAGE][PASSED] - Text 'dibya@1234' is set on object 'Object Repository/DESIGNTRACKER/LoginPage/Password'

2019-05-28 14:01:10 - [TEST_STEP][PASSED] - click(findTestObject("DESIGNTRACKER/LoginPage/LoginBtn")): Object: 'Object Repository/DESIGNTRACKER/LoginPage/LoginBtn' is clicked on

2019-05-28 14:01:14 - [MESSAGE][PASSED] - Object: 'Object Repository/DESIGNTRACKER/LoginPage/LoginBtn' is clicked on

2019-05-28 14:01:14 - [TEST_STEP][PASSED] - waitForPageLoad(30): Wait for page load successfully

2019-05-28 14:01:14 - [MESSAGE][PASSED] - Wait for page load successfully

2019-05-28 14:01:14 - [TEST_STEP][PASSED] - waitForElementVisible(findTestObject("DESIGNTRACKER/HomePage/ApplicationAdminTab"), 30): Object 'Object Repository/DESIGNTRACKER/HomePage/ApplicationAdminTab' is visible

2019-05-28 14:01:14 - [MESSAGE][PASSED] - Object 'Object Repository/DESIGNTRACKER/HomePage/ApplicationAdminTab' is visible

2019-05-28 14:01:14 - [TEST_STEP][PASSED] - mouseOverOffset(findTestObject("DESIGNTRACKER/HomePage/ApplicationAdminTab"), 0, 0): Object: 'Object Repository/DESIGNTRACKER/HomePage/ApplicationAdminTab' is hovered using offset x = 0 and y = 0

2019-05-28 14:01:14 - [MESSAGE][PASSED] - Object: 'Object Repository/DESIGNTRACKER/HomePage/ApplicationAdminTab' is hovered using offset x = 0 and y = 0

2019-05-28 14:01:14 - [TEST_STEP][PASSED] - waitForElementVisible(findTestObject("DESIGNTRACKER/HomePage/NoteTypeBtn"), 30): Object 'Object Repository/DESIGNTRACKER/HomePage/NoteTypeBtn' is visible

2019-05-28 14:01:14 - [MESSAGE][PASSED] - Object 'Object Repository/DESIGNTRACKER/HomePage/NoteTypeBtn' is visible

2019-05-28 14:01:14 - [TEST_STEP][PASSED] - click(findTestObject("DESIGNTRACKER/HomePage/NoteTypeBtn")): Object: 'Object Repository/DESIGNTRACKER/HomePage/NoteTypeBtn' is clicked on

2019-05-28 14:01:17 - [MESSAGE][PASSED] - Object: 'Object Repository/DESIGNTRACKER/HomePage/NoteTypeBtn' is clicked on

2019-05-28 14:01:17 - [TEST_STEP][PASSED] - waitForPageLoad(30): Wait for page load successfully

2019-05-28 14:01:17 - [MESSAGE][PASSED] - Wait for page load successfully

2019-05-28 14:01:17 - [TEST_STEP][PASSED] - verifyTextPresent("Note Types", false): Text 'Note Types' is present on page 

2019-05-28 14:01:17 - [MESSAGE][PASSED] - Text 'Note Types' is present on page 

2019-05-28 14:01:17 - [TEST_STEP][PASSED] - closeBrowser(): Browser is closed

2019-05-28 14:01:18 - [MESSAGE][PASSED] - Browser is closed]]></system-out>
         <system-err><![CDATA[]]></system-err>
      </testcase>
      <testcase name="Test Cases/IIDT/DT SMOKE/VerifyNotificationGroupManagementPage" classname="Test Cases/IIDT/DT SMOKE/VerifyNotificationGroupManagementPage" status="PASSED">
         <system-out><![CDATA[2019-05-28 14:01:20 - [TEST_CASE][PASSED] - Test Cases/IIDT/DT SMOKE/VerifyNotificationGroupManagementPage: Test Cases/IIDT/DT SMOKE/VerifyNotificationGroupManagementPage

2019-05-28 14:01:20 - [TEST_STEP][PASSED] - openBrowser(""): Browser is opened with url: ''

2019-05-28 14:01:20 - [MESSAGE][INFO] - Starting 'Chrome' driver

2019-05-28 14:01:23 - [MESSAGE][PASSED] - Browser is opened with url: ''

2019-05-28 14:01:23 - [TEST_STEP][PASSED] - navigateToUrl("http://designtracker.uat.brandmuscle.net/"): Navigate to 'http://designtracker.uat.brandmuscle.net/' successfully

2019-05-28 14:01:27 - [MESSAGE][PASSED] - Navigate to 'http://designtracker.uat.brandmuscle.net/' successfully

2019-05-28 14:01:27 - [TEST_STEP][PASSED] - waitForPageLoad(30): Wait for page load successfully

2019-05-28 14:01:27 - [MESSAGE][PASSED] - Wait for page load successfully

2019-05-28 14:01:27 - [TEST_STEP][PASSED] - maximizeWindow(): Current window maximized

2019-05-28 14:01:28 - [MESSAGE][PASSED] - Current window maximized

2019-05-28 14:01:28 - [TEST_STEP][PASSED] - setText(findTestObject("DESIGNTRACKER/LoginPage/UserName"), "dibyashree.jyoti@brandmuscle.com"): Text 'dibyashree.jyoti@brandmuscle.com' is set on object 'Object Repository/DESIGNTRACKER/LoginPage/UserName'

2019-05-28 14:01:28 - [MESSAGE][PASSED] - Text 'dibyashree.jyoti@brandmuscle.com' is set on object 'Object Repository/DESIGNTRACKER/LoginPage/UserName'

2019-05-28 14:01:28 - [TEST_STEP][PASSED] - setText(findTestObject("DESIGNTRACKER/LoginPage/Password"), "dibya@1234"): Text 'dibya@1234' is set on object 'Object Repository/DESIGNTRACKER/LoginPage/Password'

2019-05-28 14:01:28 - [MESSAGE][PASSED] - Text 'dibya@1234' is set on object 'Object Repository/DESIGNTRACKER/LoginPage/Password'

2019-05-28 14:01:28 - [TEST_STEP][PASSED] - click(findTestObject("DESIGNTRACKER/LoginPage/LoginBtn")): Object: 'Object Repository/DESIGNTRACKER/LoginPage/LoginBtn' is clicked on

2019-05-28 14:01:32 - [MESSAGE][PASSED] - Object: 'Object Repository/DESIGNTRACKER/LoginPage/LoginBtn' is clicked on

2019-05-28 14:01:32 - [TEST_STEP][PASSED] - waitForPageLoad(30): Wait for page load successfully

2019-05-28 14:01:32 - [MESSAGE][PASSED] - Wait for page load successfully

2019-05-28 14:01:32 - [TEST_STEP][PASSED] - waitForElementVisible(findTestObject("DESIGNTRACKER/HomePage/ApplicationAdminTab"), 30): Object 'Object Repository/DESIGNTRACKER/HomePage/ApplicationAdminTab' is visible

2019-05-28 14:01:32 - [MESSAGE][PASSED] - Object 'Object Repository/DESIGNTRACKER/HomePage/ApplicationAdminTab' is visible

2019-05-28 14:01:32 - [TEST_STEP][PASSED] - mouseOverOffset(findTestObject("DESIGNTRACKER/HomePage/ApplicationAdminTab"), 0, 0): Object: 'Object Repository/DESIGNTRACKER/HomePage/ApplicationAdminTab' is hovered using offset x = 0 and y = 0

2019-05-28 14:01:32 - [MESSAGE][PASSED] - Object: 'Object Repository/DESIGNTRACKER/HomePage/ApplicationAdminTab' is hovered using offset x = 0 and y = 0

2019-05-28 14:01:32 - [TEST_STEP][PASSED] - waitForElementVisible(findTestObject("DESIGNTRACKER/HomePage/NotificationGroupManagementBtn"), 30): Object 'Object Repository/DESIGNTRACKER/HomePage/NotificationGroupManagementBtn' is visible

2019-05-28 14:01:32 - [MESSAGE][PASSED] - Object 'Object Repository/DESIGNTRACKER/HomePage/NotificationGroupManagementBtn' is visible

2019-05-28 14:01:32 - [TEST_STEP][PASSED] - mouseOver(findTestObject("DESIGNTRACKER/HomePage/NotificationGroupManagementBtn")): Object: 'Object Repository/DESIGNTRACKER/HomePage/NotificationGroupManagementBtn' is hovered

2019-05-28 14:01:32 - [MESSAGE][PASSED] - Object: 'Object Repository/DESIGNTRACKER/HomePage/NotificationGroupManagementBtn' is hovered

2019-05-28 14:01:32 - [TEST_STEP][PASSED] - click(findTestObject("DESIGNTRACKER/HomePage/NotificationGroupManagementBtn")): Object: 'Object Repository/DESIGNTRACKER/HomePage/NotificationGroupManagementBtn' is clicked on

2019-05-28 14:01:35 - [MESSAGE][PASSED] - Object: 'Object Repository/DESIGNTRACKER/HomePage/NotificationGroupManagementBtn' is clicked on

2019-05-28 14:01:35 - [TEST_STEP][PASSED] - waitForPageLoad(30): Wait for page load successfully

2019-05-28 14:01:35 - [MESSAGE][PASSED] - Wait for page load successfully

2019-05-28 14:01:35 - [TEST_STEP][PASSED] - verifyTextPresent("Notification Group Management", false): Text 'Notification Group Management' is present on page 

2019-05-28 14:01:35 - [MESSAGE][PASSED] - Text 'Notification Group Management' is present on page 

2019-05-28 14:01:35 - [TEST_STEP][PASSED] - verifyElementClickable(findTestObject("DESIGNTRACKER/APPLICATIONADMINISTRATION/NOTIFICATIONGROUP/AddUserBtn")): Object 'Object Repository/DESIGNTRACKER/APPLICATIONADMINISTRATION/NOTIFICATIONGROUP/AddUserBtn' is clickable

2019-05-28 14:01:35 - [MESSAGE][PASSED] - Object 'Object Repository/DESIGNTRACKER/APPLICATIONADMINISTRATION/NOTIFICATIONGROUP/AddUserBtn' is clickable

2019-05-28 14:01:35 - [TEST_STEP][PASSED] - verifyElementClickable(findTestObject("DESIGNTRACKER/APPLICATIONADMINISTRATION/NOTIFICATIONGROUP/InsertLink")): Object 'Object Repository/DESIGNTRACKER/APPLICATIONADMINISTRATION/NOTIFICATIONGROUP/InsertLink' is clickable

2019-05-28 14:01:35 - [MESSAGE][PASSED] - Object 'Object Repository/DESIGNTRACKER/APPLICATIONADMINISTRATION/NOTIFICATIONGROUP/InsertLink' is clickable

2019-05-28 14:01:35 - [TEST_STEP][PASSED] - closeBrowser(): Browser is closed

2019-05-28 14:01:36 - [MESSAGE][PASSED] - Browser is closed]]></system-out>
         <system-err><![CDATA[]]></system-err>
      </testcase>
      <testcase name="Test Cases/IIDT/DT SMOKE/VerifySalesPeoplePage" classname="Test Cases/IIDT/DT SMOKE/VerifySalesPeoplePage" status="ERROR">
         <error type="ERROR" message="Test Cases/IIDT/DT SMOKE/VerifySalesPeoplePage FAILED.
Reason:
java.lang.ClassNotFoundException: com.dtmethods.utilitymethods
	at com.kms.katalon.core.main.CustomKeywordDelegatingMetaClass.getCustomKeywordClassAndSetMetaClass(CustomKeywordDelegatingMetaClass.java:98)
	at com.kms.katalon.core.main.CustomKeywordDelegatingMetaClass.invokeStaticMethod(CustomKeywordDelegatingMetaClass.java:44)
	at VerifySalesPeoplePage.run(VerifySalesPeoplePage:18)
	at com.kms.katalon.core.main.ScriptEngine.run(ScriptEngine.java:194)
	at com.kms.katalon.core.main.ScriptEngine.runScriptAsRawText(ScriptEngine.java:119)
	at com.kms.katalon.core.main.TestCaseExecutor.runScript(TestCaseExecutor.java:336)
	at com.kms.katalon.core.main.TestCaseExecutor.doExecute(TestCaseExecutor.java:327)
	at com.kms.katalon.core.main.TestCaseExecutor.processExecutionPhase(TestCaseExecutor.java:306)
	at com.kms.katalon.core.main.TestCaseExecutor.accessMainPhase(TestCaseExecutor.java:298)
	at com.kms.katalon.core.main.TestCaseExecutor.execute(TestCaseExecutor.java:232)
	at com.kms.katalon.core.main.TestSuiteExecutor.accessTestCaseMainPhase(TestSuiteExecutor.java:129)
	at com.kms.katalon.core.main.TestSuiteExecutor.accessTestSuiteMainPhase(TestSuiteExecutor.java:112)
	at com.kms.katalon.core.main.TestSuiteExecutor.execute(TestSuiteExecutor.java:81)
	at com.kms.katalon.core.main.TestCaseMain.startTestSuite(TestCaseMain.java:157)
	at com.kms.katalon.core.main.TestCaseMain$startTestSuite$0.call(Unknown Source)
	at TempTestSuite1559032084563.run(TempTestSuite1559032084563.groovy:35)
"/>
         <system-out><![CDATA[2019-05-28 14:01:38 - [TEST_CASE][ERROR] - Test Cases/IIDT/DT SMOKE/VerifySalesPeoplePage: Test Cases/IIDT/DT SMOKE/VerifySalesPeoplePage FAILED.
Reason:
java.lang.ClassNotFoundException: com.dtmethods.utilitymethods
	at com.kms.katalon.core.main.CustomKeywordDelegatingMetaClass.getCustomKeywordClassAndSetMetaClass(CustomKeywordDelegatingMetaClass.java:98)
	at com.kms.katalon.core.main.CustomKeywordDelegatingMetaClass.invokeStaticMethod(CustomKeywordDelegatingMetaClass.java:44)
	at VerifySalesPeoplePage.run(VerifySalesPeoplePage:18)
	at com.kms.katalon.core.main.ScriptEngine.run(ScriptEngine.java:194)
	at com.kms.katalon.core.main.ScriptEngine.runScriptAsRawText(ScriptEngine.java:119)
	at com.kms.katalon.core.main.TestCaseExecutor.runScript(TestCaseExecutor.java:336)
	at com.kms.katalon.core.main.TestCaseExecutor.doExecute(TestCaseExecutor.java:327)
	at com.kms.katalon.core.main.TestCaseExecutor.processExecutionPhase(TestCaseExecutor.java:306)
	at com.kms.katalon.core.main.TestCaseExecutor.accessMainPhase(TestCaseExecutor.java:298)
	at com.kms.katalon.core.main.TestCaseExecutor.execute(TestCaseExecutor.java:232)
	at com.kms.katalon.core.main.TestSuiteExecutor.accessTestCaseMainPhase(TestSuiteExecutor.java:129)
	at com.kms.katalon.core.main.TestSuiteExecutor.accessTestSuiteMainPhase(TestSuiteExecutor.java:112)
	at com.kms.katalon.core.main.TestSuiteExecutor.execute(TestSuiteExecutor.java:81)
	at com.kms.katalon.core.main.TestCaseMain.startTestSuite(TestCaseMain.java:157)
	at com.kms.katalon.core.main.TestCaseMain$startTestSuite$0.call(Unknown Source)
	at TempTestSuite1559032084563.run(TempTestSuite1559032084563.groovy:35)


2019-05-28 14:01:38 - [TEST_STEP][PASSED] - openBrowser(""): Browser is opened with url: ''

2019-05-28 14:01:38 - [MESSAGE][INFO] - Starting 'Chrome' driver

2019-05-28 14:01:40 - [MESSAGE][PASSED] - Browser is opened with url: ''

2019-05-28 14:01:40 - [TEST_STEP][ERROR] - com.dtmethods.utilitymethods.OpenApplication("http://designtracker.uat.brandmuscle.net"): com.dtmethods.utilitymethods

2019-05-28 14:01:40 - [MESSAGE][ERROR] - com.dtmethods.utilitymethods]]></system-out>
         <system-err><![CDATA[2019-05-28 14:01:38 - [TEST_CASE][ERROR] - Test Cases/IIDT/DT SMOKE/VerifySalesPeoplePage: Test Cases/IIDT/DT SMOKE/VerifySalesPeoplePage FAILED.
Reason:
java.lang.ClassNotFoundException: com.dtmethods.utilitymethods
	at com.kms.katalon.core.main.CustomKeywordDelegatingMetaClass.getCustomKeywordClassAndSetMetaClass(CustomKeywordDelegatingMetaClass.java:98)
	at com.kms.katalon.core.main.CustomKeywordDelegatingMetaClass.invokeStaticMethod(CustomKeywordDelegatingMetaClass.java:44)
	at VerifySalesPeoplePage.run(VerifySalesPeoplePage:18)
	at com.kms.katalon.core.main.ScriptEngine.run(ScriptEngine.java:194)
	at com.kms.katalon.core.main.ScriptEngine.runScriptAsRawText(ScriptEngine.java:119)
	at com.kms.katalon.core.main.TestCaseExecutor.runScript(TestCaseExecutor.java:336)
	at com.kms.katalon.core.main.TestCaseExecutor.doExecute(TestCaseExecutor.java:327)
	at com.kms.katalon.core.main.TestCaseExecutor.processExecutionPhase(TestCaseExecutor.java:306)
	at com.kms.katalon.core.main.TestCaseExecutor.accessMainPhase(TestCaseExecutor.java:298)
	at com.kms.katalon.core.main.TestCaseExecutor.execute(TestCaseExecutor.java:232)
	at com.kms.katalon.core.main.TestSuiteExecutor.accessTestCaseMainPhase(TestSuiteExecutor.java:129)
	at com.kms.katalon.core.main.TestSuiteExecutor.accessTestSuiteMainPhase(TestSuiteExecutor.java:112)
	at com.kms.katalon.core.main.TestSuiteExecutor.execute(TestSuiteExecutor.java:81)
	at com.kms.katalon.core.main.TestCaseMain.startTestSuite(TestCaseMain.java:157)
	at com.kms.katalon.core.main.TestCaseMain$startTestSuite$0.call(Unknown Source)
	at TempTestSuite1559032084563.run(TempTestSuite1559032084563.groovy:35)]]></system-err>
      </testcase>
      <testcase name="Test Cases/IIDT/DT SMOKE/VerifySalesPeopleSafeListPage" classname="Test Cases/IIDT/DT SMOKE/VerifySalesPeopleSafeListPage" status="PASSED">
         <system-out><![CDATA[2019-05-28 14:01:42 - [TEST_CASE][PASSED] - Test Cases/IIDT/DT SMOKE/VerifySalesPeopleSafeListPage: Test Cases/IIDT/DT SMOKE/VerifySalesPeopleSafeListPage

2019-05-28 14:01:42 - [TEST_STEP][PASSED] - openBrowser(""): Browser is opened with url: ''

2019-05-28 14:01:42 - [MESSAGE][WARNING] - A browser is already opened. Closing browser and opening a new one

2019-05-28 14:01:43 - [MESSAGE][INFO] - Starting 'Chrome' driver

2019-05-28 14:01:46 - [MESSAGE][PASSED] - Browser is opened with url: ''

2019-05-28 14:01:46 - [TEST_STEP][PASSED] - maximizeWindow(): Current window maximized

2019-05-28 14:01:47 - [MESSAGE][PASSED] - Current window maximized

2019-05-28 14:01:47 - [TEST_STEP][PASSED] - navigateToUrl("http://designtracker.uat.brandmuscle.net"): Navigate to 'http://designtracker.uat.brandmuscle.net' successfully

2019-05-28 14:01:50 - [MESSAGE][PASSED] - Navigate to 'http://designtracker.uat.brandmuscle.net' successfully

2019-05-28 14:01:50 - [TEST_STEP][PASSED] - waitForPageLoad(30): Wait for page load successfully

2019-05-28 14:01:50 - [MESSAGE][PASSED] - Wait for page load successfully

2019-05-28 14:01:50 - [TEST_STEP][PASSED] - waitForElementVisible(findTestObject("DESIGNTRACKER/LoginPage/UserName"), 30): Object 'Object Repository/DESIGNTRACKER/LoginPage/UserName' is visible

2019-05-28 14:01:50 - [MESSAGE][PASSED] - Object 'Object Repository/DESIGNTRACKER/LoginPage/UserName' is visible

2019-05-28 14:01:50 - [TEST_STEP][PASSED] - setText(findTestObject("DESIGNTRACKER/LoginPage/UserName"), "dibyashree.jyoti@brandmuscle.com"): Text 'dibyashree.jyoti@brandmuscle.com' is set on object 'Object Repository/DESIGNTRACKER/LoginPage/UserName'

2019-05-28 14:01:50 - [MESSAGE][PASSED] - Text 'dibyashree.jyoti@brandmuscle.com' is set on object 'Object Repository/DESIGNTRACKER/LoginPage/UserName'

2019-05-28 14:01:50 - [TEST_STEP][PASSED] - waitForElementVisible(findTestObject("DESIGNTRACKER/LoginPage/Password"), 30): Object 'Object Repository/DESIGNTRACKER/LoginPage/Password' is visible

2019-05-28 14:01:50 - [MESSAGE][PASSED] - Object 'Object Repository/DESIGNTRACKER/LoginPage/Password' is visible

2019-05-28 14:01:50 - [TEST_STEP][PASSED] - setText(findTestObject("DESIGNTRACKER/LoginPage/Password"), "dibya@1234"): Text 'dibya@1234' is set on object 'Object Repository/DESIGNTRACKER/LoginPage/Password'

2019-05-28 14:01:50 - [MESSAGE][PASSED] - Text 'dibya@1234' is set on object 'Object Repository/DESIGNTRACKER/LoginPage/Password'

2019-05-28 14:01:50 - [TEST_STEP][PASSED] - click(findTestObject("DESIGNTRACKER/LoginPage/LoginBtn")): Object: 'Object Repository/DESIGNTRACKER/LoginPage/LoginBtn' is clicked on

2019-05-28 14:01:53 - [MESSAGE][PASSED] - Object: 'Object Repository/DESIGNTRACKER/LoginPage/LoginBtn' is clicked on

2019-05-28 14:01:53 - [TEST_STEP][PASSED] - waitForPageLoad(30): Wait for page load successfully

2019-05-28 14:01:53 - [MESSAGE][PASSED] - Wait for page load successfully

2019-05-28 14:01:53 - [TEST_STEP][PASSED] - waitForElementVisible(findTestObject("DESIGNTRACKER/HomePage/SITEADMINISTRATION"), 30): Object 'Object Repository/DESIGNTRACKER/HomePage/SITEADMINISTRATION' is visible

2019-05-28 14:01:53 - [MESSAGE][PASSED] - Object 'Object Repository/DESIGNTRACKER/HomePage/SITEADMINISTRATION' is visible

2019-05-28 14:01:53 - [TEST_STEP][PASSED] - mouseOverOffset(findTestObject("DESIGNTRACKER/HomePage/SITEADMINISTRATION"), 0, 0): Object: 'Object Repository/DESIGNTRACKER/HomePage/SITEADMINISTRATION' is hovered using offset x = 0 and y = 0

2019-05-28 14:01:53 - [MESSAGE][PASSED] - Object: 'Object Repository/DESIGNTRACKER/HomePage/SITEADMINISTRATION' is hovered using offset x = 0 and y = 0

2019-05-28 14:01:53 - [TEST_STEP][PASSED] - waitForElementVisible(findTestObject("DESIGNTRACKER/HomePage/EXCEPTION LIST - SALES PEOPLE"), 30): Object 'Object Repository/DESIGNTRACKER/HomePage/EXCEPTION LIST - SALES PEOPLE' is visible

2019-05-28 14:01:53 - [MESSAGE][PASSED] - Object 'Object Repository/DESIGNTRACKER/HomePage/EXCEPTION LIST - SALES PEOPLE' is visible

2019-05-28 14:01:54 - [TEST_STEP][PASSED] - mouseOver(findTestObject("DESIGNTRACKER/HomePage/EXCEPTION LIST - SALES PEOPLE")): Object: 'Object Repository/DESIGNTRACKER/HomePage/EXCEPTION LIST - SALES PEOPLE' is hovered

2019-05-28 14:01:54 - [MESSAGE][PASSED] - Object: 'Object Repository/DESIGNTRACKER/HomePage/EXCEPTION LIST - SALES PEOPLE' is hovered

2019-05-28 14:01:54 - [TEST_STEP][PASSED] - click(findTestObject("DESIGNTRACKER/HomePage/EXCEPTION LIST - SALES PEOPLE")): Object: 'Object Repository/DESIGNTRACKER/HomePage/EXCEPTION LIST - SALES PEOPLE' is clicked on

2019-05-28 14:01:57 - [MESSAGE][PASSED] - Object: 'Object Repository/DESIGNTRACKER/HomePage/EXCEPTION LIST - SALES PEOPLE' is clicked on

2019-05-28 14:01:57 - [TEST_STEP][PASSED] - waitForPageLoad(30): Wait for page load successfully

2019-05-28 14:01:57 - [MESSAGE][PASSED] - Wait for page load successfully

2019-05-28 14:01:57 - [TEST_STEP][PASSED] - closeBrowser(): Browser is closed

2019-05-28 14:01:57 - [MESSAGE][PASSED] - Browser is closed]]></system-out>
         <system-err><![CDATA[]]></system-err>
      </testcase>
      <testcase name="Test Cases/IIDT/DT SMOKE/VerifySearchJob" classname="Test Cases/IIDT/DT SMOKE/VerifySearchJob" status="PASSED">
         <system-out><![CDATA[2019-05-28 14:01:59 - [TEST_CASE][PASSED] - Test Cases/IIDT/DT SMOKE/VerifySearchJob: Test Cases/IIDT/DT SMOKE/VerifySearchJob

2019-05-28 14:02:00 - [TEST_STEP][PASSED] - openBrowser("http://designtracker.uat.brandmuscle.net/login.aspx?ReturnUrl=%2f"): Browser is opened with url: 'http://designtracker.uat.brandmuscle.net/login.aspx?ReturnUrl=%2f'

2019-05-28 14:02:00 - [MESSAGE][INFO] - Starting 'Chrome' driver

2019-05-28 14:02:05 - [MESSAGE][PASSED] - Browser is opened with url: 'http://designtracker.uat.brandmuscle.net/login.aspx?ReturnUrl=%2f'

2019-05-28 14:02:05 - [TEST_STEP][PASSED] - maximizeWindow(): Current window maximized

2019-05-28 14:02:06 - [MESSAGE][PASSED] - Current window maximized

2019-05-28 14:02:06 - [TEST_STEP][PASSED] - setText(findTestObject("DESIGNTRACKER/LoginPage/UserName"), "dibyashree.jyoti@brandmuscle.com"): Text 'dibyashree.jyoti@brandmuscle.com' is set on object 'Object Repository/DESIGNTRACKER/LoginPage/UserName'

2019-05-28 14:02:06 - [MESSAGE][PASSED] - Text 'dibyashree.jyoti@brandmuscle.com' is set on object 'Object Repository/DESIGNTRACKER/LoginPage/UserName'

2019-05-28 14:02:06 - [TEST_STEP][PASSED] - setText(findTestObject("DESIGNTRACKER/LoginPage/Password"), "dibya@1234"): Text 'dibya@1234' is set on object 'Object Repository/DESIGNTRACKER/LoginPage/Password'

2019-05-28 14:02:06 - [MESSAGE][PASSED] - Text 'dibya@1234' is set on object 'Object Repository/DESIGNTRACKER/LoginPage/Password'

2019-05-28 14:02:06 - [TEST_STEP][PASSED] - click(findTestObject("DESIGNTRACKER/LoginPage/LoginBtn")): Object: 'Object Repository/DESIGNTRACKER/LoginPage/LoginBtn' is clicked on

2019-05-28 14:02:09 - [MESSAGE][PASSED] - Object: 'Object Repository/DESIGNTRACKER/LoginPage/LoginBtn' is clicked on

2019-05-28 14:02:09 - [TEST_STEP][PASSED] - waitForPageLoad(0): Wait for page load successfully

2019-05-28 14:02:09 - [MESSAGE][WARNING] - Timeout '0' is invalid. Using default page load timeout: '30'

2019-05-28 14:02:09 - [MESSAGE][PASSED] - Wait for page load successfully

2019-05-28 14:02:09 - [TEST_STEP][PASSED] - getUrl(): Current window's url is: 'http://designtracker.uat.brandmuscle.net/'

2019-05-28 14:02:09 - [MESSAGE][PASSED] - Current window's url is: 'http://designtracker.uat.brandmuscle.net/'

2019-05-28 14:02:09 - [TEST_STEP][PASSED] - scrollToElement(findTestObject("DESIGNTRACKER/HomePage/ResetBtn"), 0): Scroll to object 'Object Repository/DESIGNTRACKER/HomePage/ResetBtn' successfully

2019-05-28 14:02:09 - [MESSAGE][WARNING] - Timeout '0' is invalid. Using default page load timeout: '30'

2019-05-28 14:02:09 - [MESSAGE][PASSED] - Scroll to object 'Object Repository/DESIGNTRACKER/HomePage/ResetBtn' successfully

2019-05-28 14:02:09 - [TEST_STEP][PASSED] - verifyElementClickable(findTestObject("DESIGNTRACKER/HomePage/ResetBtn"), STOP_ON_FAILURE): Object 'Object Repository/DESIGNTRACKER/HomePage/ResetBtn' is clickable

2019-05-28 14:02:09 - [MESSAGE][PASSED] - Object 'Object Repository/DESIGNTRACKER/HomePage/ResetBtn' is clickable

2019-05-28 14:02:09 - [TEST_STEP][PASSED] - verifyElementPresent(findTestObject("DESIGNTRACKER/HomePage/Jobs"), 0): Object 'Object Repository/DESIGNTRACKER/HomePage/Jobs' is present

2019-05-28 14:02:09 - [MESSAGE][WARNING] - Timeout '0' is invalid. Using default page load timeout: '30'

2019-05-28 14:02:09 - [MESSAGE][PASSED] - Object 'Object Repository/DESIGNTRACKER/HomePage/Jobs' is present

2019-05-28 14:02:09 - [TEST_STEP][PASSED] - mouseOver(findTestObject("DESIGNTRACKER/HomePage/Jobs")): Object: 'Object Repository/DESIGNTRACKER/HomePage/Jobs' is hovered

2019-05-28 14:02:09 - [MESSAGE][PASSED] - Object: 'Object Repository/DESIGNTRACKER/HomePage/Jobs' is hovered

2019-05-28 14:02:09 - [TEST_STEP][PASSED] - mouseOver(findTestObject("DESIGNTRACKER/HomePage/SearchBtn")): Object: 'Object Repository/DESIGNTRACKER/HomePage/SearchBtn' is hovered

2019-05-28 14:02:09 - [MESSAGE][PASSED] - Object: 'Object Repository/DESIGNTRACKER/HomePage/SearchBtn' is hovered

2019-05-28 14:02:09 - [TEST_STEP][PASSED] - click(findTestObject("DESIGNTRACKER/HomePage/SearchBtn")): Object: 'Object Repository/DESIGNTRACKER/HomePage/SearchBtn' is clicked on

2019-05-28 14:02:10 - [MESSAGE][PASSED] - Object: 'Object Repository/DESIGNTRACKER/HomePage/SearchBtn' is clicked on

2019-05-28 14:02:10 - [TEST_STEP][PASSED] - scrollToElement(findTestObject("DESIGNTRACKER/HomePage/SelectLink"), 0): Scroll to object 'Object Repository/DESIGNTRACKER/HomePage/SelectLink' successfully

2019-05-28 14:02:10 - [MESSAGE][WARNING] - Timeout '0' is invalid. Using default page load timeout: '30'

2019-05-28 14:02:12 - [MESSAGE][PASSED] - Scroll to object 'Object Repository/DESIGNTRACKER/HomePage/SelectLink' successfully

2019-05-28 14:02:12 - [TEST_STEP][PASSED] - click(findTestObject("DESIGNTRACKER/HomePage/SelectLink")): Object: 'Object Repository/DESIGNTRACKER/HomePage/SelectLink' is clicked on

2019-05-28 14:02:12 - [MESSAGE][PASSED] - Object: 'Object Repository/DESIGNTRACKER/HomePage/SelectLink' is clicked on

2019-05-28 14:02:12 - [TEST_STEP][PASSED] - waitForPageLoad(0): Wait for page load successfully

2019-05-28 14:02:12 - [MESSAGE][WARNING] - Timeout '0' is invalid. Using default page load timeout: '30'

2019-05-28 14:02:12 - [MESSAGE][PASSED] - Wait for page load successfully

2019-05-28 14:02:12 - [TEST_STEP][PASSED] - getUrl(): Current window's url is: 'http://designtracker.uat.brandmuscle.net/'

2019-05-28 14:02:12 - [MESSAGE][PASSED] - Current window's url is: 'http://designtracker.uat.brandmuscle.net/'

2019-05-28 14:02:12 - [TEST_STEP][PASSED] - closeBrowser(): Browser is closed

2019-05-28 14:02:13 - [MESSAGE][PASSED] - Browser is closed]]></system-out>
         <system-err><![CDATA[]]></system-err>
      </testcase>
      <testcase name="Test Cases/IIDT/DT SMOKE/VerifySitesUsers" classname="Test Cases/IIDT/DT SMOKE/VerifySitesUsers" status="PASSED">
         <system-out><![CDATA[2019-05-28 14:02:15 - [TEST_CASE][PASSED] - Test Cases/IIDT/DT SMOKE/VerifySitesUsers: Test Cases/IIDT/DT SMOKE/VerifySitesUsers

2019-05-28 14:02:15 - [TEST_STEP][PASSED] - openBrowser(""): Browser is opened with url: ''

2019-05-28 14:02:15 - [MESSAGE][INFO] - Starting 'Chrome' driver

2019-05-28 14:02:18 - [MESSAGE][PASSED] - Browser is opened with url: ''

2019-05-28 14:02:18 - [TEST_STEP][PASSED] - navigateToUrl("http://designtracker.uat.brandmuscle.net/"): Navigate to 'http://designtracker.uat.brandmuscle.net/' successfully

2019-05-28 14:02:21 - [MESSAGE][PASSED] - Navigate to 'http://designtracker.uat.brandmuscle.net/' successfully

2019-05-28 14:02:21 - [TEST_STEP][PASSED] - waitForPageLoad(30): Wait for page load successfully

2019-05-28 14:02:21 - [MESSAGE][PASSED] - Wait for page load successfully

2019-05-28 14:02:21 - [TEST_STEP][PASSED] - maximizeWindow(): Current window maximized

2019-05-28 14:02:23 - [MESSAGE][PASSED] - Current window maximized

2019-05-28 14:02:23 - [TEST_STEP][PASSED] - setText(findTestObject("DESIGNTRACKER/LoginPage/UserName"), "dibyashree.jyoti@brandmuscle.com"): Text 'dibyashree.jyoti@brandmuscle.com' is set on object 'Object Repository/DESIGNTRACKER/LoginPage/UserName'

2019-05-28 14:02:23 - [MESSAGE][PASSED] - Text 'dibyashree.jyoti@brandmuscle.com' is set on object 'Object Repository/DESIGNTRACKER/LoginPage/UserName'

2019-05-28 14:02:23 - [TEST_STEP][PASSED] - setText(findTestObject("DESIGNTRACKER/LoginPage/Password"), "dibya@1234"): Text 'dibya@1234' is set on object 'Object Repository/DESIGNTRACKER/LoginPage/Password'

2019-05-28 14:02:23 - [MESSAGE][PASSED] - Text 'dibya@1234' is set on object 'Object Repository/DESIGNTRACKER/LoginPage/Password'

2019-05-28 14:02:23 - [TEST_STEP][PASSED] - click(findTestObject("DESIGNTRACKER/LoginPage/LoginBtn")): Object: 'Object Repository/DESIGNTRACKER/LoginPage/LoginBtn' is clicked on

2019-05-28 14:02:25 - [MESSAGE][PASSED] - Object: 'Object Repository/DESIGNTRACKER/LoginPage/LoginBtn' is clicked on

2019-05-28 14:02:25 - [TEST_STEP][PASSED] - waitForPageLoad(30): Wait for page load successfully

2019-05-28 14:02:25 - [MESSAGE][PASSED] - Wait for page load successfully

2019-05-28 14:02:25 - [TEST_STEP][PASSED] - waitForElementVisible(findTestObject("DESIGNTRACKER/HomePage/ApplicationAdminTab"), 30): Object 'Object Repository/DESIGNTRACKER/HomePage/ApplicationAdminTab' is visible

2019-05-28 14:02:25 - [MESSAGE][PASSED] - Object 'Object Repository/DESIGNTRACKER/HomePage/ApplicationAdminTab' is visible

2019-05-28 14:02:25 - [TEST_STEP][PASSED] - mouseOverOffset(findTestObject("DESIGNTRACKER/HomePage/ApplicationAdminTab"), 0, 0): Object: 'Object Repository/DESIGNTRACKER/HomePage/ApplicationAdminTab' is hovered using offset x = 0 and y = 0

2019-05-28 14:02:26 - [MESSAGE][PASSED] - Object: 'Object Repository/DESIGNTRACKER/HomePage/ApplicationAdminTab' is hovered using offset x = 0 and y = 0

2019-05-28 14:02:26 - [TEST_STEP][PASSED] - waitForElementVisible(findTestObject("DESIGNTRACKER/HomePage/SiteUsers"), 30): Object 'Object Repository/DESIGNTRACKER/HomePage/SiteUsers' is visible

2019-05-28 14:02:26 - [MESSAGE][PASSED] - Object 'Object Repository/DESIGNTRACKER/HomePage/SiteUsers' is visible

2019-05-28 14:02:26 - [TEST_STEP][PASSED] - mouseOver(findTestObject("DESIGNTRACKER/HomePage/SiteUsers")): Object: 'Object Repository/DESIGNTRACKER/HomePage/SiteUsers' is hovered

2019-05-28 14:02:26 - [MESSAGE][PASSED] - Object: 'Object Repository/DESIGNTRACKER/HomePage/SiteUsers' is hovered

2019-05-28 14:02:26 - [TEST_STEP][PASSED] - click(findTestObject("DESIGNTRACKER/HomePage/SiteUsers")): Object: 'Object Repository/DESIGNTRACKER/HomePage/SiteUsers' is clicked on

2019-05-28 14:02:28 - [MESSAGE][PASSED] - Object: 'Object Repository/DESIGNTRACKER/HomePage/SiteUsers' is clicked on

2019-05-28 14:02:28 - [TEST_STEP][PASSED] - waitForPageLoad(30): Wait for page load successfully

2019-05-28 14:02:28 - [MESSAGE][PASSED] - Wait for page load successfully

2019-05-28 14:02:28 - [TEST_STEP][PASSED] - verifyTextPresent("Site User Administration", false): Text 'Site User Administration' is present on page 

2019-05-28 14:02:28 - [MESSAGE][PASSED] - Text 'Site User Administration' is present on page 

2019-05-28 14:02:28 - [TEST_STEP][PASSED] - closeBrowser(): Browser is closed

2019-05-28 14:02:29 - [MESSAGE][PASSED] - Browser is closed]]></system-out>
         <system-err><![CDATA[]]></system-err>
      </testcase>
      <testcase name="Test Cases/IIDT/DT SMOKE/VerifyStatusTypesPage" classname="Test Cases/IIDT/DT SMOKE/VerifyStatusTypesPage" status="PASSED">
         <system-out><![CDATA[2019-05-28 14:02:31 - [TEST_CASE][PASSED] - Test Cases/IIDT/DT SMOKE/VerifyStatusTypesPage: Test Cases/IIDT/DT SMOKE/VerifyStatusTypesPage

2019-05-28 14:02:31 - [TEST_STEP][PASSED] - openBrowser(""): Browser is opened with url: ''

2019-05-28 14:02:31 - [MESSAGE][INFO] - Starting 'Chrome' driver

2019-05-28 14:02:35 - [MESSAGE][PASSED] - Browser is opened with url: ''

2019-05-28 14:02:35 - [TEST_STEP][PASSED] - navigateToUrl("http://designtracker.uat.brandmuscle.net/"): Navigate to 'http://designtracker.uat.brandmuscle.net/' successfully

2019-05-28 14:02:37 - [MESSAGE][PASSED] - Navigate to 'http://designtracker.uat.brandmuscle.net/' successfully

2019-05-28 14:02:37 - [TEST_STEP][PASSED] - waitForPageLoad(30): Wait for page load successfully

2019-05-28 14:02:37 - [MESSAGE][PASSED] - Wait for page load successfully

2019-05-28 14:02:37 - [TEST_STEP][PASSED] - maximizeWindow(): Current window maximized

2019-05-28 14:02:38 - [MESSAGE][PASSED] - Current window maximized

2019-05-28 14:02:38 - [TEST_STEP][PASSED] - setText(findTestObject("DESIGNTRACKER/LoginPage/UserName"), "dibyashree.jyoti@brandmuscle.com"): Text 'dibyashree.jyoti@brandmuscle.com' is set on object 'Object Repository/DESIGNTRACKER/LoginPage/UserName'

2019-05-28 14:02:39 - [MESSAGE][PASSED] - Text 'dibyashree.jyoti@brandmuscle.com' is set on object 'Object Repository/DESIGNTRACKER/LoginPage/UserName'

2019-05-28 14:02:39 - [TEST_STEP][PASSED] - setText(findTestObject("DESIGNTRACKER/LoginPage/Password"), "dibya@1234"): Text 'dibya@1234' is set on object 'Object Repository/DESIGNTRACKER/LoginPage/Password'

2019-05-28 14:02:39 - [MESSAGE][PASSED] - Text 'dibya@1234' is set on object 'Object Repository/DESIGNTRACKER/LoginPage/Password'

2019-05-28 14:02:39 - [TEST_STEP][PASSED] - click(findTestObject("DESIGNTRACKER/LoginPage/LoginBtn")): Object: 'Object Repository/DESIGNTRACKER/LoginPage/LoginBtn' is clicked on

2019-05-28 14:02:41 - [MESSAGE][PASSED] - Object: 'Object Repository/DESIGNTRACKER/LoginPage/LoginBtn' is clicked on

2019-05-28 14:02:41 - [TEST_STEP][PASSED] - waitForPageLoad(30): Wait for page load successfully

2019-05-28 14:02:41 - [MESSAGE][PASSED] - Wait for page load successfully

2019-05-28 14:02:41 - [TEST_STEP][PASSED] - waitForElementVisible(findTestObject("DESIGNTRACKER/HomePage/ApplicationAdminTab"), 30): Object 'Object Repository/DESIGNTRACKER/HomePage/ApplicationAdminTab' is visible

2019-05-28 14:02:41 - [MESSAGE][PASSED] - Object 'Object Repository/DESIGNTRACKER/HomePage/ApplicationAdminTab' is visible

2019-05-28 14:02:41 - [TEST_STEP][PASSED] - mouseOverOffset(findTestObject("DESIGNTRACKER/HomePage/ApplicationAdminTab"), 0, 0): Object: 'Object Repository/DESIGNTRACKER/HomePage/ApplicationAdminTab' is hovered using offset x = 0 and y = 0

2019-05-28 14:02:41 - [MESSAGE][PASSED] - Object: 'Object Repository/DESIGNTRACKER/HomePage/ApplicationAdminTab' is hovered using offset x = 0 and y = 0

2019-05-28 14:02:41 - [TEST_STEP][PASSED] - waitForElementVisible(findTestObject("DESIGNTRACKER/HomePage/StatusTypesBtn"), 30): Object 'Object Repository/DESIGNTRACKER/HomePage/StatusTypesBtn' is visible

2019-05-28 14:02:42 - [MESSAGE][PASSED] - Object 'Object Repository/DESIGNTRACKER/HomePage/StatusTypesBtn' is visible

2019-05-28 14:02:42 - [TEST_STEP][PASSED] - mouseOver(findTestObject("DESIGNTRACKER/HomePage/StatusTypesBtn")): Object: 'Object Repository/DESIGNTRACKER/HomePage/StatusTypesBtn' is hovered

2019-05-28 14:02:42 - [MESSAGE][PASSED] - Object: 'Object Repository/DESIGNTRACKER/HomePage/StatusTypesBtn' is hovered

2019-05-28 14:02:42 - [TEST_STEP][PASSED] - click(findTestObject("DESIGNTRACKER/HomePage/StatusTypesBtn")): Object: 'Object Repository/DESIGNTRACKER/HomePage/StatusTypesBtn' is clicked on

2019-05-28 14:02:44 - [MESSAGE][PASSED] - Object: 'Object Repository/DESIGNTRACKER/HomePage/StatusTypesBtn' is clicked on

2019-05-28 14:02:44 - [TEST_STEP][PASSED] - waitForPageLoad(30): Wait for page load successfully

2019-05-28 14:02:44 - [MESSAGE][PASSED] - Wait for page load successfully

2019-05-28 14:02:44 - [TEST_STEP][PASSED] - verifyTextPresent("Status", false): Text 'Status' is present on page 

2019-05-28 14:02:44 - [MESSAGE][PASSED] - Text 'Status' is present on page 

2019-05-28 14:02:44 - [TEST_STEP][PASSED] - verifyElementPresent(findTestObject("DESIGNTRACKER/APPLICATIONADMINISTRATION/STATUSTYPE/SupplierStatuses"), 30): Object 'Object Repository/DESIGNTRACKER/APPLICATIONADMINISTRATION/STATUSTYPE/SupplierStatuses' is present

2019-05-28 14:02:44 - [MESSAGE][PASSED] - Object 'Object Repository/DESIGNTRACKER/APPLICATIONADMINISTRATION/STATUSTYPE/SupplierStatuses' is present

2019-05-28 14:02:44 - [TEST_STEP][PASSED] - verifyElementPresent(findTestObject("DESIGNTRACKER/APPLICATIONADMINISTRATION/STATUSTYPE/DistributorStatusesRadioBtn"), 30): Object 'Object Repository/DESIGNTRACKER/APPLICATIONADMINISTRATION/STATUSTYPE/DistributorStatusesRadioBtn' is present

2019-05-28 14:02:44 - [MESSAGE][PASSED] - Object 'Object Repository/DESIGNTRACKER/APPLICATIONADMINISTRATION/STATUSTYPE/DistributorStatusesRadioBtn' is present

2019-05-28 14:02:44 - [TEST_STEP][PASSED] - closeBrowser(): Browser is closed

2019-05-28 14:02:45 - [MESSAGE][PASSED] - Browser is closed]]></system-out>
         <system-err><![CDATA[]]></system-err>
      </testcase>
      <system-out><![CDATA[2019-05-28 13:58:06 - [TEST_SUITE][FAILED] - DTSmoke: Test Cases/IIDT/DT SMOKE/LoginDesignTracker FAILED.
Reason:
com.kms.katalon.core.exception.StepFailedException: Unable to set text
	at com.kms.katalon.core.webui.keyword.internal.WebUIKeywordMain.stepFailed(WebUIKeywordMain.groovy:64)
	at com.kms.katalon.core.webui.keyword.internal.WebUIKeywordMain.runKeyword(WebUIKeywordMain.groovy:26)
	at com.kms.katalon.core.webui.keyword.builtin.SetTextKeyword.setText(SetTextKeyword.groovy:66)
	at com.kms.katalon.core.webui.keyword.builtin.SetTextKeyword.execute(SetTextKeyword.groovy:37)
	at com.kms.katalon.core.keyword.internal.KeywordExecutor.executeKeywordForPlatform(KeywordExecutor.groovy:56)
	at com.kms.katalon.core.webui.keyword.WebUiBuiltInKeywords.setText(WebUiBuiltInKeywords.groovy:950)
	at com.kms.katalon.core.webui.keyword.WebUiBuiltInKeywords$setText$2.call(Unknown Source)
	at LoginDesignTracker.run(LoginDesignTracker:23)
	at com.kms.katalon.core.main.ScriptEngine.run(ScriptEngine.java:194)
	at com.kms.katalon.core.main.ScriptEngine.runScriptAsRawText(ScriptEngine.java:119)
	at com.kms.katalon.core.main.TestCaseExecutor.runScript(TestCaseExecutor.java:336)
	at com.kms.katalon.core.main.TestCaseExecutor.doExecute(TestCaseExecutor.java:327)
	at com.kms.katalon.core.main.TestCaseExecutor.processExecutionPhase(TestCaseExecutor.java:306)
	at com.kms.katalon.core.main.TestCaseExecutor.accessMainPhase(TestCaseExecutor.java:298)
	at com.kms.katalon.core.main.TestCaseExecutor.execute(TestCaseExecutor.java:232)
	at com.kms.katalon.core.main.TestSuiteExecutor.accessTestCaseMainPhase(TestSuiteExecutor.java:129)
	at com.kms.katalon.core.main.TestSuiteExecutor.accessTestSuiteMainPhase(TestSuiteExecutor.java:112)
	at com.kms.katalon.core.main.TestSuiteExecutor.execute(TestSuiteExecutor.java:81)
	at com.kms.katalon.core.main.TestCaseMain.startTestSuite(TestCaseMain.java:157)
	at com.kms.katalon.core.main.TestCaseMain$startTestSuite$0.call(Unknown Source)
	at TempTestSuite1559032084563.run(TempTestSuite1559032084563.groovy:35)
Caused by: java.lang.IllegalArgumentException: Object is null
	at com.kms.katalon.core.helper.KeywordHelper.checkTestObjectParameter(KeywordHelper.java:33)
	at com.kms.katalon.core.webui.keyword.builtin.SetTextKeyword$_setText_closure1.doCall(SetTextKeyword.groovy:45)
	at com.kms.katalon.core.webui.keyword.builtin.SetTextKeyword$_setText_closure1.call(SetTextKeyword.groovy)
	at com.kms.katalon.core.webui.keyword.internal.WebUIKeywordMain.runKeyword(WebUIKeywordMain.groovy:20)
	at com.kms.katalon.core.webui.keyword.builtin.SetTextKeyword.setText(SetTextKeyword.groovy:66)
	at com.kms.katalon.core.webui.keyword.builtin.SetTextKeyword.execute(SetTextKeyword.groovy:37)
	at com.kms.katalon.core.keyword.internal.KeywordExecutor.executeKeywordForPlatform(KeywordExecutor.groovy:56)
	at com.kms.katalon.core.webui.keyword.WebUiBuiltInKeywords.setText(WebUiBuiltInKeywords.groovy:950)
	at com.kms.katalon.core.webui.keyword.WebUiBuiltInKeywords$setText$2.call(Unknown Source)
	at Script1558342887938.run(Script1558342887938.groovy:23)
	... 13 more]]></system-out>
      <system-err><![CDATA[2019-05-28 13:58:06 - [TEST_SUITE][FAILED] - DTSmoke: Test Cases/IIDT/DT SMOKE/LoginDesignTracker FAILED.
Reason:
com.kms.katalon.core.exception.StepFailedException: Unable to set text
	at com.kms.katalon.core.webui.keyword.internal.WebUIKeywordMain.stepFailed(WebUIKeywordMain.groovy:64)
	at com.kms.katalon.core.webui.keyword.internal.WebUIKeywordMain.runKeyword(WebUIKeywordMain.groovy:26)
	at com.kms.katalon.core.webui.keyword.builtin.SetTextKeyword.setText(SetTextKeyword.groovy:66)
	at com.kms.katalon.core.webui.keyword.builtin.SetTextKeyword.execute(SetTextKeyword.groovy:37)
	at com.kms.katalon.core.keyword.internal.KeywordExecutor.executeKeywordForPlatform(KeywordExecutor.groovy:56)
	at com.kms.katalon.core.webui.keyword.WebUiBuiltInKeywords.setText(WebUiBuiltInKeywords.groovy:950)
	at com.kms.katalon.core.webui.keyword.WebUiBuiltInKeywords$setText$2.call(Unknown Source)
	at LoginDesignTracker.run(LoginDesignTracker:23)
	at com.kms.katalon.core.main.ScriptEngine.run(ScriptEngine.java:194)
	at com.kms.katalon.core.main.ScriptEngine.runScriptAsRawText(ScriptEngine.java:119)
	at com.kms.katalon.core.main.TestCaseExecutor.runScript(TestCaseExecutor.java:336)
	at com.kms.katalon.core.main.TestCaseExecutor.doExecute(TestCaseExecutor.java:327)
	at com.kms.katalon.core.main.TestCaseExecutor.processExecutionPhase(TestCaseExecutor.java:306)
	at com.kms.katalon.core.main.TestCaseExecutor.accessMainPhase(TestCaseExecutor.java:298)
	at com.kms.katalon.core.main.TestCaseExecutor.execute(TestCaseExecutor.java:232)
	at com.kms.katalon.core.main.TestSuiteExecutor.accessTestCaseMainPhase(TestSuiteExecutor.java:129)
	at com.kms.katalon.core.main.TestSuiteExecutor.accessTestSuiteMainPhase(TestSuiteExecutor.java:112)
	at com.kms.katalon.core.main.TestSuiteExecutor.execute(TestSuiteExecutor.java:81)
	at com.kms.katalon.core.main.TestCaseMain.startTestSuite(TestCaseMain.java:157)
	at com.kms.katalon.core.main.TestCaseMain$startTestSuite$0.call(Unknown Source)
	at TempTestSuite1559032084563.run(TempTestSuite1559032084563.groovy:35)
Caused by: java.lang.IllegalArgumentException: Object is null
	at com.kms.katalon.core.helper.KeywordHelper.checkTestObjectParameter(KeywordHelper.java:33)
	at com.kms.katalon.core.webui.keyword.builtin.SetTextKeyword$_setText_closure1.doCall(SetTextKeyword.groovy:45)
	at com.kms.katalon.core.webui.keyword.builtin.SetTextKeyword$_setText_closure1.call(SetTextKeyword.groovy)
	at com.kms.katalon.core.webui.keyword.internal.WebUIKeywordMain.runKeyword(WebUIKeywordMain.groovy:20)
	at com.kms.katalon.core.webui.keyword.builtin.SetTextKeyword.setText(SetTextKeyword.groovy:66)
	at com.kms.katalon.core.webui.keyword.builtin.SetTextKeyword.execute(SetTextKeyword.groovy:37)
	at com.kms.katalon.core.keyword.internal.KeywordExecutor.executeKeywordForPlatform(KeywordExecutor.groovy:56)
	at com.kms.katalon.core.webui.keyword.WebUiBuiltInKeywords.setText(WebUiBuiltInKeywords.groovy:950)
	at com.kms.katalon.core.webui.keyword.WebUiBuiltInKeywords$setText$2.call(Unknown Source)
	at Script1558342887938.run(Script1558342887938.groovy:23)
	... 13 more]]></system-err>
   </testsuite>
</testsuites>
