<?xml version="1.0" encoding="UTF-8"?>
<testsuites name="ConsolidatorSmoke" time="243" tests="1" failures="3" errors="0">
   <testsuite name="ConsolidatorSmoke" tests="1" failures="3" errors="0" time="243" timestamp="2019-05-21 15:45:21" hostname="Dibyashree.Jyoti - E3480-Djyoti.brandmuscle.local" id="Test Suites/ConsolidatorSmoke">
      <properties>
         <property name="deviceName" value=""/>
         <property name="devicePlatform" value=""/>
         <property name="logFolder" value="D:\\CHR-Katalon\\ABAUTOMATION\\Reports\\ConsolidatorSmoke\\20190521_154519"/>
         <property name="logFiles" value="D:\\CHR-Katalon\\ABAUTOMATION\\Reports\\ConsolidatorSmoke\\20190521_154519\\execution0.log"/>
         <property name="attachments" value="D:\\CHR-Katalon\\ABAUTOMATION\\Reports\\ConsolidatorSmoke\\20190521_154519\\1558433798020.png, D:\\CHR-Katalon\\ABAUTOMATION\\Reports\\ConsolidatorSmoke\\20190521_154519\\1558433839292.png, D:\\CHR-Katalon\\ABAUTOMATION\\Reports\\ConsolidatorSmoke\\20190521_154519\\1558433962504.png"/>
         <property name="hostName" value="Dibyashree.Jyoti - E3480-Djyoti.brandmuscle.local"/>
         <property name="os" value="Windows 10 64bit"/>
         <property name="katalonVersion" value="6.1.2.2"/>
         <property name="browser" value="Chrome 74.0.3729.157"/>
         <property name="hostAddress" value="10.15.1.154"/>
         <property name="sessionId" value="167dd2f493f65b6d53a9a8280bbcbff0"/>
         <property name="seleniumVersion" value="3.7.1"/>
         <property name="proxyInformation" value="ProxyInformation{proxyOption=NO_PROXY, proxyServerType=HTTP, password=, proxyServerAddress=, proxyServerPort=0}"/>
         <property name="platform" value="Windows 10"/>
      </properties>
      <testcase name="Test Cases/CSPW/CS SMOKE/VerifyAddNewItemPage" classname="Test Cases/CSPW/CS SMOKE/VerifyAddNewItemPage" status="FAILED">
         <failure type="FAILED" message="Test Cases/CSPW/CS SMOKE/VerifyAddNewItemPage FAILED.
Reason:
com.kms.katalon.core.exception.StepFailedException: Unable to click on object 'Object Repository/CONSOLIDATOR/LogInPage/BusinessUnitDropdown'
	at com.kms.katalon.core.webui.keyword.internal.WebUIKeywordMain.stepFailed(WebUIKeywordMain.groovy:64)
	at com.kms.katalon.core.webui.keyword.internal.WebUIKeywordMain.runKeyword(WebUIKeywordMain.groovy:26)
	at com.kms.katalon.core.webui.keyword.builtin.ClickKeyword.click(ClickKeyword.groovy:86)
	at com.kms.katalon.core.webui.keyword.builtin.ClickKeyword.execute(ClickKeyword.groovy:67)
	at com.kms.katalon.core.keyword.internal.KeywordExecutor.executeKeywordForPlatform(KeywordExecutor.groovy:56)
	at com.kms.katalon.core.webui.keyword.WebUiBuiltInKeywords.click(WebUiBuiltInKeywords.groovy:616)
	at com.kms.katalon.core.webui.keyword.WebUiBuiltInKeywords$click$5.call(Unknown Source)
	at VerifyAddNewItemPage.run(VerifyAddNewItemPage:38)
	at com.kms.katalon.core.main.ScriptEngine.run(ScriptEngine.java:194)
	at com.kms.katalon.core.main.ScriptEngine.runScriptAsRawText(ScriptEngine.java:119)
	at com.kms.katalon.core.main.TestCaseExecutor.runScript(TestCaseExecutor.java:336)
	at com.kms.katalon.core.main.TestCaseExecutor.doExecute(TestCaseExecutor.java:327)
	at com.kms.katalon.core.main.TestCaseExecutor.processExecutionPhase(TestCaseExecutor.java:306)
	at com.kms.katalon.core.main.TestCaseExecutor.accessMainPhase(TestCaseExecutor.java:298)
	at com.kms.katalon.core.main.TestCaseExecutor.execute(TestCaseExecutor.java:232)
	at com.kms.katalon.core.main.TestSuiteExecutor.accessTestCaseMainPhase(TestSuiteExecutor.java:129)
	at com.kms.katalon.core.main.TestSuiteExecutor.accessTestSuiteMainPhase(TestSuiteExecutor.java:112)
	at com.kms.katalon.core.main.TestSuiteExecutor.execute(TestSuiteExecutor.java:81)
	at com.kms.katalon.core.main.TestCaseMain.startTestSuite(TestCaseMain.java:157)
	at com.kms.katalon.core.main.TestCaseMain$startTestSuite$0.call(Unknown Source)
	at TempTestSuite1558433719667.run(TempTestSuite1558433719667.groovy:35)
Caused by: com.kms.katalon.core.webui.exception.WebElementNotFoundException: Web element with id: 'Object Repository/CONSOLIDATOR/LogInPage/BusinessUnitDropdown' located by 'By.xpath: //*[@id='MainContent_ddlBusinessUnit']' not found
	at com.kms.katalon.core.webui.common.WebUiCommonHelper.findWebElement(WebUiCommonHelper.java:1097)
	at com.kms.katalon.core.webui.keyword.internal.WebUIAbstractKeyword.findWebElement(WebUIAbstractKeyword.groovy:27)
	at com.kms.katalon.core.webui.keyword.internal.WebUIAbstractKeyword.findWebElement(WebUIAbstractKeyword.groovy:26)
	at com.kms.katalon.core.webui.keyword.builtin.ClickKeyword$_click_closure1.doCall(ClickKeyword.groovy:77)
	at com.kms.katalon.core.webui.keyword.builtin.ClickKeyword$_click_closure1.call(ClickKeyword.groovy)
	at com.kms.katalon.core.webui.keyword.internal.WebUIKeywordMain.runKeyword(WebUIKeywordMain.groovy:20)
	at com.kms.katalon.core.webui.keyword.builtin.ClickKeyword.click(ClickKeyword.groovy:86)
	at com.kms.katalon.core.webui.keyword.builtin.ClickKeyword.execute(ClickKeyword.groovy:67)
	at com.kms.katalon.core.keyword.internal.KeywordExecutor.executeKeywordForPlatform(KeywordExecutor.groovy:56)
	at com.kms.katalon.core.webui.keyword.WebUiBuiltInKeywords.click(WebUiBuiltInKeywords.groovy:616)
	at com.kms.katalon.core.webui.keyword.WebUiBuiltInKeywords$click$5.call(Unknown Source)
	at Script1558423335021.run(Script1558423335021.groovy:38)
	... 13 more
"/>
         <system-out><![CDATA[2019-05-21 15:45:22 - [TEST_CASE][FAILED] - Test Cases/CSPW/CS SMOKE/VerifyAddNewItemPage: Test Cases/CSPW/CS SMOKE/VerifyAddNewItemPage FAILED.
Reason:
com.kms.katalon.core.exception.StepFailedException: Unable to click on object 'Object Repository/CONSOLIDATOR/LogInPage/BusinessUnitDropdown'
	at com.kms.katalon.core.webui.keyword.internal.WebUIKeywordMain.stepFailed(WebUIKeywordMain.groovy:64)
	at com.kms.katalon.core.webui.keyword.internal.WebUIKeywordMain.runKeyword(WebUIKeywordMain.groovy:26)
	at com.kms.katalon.core.webui.keyword.builtin.ClickKeyword.click(ClickKeyword.groovy:86)
	at com.kms.katalon.core.webui.keyword.builtin.ClickKeyword.execute(ClickKeyword.groovy:67)
	at com.kms.katalon.core.keyword.internal.KeywordExecutor.executeKeywordForPlatform(KeywordExecutor.groovy:56)
	at com.kms.katalon.core.webui.keyword.WebUiBuiltInKeywords.click(WebUiBuiltInKeywords.groovy:616)
	at com.kms.katalon.core.webui.keyword.WebUiBuiltInKeywords$click$5.call(Unknown Source)
	at VerifyAddNewItemPage.run(VerifyAddNewItemPage:38)
	at com.kms.katalon.core.main.ScriptEngine.run(ScriptEngine.java:194)
	at com.kms.katalon.core.main.ScriptEngine.runScriptAsRawText(ScriptEngine.java:119)
	at com.kms.katalon.core.main.TestCaseExecutor.runScript(TestCaseExecutor.java:336)
	at com.kms.katalon.core.main.TestCaseExecutor.doExecute(TestCaseExecutor.java:327)
	at com.kms.katalon.core.main.TestCaseExecutor.processExecutionPhase(TestCaseExecutor.java:306)
	at com.kms.katalon.core.main.TestCaseExecutor.accessMainPhase(TestCaseExecutor.java:298)
	at com.kms.katalon.core.main.TestCaseExecutor.execute(TestCaseExecutor.java:232)
	at com.kms.katalon.core.main.TestSuiteExecutor.accessTestCaseMainPhase(TestSuiteExecutor.java:129)
	at com.kms.katalon.core.main.TestSuiteExecutor.accessTestSuiteMainPhase(TestSuiteExecutor.java:112)
	at com.kms.katalon.core.main.TestSuiteExecutor.execute(TestSuiteExecutor.java:81)
	at com.kms.katalon.core.main.TestCaseMain.startTestSuite(TestCaseMain.java:157)
	at com.kms.katalon.core.main.TestCaseMain$startTestSuite$0.call(Unknown Source)
	at TempTestSuite1558433719667.run(TempTestSuite1558433719667.groovy:35)
Caused by: com.kms.katalon.core.webui.exception.WebElementNotFoundException: Web element with id: 'Object Repository/CONSOLIDATOR/LogInPage/BusinessUnitDropdown' located by 'By.xpath: //*[@id='MainContent_ddlBusinessUnit']' not found
	at com.kms.katalon.core.webui.common.WebUiCommonHelper.findWebElement(WebUiCommonHelper.java:1097)
	at com.kms.katalon.core.webui.keyword.internal.WebUIAbstractKeyword.findWebElement(WebUIAbstractKeyword.groovy:27)
	at com.kms.katalon.core.webui.keyword.internal.WebUIAbstractKeyword.findWebElement(WebUIAbstractKeyword.groovy:26)
	at com.kms.katalon.core.webui.keyword.builtin.ClickKeyword$_click_closure1.doCall(ClickKeyword.groovy:77)
	at com.kms.katalon.core.webui.keyword.builtin.ClickKeyword$_click_closure1.call(ClickKeyword.groovy)
	at com.kms.katalon.core.webui.keyword.internal.WebUIKeywordMain.runKeyword(WebUIKeywordMain.groovy:20)
	at com.kms.katalon.core.webui.keyword.builtin.ClickKeyword.click(ClickKeyword.groovy:86)
	at com.kms.katalon.core.webui.keyword.builtin.ClickKeyword.execute(ClickKeyword.groovy:67)
	at com.kms.katalon.core.keyword.internal.KeywordExecutor.executeKeywordForPlatform(KeywordExecutor.groovy:56)
	at com.kms.katalon.core.webui.keyword.WebUiBuiltInKeywords.click(WebUiBuiltInKeywords.groovy:616)
	at com.kms.katalon.core.webui.keyword.WebUiBuiltInKeywords$click$5.call(Unknown Source)
	at Script1558423335021.run(Script1558423335021.groovy:38)
	... 13 more


2019-05-21 15:45:22 - [TEST_STEP][PASSED] - openBrowser(""): Browser is opened with url: ''

2019-05-21 15:45:22 - [MESSAGE][INFO] - Starting 'Chrome' driver

2019-05-21 15:45:23 - [MESSAGE][INFO] - Action delay is set to 0 seconds

2019-05-21 15:45:26 - [MESSAGE][PASSED] - Browser is opened with url: ''

2019-05-21 15:45:26 - [TEST_STEP][PASSED] - navigateToUrl("https://admintool.v5qa.brandmuscle.net"): Navigate to 'https://admintool.v5qa.brandmuscle.net' successfully

2019-05-21 15:45:30 - [MESSAGE][PASSED] - Navigate to 'https://admintool.v5qa.brandmuscle.net' successfully

2019-05-21 15:45:30 - [TEST_STEP][PASSED] - waitForPageLoad(30): Wait for page load successfully

2019-05-21 15:45:30 - [MESSAGE][PASSED] - Wait for page load successfully

2019-05-21 15:45:30 - [TEST_STEP][PASSED] - maximizeWindow(): Current window maximized

2019-05-21 15:45:31 - [MESSAGE][PASSED] - Current window maximized

2019-05-21 15:45:31 - [TEST_STEP][PASSED] - waitForElementVisible(findTestObject("CONSOLIDATOR/LogInPage/Username"), 30): Object 'Object Repository/CONSOLIDATOR/LogInPage/Username' is visible

2019-05-21 15:45:31 - [MESSAGE][PASSED] - Object 'Object Repository/CONSOLIDATOR/LogInPage/Username' is visible

2019-05-21 15:45:31 - [TEST_STEP][PASSED] - setText(findTestObject("CONSOLIDATOR/LogInPage/Username"), "chrtestuser@brandmuscle.com"): Text 'chrtestuser@brandmuscle.com' is set on object 'Object Repository/CONSOLIDATOR/LogInPage/Username'

2019-05-21 15:45:31 - [MESSAGE][PASSED] - Text 'chrtestuser@brandmuscle.com' is set on object 'Object Repository/CONSOLIDATOR/LogInPage/Username'

2019-05-21 15:45:31 - [TEST_STEP][NOT_RUN] - waitForElementVisible(findTestObject("CONSOLIDATOR/LogInPage/Password"), 30): NOT_RUN: waitForElementVisible(findTestObject("CONSOLIDATOR/LogInPage/Password"), 30)

2019-05-21 15:45:31 - [MESSAGE][NOT_RUN] - NOT_RUN: waitForElementVisible(findTestObject("CONSOLIDATOR/LogInPage/Password"), 30)

2019-05-21 15:45:31 - [TEST_STEP][PASSED] - setText(findTestObject("CONSOLIDATOR/LogInPage/Password"), "Ownlocal@1231"): Text 'Ownlocal@1231' is set on object 'Object Repository/CONSOLIDATOR/LogInPage/Password'

2019-05-21 15:45:32 - [MESSAGE][PASSED] - Text 'Ownlocal@1231' is set on object 'Object Repository/CONSOLIDATOR/LogInPage/Password'

2019-05-21 15:45:32 - [TEST_STEP][PASSED] - click(findTestObject("CONSOLIDATOR/LogInPage/LoginBtn")): Object: 'Object Repository/CONSOLIDATOR/LogInPage/LoginBtn' is clicked on

2019-05-21 15:45:35 - [MESSAGE][PASSED] - Object: 'Object Repository/CONSOLIDATOR/LogInPage/LoginBtn' is clicked on

2019-05-21 15:45:35 - [TEST_STEP][PASSED] - waitForPageLoad(30): Wait for page load successfully

2019-05-21 15:45:35 - [MESSAGE][PASSED] - Wait for page load successfully

2019-05-21 15:45:35 - [TEST_STEP][PASSED] - waitForElementVisible(findTestObject("CONSOLIDATOR/LogInPage/BusinessUnitDropdown"), 30): Web element with id: 'Object Repository/CONSOLIDATOR/LogInPage/BusinessUnitDropdown' located by 'By.xpath: //*[@id='MainContent_ddlBusinessUnit']' not found

2019-05-21 15:46:06 - [MESSAGE][INFO] - Unable to find the element located by 'By.xpath: //*[@id='MainContent_ddlBusinessUnit']'. Please recheck the objects properties to make sure the desired element is located. 

2019-05-21 15:46:06 - [MESSAGE][WARNING] - Web element with id: 'Object Repository/CONSOLIDATOR/LogInPage/BusinessUnitDropdown' located by 'By.xpath: //*[@id='MainContent_ddlBusinessUnit']' not found

2019-05-21 15:46:06 - [TEST_STEP][FAILED] - click(findTestObject("CONSOLIDATOR/LogInPage/BusinessUnitDropdown")): Unable to click on object 'Object Repository/CONSOLIDATOR/LogInPage/BusinessUnitDropdown' (Root cause: com.kms.katalon.core.exception.StepFailedException: Unable to click on object 'Object Repository/CONSOLIDATOR/LogInPage/BusinessUnitDropdown'
	at com.kms.katalon.core.webui.keyword.internal.WebUIKeywordMain.stepFailed(WebUIKeywordMain.groovy:64)
	at com.kms.katalon.core.webui.keyword.internal.WebUIKeywordMain.runKeyword(WebUIKeywordMain.groovy:26)
	at com.kms.katalon.core.webui.keyword.builtin.ClickKeyword.click(ClickKeyword.groovy:86)
	at com.kms.katalon.core.webui.keyword.builtin.ClickKeyword.execute(ClickKeyword.groovy:67)
	at com.kms.katalon.core.keyword.internal.KeywordExecutor.executeKeywordForPlatform(KeywordExecutor.groovy:56)
	at com.kms.katalon.core.webui.keyword.WebUiBuiltInKeywords.click(WebUiBuiltInKeywords.groovy:616)
	at com.kms.katalon.core.webui.keyword.WebUiBuiltInKeywords$click$5.call(Unknown Source)
	at VerifyAddNewItemPage.run(VerifyAddNewItemPage:38)
	at com.kms.katalon.core.main.ScriptEngine.run(ScriptEngine.java:194)
	at com.kms.katalon.core.main.ScriptEngine.runScriptAsRawText(ScriptEngine.java:119)
	at com.kms.katalon.core.main.TestCaseExecutor.runScript(TestCaseExecutor.java:336)
	at com.kms.katalon.core.main.TestCaseExecutor.doExecute(TestCaseExecutor.java:327)
	at com.kms.katalon.core.main.TestCaseExecutor.processExecutionPhase(TestCaseExecutor.java:306)
	at com.kms.katalon.core.main.TestCaseExecutor.accessMainPhase(TestCaseExecutor.java:298)
	at com.kms.katalon.core.main.TestCaseExecutor.execute(TestCaseExecutor.java:232)
	at com.kms.katalon.core.main.TestSuiteExecutor.accessTestCaseMainPhase(TestSuiteExecutor.java:129)
	at com.kms.katalon.core.main.TestSuiteExecutor.accessTestSuiteMainPhase(TestSuiteExecutor.java:112)
	at com.kms.katalon.core.main.TestSuiteExecutor.execute(TestSuiteExecutor.java:81)
	at com.kms.katalon.core.main.TestCaseMain.startTestSuite(TestCaseMain.java:157)
	at com.kms.katalon.core.main.TestCaseMain$startTestSuite$0.call(Unknown Source)
	at TempTestSuite1558433719667.run(TempTestSuite1558433719667.groovy:35)
Caused by: com.kms.katalon.core.webui.exception.WebElementNotFoundException: Web element with id: 'Object Repository/CONSOLIDATOR/LogInPage/BusinessUnitDropdown' located by 'By.xpath: //*[@id='MainContent_ddlBusinessUnit']' not found
	at com.kms.katalon.core.webui.common.WebUiCommonHelper.findWebElement(WebUiCommonHelper.java:1097)
	at com.kms.katalon.core.webui.keyword.internal.WebUIAbstractKeyword.findWebElement(WebUIAbstractKeyword.groovy:27)
	at com.kms.katalon.core.webui.keyword.internal.WebUIAbstractKeyword.findWebElement(WebUIAbstractKeyword.groovy:26)
	at com.kms.katalon.core.webui.keyword.builtin.ClickKeyword$_click_closure1.doCall(ClickKeyword.groovy:77)
	at com.kms.katalon.core.webui.keyword.builtin.ClickKeyword$_click_closure1.call(ClickKeyword.groovy)
	at com.kms.katalon.core.webui.keyword.internal.WebUIKeywordMain.runKeyword(WebUIKeywordMain.groovy:20)
	at com.kms.katalon.core.webui.keyword.builtin.ClickKeyword.click(ClickKeyword.groovy:86)
	at com.kms.katalon.core.webui.keyword.builtin.ClickKeyword.execute(ClickKeyword.groovy:67)
	at com.kms.katalon.core.keyword.internal.KeywordExecutor.executeKeywordForPlatform(KeywordExecutor.groovy:56)
	at com.kms.katalon.core.webui.keyword.WebUiBuiltInKeywords.click(WebUiBuiltInKeywords.groovy:616)
	at com.kms.katalon.core.webui.keyword.WebUiBuiltInKeywords$click$5.call(Unknown Source)
	at Script1558423335021.run(Script1558423335021.groovy:38)
	... 13 more
)

2019-05-21 15:46:38 - [MESSAGE][INFO] - Unable to find the element located by 'By.xpath: //*[@id='MainContent_ddlBusinessUnit']'. Please recheck the objects properties to make sure the desired element is located. 

2019-05-21 15:46:38 - [MESSAGE][FAILED] - Unable to click on object 'Object Repository/CONSOLIDATOR/LogInPage/BusinessUnitDropdown' (Root cause: com.kms.katalon.core.exception.StepFailedException: Unable to click on object 'Object Repository/CONSOLIDATOR/LogInPage/BusinessUnitDropdown'
	at com.kms.katalon.core.webui.keyword.internal.WebUIKeywordMain.stepFailed(WebUIKeywordMain.groovy:64)
	at com.kms.katalon.core.webui.keyword.internal.WebUIKeywordMain.runKeyword(WebUIKeywordMain.groovy:26)
	at com.kms.katalon.core.webui.keyword.builtin.ClickKeyword.click(ClickKeyword.groovy:86)
	at com.kms.katalon.core.webui.keyword.builtin.ClickKeyword.execute(ClickKeyword.groovy:67)
	at com.kms.katalon.core.keyword.internal.KeywordExecutor.executeKeywordForPlatform(KeywordExecutor.groovy:56)
	at com.kms.katalon.core.webui.keyword.WebUiBuiltInKeywords.click(WebUiBuiltInKeywords.groovy:616)
	at com.kms.katalon.core.webui.keyword.WebUiBuiltInKeywords$click$5.call(Unknown Source)
	at VerifyAddNewItemPage.run(VerifyAddNewItemPage:38)
	at com.kms.katalon.core.main.ScriptEngine.run(ScriptEngine.java:194)
	at com.kms.katalon.core.main.ScriptEngine.runScriptAsRawText(ScriptEngine.java:119)
	at com.kms.katalon.core.main.TestCaseExecutor.runScript(TestCaseExecutor.java:336)
	at com.kms.katalon.core.main.TestCaseExecutor.doExecute(TestCaseExecutor.java:327)
	at com.kms.katalon.core.main.TestCaseExecutor.processExecutionPhase(TestCaseExecutor.java:306)
	at com.kms.katalon.core.main.TestCaseExecutor.accessMainPhase(TestCaseExecutor.java:298)
	at com.kms.katalon.core.main.TestCaseExecutor.execute(TestCaseExecutor.java:232)
	at com.kms.katalon.core.main.TestSuiteExecutor.accessTestCaseMainPhase(TestSuiteExecutor.java:129)
	at com.kms.katalon.core.main.TestSuiteExecutor.accessTestSuiteMainPhase(TestSuiteExecutor.java:112)
	at com.kms.katalon.core.main.TestSuiteExecutor.execute(TestSuiteExecutor.java:81)
	at com.kms.katalon.core.main.TestCaseMain.startTestSuite(TestCaseMain.java:157)
	at com.kms.katalon.core.main.TestCaseMain$startTestSuite$0.call(Unknown Source)
	at TempTestSuite1558433719667.run(TempTestSuite1558433719667.groovy:35)
Caused by: com.kms.katalon.core.webui.exception.WebElementNotFoundException: Web element with id: 'Object Repository/CONSOLIDATOR/LogInPage/BusinessUnitDropdown' located by 'By.xpath: //*[@id='MainContent_ddlBusinessUnit']' not found
	at com.kms.katalon.core.webui.common.WebUiCommonHelper.findWebElement(WebUiCommonHelper.java:1097)
	at com.kms.katalon.core.webui.keyword.internal.WebUIAbstractKeyword.findWebElement(WebUIAbstractKeyword.groovy:27)
	at com.kms.katalon.core.webui.keyword.internal.WebUIAbstractKeyword.findWebElement(WebUIAbstractKeyword.groovy:26)
	at com.kms.katalon.core.webui.keyword.builtin.ClickKeyword$_click_closure1.doCall(ClickKeyword.groovy:77)
	at com.kms.katalon.core.webui.keyword.builtin.ClickKeyword$_click_closure1.call(ClickKeyword.groovy)
	at com.kms.katalon.core.webui.keyword.internal.WebUIKeywordMain.runKeyword(WebUIKeywordMain.groovy:20)
	at com.kms.katalon.core.webui.keyword.builtin.ClickKeyword.click(ClickKeyword.groovy:86)
	at com.kms.katalon.core.webui.keyword.builtin.ClickKeyword.execute(ClickKeyword.groovy:67)
	at com.kms.katalon.core.keyword.internal.KeywordExecutor.executeKeywordForPlatform(KeywordExecutor.groovy:56)
	at com.kms.katalon.core.webui.keyword.WebUiBuiltInKeywords.click(WebUiBuiltInKeywords.groovy:616)
	at com.kms.katalon.core.webui.keyword.WebUiBuiltInKeywords$click$5.call(Unknown Source)
	at Script1558423335021.run(Script1558423335021.groovy:38)
	... 13 more
)
[[ATTACHMENT|D:\\CHR-Katalon\\ABAUTOMATION\\Reports\\ConsolidatorSmoke\\20190521_154519\\1558433798020.png]]]]></system-out>
         <system-err><![CDATA[2019-05-21 15:45:22 - [TEST_CASE][FAILED] - Test Cases/CSPW/CS SMOKE/VerifyAddNewItemPage: Test Cases/CSPW/CS SMOKE/VerifyAddNewItemPage FAILED.
Reason:
com.kms.katalon.core.exception.StepFailedException: Unable to click on object 'Object Repository/CONSOLIDATOR/LogInPage/BusinessUnitDropdown'
	at com.kms.katalon.core.webui.keyword.internal.WebUIKeywordMain.stepFailed(WebUIKeywordMain.groovy:64)
	at com.kms.katalon.core.webui.keyword.internal.WebUIKeywordMain.runKeyword(WebUIKeywordMain.groovy:26)
	at com.kms.katalon.core.webui.keyword.builtin.ClickKeyword.click(ClickKeyword.groovy:86)
	at com.kms.katalon.core.webui.keyword.builtin.ClickKeyword.execute(ClickKeyword.groovy:67)
	at com.kms.katalon.core.keyword.internal.KeywordExecutor.executeKeywordForPlatform(KeywordExecutor.groovy:56)
	at com.kms.katalon.core.webui.keyword.WebUiBuiltInKeywords.click(WebUiBuiltInKeywords.groovy:616)
	at com.kms.katalon.core.webui.keyword.WebUiBuiltInKeywords$click$5.call(Unknown Source)
	at VerifyAddNewItemPage.run(VerifyAddNewItemPage:38)
	at com.kms.katalon.core.main.ScriptEngine.run(ScriptEngine.java:194)
	at com.kms.katalon.core.main.ScriptEngine.runScriptAsRawText(ScriptEngine.java:119)
	at com.kms.katalon.core.main.TestCaseExecutor.runScript(TestCaseExecutor.java:336)
	at com.kms.katalon.core.main.TestCaseExecutor.doExecute(TestCaseExecutor.java:327)
	at com.kms.katalon.core.main.TestCaseExecutor.processExecutionPhase(TestCaseExecutor.java:306)
	at com.kms.katalon.core.main.TestCaseExecutor.accessMainPhase(TestCaseExecutor.java:298)
	at com.kms.katalon.core.main.TestCaseExecutor.execute(TestCaseExecutor.java:232)
	at com.kms.katalon.core.main.TestSuiteExecutor.accessTestCaseMainPhase(TestSuiteExecutor.java:129)
	at com.kms.katalon.core.main.TestSuiteExecutor.accessTestSuiteMainPhase(TestSuiteExecutor.java:112)
	at com.kms.katalon.core.main.TestSuiteExecutor.execute(TestSuiteExecutor.java:81)
	at com.kms.katalon.core.main.TestCaseMain.startTestSuite(TestCaseMain.java:157)
	at com.kms.katalon.core.main.TestCaseMain$startTestSuite$0.call(Unknown Source)
	at TempTestSuite1558433719667.run(TempTestSuite1558433719667.groovy:35)
Caused by: com.kms.katalon.core.webui.exception.WebElementNotFoundException: Web element with id: 'Object Repository/CONSOLIDATOR/LogInPage/BusinessUnitDropdown' located by 'By.xpath: //*[@id='MainContent_ddlBusinessUnit']' not found
	at com.kms.katalon.core.webui.common.WebUiCommonHelper.findWebElement(WebUiCommonHelper.java:1097)
	at com.kms.katalon.core.webui.keyword.internal.WebUIAbstractKeyword.findWebElement(WebUIAbstractKeyword.groovy:27)
	at com.kms.katalon.core.webui.keyword.internal.WebUIAbstractKeyword.findWebElement(WebUIAbstractKeyword.groovy:26)
	at com.kms.katalon.core.webui.keyword.builtin.ClickKeyword$_click_closure1.doCall(ClickKeyword.groovy:77)
	at com.kms.katalon.core.webui.keyword.builtin.ClickKeyword$_click_closure1.call(ClickKeyword.groovy)
	at com.kms.katalon.core.webui.keyword.internal.WebUIKeywordMain.runKeyword(WebUIKeywordMain.groovy:20)
	at com.kms.katalon.core.webui.keyword.builtin.ClickKeyword.click(ClickKeyword.groovy:86)
	at com.kms.katalon.core.webui.keyword.builtin.ClickKeyword.execute(ClickKeyword.groovy:67)
	at com.kms.katalon.core.keyword.internal.KeywordExecutor.executeKeywordForPlatform(KeywordExecutor.groovy:56)
	at com.kms.katalon.core.webui.keyword.WebUiBuiltInKeywords.click(WebUiBuiltInKeywords.groovy:616)
	at com.kms.katalon.core.webui.keyword.WebUiBuiltInKeywords$click$5.call(Unknown Source)
	at Script1558423335021.run(Script1558423335021.groovy:38)
	... 13 more]]></system-err>
      </testcase>
      <testcase name="Test Cases/CSPW/CS SMOKE/VerifyEditBaseElementsPage" classname="Test Cases/CSPW/CS SMOKE/VerifyEditBaseElementsPage" status="FAILED">
         <failure type="FAILED" message="Test Cases/CSPW/CS SMOKE/VerifyEditBaseElementsPage FAILED.
Reason:
com.kms.katalon.core.exception.StepFailedException: Unable to click on object 'Object Repository/CONSOLIDATOR/UpdateLogPage/span_Consolidator'
	at com.kms.katalon.core.webui.keyword.internal.WebUIKeywordMain.stepFailed(WebUIKeywordMain.groovy:64)
	at com.kms.katalon.core.webui.keyword.internal.WebUIKeywordMain.runKeyword(WebUIKeywordMain.groovy:26)
	at com.kms.katalon.core.webui.keyword.builtin.ClickKeyword.click(ClickKeyword.groovy:86)
	at com.kms.katalon.core.webui.keyword.builtin.ClickKeyword.execute(ClickKeyword.groovy:67)
	at com.kms.katalon.core.keyword.internal.KeywordExecutor.executeKeywordForPlatform(KeywordExecutor.groovy:56)
	at com.kms.katalon.core.webui.keyword.WebUiBuiltInKeywords.click(WebUiBuiltInKeywords.groovy:616)
	at com.kms.katalon.core.webui.keyword.WebUiBuiltInKeywords$click$5.call(Unknown Source)
	at VerifyEditBaseElementsPage.run(VerifyEditBaseElementsPage:64)
	at com.kms.katalon.core.main.ScriptEngine.run(ScriptEngine.java:194)
	at com.kms.katalon.core.main.ScriptEngine.runScriptAsRawText(ScriptEngine.java:119)
	at com.kms.katalon.core.main.TestCaseExecutor.runScript(TestCaseExecutor.java:336)
	at com.kms.katalon.core.main.TestCaseExecutor.doExecute(TestCaseExecutor.java:327)
	at com.kms.katalon.core.main.TestCaseExecutor.processExecutionPhase(TestCaseExecutor.java:306)
	at com.kms.katalon.core.main.TestCaseExecutor.accessMainPhase(TestCaseExecutor.java:298)
	at com.kms.katalon.core.main.TestCaseExecutor.execute(TestCaseExecutor.java:232)
	at com.kms.katalon.core.main.TestSuiteExecutor.accessTestCaseMainPhase(TestSuiteExecutor.java:129)
	at com.kms.katalon.core.main.TestSuiteExecutor.accessTestSuiteMainPhase(TestSuiteExecutor.java:112)
	at com.kms.katalon.core.main.TestSuiteExecutor.execute(TestSuiteExecutor.java:81)
	at com.kms.katalon.core.main.TestCaseMain.startTestSuite(TestCaseMain.java:157)
	at com.kms.katalon.core.main.TestCaseMain$startTestSuite$0.call(Unknown Source)
	at TempTestSuite1558433719667.run(TempTestSuite1558433719667.groovy:35)
Caused by: org.openqa.selenium.ElementClickInterceptedException: element click intercepted: Element &lt;span class=&quot;rmText&quot;>...&lt;/span> is not clickable at point (778, 132). Other element would receive the click: &lt;a class=&quot;rmLink rmRootLink clickable AdminSubscriptionsSearch&quot; href=&quot;/Admin/Subscriptions/Search.aspx&quot;>...&lt;/a>
  (Session info: chrome=74.0.3729.157)
  (Driver info: chromedriver=74.0.3729.6 (255758eccf3d244491b8a1317aa76e1ce10d57e9-refs/branch-heads/3729@{#29}),platform=Windows NT 10.0.17134 x86_64) (WARNING: The server did not provide any stacktrace information)
Command duration or timeout: 0 milliseconds
Build info: version: '3.7.1', revision: '8a0099a', time: '2017-11-06T21:07:36.161Z'
System info: host: 'E3480-DJYOTI', ip: '10.15.1.154', os.name: 'Windows 10', os.arch: 'amd64', os.version: '10.0', java.version: '1.8.0_181'
Driver info: com.kms.katalon.selenium.driver.CChromeDriver
Capabilities {acceptInsecureCerts: false, acceptSslCerts: false, applicationCacheEnabled: false, browserConnectionEnabled: false, browserName: chrome, chrome: {chromedriverVersion: 74.0.3729.6 (255758eccf3d24..., userDataDir: C:\Users\DIBYAS~1.JYO\AppDa...}, cssSelectorsEnabled: true, databaseEnabled: false, goog:chromeOptions: {debuggerAddress: localhost:55548}, handlesAlerts: true, hasTouchScreen: false, javascriptEnabled: true, locationContextEnabled: true, mobileEmulationEnabled: false, nativeEvents: true, networkConnectionEnabled: false, pageLoadStrategy: normal, platform: XP, platformName: XP, proxy: Proxy(direct), rotatable: false, setWindowRect: true, strictFileInteractability: false, takesHeapSnapshot: true, takesScreenshot: true, timeouts: {implicit: 0, pageLoad: 300000, script: 30000}, unexpectedAlertBehaviour: ignore, unhandledPromptBehavior: ignore, version: 74.0.3729.157, webStorageEnabled: true}
Session ID: a0e596c73bef38e61345233f65448834
	at org.openqa.selenium.remote.ErrorHandler.createThrowable(ErrorHandler.java:214)
	at org.openqa.selenium.remote.ErrorHandler.throwIfResponseFailed(ErrorHandler.java:166)
	at org.openqa.selenium.remote.http.JsonHttpResponseCodec.reconstructValue(JsonHttpResponseCodec.java:40)
	at org.openqa.selenium.remote.http.AbstractHttpResponseCodec.decode(AbstractHttpResponseCodec.java:80)
	at org.openqa.selenium.remote.http.AbstractHttpResponseCodec.decode(AbstractHttpResponseCodec.java:44)
	at org.openqa.selenium.remote.HttpCommandExecutor.execute(HttpCommandExecutor.java:164)
	at org.openqa.selenium.remote.service.DriverCommandExecutor.execute(DriverCommandExecutor.java:83)
	at org.openqa.selenium.remote.RemoteWebDriver.execute(RemoteWebDriver.java:600)
	at com.kms.katalon.selenium.driver.CChromeDriver.execute(CChromeDriver.java:20)
	at org.openqa.selenium.remote.RemoteWebElement.execute(RemoteWebElement.java:279)
	at org.openqa.selenium.remote.RemoteWebElement.click(RemoteWebElement.java:83)
	at com.kms.katalon.core.webui.keyword.builtin.ClickKeyword$_click_closure1.doCall(ClickKeyword.groovy:79)
	at com.kms.katalon.core.webui.keyword.builtin.ClickKeyword$_click_closure1.call(ClickKeyword.groovy)
	at com.kms.katalon.core.webui.keyword.internal.WebUIKeywordMain.runKeyword(WebUIKeywordMain.groovy:20)
	at com.kms.katalon.core.webui.keyword.builtin.ClickKeyword.click(ClickKeyword.groovy:86)
	at com.kms.katalon.core.webui.keyword.builtin.ClickKeyword.execute(ClickKeyword.groovy:67)
	at com.kms.katalon.core.keyword.internal.KeywordExecutor.executeKeywordForPlatform(KeywordExecutor.groovy:56)
	at com.kms.katalon.core.webui.keyword.WebUiBuiltInKeywords.click(WebUiBuiltInKeywords.groovy:616)
	at com.kms.katalon.core.webui.keyword.WebUiBuiltInKeywords$click$5.call(Unknown Source)
	at Script1558421322791.run(Script1558421322791.groovy:64)
	... 13 more
"/>
         <system-out><![CDATA[2019-05-21 15:46:40 - [TEST_CASE][FAILED] - Test Cases/CSPW/CS SMOKE/VerifyEditBaseElementsPage: Test Cases/CSPW/CS SMOKE/VerifyEditBaseElementsPage FAILED.
Reason:
com.kms.katalon.core.exception.StepFailedException: Unable to click on object 'Object Repository/CONSOLIDATOR/UpdateLogPage/span_Consolidator'
	at com.kms.katalon.core.webui.keyword.internal.WebUIKeywordMain.stepFailed(WebUIKeywordMain.groovy:64)
	at com.kms.katalon.core.webui.keyword.internal.WebUIKeywordMain.runKeyword(WebUIKeywordMain.groovy:26)
	at com.kms.katalon.core.webui.keyword.builtin.ClickKeyword.click(ClickKeyword.groovy:86)
	at com.kms.katalon.core.webui.keyword.builtin.ClickKeyword.execute(ClickKeyword.groovy:67)
	at com.kms.katalon.core.keyword.internal.KeywordExecutor.executeKeywordForPlatform(KeywordExecutor.groovy:56)
	at com.kms.katalon.core.webui.keyword.WebUiBuiltInKeywords.click(WebUiBuiltInKeywords.groovy:616)
	at com.kms.katalon.core.webui.keyword.WebUiBuiltInKeywords$click$5.call(Unknown Source)
	at VerifyEditBaseElementsPage.run(VerifyEditBaseElementsPage:64)
	at com.kms.katalon.core.main.ScriptEngine.run(ScriptEngine.java:194)
	at com.kms.katalon.core.main.ScriptEngine.runScriptAsRawText(ScriptEngine.java:119)
	at com.kms.katalon.core.main.TestCaseExecutor.runScript(TestCaseExecutor.java:336)
	at com.kms.katalon.core.main.TestCaseExecutor.doExecute(TestCaseExecutor.java:327)
	at com.kms.katalon.core.main.TestCaseExecutor.processExecutionPhase(TestCaseExecutor.java:306)
	at com.kms.katalon.core.main.TestCaseExecutor.accessMainPhase(TestCaseExecutor.java:298)
	at com.kms.katalon.core.main.TestCaseExecutor.execute(TestCaseExecutor.java:232)
	at com.kms.katalon.core.main.TestSuiteExecutor.accessTestCaseMainPhase(TestSuiteExecutor.java:129)
	at com.kms.katalon.core.main.TestSuiteExecutor.accessTestSuiteMainPhase(TestSuiteExecutor.java:112)
	at com.kms.katalon.core.main.TestSuiteExecutor.execute(TestSuiteExecutor.java:81)
	at com.kms.katalon.core.main.TestCaseMain.startTestSuite(TestCaseMain.java:157)
	at com.kms.katalon.core.main.TestCaseMain$startTestSuite$0.call(Unknown Source)
	at TempTestSuite1558433719667.run(TempTestSuite1558433719667.groovy:35)
Caused by: org.openqa.selenium.ElementClickInterceptedException: element click intercepted: Element <span class="rmText">...</span> is not clickable at point (778, 132). Other element would receive the click: <a class="rmLink rmRootLink clickable AdminSubscriptionsSearch" href="/Admin/Subscriptions/Search.aspx">...</a>
  (Session info: chrome=74.0.3729.157)
  (Driver info: chromedriver=74.0.3729.6 (255758eccf3d244491b8a1317aa76e1ce10d57e9-refs/branch-heads/3729@{#29}),platform=Windows NT 10.0.17134 x86_64) (WARNING: The server did not provide any stacktrace information)
Command duration or timeout: 0 milliseconds
Build info: version: '3.7.1', revision: '8a0099a', time: '2017-11-06T21:07:36.161Z'
System info: host: 'E3480-DJYOTI', ip: '10.15.1.154', os.name: 'Windows 10', os.arch: 'amd64', os.version: '10.0', java.version: '1.8.0_181'
Driver info: com.kms.katalon.selenium.driver.CChromeDriver
Capabilities {acceptInsecureCerts: false, acceptSslCerts: false, applicationCacheEnabled: false, browserConnectionEnabled: false, browserName: chrome, chrome: {chromedriverVersion: 74.0.3729.6 (255758eccf3d24..., userDataDir: C:\Users\DIBYAS~1.JYO\AppDa...}, cssSelectorsEnabled: true, databaseEnabled: false, goog:chromeOptions: {debuggerAddress: localhost:55548}, handlesAlerts: true, hasTouchScreen: false, javascriptEnabled: true, locationContextEnabled: true, mobileEmulationEnabled: false, nativeEvents: true, networkConnectionEnabled: false, pageLoadStrategy: normal, platform: XP, platformName: XP, proxy: Proxy(direct), rotatable: false, setWindowRect: true, strictFileInteractability: false, takesHeapSnapshot: true, takesScreenshot: true, timeouts: {implicit: 0, pageLoad: 300000, script: 30000}, unexpectedAlertBehaviour: ignore, unhandledPromptBehavior: ignore, version: 74.0.3729.157, webStorageEnabled: true}
Session ID: a0e596c73bef38e61345233f65448834
	at org.openqa.selenium.remote.ErrorHandler.createThrowable(ErrorHandler.java:214)
	at org.openqa.selenium.remote.ErrorHandler.throwIfResponseFailed(ErrorHandler.java:166)
	at org.openqa.selenium.remote.http.JsonHttpResponseCodec.reconstructValue(JsonHttpResponseCodec.java:40)
	at org.openqa.selenium.remote.http.AbstractHttpResponseCodec.decode(AbstractHttpResponseCodec.java:80)
	at org.openqa.selenium.remote.http.AbstractHttpResponseCodec.decode(AbstractHttpResponseCodec.java:44)
	at org.openqa.selenium.remote.HttpCommandExecutor.execute(HttpCommandExecutor.java:164)
	at org.openqa.selenium.remote.service.DriverCommandExecutor.execute(DriverCommandExecutor.java:83)
	at org.openqa.selenium.remote.RemoteWebDriver.execute(RemoteWebDriver.java:600)
	at com.kms.katalon.selenium.driver.CChromeDriver.execute(CChromeDriver.java:20)
	at org.openqa.selenium.remote.RemoteWebElement.execute(RemoteWebElement.java:279)
	at org.openqa.selenium.remote.RemoteWebElement.click(RemoteWebElement.java:83)
	at com.kms.katalon.core.webui.keyword.builtin.ClickKeyword$_click_closure1.doCall(ClickKeyword.groovy:79)
	at com.kms.katalon.core.webui.keyword.builtin.ClickKeyword$_click_closure1.call(ClickKeyword.groovy)
	at com.kms.katalon.core.webui.keyword.internal.WebUIKeywordMain.runKeyword(WebUIKeywordMain.groovy:20)
	at com.kms.katalon.core.webui.keyword.builtin.ClickKeyword.click(ClickKeyword.groovy:86)
	at com.kms.katalon.core.webui.keyword.builtin.ClickKeyword.execute(ClickKeyword.groovy:67)
	at com.kms.katalon.core.keyword.internal.KeywordExecutor.executeKeywordForPlatform(KeywordExecutor.groovy:56)
	at com.kms.katalon.core.webui.keyword.WebUiBuiltInKeywords.click(WebUiBuiltInKeywords.groovy:616)
	at com.kms.katalon.core.webui.keyword.WebUiBuiltInKeywords$click$5.call(Unknown Source)
	at Script1558421322791.run(Script1558421322791.groovy:64)
	... 13 more


2019-05-21 15:46:41 - [TEST_STEP][PASSED] - openBrowser(""): Browser is opened with url: ''

2019-05-21 15:46:41 - [MESSAGE][WARNING] - A browser is already opened. Closing browser and opening a new one

2019-05-21 15:46:41 - [MESSAGE][INFO] - Starting 'Chrome' driver

2019-05-21 15:46:44 - [MESSAGE][PASSED] - Browser is opened with url: ''

2019-05-21 15:46:44 - [TEST_STEP][PASSED] - navigateToUrl("https://admintool.v5qa.brandmuscle.net"): Navigate to 'https://admintool.v5qa.brandmuscle.net' successfully

2019-05-21 15:46:48 - [MESSAGE][PASSED] - Navigate to 'https://admintool.v5qa.brandmuscle.net' successfully

2019-05-21 15:46:48 - [TEST_STEP][PASSED] - waitForPageLoad(30): Wait for page load successfully

2019-05-21 15:46:48 - [MESSAGE][PASSED] - Wait for page load successfully

2019-05-21 15:46:48 - [TEST_STEP][PASSED] - maximizeWindow(): Current window maximized

2019-05-21 15:46:49 - [MESSAGE][PASSED] - Current window maximized

2019-05-21 15:46:49 - [TEST_STEP][PASSED] - waitForElementVisible(findTestObject("CONSOLIDATOR/LogInPage/Username"), 30): Object 'Object Repository/CONSOLIDATOR/LogInPage/Username' is visible

2019-05-21 15:46:49 - [MESSAGE][PASSED] - Object 'Object Repository/CONSOLIDATOR/LogInPage/Username' is visible

2019-05-21 15:46:49 - [TEST_STEP][PASSED] - setText(findTestObject("CONSOLIDATOR/LogInPage/Username"), "chrtestuser@brandmuscle.com"): Text 'chrtestuser@brandmuscle.com' is set on object 'Object Repository/CONSOLIDATOR/LogInPage/Username'

2019-05-21 15:46:50 - [MESSAGE][PASSED] - Text 'chrtestuser@brandmuscle.com' is set on object 'Object Repository/CONSOLIDATOR/LogInPage/Username'

2019-05-21 15:46:50 - [TEST_STEP][PASSED] - waitForElementVisible(findTestObject("CONSOLIDATOR/LogInPage/Password"), 30): Object 'Object Repository/CONSOLIDATOR/LogInPage/Password' is visible

2019-05-21 15:46:50 - [MESSAGE][PASSED] - Object 'Object Repository/CONSOLIDATOR/LogInPage/Password' is visible

2019-05-21 15:46:50 - [TEST_STEP][PASSED] - setText(findTestObject("CONSOLIDATOR/LogInPage/Password"), "Ownlocal@123"): Text 'Ownlocal@123' is set on object 'Object Repository/CONSOLIDATOR/LogInPage/Password'

2019-05-21 15:46:50 - [MESSAGE][PASSED] - Text 'Ownlocal@123' is set on object 'Object Repository/CONSOLIDATOR/LogInPage/Password'

2019-05-21 15:46:50 - [TEST_STEP][PASSED] - click(findTestObject("CONSOLIDATOR/LogInPage/LoginBtn")): Object: 'Object Repository/CONSOLIDATOR/LogInPage/LoginBtn' is clicked on

2019-05-21 15:46:55 - [MESSAGE][PASSED] - Object: 'Object Repository/CONSOLIDATOR/LogInPage/LoginBtn' is clicked on

2019-05-21 15:46:55 - [TEST_STEP][PASSED] - waitForPageLoad(30): Wait for page load successfully

2019-05-21 15:46:55 - [MESSAGE][PASSED] - Wait for page load successfully

2019-05-21 15:46:55 - [TEST_STEP][PASSED] - waitForElementVisible(findTestObject("CONSOLIDATOR/LogInPage/BusinessUnitDropdown"), 0): Object 'Object Repository/CONSOLIDATOR/LogInPage/BusinessUnitDropdown' is visible

2019-05-21 15:46:55 - [MESSAGE][WARNING] - Timeout '0' is invalid. Using default page load timeout: '30'

2019-05-21 15:46:55 - [MESSAGE][PASSED] - Object 'Object Repository/CONSOLIDATOR/LogInPage/BusinessUnitDropdown' is visible

2019-05-21 15:46:55 - [TEST_STEP][PASSED] - click(findTestObject("CONSOLIDATOR/LogInPage/BusinessUnitDropdown")): Object: 'Object Repository/CONSOLIDATOR/LogInPage/BusinessUnitDropdown' is clicked on

2019-05-21 15:46:56 - [MESSAGE][PASSED] - Object: 'Object Repository/CONSOLIDATOR/LogInPage/BusinessUnitDropdown' is clicked on

2019-05-21 15:46:56 - [TEST_STEP][PASSED] - click(findTestObject("CONSOLIDATOR/LogInPage/BusinessUnitName")): Object: 'Object Repository/CONSOLIDATOR/LogInPage/BusinessUnitName' is clicked on

2019-05-21 15:47:03 - [MESSAGE][PASSED] - Object: 'Object Repository/CONSOLIDATOR/LogInPage/BusinessUnitName' is clicked on

2019-05-21 15:47:03 - [TEST_STEP][PASSED] - waitForPageLoad(30): Wait for page load successfully

2019-05-21 15:47:03 - [MESSAGE][PASSED] - Wait for page load successfully

2019-05-21 15:47:03 - [TEST_STEP][PASSED] - waitForElementVisible(findTestObject("CONSOLIDATOR/UpdateLogPage/Select Business UnitBtn"), 30): Object 'Object Repository/CONSOLIDATOR/UpdateLogPage/Select Business UnitBtn' is visible

2019-05-21 15:47:03 - [MESSAGE][PASSED] - Object 'Object Repository/CONSOLIDATOR/UpdateLogPage/Select Business UnitBtn' is visible

2019-05-21 15:47:03 - [TEST_STEP][PASSED] - click(findTestObject("CONSOLIDATOR/UpdateLogPage/Select Business UnitBtn")): Object: 'Object Repository/CONSOLIDATOR/UpdateLogPage/Select Business UnitBtn' is clicked on

2019-05-21 15:47:03 - [MESSAGE][PASSED] - Object: 'Object Repository/CONSOLIDATOR/UpdateLogPage/Select Business UnitBtn' is clicked on

2019-05-21 15:47:03 - [TEST_STEP][PASSED] - waitForPageLoad(30): Wait for page load successfully

2019-05-21 15:47:03 - [MESSAGE][PASSED] - Wait for page load successfully

2019-05-21 15:47:03 - [TEST_STEP][PASSED] - waitForElementVisible(findTestObject("CONSOLIDATOR/ParentBusinessUnit/ParentBusinessUnitDropDown"), 30): Object 'Object Repository/CONSOLIDATOR/ParentBusinessUnit/ParentBusinessUnitDropDown' is visible

2019-05-21 15:47:09 - [MESSAGE][PASSED] - Object 'Object Repository/CONSOLIDATOR/ParentBusinessUnit/ParentBusinessUnitDropDown' is visible

2019-05-21 15:47:09 - [TEST_STEP][PASSED] - click(findTestObject("CONSOLIDATOR/ParentBusinessUnit/ParentBusinessUnitDropDown")): Object: 'Object Repository/CONSOLIDATOR/ParentBusinessUnit/ParentBusinessUnitDropDown' is clicked on

2019-05-21 15:47:09 - [MESSAGE][PASSED] - Object: 'Object Repository/CONSOLIDATOR/ParentBusinessUnit/ParentBusinessUnitDropDown' is clicked on

2019-05-21 15:47:09 - [TEST_STEP][PASSED] - click(findTestObject("CONSOLIDATOR/ParentBusinessUnit/ParentBusinessUnitName")): Object: 'Object Repository/CONSOLIDATOR/ParentBusinessUnit/ParentBusinessUnitName' is clicked on

2019-05-21 15:47:13 - [MESSAGE][PASSED] - Object: 'Object Repository/CONSOLIDATOR/ParentBusinessUnit/ParentBusinessUnitName' is clicked on

2019-05-21 15:47:13 - [TEST_STEP][PASSED] - click(findTestObject("CONSOLIDATOR/ParentBusinessUnit/SubmitBtn (1)")): Object: 'Object Repository/CONSOLIDATOR/ParentBusinessUnit/SubmitBtn (1)' is clicked on

2019-05-21 15:47:18 - [MESSAGE][PASSED] - Object: 'Object Repository/CONSOLIDATOR/ParentBusinessUnit/SubmitBtn (1)' is clicked on

2019-05-21 15:47:18 - [TEST_STEP][PASSED] - waitForElementVisible(findTestObject("CONSOLIDATOR/UpdateLogPage/span_Modules"), 30): Object 'Object Repository/CONSOLIDATOR/UpdateLogPage/span_Modules' is visible

2019-05-21 15:47:19 - [MESSAGE][PASSED] - Object 'Object Repository/CONSOLIDATOR/UpdateLogPage/span_Modules' is visible

2019-05-21 15:47:19 - [TEST_STEP][PASSED] - mouseOverOffset(findTestObject("CONSOLIDATOR/UpdateLogPage/span_Modules"), 0, 0): Object: 'Object Repository/CONSOLIDATOR/UpdateLogPage/span_Modules' is hovered using offset x = 0 and y = 0

2019-05-21 15:47:19 - [MESSAGE][PASSED] - Object: 'Object Repository/CONSOLIDATOR/UpdateLogPage/span_Modules' is hovered using offset x = 0 and y = 0

2019-05-21 15:47:19 - [TEST_STEP][PASSED] - mouseOver(findTestObject("CONSOLIDATOR/UpdateLogPage/span_Consolidator")): Object: 'Object Repository/CONSOLIDATOR/UpdateLogPage/span_Consolidator' is hovered

2019-05-21 15:47:19 - [MESSAGE][PASSED] - Object: 'Object Repository/CONSOLIDATOR/UpdateLogPage/span_Consolidator' is hovered

2019-05-21 15:47:19 - [TEST_STEP][FAILED] - click(findTestObject("CONSOLIDATOR/UpdateLogPage/span_Consolidator")): Unable to click on object 'Object Repository/CONSOLIDATOR/UpdateLogPage/span_Consolidator' (Root cause: com.kms.katalon.core.exception.StepFailedException: Unable to click on object 'Object Repository/CONSOLIDATOR/UpdateLogPage/span_Consolidator'
	at com.kms.katalon.core.webui.keyword.internal.WebUIKeywordMain.stepFailed(WebUIKeywordMain.groovy:64)
	at com.kms.katalon.core.webui.keyword.internal.WebUIKeywordMain.runKeyword(WebUIKeywordMain.groovy:26)
	at com.kms.katalon.core.webui.keyword.builtin.ClickKeyword.click(ClickKeyword.groovy:86)
	at com.kms.katalon.core.webui.keyword.builtin.ClickKeyword.execute(ClickKeyword.groovy:67)
	at com.kms.katalon.core.keyword.internal.KeywordExecutor.executeKeywordForPlatform(KeywordExecutor.groovy:56)
	at com.kms.katalon.core.webui.keyword.WebUiBuiltInKeywords.click(WebUiBuiltInKeywords.groovy:616)
	at com.kms.katalon.core.webui.keyword.WebUiBuiltInKeywords$click$5.call(Unknown Source)
	at VerifyEditBaseElementsPage.run(VerifyEditBaseElementsPage:64)
	at com.kms.katalon.core.main.ScriptEngine.run(ScriptEngine.java:194)
	at com.kms.katalon.core.main.ScriptEngine.runScriptAsRawText(ScriptEngine.java:119)
	at com.kms.katalon.core.main.TestCaseExecutor.runScript(TestCaseExecutor.java:336)
	at com.kms.katalon.core.main.TestCaseExecutor.doExecute(TestCaseExecutor.java:327)
	at com.kms.katalon.core.main.TestCaseExecutor.processExecutionPhase(TestCaseExecutor.java:306)
	at com.kms.katalon.core.main.TestCaseExecutor.accessMainPhase(TestCaseExecutor.java:298)
	at com.kms.katalon.core.main.TestCaseExecutor.execute(TestCaseExecutor.java:232)
	at com.kms.katalon.core.main.TestSuiteExecutor.accessTestCaseMainPhase(TestSuiteExecutor.java:129)
	at com.kms.katalon.core.main.TestSuiteExecutor.accessTestSuiteMainPhase(TestSuiteExecutor.java:112)
	at com.kms.katalon.core.main.TestSuiteExecutor.execute(TestSuiteExecutor.java:81)
	at com.kms.katalon.core.main.TestCaseMain.startTestSuite(TestCaseMain.java:157)
	at com.kms.katalon.core.main.TestCaseMain$startTestSuite$0.call(Unknown Source)
	at TempTestSuite1558433719667.run(TempTestSuite1558433719667.groovy:35)
Caused by: org.openqa.selenium.ElementClickInterceptedException: element click intercepted: Element <span class="rmText">...</span> is not clickable at point (778, 132). Other element would receive the click: <a class="rmLink rmRootLink clickable AdminSubscriptionsSearch" href="/Admin/Subscriptions/Search.aspx">...</a>
  (Session info: chrome=74.0.3729.157)
  (Driver info: chromedriver=74.0.3729.6 (255758eccf3d244491b8a1317aa76e1ce10d57e9-refs/branch-heads/3729@{#29}),platform=Windows NT 10.0.17134 x86_64) (WARNING: The server did not provide any stacktrace information)
Command duration or timeout: 0 milliseconds
Build info: version: '3.7.1', revision: '8a0099a', time: '2017-11-06T21:07:36.161Z'
System info: host: 'E3480-DJYOTI', ip: '10.15.1.154', os.name: 'Windows 10', os.arch: 'amd64', os.version: '10.0', java.version: '1.8.0_181'
Driver info: com.kms.katalon.selenium.driver.CChromeDriver
Capabilities {acceptInsecureCerts: false, acceptSslCerts: false, applicationCacheEnabled: false, browserConnectionEnabled: false, browserName: chrome, chrome: {chromedriverVersion: 74.0.3729.6 (255758eccf3d24..., userDataDir: C:\Users\DIBYAS~1.JYO\AppDa...}, cssSelectorsEnabled: true, databaseEnabled: false, goog:chromeOptions: {debuggerAddress: localhost:55548}, handlesAlerts: true, hasTouchScreen: false, javascriptEnabled: true, locationContextEnabled: true, mobileEmulationEnabled: false, nativeEvents: true, networkConnectionEnabled: false, pageLoadStrategy: normal, platform: XP, platformName: XP, proxy: Proxy(direct), rotatable: false, setWindowRect: true, strictFileInteractability: false, takesHeapSnapshot: true, takesScreenshot: true, timeouts: {implicit: 0, pageLoad: 300000, script: 30000}, unexpectedAlertBehaviour: ignore, unhandledPromptBehavior: ignore, version: 74.0.3729.157, webStorageEnabled: true}
Session ID: a0e596c73bef38e61345233f65448834
	at org.openqa.selenium.remote.ErrorHandler.createThrowable(ErrorHandler.java:214)
	at org.openqa.selenium.remote.ErrorHandler.throwIfResponseFailed(ErrorHandler.java:166)
	at org.openqa.selenium.remote.http.JsonHttpResponseCodec.reconstructValue(JsonHttpResponseCodec.java:40)
	at org.openqa.selenium.remote.http.AbstractHttpResponseCodec.decode(AbstractHttpResponseCodec.java:80)
	at org.openqa.selenium.remote.http.AbstractHttpResponseCodec.decode(AbstractHttpResponseCodec.java:44)
	at org.openqa.selenium.remote.HttpCommandExecutor.execute(HttpCommandExecutor.java:164)
	at org.openqa.selenium.remote.service.DriverCommandExecutor.execute(DriverCommandExecutor.java:83)
	at org.openqa.selenium.remote.RemoteWebDriver.execute(RemoteWebDriver.java:600)
	at com.kms.katalon.selenium.driver.CChromeDriver.execute(CChromeDriver.java:20)
	at org.openqa.selenium.remote.RemoteWebElement.execute(RemoteWebElement.java:279)
	at org.openqa.selenium.remote.RemoteWebElement.click(RemoteWebElement.java:83)
	at com.kms.katalon.core.webui.keyword.builtin.ClickKeyword$_click_closure1.doCall(ClickKeyword.groovy:79)
	at com.kms.katalon.core.webui.keyword.builtin.ClickKeyword$_click_closure1.call(ClickKeyword.groovy)
	at com.kms.katalon.core.webui.keyword.internal.WebUIKeywordMain.runKeyword(WebUIKeywordMain.groovy:20)
	at com.kms.katalon.core.webui.keyword.builtin.ClickKeyword.click(ClickKeyword.groovy:86)
	at com.kms.katalon.core.webui.keyword.builtin.ClickKeyword.execute(ClickKeyword.groovy:67)
	at com.kms.katalon.core.keyword.internal.KeywordExecutor.executeKeywordForPlatform(KeywordExecutor.groovy:56)
	at com.kms.katalon.core.webui.keyword.WebUiBuiltInKeywords.click(WebUiBuiltInKeywords.groovy:616)
	at com.kms.katalon.core.webui.keyword.WebUiBuiltInKeywords$click$5.call(Unknown Source)
	at Script1558421322791.run(Script1558421322791.groovy:64)
	... 13 more
)

2019-05-21 15:47:19 - [MESSAGE][FAILED] - Unable to click on object 'Object Repository/CONSOLIDATOR/UpdateLogPage/span_Consolidator' (Root cause: com.kms.katalon.core.exception.StepFailedException: Unable to click on object 'Object Repository/CONSOLIDATOR/UpdateLogPage/span_Consolidator'
	at com.kms.katalon.core.webui.keyword.internal.WebUIKeywordMain.stepFailed(WebUIKeywordMain.groovy:64)
	at com.kms.katalon.core.webui.keyword.internal.WebUIKeywordMain.runKeyword(WebUIKeywordMain.groovy:26)
	at com.kms.katalon.core.webui.keyword.builtin.ClickKeyword.click(ClickKeyword.groovy:86)
	at com.kms.katalon.core.webui.keyword.builtin.ClickKeyword.execute(ClickKeyword.groovy:67)
	at com.kms.katalon.core.keyword.internal.KeywordExecutor.executeKeywordForPlatform(KeywordExecutor.groovy:56)
	at com.kms.katalon.core.webui.keyword.WebUiBuiltInKeywords.click(WebUiBuiltInKeywords.groovy:616)
	at com.kms.katalon.core.webui.keyword.WebUiBuiltInKeywords$click$5.call(Unknown Source)
	at VerifyEditBaseElementsPage.run(VerifyEditBaseElementsPage:64)
	at com.kms.katalon.core.main.ScriptEngine.run(ScriptEngine.java:194)
	at com.kms.katalon.core.main.ScriptEngine.runScriptAsRawText(ScriptEngine.java:119)
	at com.kms.katalon.core.main.TestCaseExecutor.runScript(TestCaseExecutor.java:336)
	at com.kms.katalon.core.main.TestCaseExecutor.doExecute(TestCaseExecutor.java:327)
	at com.kms.katalon.core.main.TestCaseExecutor.processExecutionPhase(TestCaseExecutor.java:306)
	at com.kms.katalon.core.main.TestCaseExecutor.accessMainPhase(TestCaseExecutor.java:298)
	at com.kms.katalon.core.main.TestCaseExecutor.execute(TestCaseExecutor.java:232)
	at com.kms.katalon.core.main.TestSuiteExecutor.accessTestCaseMainPhase(TestSuiteExecutor.java:129)
	at com.kms.katalon.core.main.TestSuiteExecutor.accessTestSuiteMainPhase(TestSuiteExecutor.java:112)
	at com.kms.katalon.core.main.TestSuiteExecutor.execute(TestSuiteExecutor.java:81)
	at com.kms.katalon.core.main.TestCaseMain.startTestSuite(TestCaseMain.java:157)
	at com.kms.katalon.core.main.TestCaseMain$startTestSuite$0.call(Unknown Source)
	at TempTestSuite1558433719667.run(TempTestSuite1558433719667.groovy:35)
Caused by: org.openqa.selenium.ElementClickInterceptedException: element click intercepted: Element <span class="rmText">...</span> is not clickable at point (778, 132). Other element would receive the click: <a class="rmLink rmRootLink clickable AdminSubscriptionsSearch" href="/Admin/Subscriptions/Search.aspx">...</a>
  (Session info: chrome=74.0.3729.157)
  (Driver info: chromedriver=74.0.3729.6 (255758eccf3d244491b8a1317aa76e1ce10d57e9-refs/branch-heads/3729@{#29}),platform=Windows NT 10.0.17134 x86_64) (WARNING: The server did not provide any stacktrace information)
Command duration or timeout: 0 milliseconds
Build info: version: '3.7.1', revision: '8a0099a', time: '2017-11-06T21:07:36.161Z'
System info: host: 'E3480-DJYOTI', ip: '10.15.1.154', os.name: 'Windows 10', os.arch: 'amd64', os.version: '10.0', java.version: '1.8.0_181'
Driver info: com.kms.katalon.selenium.driver.CChromeDriver
Capabilities {acceptInsecureCerts: false, acceptSslCerts: false, applicationCacheEnabled: false, browserConnectionEnabled: false, browserName: chrome, chrome: {chromedriverVersion: 74.0.3729.6 (255758eccf3d24..., userDataDir: C:\Users\DIBYAS~1.JYO\AppDa...}, cssSelectorsEnabled: true, databaseEnabled: false, goog:chromeOptions: {debuggerAddress: localhost:55548}, handlesAlerts: true, hasTouchScreen: false, javascriptEnabled: true, locationContextEnabled: true, mobileEmulationEnabled: false, nativeEvents: true, networkConnectionEnabled: false, pageLoadStrategy: normal, platform: XP, platformName: XP, proxy: Proxy(direct), rotatable: false, setWindowRect: true, strictFileInteractability: false, takesHeapSnapshot: true, takesScreenshot: true, timeouts: {implicit: 0, pageLoad: 300000, script: 30000}, unexpectedAlertBehaviour: ignore, unhandledPromptBehavior: ignore, version: 74.0.3729.157, webStorageEnabled: true}
Session ID: a0e596c73bef38e61345233f65448834
	at org.openqa.selenium.remote.ErrorHandler.createThrowable(ErrorHandler.java:214)
	at org.openqa.selenium.remote.ErrorHandler.throwIfResponseFailed(ErrorHandler.java:166)
	at org.openqa.selenium.remote.http.JsonHttpResponseCodec.reconstructValue(JsonHttpResponseCodec.java:40)
	at org.openqa.selenium.remote.http.AbstractHttpResponseCodec.decode(AbstractHttpResponseCodec.java:80)
	at org.openqa.selenium.remote.http.AbstractHttpResponseCodec.decode(AbstractHttpResponseCodec.java:44)
	at org.openqa.selenium.remote.HttpCommandExecutor.execute(HttpCommandExecutor.java:164)
	at org.openqa.selenium.remote.service.DriverCommandExecutor.execute(DriverCommandExecutor.java:83)
	at org.openqa.selenium.remote.RemoteWebDriver.execute(RemoteWebDriver.java:600)
	at com.kms.katalon.selenium.driver.CChromeDriver.execute(CChromeDriver.java:20)
	at org.openqa.selenium.remote.RemoteWebElement.execute(RemoteWebElement.java:279)
	at org.openqa.selenium.remote.RemoteWebElement.click(RemoteWebElement.java:83)
	at com.kms.katalon.core.webui.keyword.builtin.ClickKeyword$_click_closure1.doCall(ClickKeyword.groovy:79)
	at com.kms.katalon.core.webui.keyword.builtin.ClickKeyword$_click_closure1.call(ClickKeyword.groovy)
	at com.kms.katalon.core.webui.keyword.internal.WebUIKeywordMain.runKeyword(WebUIKeywordMain.groovy:20)
	at com.kms.katalon.core.webui.keyword.builtin.ClickKeyword.click(ClickKeyword.groovy:86)
	at com.kms.katalon.core.webui.keyword.builtin.ClickKeyword.execute(ClickKeyword.groovy:67)
	at com.kms.katalon.core.keyword.internal.KeywordExecutor.executeKeywordForPlatform(KeywordExecutor.groovy:56)
	at com.kms.katalon.core.webui.keyword.WebUiBuiltInKeywords.click(WebUiBuiltInKeywords.groovy:616)
	at com.kms.katalon.core.webui.keyword.WebUiBuiltInKeywords$click$5.call(Unknown Source)
	at Script1558421322791.run(Script1558421322791.groovy:64)
	... 13 more
)
[[ATTACHMENT|D:\\CHR-Katalon\\ABAUTOMATION\\Reports\\ConsolidatorSmoke\\20190521_154519\\1558433839292.png]]]]></system-out>
         <system-err><![CDATA[2019-05-21 15:46:40 - [TEST_CASE][FAILED] - Test Cases/CSPW/CS SMOKE/VerifyEditBaseElementsPage: Test Cases/CSPW/CS SMOKE/VerifyEditBaseElementsPage FAILED.
Reason:
com.kms.katalon.core.exception.StepFailedException: Unable to click on object 'Object Repository/CONSOLIDATOR/UpdateLogPage/span_Consolidator'
	at com.kms.katalon.core.webui.keyword.internal.WebUIKeywordMain.stepFailed(WebUIKeywordMain.groovy:64)
	at com.kms.katalon.core.webui.keyword.internal.WebUIKeywordMain.runKeyword(WebUIKeywordMain.groovy:26)
	at com.kms.katalon.core.webui.keyword.builtin.ClickKeyword.click(ClickKeyword.groovy:86)
	at com.kms.katalon.core.webui.keyword.builtin.ClickKeyword.execute(ClickKeyword.groovy:67)
	at com.kms.katalon.core.keyword.internal.KeywordExecutor.executeKeywordForPlatform(KeywordExecutor.groovy:56)
	at com.kms.katalon.core.webui.keyword.WebUiBuiltInKeywords.click(WebUiBuiltInKeywords.groovy:616)
	at com.kms.katalon.core.webui.keyword.WebUiBuiltInKeywords$click$5.call(Unknown Source)
	at VerifyEditBaseElementsPage.run(VerifyEditBaseElementsPage:64)
	at com.kms.katalon.core.main.ScriptEngine.run(ScriptEngine.java:194)
	at com.kms.katalon.core.main.ScriptEngine.runScriptAsRawText(ScriptEngine.java:119)
	at com.kms.katalon.core.main.TestCaseExecutor.runScript(TestCaseExecutor.java:336)
	at com.kms.katalon.core.main.TestCaseExecutor.doExecute(TestCaseExecutor.java:327)
	at com.kms.katalon.core.main.TestCaseExecutor.processExecutionPhase(TestCaseExecutor.java:306)
	at com.kms.katalon.core.main.TestCaseExecutor.accessMainPhase(TestCaseExecutor.java:298)
	at com.kms.katalon.core.main.TestCaseExecutor.execute(TestCaseExecutor.java:232)
	at com.kms.katalon.core.main.TestSuiteExecutor.accessTestCaseMainPhase(TestSuiteExecutor.java:129)
	at com.kms.katalon.core.main.TestSuiteExecutor.accessTestSuiteMainPhase(TestSuiteExecutor.java:112)
	at com.kms.katalon.core.main.TestSuiteExecutor.execute(TestSuiteExecutor.java:81)
	at com.kms.katalon.core.main.TestCaseMain.startTestSuite(TestCaseMain.java:157)
	at com.kms.katalon.core.main.TestCaseMain$startTestSuite$0.call(Unknown Source)
	at TempTestSuite1558433719667.run(TempTestSuite1558433719667.groovy:35)
Caused by: org.openqa.selenium.ElementClickInterceptedException: element click intercepted: Element <span class="rmText">...</span> is not clickable at point (778, 132). Other element would receive the click: <a class="rmLink rmRootLink clickable AdminSubscriptionsSearch" href="/Admin/Subscriptions/Search.aspx">...</a>
  (Session info: chrome=74.0.3729.157)
  (Driver info: chromedriver=74.0.3729.6 (255758eccf3d244491b8a1317aa76e1ce10d57e9-refs/branch-heads/3729@{#29}),platform=Windows NT 10.0.17134 x86_64) (WARNING: The server did not provide any stacktrace information)
Command duration or timeout: 0 milliseconds
Build info: version: '3.7.1', revision: '8a0099a', time: '2017-11-06T21:07:36.161Z'
System info: host: 'E3480-DJYOTI', ip: '10.15.1.154', os.name: 'Windows 10', os.arch: 'amd64', os.version: '10.0', java.version: '1.8.0_181'
Driver info: com.kms.katalon.selenium.driver.CChromeDriver
Capabilities {acceptInsecureCerts: false, acceptSslCerts: false, applicationCacheEnabled: false, browserConnectionEnabled: false, browserName: chrome, chrome: {chromedriverVersion: 74.0.3729.6 (255758eccf3d24..., userDataDir: C:\Users\DIBYAS~1.JYO\AppDa...}, cssSelectorsEnabled: true, databaseEnabled: false, goog:chromeOptions: {debuggerAddress: localhost:55548}, handlesAlerts: true, hasTouchScreen: false, javascriptEnabled: true, locationContextEnabled: true, mobileEmulationEnabled: false, nativeEvents: true, networkConnectionEnabled: false, pageLoadStrategy: normal, platform: XP, platformName: XP, proxy: Proxy(direct), rotatable: false, setWindowRect: true, strictFileInteractability: false, takesHeapSnapshot: true, takesScreenshot: true, timeouts: {implicit: 0, pageLoad: 300000, script: 30000}, unexpectedAlertBehaviour: ignore, unhandledPromptBehavior: ignore, version: 74.0.3729.157, webStorageEnabled: true}
Session ID: a0e596c73bef38e61345233f65448834
	at org.openqa.selenium.remote.ErrorHandler.createThrowable(ErrorHandler.java:214)
	at org.openqa.selenium.remote.ErrorHandler.throwIfResponseFailed(ErrorHandler.java:166)
	at org.openqa.selenium.remote.http.JsonHttpResponseCodec.reconstructValue(JsonHttpResponseCodec.java:40)
	at org.openqa.selenium.remote.http.AbstractHttpResponseCodec.decode(AbstractHttpResponseCodec.java:80)
	at org.openqa.selenium.remote.http.AbstractHttpResponseCodec.decode(AbstractHttpResponseCodec.java:44)
	at org.openqa.selenium.remote.HttpCommandExecutor.execute(HttpCommandExecutor.java:164)
	at org.openqa.selenium.remote.service.DriverCommandExecutor.execute(DriverCommandExecutor.java:83)
	at org.openqa.selenium.remote.RemoteWebDriver.execute(RemoteWebDriver.java:600)
	at com.kms.katalon.selenium.driver.CChromeDriver.execute(CChromeDriver.java:20)
	at org.openqa.selenium.remote.RemoteWebElement.execute(RemoteWebElement.java:279)
	at org.openqa.selenium.remote.RemoteWebElement.click(RemoteWebElement.java:83)
	at com.kms.katalon.core.webui.keyword.builtin.ClickKeyword$_click_closure1.doCall(ClickKeyword.groovy:79)
	at com.kms.katalon.core.webui.keyword.builtin.ClickKeyword$_click_closure1.call(ClickKeyword.groovy)
	at com.kms.katalon.core.webui.keyword.internal.WebUIKeywordMain.runKeyword(WebUIKeywordMain.groovy:20)
	at com.kms.katalon.core.webui.keyword.builtin.ClickKeyword.click(ClickKeyword.groovy:86)
	at com.kms.katalon.core.webui.keyword.builtin.ClickKeyword.execute(ClickKeyword.groovy:67)
	at com.kms.katalon.core.keyword.internal.KeywordExecutor.executeKeywordForPlatform(KeywordExecutor.groovy:56)
	at com.kms.katalon.core.webui.keyword.WebUiBuiltInKeywords.click(WebUiBuiltInKeywords.groovy:616)
	at com.kms.katalon.core.webui.keyword.WebUiBuiltInKeywords$click$5.call(Unknown Source)
	at Script1558421322791.run(Script1558421322791.groovy:64)
	... 13 more]]></system-err>
      </testcase>
      <testcase name="Test Cases/CSPW/CS SMOKE/VerifyManageBaseElementsPage" classname="Test Cases/CSPW/CS SMOKE/VerifyManageBaseElementsPage" status="PASSED">
         <system-out><![CDATA[2019-05-21 15:47:21 - [TEST_CASE][PASSED] - Test Cases/CSPW/CS SMOKE/VerifyManageBaseElementsPage: Test Cases/CSPW/CS SMOKE/VerifyManageBaseElementsPage

2019-05-21 15:47:22 - [TEST_STEP][PASSED] - openBrowser(""): Browser is opened with url: ''

2019-05-21 15:47:22 - [MESSAGE][WARNING] - A browser is already opened. Closing browser and opening a new one

2019-05-21 15:47:22 - [MESSAGE][INFO] - Starting 'Chrome' driver

2019-05-21 15:47:25 - [MESSAGE][PASSED] - Browser is opened with url: ''

2019-05-21 15:47:25 - [TEST_STEP][PASSED] - navigateToUrl("https://admintool.v5qa.brandmuscle.net"): Navigate to 'https://admintool.v5qa.brandmuscle.net' successfully

2019-05-21 15:47:30 - [MESSAGE][PASSED] - Navigate to 'https://admintool.v5qa.brandmuscle.net' successfully

2019-05-21 15:47:30 - [TEST_STEP][PASSED] - waitForPageLoad(30): Wait for page load successfully

2019-05-21 15:47:30 - [MESSAGE][PASSED] - Wait for page load successfully

2019-05-21 15:47:30 - [TEST_STEP][PASSED] - maximizeWindow(): Current window maximized

2019-05-21 15:47:31 - [MESSAGE][PASSED] - Current window maximized

2019-05-21 15:47:31 - [TEST_STEP][PASSED] - waitForElementVisible(findTestObject("CONSOLIDATOR/LogInPage/Username"), 30): Object 'Object Repository/CONSOLIDATOR/LogInPage/Username' is visible

2019-05-21 15:47:31 - [MESSAGE][PASSED] - Object 'Object Repository/CONSOLIDATOR/LogInPage/Username' is visible

2019-05-21 15:47:31 - [TEST_STEP][PASSED] - setText(findTestObject("CONSOLIDATOR/LogInPage/Username"), "chrtestuser@brandmuscle.com"): Text 'chrtestuser@brandmuscle.com' is set on object 'Object Repository/CONSOLIDATOR/LogInPage/Username'

2019-05-21 15:47:31 - [MESSAGE][PASSED] - Text 'chrtestuser@brandmuscle.com' is set on object 'Object Repository/CONSOLIDATOR/LogInPage/Username'

2019-05-21 15:47:31 - [TEST_STEP][PASSED] - waitForElementVisible(findTestObject("CONSOLIDATOR/LogInPage/Password"), 30): Object 'Object Repository/CONSOLIDATOR/LogInPage/Password' is visible

2019-05-21 15:47:31 - [MESSAGE][PASSED] - Object 'Object Repository/CONSOLIDATOR/LogInPage/Password' is visible

2019-05-21 15:47:31 - [TEST_STEP][PASSED] - setText(findTestObject("CONSOLIDATOR/LogInPage/Password"), "Ownlocal@123"): Text 'Ownlocal@123' is set on object 'Object Repository/CONSOLIDATOR/LogInPage/Password'

2019-05-21 15:47:31 - [MESSAGE][PASSED] - Text 'Ownlocal@123' is set on object 'Object Repository/CONSOLIDATOR/LogInPage/Password'

2019-05-21 15:47:31 - [TEST_STEP][PASSED] - waitForElementVisible(findTestObject("CONSOLIDATOR/LogInPage/LoginBtn"), 30): Object 'Object Repository/CONSOLIDATOR/LogInPage/LoginBtn' is visible

2019-05-21 15:47:31 - [MESSAGE][PASSED] - Object 'Object Repository/CONSOLIDATOR/LogInPage/LoginBtn' is visible

2019-05-21 15:47:31 - [TEST_STEP][PASSED] - click(findTestObject("CONSOLIDATOR/LogInPage/LoginBtn")): Object: 'Object Repository/CONSOLIDATOR/LogInPage/LoginBtn' is clicked on

2019-05-21 15:47:37 - [MESSAGE][PASSED] - Object: 'Object Repository/CONSOLIDATOR/LogInPage/LoginBtn' is clicked on

2019-05-21 15:47:37 - [TEST_STEP][PASSED] - waitForPageLoad(30): Wait for page load successfully

2019-05-21 15:47:37 - [MESSAGE][PASSED] - Wait for page load successfully

2019-05-21 15:47:37 - [TEST_STEP][PASSED] - waitForElementVisible(findTestObject("CONSOLIDATOR/LogInPage/BusinessUnitDropdown"), 30): Object 'Object Repository/CONSOLIDATOR/LogInPage/BusinessUnitDropdown' is visible

2019-05-21 15:47:37 - [MESSAGE][PASSED] - Object 'Object Repository/CONSOLIDATOR/LogInPage/BusinessUnitDropdown' is visible

2019-05-21 15:47:37 - [TEST_STEP][PASSED] - click(findTestObject("CONSOLIDATOR/LogInPage/BusinessUnitDropdown")): Object: 'Object Repository/CONSOLIDATOR/LogInPage/BusinessUnitDropdown' is clicked on

2019-05-21 15:47:37 - [MESSAGE][PASSED] - Object: 'Object Repository/CONSOLIDATOR/LogInPage/BusinessUnitDropdown' is clicked on

2019-05-21 15:47:37 - [TEST_STEP][PASSED] - waitForElementVisible(findTestObject("CONSOLIDATOR/LogInPage/BusinessUnitName"), 30): Object 'Object Repository/CONSOLIDATOR/LogInPage/BusinessUnitName' is visible

2019-05-21 15:47:37 - [MESSAGE][PASSED] - Object 'Object Repository/CONSOLIDATOR/LogInPage/BusinessUnitName' is visible

2019-05-21 15:47:37 - [TEST_STEP][PASSED] - click(findTestObject("CONSOLIDATOR/LogInPage/BusinessUnitName")): Object: 'Object Repository/CONSOLIDATOR/LogInPage/BusinessUnitName' is clicked on

2019-05-21 15:47:45 - [MESSAGE][PASSED] - Object: 'Object Repository/CONSOLIDATOR/LogInPage/BusinessUnitName' is clicked on

2019-05-21 15:47:45 - [TEST_STEP][PASSED] - waitForPageLoad(30): Wait for page load successfully

2019-05-21 15:47:45 - [MESSAGE][PASSED] - Wait for page load successfully

2019-05-21 15:47:45 - [TEST_STEP][PASSED] - waitForElementVisible(findTestObject("CONSOLIDATOR/UpdateLogPage/Select Business UnitBtn"), 30): Object 'Object Repository/CONSOLIDATOR/UpdateLogPage/Select Business UnitBtn' is visible

2019-05-21 15:47:45 - [MESSAGE][PASSED] - Object 'Object Repository/CONSOLIDATOR/UpdateLogPage/Select Business UnitBtn' is visible

2019-05-21 15:47:45 - [TEST_STEP][PASSED] - click(findTestObject("CONSOLIDATOR/UpdateLogPage/Select Business UnitBtn")): Object: 'Object Repository/CONSOLIDATOR/UpdateLogPage/Select Business UnitBtn' is clicked on

2019-05-21 15:47:45 - [MESSAGE][PASSED] - Object: 'Object Repository/CONSOLIDATOR/UpdateLogPage/Select Business UnitBtn' is clicked on

2019-05-21 15:47:45 - [TEST_STEP][PASSED] - waitForPageLoad(30): Wait for page load successfully

2019-05-21 15:47:45 - [MESSAGE][PASSED] - Wait for page load successfully

2019-05-21 15:47:45 - [TEST_STEP][PASSED] - verifyTextPresent("Select Business Unit", false): Text 'Select Business Unit' is present on page 

2019-05-21 15:47:50 - [MESSAGE][PASSED] - Text 'Select Business Unit' is present on page 

2019-05-21 15:47:50 - [TEST_STEP][PASSED] - waitForElementVisible(findTestObject("CONSOLIDATOR/ParentBusinessUnit/ParentBusinessUnitDropDown"), 30): Object 'Object Repository/CONSOLIDATOR/ParentBusinessUnit/ParentBusinessUnitDropDown' is visible

2019-05-21 15:47:50 - [MESSAGE][PASSED] - Object 'Object Repository/CONSOLIDATOR/ParentBusinessUnit/ParentBusinessUnitDropDown' is visible

2019-05-21 15:47:50 - [TEST_STEP][PASSED] - click(findTestObject("CONSOLIDATOR/ParentBusinessUnit/ParentBusinessUnitDropDown")): Object: 'Object Repository/CONSOLIDATOR/ParentBusinessUnit/ParentBusinessUnitDropDown' is clicked on

2019-05-21 15:47:50 - [MESSAGE][PASSED] - Object: 'Object Repository/CONSOLIDATOR/ParentBusinessUnit/ParentBusinessUnitDropDown' is clicked on

2019-05-21 15:47:50 - [TEST_STEP][PASSED] - waitForElementVisible(findTestObject("CONSOLIDATOR/ParentBusinessUnit/ParentBusinessUnitName"), 30): Object 'Object Repository/CONSOLIDATOR/ParentBusinessUnit/ParentBusinessUnitName' is visible

2019-05-21 15:47:50 - [MESSAGE][PASSED] - Object 'Object Repository/CONSOLIDATOR/ParentBusinessUnit/ParentBusinessUnitName' is visible

2019-05-21 15:47:50 - [TEST_STEP][PASSED] - click(findTestObject("CONSOLIDATOR/ParentBusinessUnit/ParentBusinessUnitName")): Object: 'Object Repository/CONSOLIDATOR/ParentBusinessUnit/ParentBusinessUnitName' is clicked on

2019-05-21 15:47:55 - [MESSAGE][PASSED] - Object: 'Object Repository/CONSOLIDATOR/ParentBusinessUnit/ParentBusinessUnitName' is clicked on

2019-05-21 15:47:55 - [TEST_STEP][PASSED] - waitForElementVisible(findTestObject("CONSOLIDATOR/ParentBusinessUnit/SubmitBtn (1)"), 30): Object 'Object Repository/CONSOLIDATOR/ParentBusinessUnit/SubmitBtn (1)' is visible

2019-05-21 15:47:55 - [MESSAGE][PASSED] - Object 'Object Repository/CONSOLIDATOR/ParentBusinessUnit/SubmitBtn (1)' is visible

2019-05-21 15:47:55 - [TEST_STEP][PASSED] - click(findTestObject("CONSOLIDATOR/ParentBusinessUnit/SubmitBtn (1)")): Object: 'Object Repository/CONSOLIDATOR/ParentBusinessUnit/SubmitBtn (1)' is clicked on

2019-05-21 15:48:01 - [MESSAGE][PASSED] - Object: 'Object Repository/CONSOLIDATOR/ParentBusinessUnit/SubmitBtn (1)' is clicked on

2019-05-21 15:48:01 - [TEST_STEP][PASSED] - verifyTextPresent("Business Unit Selected", false): Text 'Business Unit Selected' is present on page 

2019-05-21 15:48:01 - [MESSAGE][PASSED] - Text 'Business Unit Selected' is present on page 

2019-05-21 15:48:01 - [TEST_STEP][PASSED] - waitForElementVisible(findTestObject("CONSOLIDATOR/UpdateLogPage/span_Modules"), 30): Object 'Object Repository/CONSOLIDATOR/UpdateLogPage/span_Modules' is visible

2019-05-21 15:48:01 - [MESSAGE][PASSED] - Object 'Object Repository/CONSOLIDATOR/UpdateLogPage/span_Modules' is visible

2019-05-21 15:48:01 - [TEST_STEP][PASSED] - mouseOverOffset(findTestObject("CONSOLIDATOR/UpdateLogPage/span_Modules"), 0, 0): Object: 'Object Repository/CONSOLIDATOR/UpdateLogPage/span_Modules' is hovered using offset x = 0 and y = 0

2019-05-21 15:48:01 - [MESSAGE][PASSED] - Object: 'Object Repository/CONSOLIDATOR/UpdateLogPage/span_Modules' is hovered using offset x = 0 and y = 0

2019-05-21 15:48:01 - [TEST_STEP][PASSED] - waitForElementVisible(findTestObject("CONSOLIDATOR/UpdateLogPage/span_Consolidator"), 0): Object 'Object Repository/CONSOLIDATOR/UpdateLogPage/span_Consolidator' is visible

2019-05-21 15:48:01 - [MESSAGE][WARNING] - Timeout '0' is invalid. Using default page load timeout: '30'

2019-05-21 15:48:01 - [MESSAGE][PASSED] - Object 'Object Repository/CONSOLIDATOR/UpdateLogPage/span_Consolidator' is visible

2019-05-21 15:48:01 - [TEST_STEP][PASSED] - mouseOver(findTestObject("CONSOLIDATOR/UpdateLogPage/span_Consolidator")): Object: 'Object Repository/CONSOLIDATOR/UpdateLogPage/span_Consolidator' is hovered

2019-05-21 15:48:01 - [MESSAGE][PASSED] - Object: 'Object Repository/CONSOLIDATOR/UpdateLogPage/span_Consolidator' is hovered

2019-05-21 15:48:01 - [TEST_STEP][PASSED] - click(findTestObject("CONSOLIDATOR/UpdateLogPage/span_Consolidator")): Object: 'Object Repository/CONSOLIDATOR/UpdateLogPage/span_Consolidator' is clicked on

2019-05-21 15:48:01 - [MESSAGE][PASSED] - Object: 'Object Repository/CONSOLIDATOR/UpdateLogPage/span_Consolidator' is clicked on

2019-05-21 15:48:01 - [TEST_STEP][PASSED] - waitForPageLoad(30): Wait for page load successfully

2019-05-21 15:48:01 - [MESSAGE][PASSED] - Wait for page load successfully

2019-05-21 15:48:01 - [TEST_STEP][PASSED] - navigateToUrl("https://admintool.v5qa.brandmuscle.net/Admin/Consolidator/ConsolidatorManageBaseElement.aspx"): Navigate to 'https://admintool.v5qa.brandmuscle.net/Admin/Consolidator/ConsolidatorManageBaseElement.aspx' successfully

2019-05-21 15:48:07 - [MESSAGE][PASSED] - Navigate to 'https://admintool.v5qa.brandmuscle.net/Admin/Consolidator/ConsolidatorManageBaseElement.aspx' successfully

2019-05-21 15:48:07 - [TEST_STEP][PASSED] - waitForPageLoad(30): Wait for page load successfully

2019-05-21 15:48:07 - [MESSAGE][PASSED] - Wait for page load successfully

2019-05-21 15:48:07 - [TEST_STEP][PASSED] - waitForElementVisible(findTestObject("CONSOLIDATOR/ManageElementsPage/strong_Manage Elements"), 30): Web element with id: 'Object Repository/CONSOLIDATOR/ManageElementsPage/strong_Manage Elements' located by 'By.xpath: //div[@id='MainContent_MainContent_pnlGrd']/div[2]/div/strong' not found

2019-05-21 15:48:38 - [MESSAGE][INFO] - Unable to find the element located by 'By.xpath: //div[@id='MainContent_MainContent_pnlGrd']/div[2]/div/strong'. Please recheck the objects properties to make sure the desired element is located. 

2019-05-21 15:48:38 - [MESSAGE][WARNING] - Web element with id: 'Object Repository/CONSOLIDATOR/ManageElementsPage/strong_Manage Elements' located by 'By.xpath: //div[@id='MainContent_MainContent_pnlGrd']/div[2]/div/strong' not found

2019-05-21 15:48:38 - [TEST_STEP][PASSED] - closeBrowser(): Browser is closed

2019-05-21 15:48:39 - [MESSAGE][PASSED] - Browser is closed]]></system-out>
         <system-err><![CDATA[]]></system-err>
      </testcase>
      <testcase name="Test Cases/CSPW/CS SMOKE/VerifyManageProgramElementsPage" classname="Test Cases/CSPW/CS SMOKE/VerifyManageProgramElementsPage" status="FAILED">
         <failure type="FAILED" message="Test Cases/CSPW/CS SMOKE/VerifyManageProgramElementsPage FAILED.
Reason:
com.kms.katalon.core.exception.StepFailedException: Unable to click on object 'Object Repository/CONSOLIDATOR/UpdateLogPage/span_Consolidator'
	at com.kms.katalon.core.webui.keyword.internal.WebUIKeywordMain.stepFailed(WebUIKeywordMain.groovy:64)
	at com.kms.katalon.core.webui.keyword.internal.WebUIKeywordMain.runKeyword(WebUIKeywordMain.groovy:26)
	at com.kms.katalon.core.webui.keyword.builtin.ClickKeyword.click(ClickKeyword.groovy:86)
	at com.kms.katalon.core.webui.keyword.builtin.ClickKeyword.execute(ClickKeyword.groovy:67)
	at com.kms.katalon.core.keyword.internal.KeywordExecutor.executeKeywordForPlatform(KeywordExecutor.groovy:56)
	at com.kms.katalon.core.webui.keyword.WebUiBuiltInKeywords.click(WebUiBuiltInKeywords.groovy:616)
	at com.kms.katalon.core.webui.keyword.WebUiBuiltInKeywords$click$5.call(Unknown Source)
	at VerifyManageProgramElementsPage.run(VerifyManageProgramElementsPage:64)
	at com.kms.katalon.core.main.ScriptEngine.run(ScriptEngine.java:194)
	at com.kms.katalon.core.main.ScriptEngine.runScriptAsRawText(ScriptEngine.java:119)
	at com.kms.katalon.core.main.TestCaseExecutor.runScript(TestCaseExecutor.java:336)
	at com.kms.katalon.core.main.TestCaseExecutor.doExecute(TestCaseExecutor.java:327)
	at com.kms.katalon.core.main.TestCaseExecutor.processExecutionPhase(TestCaseExecutor.java:306)
	at com.kms.katalon.core.main.TestCaseExecutor.accessMainPhase(TestCaseExecutor.java:298)
	at com.kms.katalon.core.main.TestCaseExecutor.execute(TestCaseExecutor.java:232)
	at com.kms.katalon.core.main.TestSuiteExecutor.accessTestCaseMainPhase(TestSuiteExecutor.java:129)
	at com.kms.katalon.core.main.TestSuiteExecutor.accessTestSuiteMainPhase(TestSuiteExecutor.java:112)
	at com.kms.katalon.core.main.TestSuiteExecutor.execute(TestSuiteExecutor.java:81)
	at com.kms.katalon.core.main.TestCaseMain.startTestSuite(TestCaseMain.java:157)
	at com.kms.katalon.core.main.TestCaseMain$startTestSuite$0.call(Unknown Source)
	at TempTestSuite1558433719667.run(TempTestSuite1558433719667.groovy:35)
Caused by: org.openqa.selenium.ElementClickInterceptedException: element click intercepted: Element &lt;span class=&quot;rmText&quot;>...&lt;/span> is not clickable at point (778, 132). Other element would receive the click: &lt;a class=&quot;rmLink rmRootLink clickable AdminSubscriptionsSearch&quot; href=&quot;/Admin/Subscriptions/Search.aspx&quot;>...&lt;/a>
  (Session info: chrome=74.0.3729.157)
  (Driver info: chromedriver=74.0.3729.6 (255758eccf3d244491b8a1317aa76e1ce10d57e9-refs/branch-heads/3729@{#29}),platform=Windows NT 10.0.17134 x86_64) (WARNING: The server did not provide any stacktrace information)
Command duration or timeout: 0 milliseconds
Build info: version: '3.7.1', revision: '8a0099a', time: '2017-11-06T21:07:36.161Z'
System info: host: 'E3480-DJYOTI', ip: '10.15.1.154', os.name: 'Windows 10', os.arch: 'amd64', os.version: '10.0', java.version: '1.8.0_181'
Driver info: com.kms.katalon.selenium.driver.CChromeDriver
Capabilities {acceptInsecureCerts: false, acceptSslCerts: false, applicationCacheEnabled: false, browserConnectionEnabled: false, browserName: chrome, chrome: {chromedriverVersion: 74.0.3729.6 (255758eccf3d24..., userDataDir: C:\Users\DIBYAS~1.JYO\AppDa...}, cssSelectorsEnabled: true, databaseEnabled: false, goog:chromeOptions: {debuggerAddress: localhost:55754}, handlesAlerts: true, hasTouchScreen: false, javascriptEnabled: true, locationContextEnabled: true, mobileEmulationEnabled: false, nativeEvents: true, networkConnectionEnabled: false, pageLoadStrategy: normal, platform: XP, platformName: XP, proxy: Proxy(direct), rotatable: false, setWindowRect: true, strictFileInteractability: false, takesHeapSnapshot: true, takesScreenshot: true, timeouts: {implicit: 0, pageLoad: 300000, script: 30000}, unexpectedAlertBehaviour: ignore, unhandledPromptBehavior: ignore, version: 74.0.3729.157, webStorageEnabled: true}
Session ID: 167dd2f493f65b6d53a9a8280bbcbff0
	at org.openqa.selenium.remote.ErrorHandler.createThrowable(ErrorHandler.java:214)
	at org.openqa.selenium.remote.ErrorHandler.throwIfResponseFailed(ErrorHandler.java:166)
	at org.openqa.selenium.remote.http.JsonHttpResponseCodec.reconstructValue(JsonHttpResponseCodec.java:40)
	at org.openqa.selenium.remote.http.AbstractHttpResponseCodec.decode(AbstractHttpResponseCodec.java:80)
	at org.openqa.selenium.remote.http.AbstractHttpResponseCodec.decode(AbstractHttpResponseCodec.java:44)
	at org.openqa.selenium.remote.HttpCommandExecutor.execute(HttpCommandExecutor.java:164)
	at org.openqa.selenium.remote.service.DriverCommandExecutor.execute(DriverCommandExecutor.java:83)
	at org.openqa.selenium.remote.RemoteWebDriver.execute(RemoteWebDriver.java:600)
	at com.kms.katalon.selenium.driver.CChromeDriver.execute(CChromeDriver.java:20)
	at org.openqa.selenium.remote.RemoteWebElement.execute(RemoteWebElement.java:279)
	at org.openqa.selenium.remote.RemoteWebElement.click(RemoteWebElement.java:83)
	at com.kms.katalon.core.webui.keyword.builtin.ClickKeyword$_click_closure1.doCall(ClickKeyword.groovy:79)
	at com.kms.katalon.core.webui.keyword.builtin.ClickKeyword$_click_closure1.call(ClickKeyword.groovy)
	at com.kms.katalon.core.webui.keyword.internal.WebUIKeywordMain.runKeyword(WebUIKeywordMain.groovy:20)
	at com.kms.katalon.core.webui.keyword.builtin.ClickKeyword.click(ClickKeyword.groovy:86)
	at com.kms.katalon.core.webui.keyword.builtin.ClickKeyword.execute(ClickKeyword.groovy:67)
	at com.kms.katalon.core.keyword.internal.KeywordExecutor.executeKeywordForPlatform(KeywordExecutor.groovy:56)
	at com.kms.katalon.core.webui.keyword.WebUiBuiltInKeywords.click(WebUiBuiltInKeywords.groovy:616)
	at com.kms.katalon.core.webui.keyword.WebUiBuiltInKeywords$click$5.call(Unknown Source)
	at Script1558430322509.run(Script1558430322509.groovy:64)
	... 13 more
"/>
         <system-out><![CDATA[2019-05-21 15:48:41 - [TEST_CASE][FAILED] - Test Cases/CSPW/CS SMOKE/VerifyManageProgramElementsPage: Test Cases/CSPW/CS SMOKE/VerifyManageProgramElementsPage FAILED.
Reason:
com.kms.katalon.core.exception.StepFailedException: Unable to click on object 'Object Repository/CONSOLIDATOR/UpdateLogPage/span_Consolidator'
	at com.kms.katalon.core.webui.keyword.internal.WebUIKeywordMain.stepFailed(WebUIKeywordMain.groovy:64)
	at com.kms.katalon.core.webui.keyword.internal.WebUIKeywordMain.runKeyword(WebUIKeywordMain.groovy:26)
	at com.kms.katalon.core.webui.keyword.builtin.ClickKeyword.click(ClickKeyword.groovy:86)
	at com.kms.katalon.core.webui.keyword.builtin.ClickKeyword.execute(ClickKeyword.groovy:67)
	at com.kms.katalon.core.keyword.internal.KeywordExecutor.executeKeywordForPlatform(KeywordExecutor.groovy:56)
	at com.kms.katalon.core.webui.keyword.WebUiBuiltInKeywords.click(WebUiBuiltInKeywords.groovy:616)
	at com.kms.katalon.core.webui.keyword.WebUiBuiltInKeywords$click$5.call(Unknown Source)
	at VerifyManageProgramElementsPage.run(VerifyManageProgramElementsPage:64)
	at com.kms.katalon.core.main.ScriptEngine.run(ScriptEngine.java:194)
	at com.kms.katalon.core.main.ScriptEngine.runScriptAsRawText(ScriptEngine.java:119)
	at com.kms.katalon.core.main.TestCaseExecutor.runScript(TestCaseExecutor.java:336)
	at com.kms.katalon.core.main.TestCaseExecutor.doExecute(TestCaseExecutor.java:327)
	at com.kms.katalon.core.main.TestCaseExecutor.processExecutionPhase(TestCaseExecutor.java:306)
	at com.kms.katalon.core.main.TestCaseExecutor.accessMainPhase(TestCaseExecutor.java:298)
	at com.kms.katalon.core.main.TestCaseExecutor.execute(TestCaseExecutor.java:232)
	at com.kms.katalon.core.main.TestSuiteExecutor.accessTestCaseMainPhase(TestSuiteExecutor.java:129)
	at com.kms.katalon.core.main.TestSuiteExecutor.accessTestSuiteMainPhase(TestSuiteExecutor.java:112)
	at com.kms.katalon.core.main.TestSuiteExecutor.execute(TestSuiteExecutor.java:81)
	at com.kms.katalon.core.main.TestCaseMain.startTestSuite(TestCaseMain.java:157)
	at com.kms.katalon.core.main.TestCaseMain$startTestSuite$0.call(Unknown Source)
	at TempTestSuite1558433719667.run(TempTestSuite1558433719667.groovy:35)
Caused by: org.openqa.selenium.ElementClickInterceptedException: element click intercepted: Element <span class="rmText">...</span> is not clickable at point (778, 132). Other element would receive the click: <a class="rmLink rmRootLink clickable AdminSubscriptionsSearch" href="/Admin/Subscriptions/Search.aspx">...</a>
  (Session info: chrome=74.0.3729.157)
  (Driver info: chromedriver=74.0.3729.6 (255758eccf3d244491b8a1317aa76e1ce10d57e9-refs/branch-heads/3729@{#29}),platform=Windows NT 10.0.17134 x86_64) (WARNING: The server did not provide any stacktrace information)
Command duration or timeout: 0 milliseconds
Build info: version: '3.7.1', revision: '8a0099a', time: '2017-11-06T21:07:36.161Z'
System info: host: 'E3480-DJYOTI', ip: '10.15.1.154', os.name: 'Windows 10', os.arch: 'amd64', os.version: '10.0', java.version: '1.8.0_181'
Driver info: com.kms.katalon.selenium.driver.CChromeDriver
Capabilities {acceptInsecureCerts: false, acceptSslCerts: false, applicationCacheEnabled: false, browserConnectionEnabled: false, browserName: chrome, chrome: {chromedriverVersion: 74.0.3729.6 (255758eccf3d24..., userDataDir: C:\Users\DIBYAS~1.JYO\AppDa...}, cssSelectorsEnabled: true, databaseEnabled: false, goog:chromeOptions: {debuggerAddress: localhost:55754}, handlesAlerts: true, hasTouchScreen: false, javascriptEnabled: true, locationContextEnabled: true, mobileEmulationEnabled: false, nativeEvents: true, networkConnectionEnabled: false, pageLoadStrategy: normal, platform: XP, platformName: XP, proxy: Proxy(direct), rotatable: false, setWindowRect: true, strictFileInteractability: false, takesHeapSnapshot: true, takesScreenshot: true, timeouts: {implicit: 0, pageLoad: 300000, script: 30000}, unexpectedAlertBehaviour: ignore, unhandledPromptBehavior: ignore, version: 74.0.3729.157, webStorageEnabled: true}
Session ID: 167dd2f493f65b6d53a9a8280bbcbff0
	at org.openqa.selenium.remote.ErrorHandler.createThrowable(ErrorHandler.java:214)
	at org.openqa.selenium.remote.ErrorHandler.throwIfResponseFailed(ErrorHandler.java:166)
	at org.openqa.selenium.remote.http.JsonHttpResponseCodec.reconstructValue(JsonHttpResponseCodec.java:40)
	at org.openqa.selenium.remote.http.AbstractHttpResponseCodec.decode(AbstractHttpResponseCodec.java:80)
	at org.openqa.selenium.remote.http.AbstractHttpResponseCodec.decode(AbstractHttpResponseCodec.java:44)
	at org.openqa.selenium.remote.HttpCommandExecutor.execute(HttpCommandExecutor.java:164)
	at org.openqa.selenium.remote.service.DriverCommandExecutor.execute(DriverCommandExecutor.java:83)
	at org.openqa.selenium.remote.RemoteWebDriver.execute(RemoteWebDriver.java:600)
	at com.kms.katalon.selenium.driver.CChromeDriver.execute(CChromeDriver.java:20)
	at org.openqa.selenium.remote.RemoteWebElement.execute(RemoteWebElement.java:279)
	at org.openqa.selenium.remote.RemoteWebElement.click(RemoteWebElement.java:83)
	at com.kms.katalon.core.webui.keyword.builtin.ClickKeyword$_click_closure1.doCall(ClickKeyword.groovy:79)
	at com.kms.katalon.core.webui.keyword.builtin.ClickKeyword$_click_closure1.call(ClickKeyword.groovy)
	at com.kms.katalon.core.webui.keyword.internal.WebUIKeywordMain.runKeyword(WebUIKeywordMain.groovy:20)
	at com.kms.katalon.core.webui.keyword.builtin.ClickKeyword.click(ClickKeyword.groovy:86)
	at com.kms.katalon.core.webui.keyword.builtin.ClickKeyword.execute(ClickKeyword.groovy:67)
	at com.kms.katalon.core.keyword.internal.KeywordExecutor.executeKeywordForPlatform(KeywordExecutor.groovy:56)
	at com.kms.katalon.core.webui.keyword.WebUiBuiltInKeywords.click(WebUiBuiltInKeywords.groovy:616)
	at com.kms.katalon.core.webui.keyword.WebUiBuiltInKeywords$click$5.call(Unknown Source)
	at Script1558430322509.run(Script1558430322509.groovy:64)
	... 13 more


2019-05-21 15:48:41 - [TEST_STEP][PASSED] - openBrowser(""): Browser is opened with url: ''

2019-05-21 15:48:41 - [MESSAGE][INFO] - Starting 'Chrome' driver

2019-05-21 15:48:45 - [MESSAGE][PASSED] - Browser is opened with url: ''

2019-05-21 15:48:45 - [TEST_STEP][PASSED] - navigateToUrl("https://admintool.v5qa.brandmuscle.net"): Navigate to 'https://admintool.v5qa.brandmuscle.net' successfully

2019-05-21 15:48:49 - [MESSAGE][PASSED] - Navigate to 'https://admintool.v5qa.brandmuscle.net' successfully

2019-05-21 15:48:49 - [TEST_STEP][PASSED] - waitForPageLoad(30): Wait for page load successfully

2019-05-21 15:48:49 - [MESSAGE][PASSED] - Wait for page load successfully

2019-05-21 15:48:49 - [TEST_STEP][PASSED] - maximizeWindow(): Current window maximized

2019-05-21 15:48:50 - [MESSAGE][PASSED] - Current window maximized

2019-05-21 15:48:50 - [TEST_STEP][PASSED] - waitForElementVisible(findTestObject("CONSOLIDATOR/LogInPage/Username"), 30): Object 'Object Repository/CONSOLIDATOR/LogInPage/Username' is visible

2019-05-21 15:48:50 - [MESSAGE][PASSED] - Object 'Object Repository/CONSOLIDATOR/LogInPage/Username' is visible

2019-05-21 15:48:50 - [TEST_STEP][PASSED] - setText(findTestObject("CONSOLIDATOR/LogInPage/Username"), "chrtestuser@brandmuscle.com"): Text 'chrtestuser@brandmuscle.com' is set on object 'Object Repository/CONSOLIDATOR/LogInPage/Username'

2019-05-21 15:48:50 - [MESSAGE][PASSED] - Text 'chrtestuser@brandmuscle.com' is set on object 'Object Repository/CONSOLIDATOR/LogInPage/Username'

2019-05-21 15:48:50 - [TEST_STEP][PASSED] - waitForElementVisible(findTestObject("CONSOLIDATOR/LogInPage/Password"), 30): Object 'Object Repository/CONSOLIDATOR/LogInPage/Password' is visible

2019-05-21 15:48:50 - [MESSAGE][PASSED] - Object 'Object Repository/CONSOLIDATOR/LogInPage/Password' is visible

2019-05-21 15:48:50 - [TEST_STEP][PASSED] - setText(findTestObject("CONSOLIDATOR/LogInPage/Password"), "Ownlocal@123"): Text 'Ownlocal@123' is set on object 'Object Repository/CONSOLIDATOR/LogInPage/Password'

2019-05-21 15:48:50 - [MESSAGE][PASSED] - Text 'Ownlocal@123' is set on object 'Object Repository/CONSOLIDATOR/LogInPage/Password'

2019-05-21 15:48:50 - [TEST_STEP][PASSED] - click(findTestObject("CONSOLIDATOR/LogInPage/LoginBtn")): Object: 'Object Repository/CONSOLIDATOR/LogInPage/LoginBtn' is clicked on

2019-05-21 15:48:53 - [MESSAGE][PASSED] - Object: 'Object Repository/CONSOLIDATOR/LogInPage/LoginBtn' is clicked on

2019-05-21 15:48:53 - [TEST_STEP][PASSED] - waitForPageLoad(30): Wait for page load successfully

2019-05-21 15:48:53 - [MESSAGE][PASSED] - Wait for page load successfully

2019-05-21 15:48:53 - [TEST_STEP][PASSED] - waitForElementVisible(findTestObject("CONSOLIDATOR/LogInPage/BusinessUnitDropdown"), 30): Object 'Object Repository/CONSOLIDATOR/LogInPage/BusinessUnitDropdown' is visible

2019-05-21 15:48:53 - [MESSAGE][PASSED] - Object 'Object Repository/CONSOLIDATOR/LogInPage/BusinessUnitDropdown' is visible

2019-05-21 15:48:53 - [TEST_STEP][PASSED] - click(findTestObject("CONSOLIDATOR/LogInPage/BusinessUnitDropdown")): Object: 'Object Repository/CONSOLIDATOR/LogInPage/BusinessUnitDropdown' is clicked on

2019-05-21 15:48:53 - [MESSAGE][PASSED] - Object: 'Object Repository/CONSOLIDATOR/LogInPage/BusinessUnitDropdown' is clicked on

2019-05-21 15:48:53 - [TEST_STEP][PASSED] - click(findTestObject("CONSOLIDATOR/LogInPage/BusinessUnitName")): Object: 'Object Repository/CONSOLIDATOR/LogInPage/BusinessUnitName' is clicked on

2019-05-21 15:49:08 - [MESSAGE][PASSED] - Object: 'Object Repository/CONSOLIDATOR/LogInPage/BusinessUnitName' is clicked on

2019-05-21 15:49:08 - [TEST_STEP][PASSED] - waitForPageLoad(30, STOP_ON_FAILURE): Wait for page load successfully

2019-05-21 15:49:08 - [MESSAGE][PASSED] - Wait for page load successfully

2019-05-21 15:49:08 - [TEST_STEP][PASSED] - waitForElementVisible(findTestObject("CONSOLIDATOR/UpdateLogPage/Select Business UnitBtn"), 30): Object 'Object Repository/CONSOLIDATOR/UpdateLogPage/Select Business UnitBtn' is visible

2019-05-21 15:49:08 - [MESSAGE][PASSED] - Object 'Object Repository/CONSOLIDATOR/UpdateLogPage/Select Business UnitBtn' is visible

2019-05-21 15:49:08 - [TEST_STEP][PASSED] - click(findTestObject("CONSOLIDATOR/UpdateLogPage/Select Business UnitBtn")): Object: 'Object Repository/CONSOLIDATOR/UpdateLogPage/Select Business UnitBtn' is clicked on

2019-05-21 15:49:08 - [MESSAGE][PASSED] - Object: 'Object Repository/CONSOLIDATOR/UpdateLogPage/Select Business UnitBtn' is clicked on

2019-05-21 15:49:08 - [TEST_STEP][PASSED] - waitForPageLoad(30): Wait for page load successfully

2019-05-21 15:49:08 - [MESSAGE][PASSED] - Wait for page load successfully

2019-05-21 15:49:08 - [TEST_STEP][PASSED] - waitForElementVisible(findTestObject("CONSOLIDATOR/ParentBusinessUnit/ParentBusinessUnitDropDown"), 30): Object 'Object Repository/CONSOLIDATOR/ParentBusinessUnit/ParentBusinessUnitDropDown' is visible

2019-05-21 15:49:13 - [MESSAGE][PASSED] - Object 'Object Repository/CONSOLIDATOR/ParentBusinessUnit/ParentBusinessUnitDropDown' is visible

2019-05-21 15:49:13 - [TEST_STEP][PASSED] - click(findTestObject("CONSOLIDATOR/ParentBusinessUnit/ParentBusinessUnitDropDown")): Object: 'Object Repository/CONSOLIDATOR/ParentBusinessUnit/ParentBusinessUnitDropDown' is clicked on

2019-05-21 15:49:13 - [MESSAGE][PASSED] - Object: 'Object Repository/CONSOLIDATOR/ParentBusinessUnit/ParentBusinessUnitDropDown' is clicked on

2019-05-21 15:49:13 - [TEST_STEP][PASSED] - click(findTestObject("CONSOLIDATOR/ParentBusinessUnit/ParentBusinessUnitName")): Object: 'Object Repository/CONSOLIDATOR/ParentBusinessUnit/ParentBusinessUnitName' is clicked on

2019-05-21 15:49:18 - [MESSAGE][PASSED] - Object: 'Object Repository/CONSOLIDATOR/ParentBusinessUnit/ParentBusinessUnitName' is clicked on

2019-05-21 15:49:18 - [TEST_STEP][PASSED] - click(findTestObject("CONSOLIDATOR/ParentBusinessUnit/SubmitBtn (1)")): Object: 'Object Repository/CONSOLIDATOR/ParentBusinessUnit/SubmitBtn (1)' is clicked on

2019-05-21 15:49:22 - [MESSAGE][PASSED] - Object: 'Object Repository/CONSOLIDATOR/ParentBusinessUnit/SubmitBtn (1)' is clicked on

2019-05-21 15:49:22 - [TEST_STEP][PASSED] - waitForElementVisible(findTestObject("CONSOLIDATOR/UpdateLogPage/span_Modules"), 30): Object 'Object Repository/CONSOLIDATOR/UpdateLogPage/span_Modules' is visible

2019-05-21 15:49:22 - [MESSAGE][PASSED] - Object 'Object Repository/CONSOLIDATOR/UpdateLogPage/span_Modules' is visible

2019-05-21 15:49:22 - [TEST_STEP][PASSED] - mouseOverOffset(findTestObject("CONSOLIDATOR/UpdateLogPage/span_Modules"), 0, 0): Object: 'Object Repository/CONSOLIDATOR/UpdateLogPage/span_Modules' is hovered using offset x = 0 and y = 0

2019-05-21 15:49:22 - [MESSAGE][PASSED] - Object: 'Object Repository/CONSOLIDATOR/UpdateLogPage/span_Modules' is hovered using offset x = 0 and y = 0

2019-05-21 15:49:22 - [TEST_STEP][PASSED] - mouseOver(findTestObject("CONSOLIDATOR/UpdateLogPage/span_Consolidator")): Object: 'Object Repository/CONSOLIDATOR/UpdateLogPage/span_Consolidator' is hovered

2019-05-21 15:49:22 - [MESSAGE][PASSED] - Object: 'Object Repository/CONSOLIDATOR/UpdateLogPage/span_Consolidator' is hovered

2019-05-21 15:49:22 - [TEST_STEP][FAILED] - click(findTestObject("CONSOLIDATOR/UpdateLogPage/span_Consolidator")): Unable to click on object 'Object Repository/CONSOLIDATOR/UpdateLogPage/span_Consolidator' (Root cause: com.kms.katalon.core.exception.StepFailedException: Unable to click on object 'Object Repository/CONSOLIDATOR/UpdateLogPage/span_Consolidator'
	at com.kms.katalon.core.webui.keyword.internal.WebUIKeywordMain.stepFailed(WebUIKeywordMain.groovy:64)
	at com.kms.katalon.core.webui.keyword.internal.WebUIKeywordMain.runKeyword(WebUIKeywordMain.groovy:26)
	at com.kms.katalon.core.webui.keyword.builtin.ClickKeyword.click(ClickKeyword.groovy:86)
	at com.kms.katalon.core.webui.keyword.builtin.ClickKeyword.execute(ClickKeyword.groovy:67)
	at com.kms.katalon.core.keyword.internal.KeywordExecutor.executeKeywordForPlatform(KeywordExecutor.groovy:56)
	at com.kms.katalon.core.webui.keyword.WebUiBuiltInKeywords.click(WebUiBuiltInKeywords.groovy:616)
	at com.kms.katalon.core.webui.keyword.WebUiBuiltInKeywords$click$5.call(Unknown Source)
	at VerifyManageProgramElementsPage.run(VerifyManageProgramElementsPage:64)
	at com.kms.katalon.core.main.ScriptEngine.run(ScriptEngine.java:194)
	at com.kms.katalon.core.main.ScriptEngine.runScriptAsRawText(ScriptEngine.java:119)
	at com.kms.katalon.core.main.TestCaseExecutor.runScript(TestCaseExecutor.java:336)
	at com.kms.katalon.core.main.TestCaseExecutor.doExecute(TestCaseExecutor.java:327)
	at com.kms.katalon.core.main.TestCaseExecutor.processExecutionPhase(TestCaseExecutor.java:306)
	at com.kms.katalon.core.main.TestCaseExecutor.accessMainPhase(TestCaseExecutor.java:298)
	at com.kms.katalon.core.main.TestCaseExecutor.execute(TestCaseExecutor.java:232)
	at com.kms.katalon.core.main.TestSuiteExecutor.accessTestCaseMainPhase(TestSuiteExecutor.java:129)
	at com.kms.katalon.core.main.TestSuiteExecutor.accessTestSuiteMainPhase(TestSuiteExecutor.java:112)
	at com.kms.katalon.core.main.TestSuiteExecutor.execute(TestSuiteExecutor.java:81)
	at com.kms.katalon.core.main.TestCaseMain.startTestSuite(TestCaseMain.java:157)
	at com.kms.katalon.core.main.TestCaseMain$startTestSuite$0.call(Unknown Source)
	at TempTestSuite1558433719667.run(TempTestSuite1558433719667.groovy:35)
Caused by: org.openqa.selenium.ElementClickInterceptedException: element click intercepted: Element <span class="rmText">...</span> is not clickable at point (778, 132). Other element would receive the click: <a class="rmLink rmRootLink clickable AdminSubscriptionsSearch" href="/Admin/Subscriptions/Search.aspx">...</a>
  (Session info: chrome=74.0.3729.157)
  (Driver info: chromedriver=74.0.3729.6 (255758eccf3d244491b8a1317aa76e1ce10d57e9-refs/branch-heads/3729@{#29}),platform=Windows NT 10.0.17134 x86_64) (WARNING: The server did not provide any stacktrace information)
Command duration or timeout: 0 milliseconds
Build info: version: '3.7.1', revision: '8a0099a', time: '2017-11-06T21:07:36.161Z'
System info: host: 'E3480-DJYOTI', ip: '10.15.1.154', os.name: 'Windows 10', os.arch: 'amd64', os.version: '10.0', java.version: '1.8.0_181'
Driver info: com.kms.katalon.selenium.driver.CChromeDriver
Capabilities {acceptInsecureCerts: false, acceptSslCerts: false, applicationCacheEnabled: false, browserConnectionEnabled: false, browserName: chrome, chrome: {chromedriverVersion: 74.0.3729.6 (255758eccf3d24..., userDataDir: C:\Users\DIBYAS~1.JYO\AppDa...}, cssSelectorsEnabled: true, databaseEnabled: false, goog:chromeOptions: {debuggerAddress: localhost:55754}, handlesAlerts: true, hasTouchScreen: false, javascriptEnabled: true, locationContextEnabled: true, mobileEmulationEnabled: false, nativeEvents: true, networkConnectionEnabled: false, pageLoadStrategy: normal, platform: XP, platformName: XP, proxy: Proxy(direct), rotatable: false, setWindowRect: true, strictFileInteractability: false, takesHeapSnapshot: true, takesScreenshot: true, timeouts: {implicit: 0, pageLoad: 300000, script: 30000}, unexpectedAlertBehaviour: ignore, unhandledPromptBehavior: ignore, version: 74.0.3729.157, webStorageEnabled: true}
Session ID: 167dd2f493f65b6d53a9a8280bbcbff0
	at org.openqa.selenium.remote.ErrorHandler.createThrowable(ErrorHandler.java:214)
	at org.openqa.selenium.remote.ErrorHandler.throwIfResponseFailed(ErrorHandler.java:166)
	at org.openqa.selenium.remote.http.JsonHttpResponseCodec.reconstructValue(JsonHttpResponseCodec.java:40)
	at org.openqa.selenium.remote.http.AbstractHttpResponseCodec.decode(AbstractHttpResponseCodec.java:80)
	at org.openqa.selenium.remote.http.AbstractHttpResponseCodec.decode(AbstractHttpResponseCodec.java:44)
	at org.openqa.selenium.remote.HttpCommandExecutor.execute(HttpCommandExecutor.java:164)
	at org.openqa.selenium.remote.service.DriverCommandExecutor.execute(DriverCommandExecutor.java:83)
	at org.openqa.selenium.remote.RemoteWebDriver.execute(RemoteWebDriver.java:600)
	at com.kms.katalon.selenium.driver.CChromeDriver.execute(CChromeDriver.java:20)
	at org.openqa.selenium.remote.RemoteWebElement.execute(RemoteWebElement.java:279)
	at org.openqa.selenium.remote.RemoteWebElement.click(RemoteWebElement.java:83)
	at com.kms.katalon.core.webui.keyword.builtin.ClickKeyword$_click_closure1.doCall(ClickKeyword.groovy:79)
	at com.kms.katalon.core.webui.keyword.builtin.ClickKeyword$_click_closure1.call(ClickKeyword.groovy)
	at com.kms.katalon.core.webui.keyword.internal.WebUIKeywordMain.runKeyword(WebUIKeywordMain.groovy:20)
	at com.kms.katalon.core.webui.keyword.builtin.ClickKeyword.click(ClickKeyword.groovy:86)
	at com.kms.katalon.core.webui.keyword.builtin.ClickKeyword.execute(ClickKeyword.groovy:67)
	at com.kms.katalon.core.keyword.internal.KeywordExecutor.executeKeywordForPlatform(KeywordExecutor.groovy:56)
	at com.kms.katalon.core.webui.keyword.WebUiBuiltInKeywords.click(WebUiBuiltInKeywords.groovy:616)
	at com.kms.katalon.core.webui.keyword.WebUiBuiltInKeywords$click$5.call(Unknown Source)
	at Script1558430322509.run(Script1558430322509.groovy:64)
	... 13 more
)

2019-05-21 15:49:22 - [MESSAGE][FAILED] - Unable to click on object 'Object Repository/CONSOLIDATOR/UpdateLogPage/span_Consolidator' (Root cause: com.kms.katalon.core.exception.StepFailedException: Unable to click on object 'Object Repository/CONSOLIDATOR/UpdateLogPage/span_Consolidator'
	at com.kms.katalon.core.webui.keyword.internal.WebUIKeywordMain.stepFailed(WebUIKeywordMain.groovy:64)
	at com.kms.katalon.core.webui.keyword.internal.WebUIKeywordMain.runKeyword(WebUIKeywordMain.groovy:26)
	at com.kms.katalon.core.webui.keyword.builtin.ClickKeyword.click(ClickKeyword.groovy:86)
	at com.kms.katalon.core.webui.keyword.builtin.ClickKeyword.execute(ClickKeyword.groovy:67)
	at com.kms.katalon.core.keyword.internal.KeywordExecutor.executeKeywordForPlatform(KeywordExecutor.groovy:56)
	at com.kms.katalon.core.webui.keyword.WebUiBuiltInKeywords.click(WebUiBuiltInKeywords.groovy:616)
	at com.kms.katalon.core.webui.keyword.WebUiBuiltInKeywords$click$5.call(Unknown Source)
	at VerifyManageProgramElementsPage.run(VerifyManageProgramElementsPage:64)
	at com.kms.katalon.core.main.ScriptEngine.run(ScriptEngine.java:194)
	at com.kms.katalon.core.main.ScriptEngine.runScriptAsRawText(ScriptEngine.java:119)
	at com.kms.katalon.core.main.TestCaseExecutor.runScript(TestCaseExecutor.java:336)
	at com.kms.katalon.core.main.TestCaseExecutor.doExecute(TestCaseExecutor.java:327)
	at com.kms.katalon.core.main.TestCaseExecutor.processExecutionPhase(TestCaseExecutor.java:306)
	at com.kms.katalon.core.main.TestCaseExecutor.accessMainPhase(TestCaseExecutor.java:298)
	at com.kms.katalon.core.main.TestCaseExecutor.execute(TestCaseExecutor.java:232)
	at com.kms.katalon.core.main.TestSuiteExecutor.accessTestCaseMainPhase(TestSuiteExecutor.java:129)
	at com.kms.katalon.core.main.TestSuiteExecutor.accessTestSuiteMainPhase(TestSuiteExecutor.java:112)
	at com.kms.katalon.core.main.TestSuiteExecutor.execute(TestSuiteExecutor.java:81)
	at com.kms.katalon.core.main.TestCaseMain.startTestSuite(TestCaseMain.java:157)
	at com.kms.katalon.core.main.TestCaseMain$startTestSuite$0.call(Unknown Source)
	at TempTestSuite1558433719667.run(TempTestSuite1558433719667.groovy:35)
Caused by: org.openqa.selenium.ElementClickInterceptedException: element click intercepted: Element <span class="rmText">...</span> is not clickable at point (778, 132). Other element would receive the click: <a class="rmLink rmRootLink clickable AdminSubscriptionsSearch" href="/Admin/Subscriptions/Search.aspx">...</a>
  (Session info: chrome=74.0.3729.157)
  (Driver info: chromedriver=74.0.3729.6 (255758eccf3d244491b8a1317aa76e1ce10d57e9-refs/branch-heads/3729@{#29}),platform=Windows NT 10.0.17134 x86_64) (WARNING: The server did not provide any stacktrace information)
Command duration or timeout: 0 milliseconds
Build info: version: '3.7.1', revision: '8a0099a', time: '2017-11-06T21:07:36.161Z'
System info: host: 'E3480-DJYOTI', ip: '10.15.1.154', os.name: 'Windows 10', os.arch: 'amd64', os.version: '10.0', java.version: '1.8.0_181'
Driver info: com.kms.katalon.selenium.driver.CChromeDriver
Capabilities {acceptInsecureCerts: false, acceptSslCerts: false, applicationCacheEnabled: false, browserConnectionEnabled: false, browserName: chrome, chrome: {chromedriverVersion: 74.0.3729.6 (255758eccf3d24..., userDataDir: C:\Users\DIBYAS~1.JYO\AppDa...}, cssSelectorsEnabled: true, databaseEnabled: false, goog:chromeOptions: {debuggerAddress: localhost:55754}, handlesAlerts: true, hasTouchScreen: false, javascriptEnabled: true, locationContextEnabled: true, mobileEmulationEnabled: false, nativeEvents: true, networkConnectionEnabled: false, pageLoadStrategy: normal, platform: XP, platformName: XP, proxy: Proxy(direct), rotatable: false, setWindowRect: true, strictFileInteractability: false, takesHeapSnapshot: true, takesScreenshot: true, timeouts: {implicit: 0, pageLoad: 300000, script: 30000}, unexpectedAlertBehaviour: ignore, unhandledPromptBehavior: ignore, version: 74.0.3729.157, webStorageEnabled: true}
Session ID: 167dd2f493f65b6d53a9a8280bbcbff0
	at org.openqa.selenium.remote.ErrorHandler.createThrowable(ErrorHandler.java:214)
	at org.openqa.selenium.remote.ErrorHandler.throwIfResponseFailed(ErrorHandler.java:166)
	at org.openqa.selenium.remote.http.JsonHttpResponseCodec.reconstructValue(JsonHttpResponseCodec.java:40)
	at org.openqa.selenium.remote.http.AbstractHttpResponseCodec.decode(AbstractHttpResponseCodec.java:80)
	at org.openqa.selenium.remote.http.AbstractHttpResponseCodec.decode(AbstractHttpResponseCodec.java:44)
	at org.openqa.selenium.remote.HttpCommandExecutor.execute(HttpCommandExecutor.java:164)
	at org.openqa.selenium.remote.service.DriverCommandExecutor.execute(DriverCommandExecutor.java:83)
	at org.openqa.selenium.remote.RemoteWebDriver.execute(RemoteWebDriver.java:600)
	at com.kms.katalon.selenium.driver.CChromeDriver.execute(CChromeDriver.java:20)
	at org.openqa.selenium.remote.RemoteWebElement.execute(RemoteWebElement.java:279)
	at org.openqa.selenium.remote.RemoteWebElement.click(RemoteWebElement.java:83)
	at com.kms.katalon.core.webui.keyword.builtin.ClickKeyword$_click_closure1.doCall(ClickKeyword.groovy:79)
	at com.kms.katalon.core.webui.keyword.builtin.ClickKeyword$_click_closure1.call(ClickKeyword.groovy)
	at com.kms.katalon.core.webui.keyword.internal.WebUIKeywordMain.runKeyword(WebUIKeywordMain.groovy:20)
	at com.kms.katalon.core.webui.keyword.builtin.ClickKeyword.click(ClickKeyword.groovy:86)
	at com.kms.katalon.core.webui.keyword.builtin.ClickKeyword.execute(ClickKeyword.groovy:67)
	at com.kms.katalon.core.keyword.internal.KeywordExecutor.executeKeywordForPlatform(KeywordExecutor.groovy:56)
	at com.kms.katalon.core.webui.keyword.WebUiBuiltInKeywords.click(WebUiBuiltInKeywords.groovy:616)
	at com.kms.katalon.core.webui.keyword.WebUiBuiltInKeywords$click$5.call(Unknown Source)
	at Script1558430322509.run(Script1558430322509.groovy:64)
	... 13 more
)
[[ATTACHMENT|D:\\CHR-Katalon\\ABAUTOMATION\\Reports\\ConsolidatorSmoke\\20190521_154519\\1558433962504.png]]]]></system-out>
         <system-err><![CDATA[2019-05-21 15:48:41 - [TEST_CASE][FAILED] - Test Cases/CSPW/CS SMOKE/VerifyManageProgramElementsPage: Test Cases/CSPW/CS SMOKE/VerifyManageProgramElementsPage FAILED.
Reason:
com.kms.katalon.core.exception.StepFailedException: Unable to click on object 'Object Repository/CONSOLIDATOR/UpdateLogPage/span_Consolidator'
	at com.kms.katalon.core.webui.keyword.internal.WebUIKeywordMain.stepFailed(WebUIKeywordMain.groovy:64)
	at com.kms.katalon.core.webui.keyword.internal.WebUIKeywordMain.runKeyword(WebUIKeywordMain.groovy:26)
	at com.kms.katalon.core.webui.keyword.builtin.ClickKeyword.click(ClickKeyword.groovy:86)
	at com.kms.katalon.core.webui.keyword.builtin.ClickKeyword.execute(ClickKeyword.groovy:67)
	at com.kms.katalon.core.keyword.internal.KeywordExecutor.executeKeywordForPlatform(KeywordExecutor.groovy:56)
	at com.kms.katalon.core.webui.keyword.WebUiBuiltInKeywords.click(WebUiBuiltInKeywords.groovy:616)
	at com.kms.katalon.core.webui.keyword.WebUiBuiltInKeywords$click$5.call(Unknown Source)
	at VerifyManageProgramElementsPage.run(VerifyManageProgramElementsPage:64)
	at com.kms.katalon.core.main.ScriptEngine.run(ScriptEngine.java:194)
	at com.kms.katalon.core.main.ScriptEngine.runScriptAsRawText(ScriptEngine.java:119)
	at com.kms.katalon.core.main.TestCaseExecutor.runScript(TestCaseExecutor.java:336)
	at com.kms.katalon.core.main.TestCaseExecutor.doExecute(TestCaseExecutor.java:327)
	at com.kms.katalon.core.main.TestCaseExecutor.processExecutionPhase(TestCaseExecutor.java:306)
	at com.kms.katalon.core.main.TestCaseExecutor.accessMainPhase(TestCaseExecutor.java:298)
	at com.kms.katalon.core.main.TestCaseExecutor.execute(TestCaseExecutor.java:232)
	at com.kms.katalon.core.main.TestSuiteExecutor.accessTestCaseMainPhase(TestSuiteExecutor.java:129)
	at com.kms.katalon.core.main.TestSuiteExecutor.accessTestSuiteMainPhase(TestSuiteExecutor.java:112)
	at com.kms.katalon.core.main.TestSuiteExecutor.execute(TestSuiteExecutor.java:81)
	at com.kms.katalon.core.main.TestCaseMain.startTestSuite(TestCaseMain.java:157)
	at com.kms.katalon.core.main.TestCaseMain$startTestSuite$0.call(Unknown Source)
	at TempTestSuite1558433719667.run(TempTestSuite1558433719667.groovy:35)
Caused by: org.openqa.selenium.ElementClickInterceptedException: element click intercepted: Element <span class="rmText">...</span> is not clickable at point (778, 132). Other element would receive the click: <a class="rmLink rmRootLink clickable AdminSubscriptionsSearch" href="/Admin/Subscriptions/Search.aspx">...</a>
  (Session info: chrome=74.0.3729.157)
  (Driver info: chromedriver=74.0.3729.6 (255758eccf3d244491b8a1317aa76e1ce10d57e9-refs/branch-heads/3729@{#29}),platform=Windows NT 10.0.17134 x86_64) (WARNING: The server did not provide any stacktrace information)
Command duration or timeout: 0 milliseconds
Build info: version: '3.7.1', revision: '8a0099a', time: '2017-11-06T21:07:36.161Z'
System info: host: 'E3480-DJYOTI', ip: '10.15.1.154', os.name: 'Windows 10', os.arch: 'amd64', os.version: '10.0', java.version: '1.8.0_181'
Driver info: com.kms.katalon.selenium.driver.CChromeDriver
Capabilities {acceptInsecureCerts: false, acceptSslCerts: false, applicationCacheEnabled: false, browserConnectionEnabled: false, browserName: chrome, chrome: {chromedriverVersion: 74.0.3729.6 (255758eccf3d24..., userDataDir: C:\Users\DIBYAS~1.JYO\AppDa...}, cssSelectorsEnabled: true, databaseEnabled: false, goog:chromeOptions: {debuggerAddress: localhost:55754}, handlesAlerts: true, hasTouchScreen: false, javascriptEnabled: true, locationContextEnabled: true, mobileEmulationEnabled: false, nativeEvents: true, networkConnectionEnabled: false, pageLoadStrategy: normal, platform: XP, platformName: XP, proxy: Proxy(direct), rotatable: false, setWindowRect: true, strictFileInteractability: false, takesHeapSnapshot: true, takesScreenshot: true, timeouts: {implicit: 0, pageLoad: 300000, script: 30000}, unexpectedAlertBehaviour: ignore, unhandledPromptBehavior: ignore, version: 74.0.3729.157, webStorageEnabled: true}
Session ID: 167dd2f493f65b6d53a9a8280bbcbff0
	at org.openqa.selenium.remote.ErrorHandler.createThrowable(ErrorHandler.java:214)
	at org.openqa.selenium.remote.ErrorHandler.throwIfResponseFailed(ErrorHandler.java:166)
	at org.openqa.selenium.remote.http.JsonHttpResponseCodec.reconstructValue(JsonHttpResponseCodec.java:40)
	at org.openqa.selenium.remote.http.AbstractHttpResponseCodec.decode(AbstractHttpResponseCodec.java:80)
	at org.openqa.selenium.remote.http.AbstractHttpResponseCodec.decode(AbstractHttpResponseCodec.java:44)
	at org.openqa.selenium.remote.HttpCommandExecutor.execute(HttpCommandExecutor.java:164)
	at org.openqa.selenium.remote.service.DriverCommandExecutor.execute(DriverCommandExecutor.java:83)
	at org.openqa.selenium.remote.RemoteWebDriver.execute(RemoteWebDriver.java:600)
	at com.kms.katalon.selenium.driver.CChromeDriver.execute(CChromeDriver.java:20)
	at org.openqa.selenium.remote.RemoteWebElement.execute(RemoteWebElement.java:279)
	at org.openqa.selenium.remote.RemoteWebElement.click(RemoteWebElement.java:83)
	at com.kms.katalon.core.webui.keyword.builtin.ClickKeyword$_click_closure1.doCall(ClickKeyword.groovy:79)
	at com.kms.katalon.core.webui.keyword.builtin.ClickKeyword$_click_closure1.call(ClickKeyword.groovy)
	at com.kms.katalon.core.webui.keyword.internal.WebUIKeywordMain.runKeyword(WebUIKeywordMain.groovy:20)
	at com.kms.katalon.core.webui.keyword.builtin.ClickKeyword.click(ClickKeyword.groovy:86)
	at com.kms.katalon.core.webui.keyword.builtin.ClickKeyword.execute(ClickKeyword.groovy:67)
	at com.kms.katalon.core.keyword.internal.KeywordExecutor.executeKeywordForPlatform(KeywordExecutor.groovy:56)
	at com.kms.katalon.core.webui.keyword.WebUiBuiltInKeywords.click(WebUiBuiltInKeywords.groovy:616)
	at com.kms.katalon.core.webui.keyword.WebUiBuiltInKeywords$click$5.call(Unknown Source)
	at Script1558430322509.run(Script1558430322509.groovy:64)
	... 13 more]]></system-err>
      </testcase>
      <system-out><![CDATA[2019-05-21 15:45:21 - [TEST_SUITE][FAILED] - ConsolidatorSmoke: Test Cases/CSPW/CS SMOKE/VerifyAddNewItemPage FAILED.
Reason:
com.kms.katalon.core.exception.StepFailedException: Unable to click on object 'Object Repository/CONSOLIDATOR/LogInPage/BusinessUnitDropdown'
	at com.kms.katalon.core.webui.keyword.internal.WebUIKeywordMain.stepFailed(WebUIKeywordMain.groovy:64)
	at com.kms.katalon.core.webui.keyword.internal.WebUIKeywordMain.runKeyword(WebUIKeywordMain.groovy:26)
	at com.kms.katalon.core.webui.keyword.builtin.ClickKeyword.click(ClickKeyword.groovy:86)
	at com.kms.katalon.core.webui.keyword.builtin.ClickKeyword.execute(ClickKeyword.groovy:67)
	at com.kms.katalon.core.keyword.internal.KeywordExecutor.executeKeywordForPlatform(KeywordExecutor.groovy:56)
	at com.kms.katalon.core.webui.keyword.WebUiBuiltInKeywords.click(WebUiBuiltInKeywords.groovy:616)
	at com.kms.katalon.core.webui.keyword.WebUiBuiltInKeywords$click$5.call(Unknown Source)
	at VerifyAddNewItemPage.run(VerifyAddNewItemPage:38)
	at com.kms.katalon.core.main.ScriptEngine.run(ScriptEngine.java:194)
	at com.kms.katalon.core.main.ScriptEngine.runScriptAsRawText(ScriptEngine.java:119)
	at com.kms.katalon.core.main.TestCaseExecutor.runScript(TestCaseExecutor.java:336)
	at com.kms.katalon.core.main.TestCaseExecutor.doExecute(TestCaseExecutor.java:327)
	at com.kms.katalon.core.main.TestCaseExecutor.processExecutionPhase(TestCaseExecutor.java:306)
	at com.kms.katalon.core.main.TestCaseExecutor.accessMainPhase(TestCaseExecutor.java:298)
	at com.kms.katalon.core.main.TestCaseExecutor.execute(TestCaseExecutor.java:232)
	at com.kms.katalon.core.main.TestSuiteExecutor.accessTestCaseMainPhase(TestSuiteExecutor.java:129)
	at com.kms.katalon.core.main.TestSuiteExecutor.accessTestSuiteMainPhase(TestSuiteExecutor.java:112)
	at com.kms.katalon.core.main.TestSuiteExecutor.execute(TestSuiteExecutor.java:81)
	at com.kms.katalon.core.main.TestCaseMain.startTestSuite(TestCaseMain.java:157)
	at com.kms.katalon.core.main.TestCaseMain$startTestSuite$0.call(Unknown Source)
	at TempTestSuite1558433719667.run(TempTestSuite1558433719667.groovy:35)
Caused by: com.kms.katalon.core.webui.exception.WebElementNotFoundException: Web element with id: 'Object Repository/CONSOLIDATOR/LogInPage/BusinessUnitDropdown' located by 'By.xpath: //*[@id='MainContent_ddlBusinessUnit']' not found
	at com.kms.katalon.core.webui.common.WebUiCommonHelper.findWebElement(WebUiCommonHelper.java:1097)
	at com.kms.katalon.core.webui.keyword.internal.WebUIAbstractKeyword.findWebElement(WebUIAbstractKeyword.groovy:27)
	at com.kms.katalon.core.webui.keyword.internal.WebUIAbstractKeyword.findWebElement(WebUIAbstractKeyword.groovy:26)
	at com.kms.katalon.core.webui.keyword.builtin.ClickKeyword$_click_closure1.doCall(ClickKeyword.groovy:77)
	at com.kms.katalon.core.webui.keyword.builtin.ClickKeyword$_click_closure1.call(ClickKeyword.groovy)
	at com.kms.katalon.core.webui.keyword.internal.WebUIKeywordMain.runKeyword(WebUIKeywordMain.groovy:20)
	at com.kms.katalon.core.webui.keyword.builtin.ClickKeyword.click(ClickKeyword.groovy:86)
	at com.kms.katalon.core.webui.keyword.builtin.ClickKeyword.execute(ClickKeyword.groovy:67)
	at com.kms.katalon.core.keyword.internal.KeywordExecutor.executeKeywordForPlatform(KeywordExecutor.groovy:56)
	at com.kms.katalon.core.webui.keyword.WebUiBuiltInKeywords.click(WebUiBuiltInKeywords.groovy:616)
	at com.kms.katalon.core.webui.keyword.WebUiBuiltInKeywords$click$5.call(Unknown Source)
	at Script1558423335021.run(Script1558423335021.groovy:38)
	... 13 more]]></system-out>
      <system-err><![CDATA[2019-05-21 15:45:21 - [TEST_SUITE][FAILED] - ConsolidatorSmoke: Test Cases/CSPW/CS SMOKE/VerifyAddNewItemPage FAILED.
Reason:
com.kms.katalon.core.exception.StepFailedException: Unable to click on object 'Object Repository/CONSOLIDATOR/LogInPage/BusinessUnitDropdown'
	at com.kms.katalon.core.webui.keyword.internal.WebUIKeywordMain.stepFailed(WebUIKeywordMain.groovy:64)
	at com.kms.katalon.core.webui.keyword.internal.WebUIKeywordMain.runKeyword(WebUIKeywordMain.groovy:26)
	at com.kms.katalon.core.webui.keyword.builtin.ClickKeyword.click(ClickKeyword.groovy:86)
	at com.kms.katalon.core.webui.keyword.builtin.ClickKeyword.execute(ClickKeyword.groovy:67)
	at com.kms.katalon.core.keyword.internal.KeywordExecutor.executeKeywordForPlatform(KeywordExecutor.groovy:56)
	at com.kms.katalon.core.webui.keyword.WebUiBuiltInKeywords.click(WebUiBuiltInKeywords.groovy:616)
	at com.kms.katalon.core.webui.keyword.WebUiBuiltInKeywords$click$5.call(Unknown Source)
	at VerifyAddNewItemPage.run(VerifyAddNewItemPage:38)
	at com.kms.katalon.core.main.ScriptEngine.run(ScriptEngine.java:194)
	at com.kms.katalon.core.main.ScriptEngine.runScriptAsRawText(ScriptEngine.java:119)
	at com.kms.katalon.core.main.TestCaseExecutor.runScript(TestCaseExecutor.java:336)
	at com.kms.katalon.core.main.TestCaseExecutor.doExecute(TestCaseExecutor.java:327)
	at com.kms.katalon.core.main.TestCaseExecutor.processExecutionPhase(TestCaseExecutor.java:306)
	at com.kms.katalon.core.main.TestCaseExecutor.accessMainPhase(TestCaseExecutor.java:298)
	at com.kms.katalon.core.main.TestCaseExecutor.execute(TestCaseExecutor.java:232)
	at com.kms.katalon.core.main.TestSuiteExecutor.accessTestCaseMainPhase(TestSuiteExecutor.java:129)
	at com.kms.katalon.core.main.TestSuiteExecutor.accessTestSuiteMainPhase(TestSuiteExecutor.java:112)
	at com.kms.katalon.core.main.TestSuiteExecutor.execute(TestSuiteExecutor.java:81)
	at com.kms.katalon.core.main.TestCaseMain.startTestSuite(TestCaseMain.java:157)
	at com.kms.katalon.core.main.TestCaseMain$startTestSuite$0.call(Unknown Source)
	at TempTestSuite1558433719667.run(TempTestSuite1558433719667.groovy:35)
Caused by: com.kms.katalon.core.webui.exception.WebElementNotFoundException: Web element with id: 'Object Repository/CONSOLIDATOR/LogInPage/BusinessUnitDropdown' located by 'By.xpath: //*[@id='MainContent_ddlBusinessUnit']' not found
	at com.kms.katalon.core.webui.common.WebUiCommonHelper.findWebElement(WebUiCommonHelper.java:1097)
	at com.kms.katalon.core.webui.keyword.internal.WebUIAbstractKeyword.findWebElement(WebUIAbstractKeyword.groovy:27)
	at com.kms.katalon.core.webui.keyword.internal.WebUIAbstractKeyword.findWebElement(WebUIAbstractKeyword.groovy:26)
	at com.kms.katalon.core.webui.keyword.builtin.ClickKeyword$_click_closure1.doCall(ClickKeyword.groovy:77)
	at com.kms.katalon.core.webui.keyword.builtin.ClickKeyword$_click_closure1.call(ClickKeyword.groovy)
	at com.kms.katalon.core.webui.keyword.internal.WebUIKeywordMain.runKeyword(WebUIKeywordMain.groovy:20)
	at com.kms.katalon.core.webui.keyword.builtin.ClickKeyword.click(ClickKeyword.groovy:86)
	at com.kms.katalon.core.webui.keyword.builtin.ClickKeyword.execute(ClickKeyword.groovy:67)
	at com.kms.katalon.core.keyword.internal.KeywordExecutor.executeKeywordForPlatform(KeywordExecutor.groovy:56)
	at com.kms.katalon.core.webui.keyword.WebUiBuiltInKeywords.click(WebUiBuiltInKeywords.groovy:616)
	at com.kms.katalon.core.webui.keyword.WebUiBuiltInKeywords$click$5.call(Unknown Source)
	at Script1558423335021.run(Script1558423335021.groovy:38)
	... 13 more]]></system-err>
   </testsuite>
</testsuites>
